 icase = 0
         0 -> O.K.,
        -1 -> nelze splnit omezujici podminky,
        +1 -> cilova funkce je na polyedru neomezena.
 lambda = 4.720544
 pocet bloku N = 40
 Vektor lokalnich deformaci:
   5: fi 02 int = 1.981691
  26: fi 12 ext = 4.875419
  55: fi 27 int = 5.610585
  82: fi 40 ext = 2.716857
 Vektor indexu spary mezi bloky:
0		1		2		3		4		5		6		7		8		9		10		11		12		13		14		15		16		17		18		19		20		21		22		23		24		25		26		27		28		29		30		31		32		33		34		35		36		37		38		39		40		
 Vektor normalovych sil ve sparach (+ znaci tlak):
10.307480	10.140660	9.958954	9.763939	9.557218	9.340268	9.114472	8.881536	8.642753	8.399494	8.153111	7.905181	5.736794	5.717444	5.704780	5.698967	5.700611	5.710135	5.727482	5.752623	5.785965	5.827072	5.876238	5.932966	5.996994	6.067708	6.144842	6.228019	6.316206	6.408817	6.505073	6.604250	6.705355	6.807202	6.909008	7.009515	7.107710	7.202332	7.292291	7.376234	7.452926	
 Vektor vzdalenosti N od hornoho povrchu klenby:
0.137692	0.142809	0.145000	0.144256	0.140544	0.133811	0.123983	0.110963	0.094640	0.074879	0.051537	0.024447	0.000000	0.017555	0.034075	0.049560	0.064000	0.077380	0.089671	0.100841	0.110852	0.119669	0.127240	0.133531	0.138495	0.142090	0.144273	0.145000	0.144237	0.141938	0.138063	0.132567	0.125402	0.116517	0.105852	0.093342	0.078910	0.062469	0.043919	0.023142	0.000000	
 Vektor posouvajicich sil ve sparach:
-0.729959	-0.313478	0.083844	0.461680	0.819712	1.157804	1.475859	1.773926	2.052139	2.310729	2.549993	2.770360	-1.340117	-1.250588	-1.166172	-1.085901	-1.008841	-0.933961	-0.860245	-0.786684	-0.712191	-0.635744	-0.556332	-0.472880	-0.384414	-0.289939	-0.188516	-0.079200	0.038902	0.166548	0.304561	0.453671	0.614508	0.787651	0.973679	1.172942	1.385850	1.612680	1.853588	2.108720	2.378018	

 * Iterace c. 1 * Delta = 0.237908 *
 icase = 0
         0 -> O.K.,
        -1 -> nelze splnit omezujici podminky,
        +1 -> cilova funkce je na polyedru neomezena.
 lambda = 4.482635
 pocet bloku N = 40
 Vektor lokalnich deformaci:
   5: fi 02 int = 1.971187
  26: fi 12 ext = 4.807697
  55: fi 27 int = 5.483133
  82: fi 40 ext = 2.646624
 Vektor indexu spary mezi bloky:
0		1		2		3		4		5		6		7		8		9		10		11		12		13		14		15		16		17		18		19		20		21		22		23		24		25		26		27		28		29		30		31		32		33		34		35		36		37		38		39		40		
 Vektor normalovych sil ve sparach (+ znaci tlak):
10.075658	9.909887	9.729956	9.537324	9.333562	9.120217	8.898618	8.670432	8.436898	8.199525	7.959910	7.718723	5.654779	5.631914	5.615880	5.607032	5.606117	5.612923	5.627919	5.651124	5.682897	5.722520	5.770572	5.826527	5.889841	5.960380	6.037662	6.120903	6.209854	6.303373	6.400950	6.501615	6.604350	6.708441	6.812481	6.915546	7.016672	7.114421	7.207610	7.295130	7.375591	
 Vektor vzdalenosti N od hornoho povrchu klenby:
0.133919	0.139250	0.141680	0.141203	0.137791	0.131394	0.121944	0.109352	0.093515	0.074308	0.051600	0.025235	0.001912	0.018766	0.034643	0.049551	0.063485	0.076419	0.088331	0.099190	0.108952	0.117578	0.125023	0.131244	0.136189	0.139811	0.142072	0.142924	0.142320	0.140219	0.136577	0.131345	0.124478	0.115918	0.105607	0.093479	0.079458	0.063456	0.045373	0.025095	0.002484	
 Vektor posouvajicich sil ve sparach:
-0.744714	-0.340367	0.044921	0.410810	0.757056	1.083519	1.390168	1.677044	1.944345	2.192302	2.421280	2.631702	-1.271000	-1.185866	-1.106005	-1.030475	-0.958298	-0.888452	-0.819883	-0.751574	-0.682440	-0.611434	-0.537513	-0.459627	-0.376745	-0.287895	-0.192082	-0.088363	0.024110	0.146249	0.278772	0.422454	0.577962	0.745903	0.926772	1.121055	1.329129	1.551257	1.787631	2.038413	2.303612	

 * Iterace c. 2 * Delta = -0.003988 *
 icase = 0
         0 -> O.K.,
        -1 -> nelze splnit omezujici podminky,
        +1 -> cilova funkce je na polyedru neomezena.
 lambda = 4.486624
 pocet bloku N = 40
 Vektor lokalnich deformaci:
   5: fi 02 int = 1.971434
  26: fi 12 ext = 4.808905
  55: fi 27 int = 5.485310
  82: fi 40 ext = 2.647840
 Vektor indexu spary mezi bloky:
0		1		2		3		4		5		6		7		8		9		10		11		12		13		14		15		16		17		18		19		20		21		22		23		24		25		26		27		28		29		30		31		32		33		34		35		36		37		38		39		40		
 Vektor normalovych sil ve sparach (+ znaci tlak):
10.079470	9.913677	9.733687	9.540993	9.337152	9.123734	8.902122	8.673831	8.440307	8.202835	7.962893	7.721857	5.655895	5.633015	5.617175	5.608476	5.607437	5.614429	5.629149	5.652471	5.684103	5.724174	5.771950	5.827891	5.891397	5.961970	6.039179	6.122516	6.211551	6.304876	6.402544	6.503200	6.605857	6.709873	6.813918	6.916984	7.017956	7.115674	7.208888	7.296312	7.376741	
 Vektor vzdalenosti N od hornoho povrchu klenby:
0.134006	0.139332	0.141757	0.141274	0.137855	0.131451	0.121993	0.109393	0.093545	0.074327	0.051605	0.025229	0.001885	0.018746	0.034634	0.049552	0.063493	0.076436	0.088353	0.099216	0.108987	0.117614	0.125061	0.131282	0.136227	0.139851	0.142110	0.142960	0.142353	0.140252	0.136607	0.131370	0.124499	0.115935	0.105619	0.093486	0.079459	0.063451	0.045362	0.025076	0.002458	
 Vektor posouvajicich sil ve sparach:
-0.744239	-0.339697	0.045807	0.411882	0.758307	1.084975	1.391792	1.678859	1.946336	2.194450	2.423593	2.634156	-1.272031	-1.186821	-1.106901	-1.031306	-0.959068	-0.889138	-0.820509	-0.752116	-0.682905	-0.611827	-0.537823	-0.459861	-0.376897	-0.287965	-0.192046	-0.088272	0.024305	0.146496	0.279106	0.422867	0.578470	0.746469	0.927420	1.121778	1.329917	1.552092	1.788560	2.039426	2.304659	
