 icase = 0
         0 -> O.K.,
        -1 -> nelze splnit omezujici podminky,
        +1 -> cilova funkce je na polyedru neomezena.
 lambda = 4.720544
 pocet bloku N = 40
 Vektor lokalnich deformaci:
   5: fi 02 int = 1.981691
  26: fi 12 ext = 4.875419
  55: fi 27 int = 5.610585
  82: fi 40 ext = 2.716857
 Vektor indexu spary mezi bloky:
0		1		2		3		4		5		6		7		8		9		10		11		12		13		14		15		16		17		18		19		20		21		22		23		24		25		26		27		28		29		30		31		32		33		34		35		36		37		38		39		40		
 Vektor normalovych sil ve sparach (+ znaci tlak):
10.307480	10.140660	9.958954	9.763939	9.557218	9.340268	9.114472	8.881536	8.642753	8.399494	8.153111	7.905181	5.736794	5.717444	5.704780	5.698967	5.700611	5.710135	5.727482	5.752623	5.785965	5.827072	5.876238	5.932966	5.996994	6.067708	6.144842	6.228019	6.316206	6.408817	6.505073	6.604250	6.705355	6.807202	6.909008	7.009515	7.107710	7.202332	7.292291	7.376234	7.452926	
 Vektor vzdalenosti N od hornoho povrchu klenby:
0.137692	0.142809	0.145000	0.144256	0.140544	0.133811	0.123983	0.110963	0.094640	0.074879	0.051537	0.024447	0.000000	0.017555	0.034075	0.049560	0.064000	0.077380	0.089671	0.100841	0.110852	0.119669	0.127240	0.133531	0.138495	0.142090	0.144273	0.145000	0.144237	0.141938	0.138063	0.132567	0.125402	0.116517	0.105852	0.093342	0.078910	0.062469	0.043919	0.023142	0.000000	
 Vektor posouvajicich sil ve sparach:
-0.729959	-0.313478	0.083844	0.461680	0.819712	1.157804	1.475859	1.773926	2.052139	2.310729	2.549993	2.770360	-1.340117	-1.250588	-1.166172	-1.085901	-1.008841	-0.933961	-0.860245	-0.786684	-0.712191	-0.635744	-0.556332	-0.472880	-0.384414	-0.289939	-0.188516	-0.079200	0.038902	0.166548	0.304561	0.453671	0.614508	0.787651	0.973679	1.172942	1.385850	1.612680	1.853588	2.108720	2.378018	

 * Iterace c. 1 * Delta = 0.219937 *
 icase = 0
         0 -> O.K.,
        -1 -> nelze splnit omezujici podminky,
        +1 -> cilova funkce je na polyedru neomezena.
 lambda = 4.500607
 pocet bloku N = 40
 Vektor lokalnich deformaci:
   5: fi 02 int = 1.972002
  26: fi 12 ext = 4.812825
  55: fi 27 int = 5.492754
  82: fi 40 ext = 2.651931
 Vektor indexu spary mezi bloky:
0		1		2		3		4		5		6		7		8		9		10		11		12		13		14		15		16		17		18		19		20		21		22		23		24		25		26		27		28		29		30		31		32		33		34		35		36		37		38		39		40		
 Vektor normalovych sil ve sparach (+ znaci tlak):
10.093191	9.927356	9.747231	9.554456	9.350473	9.136813	8.915006	8.686358	8.452476	8.214744	7.974464	7.732955	5.660964	5.638370	5.622561	5.614120	5.613339	5.620183	5.635227	5.658785	5.690617	5.730568	5.778485	5.834657	5.898088	5.968655	6.045856	6.129124	6.217867	6.311293	6.408737	6.509188	6.611961	6.715763	6.819725	6.922683	7.023561	7.121064	7.214054	7.301278	7.381483	
 Vektor vzdalenosti N od hornoho povrchu klenby:
0.134207	0.139522	0.141934	0.141436	0.138001	0.131579	0.122098	0.109476	0.093601	0.074352	0.051593	0.025174	0.001766	0.018670	0.034597	0.049551	0.063523	0.076491	0.088434	0.099316	0.109099	0.117740	0.125197	0.131419	0.136364	0.139987	0.142242	0.143083	0.142468	0.140353	0.136692	0.131442	0.124550	0.115964	0.105626	0.093469	0.079415	0.063380	0.045262	0.024945	0.002294	
 Vektor posouvajicich sil ve sparach:
-0.743630	-0.338383	0.047828	0.414620	0.761775	1.089108	1.396608	1.684338	1.952460	2.201235	2.430975	2.642148	-1.276246	-1.190779	-1.110565	-1.034681	-0.962133	-0.891896	-0.822943	-0.754239	-0.684697	-0.613276	-0.538945	-0.460640	-0.377344	-0.288052	-0.191809	-0.087684	0.025246	0.147773	0.280734	0.424827	0.580734	0.749051	0.930341	1.124997	1.333433	1.555895	1.792633	2.043753	2.309249	

 * Iterace c. 2 * Delta = -0.003251 *
 icase = 0
         0 -> O.K.,
        -1 -> nelze splnit omezujici podminky,
        +1 -> cilova funkce je na polyedru neomezena.
 lambda = 4.503858
 pocet bloku N = 40
 Vektor lokalnich deformaci:
   5: fi 02 int = 1.972213
  26: fi 12 ext = 4.813838
  55: fi 27 int = 5.494593
  82: fi 40 ext = 2.652967
 Vektor indexu spary mezi bloky:
0		1		2		3		4		5		6		7		8		9		10		11		12		13		14		15		16		17		18		19		20		21		22		23		24		25		26		27		28		29		30		31		32		33		34		35		36		37		38		39		40		
 Vektor normalovych sil ve sparach (+ znaci tlak):
10.096266	9.930390	9.750276	9.557457	9.353407	9.139688	8.917846	8.689159	8.455194	8.217399	7.976938	7.735266	5.661906	5.639415	5.623630	5.615095	5.614302	5.621211	5.636630	5.660081	5.691798	5.731733	5.779707	5.835705	5.899355	5.969757	6.047101	6.130256	6.219038	6.312767	6.410094	6.510423	6.613169	6.716943	6.820856	6.923846	7.024642	7.122050	7.215053	7.302213	7.382360	
 Vektor vzdalenosti N od hornoho povrchu klenby:
0.134281	0.139592	0.141999	0.141496	0.138055	0.131627	0.122141	0.109509	0.093626	0.074368	0.051599	0.025168	0.001743	0.018656	0.034591	0.049553	0.063528	0.076503	0.088451	0.099336	0.109125	0.117768	0.125225	0.131450	0.136395	0.140018	0.142270	0.143113	0.142496	0.140376	0.136713	0.131460	0.124564	0.115976	0.105634	0.093472	0.079415	0.063375	0.045252	0.024929	0.002272	
 Vektor posouvajicich sil ve sparach:
-0.743212	-0.337784	0.048581	0.415509	0.762828	1.090324	1.397964	1.685855	1.954117	2.203003	2.432900	2.644182	-1.277048	-1.191532	-1.111283	-1.035333	-0.962735	-0.892446	-0.823436	-0.754659	-0.685061	-0.613592	-0.539178	-0.460814	-0.377444	-0.288098	-0.191802	-0.087589	0.025388	0.147985	0.281012	0.425154	0.581142	0.749512	0.930847	1.125564	1.334061	1.556596	1.793382	2.044538	2.310094	
