 icase = 0
         0 -> O.K.,
        -1 -> nelze splnit omezujici podminky,
        +1 -> cilova funkce je na polyedru neomezena.
 lambda = 4.720544
 pocet bloku N = 40
 Vektor lokalnich deformaci:
   5: fi 02 int = 1.981691
  26: fi 12 ext = 4.875419
  55: fi 27 int = 5.610585
  82: fi 40 ext = 2.716857
 Vektor indexu spary mezi bloky:
0		1		2		3		4		5		6		7		8		9		10		11		12		13		14		15		16		17		18		19		20		21		22		23		24		25		26		27		28		29		30		31		32		33		34		35		36		37		38		39		40		
 Vektor normalovych sil ve sparach (+ znaci tlak):
10.307480	10.140660	9.958954	9.763939	9.557218	9.340268	9.114472	8.881536	8.642753	8.399494	8.153111	7.905181	5.736794	5.717444	5.704780	5.698967	5.700611	5.710135	5.727482	5.752623	5.785965	5.827072	5.876238	5.932966	5.996994	6.067708	6.144842	6.228019	6.316206	6.408817	6.505073	6.604250	6.705355	6.807202	6.909008	7.009515	7.107710	7.202332	7.292291	7.376234	7.452926	
 Vektor vzdalenosti N od hornoho povrchu klenby:
0.137692	0.142809	0.145000	0.144256	0.140544	0.133811	0.123983	0.110963	0.094640	0.074879	0.051537	0.024447	0.000000	0.017555	0.034075	0.049560	0.064000	0.077380	0.089671	0.100841	0.110852	0.119669	0.127240	0.133531	0.138495	0.142090	0.144273	0.145000	0.144237	0.141938	0.138063	0.132567	0.125402	0.116517	0.105852	0.093342	0.078910	0.062469	0.043919	0.023142	0.000000	
 Vektor posouvajicich sil ve sparach:
-0.729959	-0.313478	0.083844	0.461680	0.819712	1.157804	1.475859	1.773926	2.052139	2.310729	2.549993	2.770360	-1.340117	-1.250588	-1.166172	-1.085901	-1.008841	-0.933961	-0.860245	-0.786684	-0.712191	-0.635744	-0.556332	-0.472880	-0.384414	-0.289939	-0.188516	-0.079200	0.038902	0.166548	0.304561	0.453671	0.614508	0.787651	0.973679	1.172942	1.385850	1.612680	1.853588	2.108720	2.378018	

 * Iterace c. 1 * Delta = 0.212357 *
 icase = 0
         0 -> O.K.,
        -1 -> nelze splnit omezujici podminky,
        +1 -> cilova funkce je na polyedru neomezena.
 lambda = 4.508187
 pocet bloku N = 40
 Vektor lokalnich deformaci:
   5: fi 02 int = 1.972333
  26: fi 12 ext = 4.814973
  55: fi 27 int = 5.496831
  82: fi 40 ext = 2.654191
 Vektor indexu spary mezi bloky:
0		1		2		3		4		5		6		7		8		9		10		11		12		13		14		15		16		17		18		19		20		21		22		23		24		25		26		27		28		29		30		31		32		33		34		35		36		37		38		39		40		
 Vektor normalovych sil ve sparach (+ znaci tlak):
10.100568	9.934712	9.754537	9.561672	9.357660	9.143822	8.921808	8.693131	8.459123	8.221077	7.980711	7.738851	5.663557	5.641076	5.625305	5.617143	5.616287	5.623346	5.638562	5.662027	5.694027	5.733658	5.781961	5.837646	5.901161	5.971980	6.049137	6.132392	6.221288	6.314835	6.412095	6.512647	6.615339	6.718977	6.822823	6.925785	7.026405	7.123871	7.216731	7.303842	7.383910	
 Vektor vzdalenosti N od hornoho povrchu klenby:
0.134331	0.139639	0.142043	0.141537	0.138091	0.131658	0.122166	0.109528	0.093638	0.074373	0.051593	0.025148	0.001703	0.018632	0.034580	0.049552	0.063539	0.076523	0.088477	0.099370	0.109158	0.117809	0.125267	0.131494	0.136441	0.140061	0.142314	0.143151	0.142528	0.140404	0.136739	0.131478	0.124576	0.115981	0.105632	0.093462	0.079396	0.063347	0.045214	0.024880	0.002213	
 Vektor posouvajicich sil ve sparach:
-0.743141	-0.337513	0.049079	0.416261	0.763767	1.091489	1.399355	1.687441	1.955921	2.205030	2.435097	2.646586	-1.278420	-1.192832	-1.112472	-1.036435	-0.963727	-0.893342	-0.824219	-0.755339	-0.685636	-0.614050	-0.539538	-0.461042	-0.377577	-0.288109	-0.191680	-0.087382	0.025728	0.148423	0.281547	0.425816	0.581897	0.750403	0.931838	1.126649	1.335223	1.557868	1.794750	2.045998	2.311621	

 * Iterace c. 2 * Delta = -0.003285 *
 icase = 0
         0 -> O.K.,
        -1 -> nelze splnit omezujici podminky,
        +1 -> cilova funkce je na polyedru neomezena.
 lambda = 4.511473
 pocet bloku N = 40
 Vektor lokalnich deformaci:
   5: fi 02 int = 1.972533
  26: fi 12 ext = 4.815968
  55: fi 27 int = 5.498605
  82: fi 40 ext = 2.655171
 Vektor indexu spary mezi bloky:
0		1		2		3		4		5		6		7		8		9		10		11		12		13		14		15		16		17		18		19		20		21		22		23		24		25		26		27		28		29		30		31		32		33		34		35		36		37		38		39		40		
 Vektor normalovych sil ve sparach (+ znaci tlak):
10.103709	9.937797	9.757667	9.564741	9.360562	9.146789	8.924643	8.695954	8.461762	8.223769	7.983163	7.741338	5.664446	5.642126	5.626560	5.618073	5.617534	5.624639	5.639719	5.663464	5.695149	5.735163	5.783225	5.839070	5.902558	5.973192	6.050476	6.133804	6.222545	6.315890	6.413496	6.513885	6.616452	6.720232	6.824034	6.926831	7.027529	7.124925	7.217758	7.304841	7.384895	
 Vektor vzdalenosti N od hornoho povrchu klenby:
0.134400	0.139704	0.142104	0.141593	0.138143	0.131703	0.122206	0.109561	0.093661	0.074386	0.051598	0.025142	0.001681	0.018617	0.034574	0.049554	0.063548	0.076538	0.088496	0.099393	0.109185	0.117838	0.125301	0.131526	0.136473	0.140095	0.142346	0.143179	0.142558	0.140435	0.136763	0.131500	0.124597	0.115997	0.105644	0.093469	0.079398	0.063343	0.045204	0.024866	0.002192	
 Vektor posouvajicich sil ve sparach:
-0.742795	-0.336963	0.049765	0.417123	0.764788	1.092661	1.400675	1.688910	1.957517	2.206753	2.436975	2.648609	-1.279301	-1.193629	-1.113225	-1.037139	-0.964367	-0.893908	-0.824741	-0.755805	-0.686017	-0.614367	-0.539785	-0.461241	-0.377686	-0.288165	-0.191673	-0.087296	0.025875	0.148643	0.281858	0.426168	0.582324	0.750875	0.932358	1.127246	1.335909	1.558599	1.795528	2.046830	2.312507	
