 icase = 0
         0 -> O.K.,
        -1 -> nelze splnit omezujici podminky,
        +1 -> cilova funkce je na polyedru neomezena.
 lambda = 4.720544
 pocet bloku N = 40
 Vektor lokalnich deformaci:
   5: fi 02 int = 1.981691
  26: fi 12 ext = 4.875419
  55: fi 27 int = 5.610585
  82: fi 40 ext = 2.716857
 Vektor indexu spary mezi bloky:
0		1		2		3		4		5		6		7		8		9		10		11		12		13		14		15		16		17		18		19		20		21		22		23		24		25		26		27		28		29		30		31		32		33		34		35		36		37		38		39		40		
 Vektor normalovych sil ve sparach (+ znaci tlak):
10.307480	10.140660	9.958954	9.763939	9.557218	9.340268	9.114472	8.881536	8.642753	8.399494	8.153111	7.905181	5.736794	5.717444	5.704780	5.698967	5.700611	5.710135	5.727482	5.752623	5.785965	5.827072	5.876238	5.932966	5.996994	6.067708	6.144842	6.228019	6.316206	6.408817	6.505073	6.604250	6.705355	6.807202	6.909008	7.009515	7.107710	7.202332	7.292291	7.376234	7.452926	
 Vektor vzdalenosti N od hornoho povrchu klenby:
0.137692	0.142809	0.145000	0.144256	0.140544	0.133811	0.123983	0.110963	0.094640	0.074879	0.051537	0.024447	0.000000	0.017555	0.034075	0.049560	0.064000	0.077380	0.089671	0.100841	0.110852	0.119669	0.127240	0.133531	0.138495	0.142090	0.144273	0.145000	0.144237	0.141938	0.138063	0.132567	0.125402	0.116517	0.105852	0.093342	0.078910	0.062469	0.043919	0.023142	0.000000	
 Vektor posouvajicich sil ve sparach:
-0.729959	-0.313478	0.083844	0.461680	0.819712	1.157804	1.475859	1.773926	2.052139	2.310729	2.549993	2.770360	-1.340117	-1.250588	-1.166172	-1.085901	-1.008841	-0.933961	-0.860245	-0.786684	-0.712191	-0.635744	-0.556332	-0.472880	-0.384414	-0.289939	-0.188516	-0.079200	0.038902	0.166548	0.304561	0.453671	0.614508	0.787651	0.973679	1.172942	1.385850	1.612680	1.853588	2.108720	2.378018	

 * Iterace c. 1 * Delta = 0.176861 *
 icase = 0
         0 -> O.K.,
        -1 -> nelze splnit omezujici podminky,
        +1 -> cilova funkce je na polyedru neomezena.
 lambda = 4.543683
 pocet bloku N = 40
 Vektor lokalnich deformaci:
   5: fi 02 int = 1.965995
  26: fi 12 ext = 4.774635
  55: fi 27 int = 5.420984
  82: fi 40 ext = 2.612345
 Vektor indexu spary mezi bloky:
0		1		2		3		4		5		6		7		8		9		10		11		12		13		14		15		16		17		18		19		20		21		22		23		24		25		26		27		28		29		30		31		32		33		34		35		36		37		38		39		40		
 Vektor normalovych sil ve sparach (+ znaci tlak):
10.135098	9.969061	9.788617	9.595400	9.390913	9.176656	8.953968	8.724513	8.489675	8.250787	8.009448	7.766741	5.675683	5.653805	5.638536	5.630638	5.630246	5.637745	5.653395	5.677054	5.709165	5.749427	5.797563	5.853682	5.917238	5.987910	6.065044	6.148373	6.236961	6.330326	6.427462	6.527823	6.630208	6.733673	6.837136	6.939531	7.039866	7.136858	7.229302	7.315904	7.395393	
 Vektor vzdalenosti N od hornoho povrchu klenby:
0.134911	0.140186	0.142554	0.142007	0.138515	0.132030	0.122481	0.109777	0.093812	0.074462	0.051585	0.025032	0.001419	0.018452	0.034494	0.049554	0.063616	0.076668	0.088677	0.099617	0.109445	0.118122	0.125601	0.131839	0.136788	0.140404	0.142644	0.143463	0.142820	0.140667	0.136967	0.131665	0.124720	0.116075	0.105673	0.093447	0.079320	0.063205	0.045002	0.024596	0.001849	
 Vektor posouvajicich sil ve sparach:
-0.740846	-0.333394	0.054979	0.423942	0.773216	1.102652	1.412235	1.701989	1.972077	2.222744	2.454368	2.667331	-1.288688	-1.202414	-1.121410	-1.044667	-0.971240	-0.900105	-0.830231	-0.760566	-0.690075	-0.617675	-0.542340	-0.463044	-0.378727	-0.288430	-0.191167	-0.086038	0.027876	0.151407	0.285362	0.430423	0.587301	0.756566	0.938746	1.134322	1.343614	1.566952	1.804503	2.056398	2.322617	

 * Iterace c. 2 * Delta = 0.000191 *
 icase = 0
         0 -> O.K.,
        -1 -> nelze splnit omezujici podminky,
        +1 -> cilova funkce je na polyedru neomezena.
 lambda = 4.543491
 pocet bloku N = 40
 Vektor lokalnich deformaci:
   5: fi 02 int = 1.966267
  26: fi 12 ext = 4.775937
  55: fi 27 int = 5.423346
  82: fi 40 ext = 2.613675
 Vektor indexu spary mezi bloky:
0		1		2		3		4		5		6		7		8		9		10		11		12		13		14		15		16		17		18		19		20		21		22		23		24		25		26		27		28		29		30		31		32		33		34		35		36		37		38		39		40		
 Vektor normalovych sil ve sparach (+ znaci tlak):
10.134912	9.968856	9.788494	9.595261	9.390739	9.176346	8.953785	8.724219	8.489552	8.250722	8.009192	7.766401	5.675532	5.653638	5.638472	5.630569	5.630166	5.637569	5.653229	5.676982	5.709209	5.749252	5.797599	5.853538	5.917158	5.987799	6.064991	6.148245	6.236829	6.330431	6.427554	6.527743	6.630149	6.733513	6.837110	6.939543	7.039823	7.136827	7.229221	7.315791	7.395322	
 Vektor vzdalenosti N od hornoho povrchu klenby:
0.134911	0.140186	0.142553	0.142006	0.138515	0.132031	0.122481	0.109778	0.093813	0.074462	0.051588	0.025034	0.001419	0.018453	0.034497	0.049555	0.063618	0.076669	0.088678	0.099619	0.109443	0.118121	0.125600	0.131836	0.136785	0.140400	0.142642	0.143463	0.142818	0.140663	0.136962	0.131664	0.124719	0.116075	0.105673	0.093445	0.079318	0.063204	0.045002	0.024595	0.001849	
 Vektor posouvajicich sil ve sparach:
-0.740851	-0.333383	0.054950	0.423900	0.773183	1.102605	1.412179	1.701910	1.971999	2.222680	2.454271	2.667234	-1.288629	-1.202360	-1.121347	-1.044612	-0.971185	-0.900055	-0.830176	-0.760514	-0.690031	-0.617641	-0.542320	-0.463010	-0.378719	-0.288423	-0.191176	-0.086033	0.027890	0.151415	0.285344	0.430402	0.587271	0.756536	0.938720	1.134285	1.343589	1.566902	1.804450	2.056326	2.322562	
