 icase = 0
         0 -> O.K.,
        -1 -> nelze splnit omezujici podminky,
        +1 -> cilova funkce je na polyedru neomezena.
 lambda = 4.720544
 pocet bloku N = 40
 Vektor lokalnich deformaci:
   5: fi 02 int = 1.981691
  26: fi 12 ext = 4.875419
  55: fi 27 int = 5.610585
  82: fi 40 ext = 2.716857
 Vektor indexu spary mezi bloky:
0		1		2		3		4		5		6		7		8		9		10		11		12		13		14		15		16		17		18		19		20		21		22		23		24		25		26		27		28		29		30		31		32		33		34		35		36		37		38		39		40		
 Vektor normalovych sil ve sparach (+ znaci tlak):
10.307480	10.140660	9.958954	9.763939	9.557218	9.340268	9.114472	8.881536	8.642753	8.399494	8.153111	7.905181	5.736794	5.717444	5.704780	5.698967	5.700611	5.710135	5.727482	5.752623	5.785965	5.827072	5.876238	5.932966	5.996994	6.067708	6.144842	6.228019	6.316206	6.408817	6.505073	6.604250	6.705355	6.807202	6.909008	7.009515	7.107710	7.202332	7.292291	7.376234	7.452926	
 Vektor vzdalenosti N od hornoho povrchu klenby:
0.137692	0.142809	0.145000	0.144256	0.140544	0.133811	0.123983	0.110963	0.094640	0.074879	0.051537	0.024447	0.000000	0.017555	0.034075	0.049560	0.064000	0.077380	0.089671	0.100841	0.110852	0.119669	0.127240	0.133531	0.138495	0.142090	0.144273	0.145000	0.144237	0.141938	0.138063	0.132567	0.125402	0.116517	0.105852	0.093342	0.078910	0.062469	0.043919	0.023142	0.000000	
 Vektor posouvajicich sil ve sparach:
-0.729959	-0.313478	0.083844	0.461680	0.819712	1.157804	1.475859	1.773926	2.052139	2.310729	2.549993	2.770360	-1.340117	-1.250588	-1.166172	-1.085901	-1.008841	-0.933961	-0.860245	-0.786684	-0.712191	-0.635744	-0.556332	-0.472880	-0.384414	-0.289939	-0.188516	-0.079200	0.038902	0.166548	0.304561	0.453671	0.614508	0.787651	0.973679	1.172942	1.385850	1.612680	1.853588	2.108720	2.378018	

 * Iterace c. 1 * Delta = 0.179170 *
 icase = 0
         0 -> O.K.,
        -1 -> nelze splnit omezujici podminky,
        +1 -> cilova funkce je na polyedru neomezena.
 lambda = 4.541374
 pocet bloku N = 40
 Vektor lokalnich deformaci:
   5: fi 02 int = 1.973808
  26: fi 12 ext = 4.824417
  55: fi 27 int = 5.514586
  82: fi 40 ext = 2.663977
 Vektor indexu spary mezi bloky:
0		1		2		3		4		5		6		7		8		9		10		11		12		13		14		15		16		17		18		19		20		21		22		23		24		25		26		27		28		29		30		31		32		33		34		35		36		37		38		39		40		
 Vektor normalovych sil ve sparach (+ znaci tlak):
10.132915	9.966854	9.786516	9.593265	9.388791	9.174536	8.952016	8.722597	8.487683	8.249022	8.007513	7.764955	5.675030	5.653015	5.637877	5.629701	5.629591	5.636897	5.652419	5.676264	5.708356	5.748343	5.796727	5.852801	5.916309	5.986943	6.064126	6.147401	6.236103	6.329601	6.426697	6.527028	6.629451	6.732939	6.836273	6.938872	7.039209	7.136111	7.228575	7.315171	7.394717	
 Vektor vzdalenosti N od hornoho povrchu klenby:
0.134862	0.140140	0.142510	0.141967	0.138479	0.131998	0.122453	0.109754	0.093795	0.074449	0.051581	0.025036	0.001434	0.018461	0.034499	0.049551	0.063611	0.076657	0.088666	0.099603	0.109428	0.118101	0.125579	0.131817	0.136763	0.140380	0.142622	0.143443	0.142799	0.140648	0.136946	0.131650	0.124706	0.116065	0.105667	0.093442	0.079319	0.063207	0.045009	0.024605	0.001863	
 Vektor posouvajicich sil ve sparach:
-0.741135	-0.333766	0.054494	0.423323	0.772491	1.101847	1.411295	1.700938	1.970942	2.221516	2.453023	2.665911	-1.288087	-1.201864	-1.120866	-1.044167	-0.970796	-0.899698	-0.829865	-0.760248	-0.689801	-0.617447	-0.542161	-0.462900	-0.378645	-0.288400	-0.191187	-0.086075	0.027780	0.151275	0.285165	0.430187	0.587012	0.756232	0.938363	1.133902	1.343141	1.566454	1.803954	2.055817	2.322019	

 * Iterace c. 2 * Delta = -0.002219 *
 icase = 0
         0 -> O.K.,
        -1 -> nelze splnit omezujici podminky,
        +1 -> cilova funkce je na polyedru neomezena.
 lambda = 4.543593
 pocet bloku N = 40
 Vektor lokalnich deformaci:
   5: fi 02 int = 1.973937
  26: fi 12 ext = 4.825098
  55: fi 27 int = 5.515819
  82: fi 40 ext = 2.664658
 Vektor indexu spary mezi bloky:
0		1		2		3		4		5		6		7		8		9		10		11		12		13		14		15		16		17		18		19		20		21		22		23		24		25		26		27		28		29		30		31		32		33		34		35		36		37		38		39		40		
 Vektor normalovych sil ve sparach (+ znaci tlak):
10.135015	9.968979	9.788632	9.595349	9.390916	9.176521	8.953921	8.724480	8.489563	8.250758	8.009360	7.766545	5.675642	5.653774	5.638528	5.630572	5.630048	5.637696	5.653316	5.676897	5.709156	5.749367	5.797550	5.853393	5.917130	5.987886	6.065095	6.148280	6.236970	6.330283	6.427442	6.527670	6.630105	6.733635	6.837088	6.939524	7.039916	7.136877	7.229273	7.315839	7.395331	
 Vektor vzdalenosti N od hornoho povrchu klenby:
0.134911	0.140186	0.142553	0.142007	0.138515	0.132031	0.122481	0.109778	0.093813	0.074463	0.051587	0.025033	0.001419	0.018453	0.034497	0.049554	0.063617	0.076670	0.088680	0.099617	0.109445	0.118121	0.125598	0.131839	0.136786	0.140403	0.142642	0.143463	0.142818	0.140665	0.136966	0.131665	0.124719	0.116075	0.105673	0.093447	0.079319	0.063205	0.045002	0.024595	0.001849	
 Vektor posouvajicich sil ve sparach:
-0.740856	-0.333378	0.054973	0.423933	0.773180	1.102646	1.412188	1.701938	1.972039	2.222712	2.454322	2.667300	-1.288650	-1.202392	-1.121362	-1.044641	-0.971212	-0.900069	-0.830197	-0.760543	-0.690048	-0.617668	-0.542335	-0.463027	-0.378720	-0.288431	-0.191181	-0.086026	0.027885	0.151410	0.285348	0.430408	0.587281	0.756540	0.938736	1.134299	1.343612	1.566915	1.804463	2.056359	2.322592	
