 icase = 0
         0 -> O.K.,
        -1 -> nelze splnit omezujici podminky,
        +1 -> cilova funkce je na polyedru neomezena.
 lambda = 4.667103
 pocet bloku N = 40
 Vektor lokalnich deformaci:
   5: fi 02 int = 1.959256
  26: fi 12 ext = 4.820224
  55: fi 27 int = 5.547068
  82: fi 40 ext = 2.686100
 Vektor indexu spary mezi bloky:
0		1		2		3		4		5		6		7		8		9		10		11		12		13		14		15		16		17		18		19		20		21		22		23		24		25		26		27		28		29		30		31		32		33		34		35		36		37		38		39		40		
 Vektor normalovych sil ve sparach (+ znaci tlak):
10.259805	10.095973	9.917378	9.725593	9.522193	9.308670	9.086398	8.857048	8.621904	8.382367	8.139734	7.895571	7.651083	5.734650	5.723215	5.718584	5.721311	5.731902	5.750230	5.776256	5.810446	5.852353	5.902279	5.959667	6.024248	6.095486	6.173018	6.256521	6.345025	6.437813	6.534162	6.633412	6.734433	6.836183	6.937768	7.037982	7.135826	7.230005	7.319449	7.402802	7.478833	
 Vektor vzdalenosti N od hornoho povrchu klenby:
0.136810	0.142359	0.145000	0.144726	0.141511	0.135303	0.126037	0.113622	0.097952	0.078900	0.056330	0.030087	0.000000	0.015126	0.031914	0.047656	0.062338	0.075946	0.088449	0.099815	0.110008	0.118990	0.126712	0.133136	0.138220	0.141920	0.144194	0.145000	0.144301	0.142054	0.138220	0.132752	0.125605	0.116728	0.106060	0.093539	0.079086	0.062615	0.044026	0.023200	0.000000	
 Vektor posouvajicich sil ve sparach:
-0.785793	-0.371732	0.023328	0.399076	0.755186	1.091532	1.408021	1.704717	1.981740	2.239338	2.477803	2.697569	2.899122	-1.274089	-1.188737	-1.107471	-1.029357	-0.953362	-0.878481	-0.803707	-0.727952	-0.650200	-0.569445	-0.484611	-0.394733	-0.298818	-0.195928	-0.085128	0.034475	0.163635	0.303170	0.453805	0.616168	0.790832	0.978370	1.179132	1.393524	1.621815	1.864158	2.120697	2.391374	

 * Iterace c. 1 * Delta = 0.253927 *
 icase = 0
         0 -> O.K.,
        -1 -> nelze splnit omezujici podminky,
        +1 -> cilova funkce je na polyedru neomezena.
 lambda = 4.413176
 pocet bloku N = 40
 Vektor lokalnich deformaci:
   5: fi 02 int = 1.940712
  26: fi 12 ext = 4.733562
  55: fi 27 int = 5.397461
  82: fi 40 ext = 2.604612
 Vektor indexu spary mezi bloky:
0		1		2		3		4		5		6		7		8		9		10		11		12		13		14		15		16		17		18		19		20		21		22		23		24		25		26		27		28		29		30		31		32		33		34		35		36		37		38		39		40		
 Vektor normalovych sil ve sparach (+ znaci tlak):
10.016689	9.853930	9.677118	9.487721	9.287466	9.077608	8.859845	8.635290	8.405766	8.172369	7.936621	7.699673	7.462893	5.645824	5.630484	5.622705	5.622360	5.629723	5.645451	5.669200	5.701423	5.741622	5.790174	5.846226	5.909891	5.980787	6.058300	6.141884	6.230789	6.324341	6.421843	6.522306	6.624893	6.728792	6.832576	6.935394	7.036064	7.133365	7.226215	7.313183	7.393053	
 Vektor vzdalenosti N od hornoho povrchu klenby:
0.133255	0.139042	0.141947	0.141968	0.139083	0.133247	0.124397	0.112452	0.097314	0.078868	0.056987	0.031533	0.002356	0.017531	0.033581	0.048652	0.062737	0.075811	0.087851	0.098825	0.108693	0.117412	0.124937	0.131224	0.136229	0.139898	0.142196	0.143074	0.142489	0.140398	0.136757	0.131521	0.124641	0.116059	0.105723	0.093560	0.079499	0.063450	0.045316	0.024978	0.002302	
 Vektor posouvajicich sil ve sparach:
-0.800289	-0.398947	-0.016507	0.346687	0.690442	1.014586	1.319090	1.604044	1.869588	2.116012	2.343666	2.552954	2.744463	-1.201319	-1.120707	-1.044374	-0.971368	-0.900640	-0.831181	-0.761931	-0.691843	-0.619862	-0.544922	-0.466004	-0.382075	-0.292147	-0.195252	-0.090466	0.023117	0.146331	0.279949	0.424719	0.581311	0.750313	0.932270	1.127610	1.336680	1.559814	1.797190	2.048942	2.315054	

 * Iterace c. 2 * Delta = -0.004984 *
 icase = 0
         0 -> O.K.,
        -1 -> nelze splnit omezujici podminky,
        +1 -> cilova funkce je na polyedru neomezena.
 lambda = 4.418160
 pocet bloku N = 40
 Vektor lokalnich deformaci:
   5: fi 02 int = 1.941160
  26: fi 12 ext = 4.735363
  55: fi 27 int = 5.400542
  82: fi 40 ext = 2.606338
 Vektor indexu spary mezi bloky:
0		1		2		3		4		5		6		7		8		9		10		11		12		13		14		15		16		17		18		19		20		21		22		23		24		25		26		27		28		29		30		31		32		33		34		35		36		37		38		39		40		
 Vektor normalovych sil ve sparach (+ znaci tlak):
10.021307	9.858504	9.681665	9.492324	9.291789	9.081903	8.863940	8.639376	8.409630	8.176317	7.940220	7.703350	7.466253	5.647257	5.632142	5.624331	5.624084	5.631514	5.647132	5.671008	5.703304	5.743540	5.792059	5.848185	5.911850	5.982897	6.060328	6.143764	6.232747	6.326402	6.423744	6.524213	6.626904	6.730696	6.834470	6.937170	7.037904	7.135061	7.227824	7.314741	7.394589	
 Vektor vzdalenosti N od hornoho povrchu klenby:
0.133343	0.139123	0.142021	0.142034	0.139142	0.133296	0.124436	0.112480	0.097327	0.078868	0.056973	0.031499	0.002298	0.017470	0.033535	0.048621	0.062716	0.075798	0.087848	0.098834	0.108704	0.117431	0.124963	0.131253	0.136257	0.139930	0.142229	0.143109	0.142523	0.140429	0.136788	0.131550	0.124661	0.116078	0.105735	0.093568	0.079502	0.063446	0.045305	0.024960	0.002276	
 Vektor posouvajicich sil ve sparach:
-0.799726	-0.398161	-0.015478	0.347968	0.691934	1.016319	1.321040	1.606217	1.871974	2.118601	2.346460	2.555949	2.747632	-1.202626	-1.121945	-1.045544	-0.972447	-0.901628	-0.832078	-0.762730	-0.692552	-0.620469	-0.545433	-0.466416	-0.382391	-0.292364	-0.195370	-0.090481	0.023211	0.146530	0.280260	0.425117	0.581818	0.750908	0.932952	1.128389	1.337578	1.560795	1.798249	2.050097	2.316275	
