 icase = 0
         0 -> O.K.,
        -1 -> nelze splnit omezujici podminky,
        +1 -> cilova funkce je na polyedru neomezena.
 lambda = 4.681918
 pocet bloku N = 40
 Vektor lokalnich deformaci:
   9: fi 04 int = 1.601044
  32: fi 15 ext = 5.230893
  57: fi 28 int = 6.878700
  82: fi 40 ext = 3.248857
 Vektor indexu spary mezi bloky:
0		1		2		3		4		5		6		7		8		9		10		11		12		13		14		15		16		17		18		19		20		21		22		23		24		25		26		27		28		29		30		31		32		33		34		35		36		37		38		39		40		
 Vektor normalovych sil ve sparach (+ znaci tlak):
10.229975	10.105911	9.967052	9.814869	9.650837	9.476326	9.292601	9.101220	8.903399	8.700411	8.493414	8.284012	8.073144	7.861739	7.651148	6.230404	6.262350	6.300700	6.345283	6.395898	6.452966	6.515970	6.585154	6.659986	6.740068	6.824846	6.913881	7.006923	7.102847	7.201022	7.300675	7.401062	7.501192	7.599910	7.696380	7.789407	7.877982	7.960865	8.037025	8.105118	8.163968	
 Vektor vzdalenosti N od hornoho povrchu klenby:
0.117920	0.128882	0.137024	0.142389	0.145000	0.144858	0.141947	0.136236	0.127678	0.116209	0.101762	0.084248	0.063576	0.039647	0.012355	0.000000	0.020777	0.040063	0.057825	0.074034	0.088659	0.101672	0.113032	0.122717	0.130695	0.136938	0.141421	0.144115	0.145000	0.144048	0.141232	0.136520	0.129877	0.121260	0.110620	0.097896	0.083019	0.065901	0.046443	0.024523	0.000000	
 Vektor posouvajicich sil ve sparach:
-1.544875	-1.131338	-0.734713	-0.355329	0.006489	0.350592	0.676877	0.985358	1.276153	1.549443	1.805501	2.044699	2.267478	2.474330	2.665868	-1.679629	-1.573941	-1.468886	-1.363527	-1.256946	-1.148145	-1.036191	-0.920179	-0.799127	-0.672162	-0.538406	-0.397019	-0.247169	-0.088069	0.080916	0.260512	0.451318	0.653861	0.868599	1.096001	1.336307	1.589809	1.856671	2.136944	2.430667	2.737672	

 * Iterace c. 1 * Delta = 0.275587 *
 icase = 0
         0 -> O.K.,
        -1 -> nelze splnit omezujici podminky,
        +1 -> cilova funkce je na polyedru neomezena.
 lambda = 4.406331
 pocet bloku N = 40
 Vektor lokalnich deformaci:
   9: fi 04 int = 1.595422
  32: fi 15 ext = 5.134138
  57: fi 28 int = 6.685716
  82: fi 40 ext = 3.146999
 Vektor indexu spary mezi bloky:
0		1		2		3		4		5		6		7		8		9		10		11		12		13		14		15		16		17		18		19		20		21		22		23		24		25		26		27		28		29		30		31		32		33		34		35		36		37		38		39		40		
 Vektor normalovych sil ve sparach (+ znaci tlak):
9.964180	9.838620	9.699135	9.547028	9.383735	9.210670	9.029268	8.840644	8.646497	8.448092	8.246099	8.042304	7.837978	7.633549	7.430717	6.089583	6.116551	6.149945	6.189759	6.236810	6.290216	6.350291	6.416674	6.489620	6.567842	6.651526	6.739936	6.832619	6.928786	7.027725	7.128618	7.230518	7.332803	7.434073	7.533594	7.630261	7.722707	7.809926	7.890860	7.964107	8.028492	
 Vektor vzdalenosti N od hornoho povrchu klenby:
0.114590	0.125596	0.133811	0.139281	0.142029	0.142060	0.139361	0.133904	0.125648	0.114536	0.100509	0.083486	0.063390	0.040133	0.013627	0.001918	0.021856	0.040402	0.057527	0.073199	0.087377	0.100026	0.111109	0.120588	0.128432	0.134606	0.139081	0.141825	0.142813	0.142012	0.139395	0.134926	0.128566	0.120277	0.110006	0.097692	0.083267	0.066644	0.047727	0.026396	0.002513	
 Vektor posouvajicich sil ve sparach:
-1.510552	-1.110995	-0.728360	-0.363036	-0.015204	0.314932	0.627359	0.922122	1.199383	1.459339	1.702325	1.928708	2.138998	2.333735	2.513517	-1.577116	-1.478948	-1.381658	-1.284321	-1.185957	-1.085598	-0.982250	-0.874952	-0.762786	-0.644795	-0.520072	-0.387778	-0.247033	-0.097080	0.062830	0.233388	0.415195	0.608903	0.814888	1.033669	1.265538	1.510815	1.769635	2.042166	2.328339	2.628137	

 * Iterace c. 2 * Delta = -0.006165 *
 icase = 0
         0 -> O.K.,
        -1 -> nelze splnit omezujici podminky,
        +1 -> cilova funkce je na polyedru neomezena.
 lambda = 4.412496
 pocet bloku N = 40
 Vektor lokalnich deformaci:
   9: fi 04 int = 1.595558
  32: fi 15 ext = 5.136334
  57: fi 28 int = 6.690089
  82: fi 40 ext = 3.149315
 Vektor indexu spary mezi bloky:
0		1		2		3		4		5		6		7		8		9		10		11		12		13		14		15		16		17		18		19		20		21		22		23		24		25		26		27		28		29		30		31		32		33		34		35		36		37		38		39		40		
 Vektor normalovych sil ve sparach (+ znaci tlak):
9.970033	9.844545	9.704992	9.552889	9.389578	9.216568	9.035014	8.846515	8.652122	8.453405	8.251440	8.047556	7.842867	7.638619	7.435524	6.092571	6.119576	6.152801	6.193174	6.240108	6.293822	6.353848	6.420439	6.493003	6.571429	6.655234	6.743562	6.836435	6.932395	7.031410	7.132411	7.234390	7.336383	7.437669	7.537202	7.633637	7.726072	7.813234	7.893972	7.967107	8.031396	
 Vektor vzdalenosti N od hornoho povrchu klenby:
0.114685	0.125688	0.133901	0.139367	0.142111	0.142136	0.139431	0.133968	0.125705	0.114584	0.100544	0.083509	0.063397	0.040125	0.013600	0.001875	0.021833	0.040393	0.057534	0.073217	0.087407	0.100063	0.111157	0.120639	0.128487	0.134662	0.139138	0.141881	0.142867	0.142065	0.139440	0.134966	0.128604	0.120307	0.110028	0.097706	0.083272	0.066639	0.047711	0.026368	0.002472	
 Vektor posouvajicich sil ve sparach:
-1.511144	-1.111258	-0.728328	-0.362682	-0.014558	0.315909	0.628636	0.923706	1.201235	1.461479	1.704745	1.931405	2.141978	2.336955	2.517013	-1.579337	-1.481013	-1.383560	-1.286058	-1.187524	-1.086973	-0.983450	-0.875971	-0.763609	-0.645427	-0.520522	-0.388028	-0.247095	-0.096941	0.063150	0.233913	0.415931	0.609779	0.815970	1.034914	1.267009	1.512442	1.771444	2.044118	2.330474	2.630410	
