 icase = 0
         0 -> O.K.,
        -1 -> nelze splnit omezujici podminky,
        +1 -> cilova funkce je na polyedru neomezena.
 lambda = 4.474189
 pocet bloku N = 40
 Vektor lokalnich deformaci:
   2: fi 00 ext = 2.663055
  27: fi 13 int = 5.699680
  56: fi 27 ext = 4.869386
  75: fi 37 int = 1.832761
 Vektor indexu spary mezi bloky:
0		1		2		3		4		5		6		7		8		9		10		11		12		13		14		15		16		17		18		19		20		21		22		23		24		25		26		27		28		29		30		31		32		33		34		35		36		37		38		39		40		
 Vektor normalovych sil ve sparach (+ znaci tlak):
7.643764	7.572005	7.492405	7.406218	7.314818	7.219349	7.120832	7.020594	6.919716	6.818994	6.719454	6.622275	6.528362	6.438091	6.352580	6.272216	6.197568	6.129579	6.068169	6.013570	5.966573	5.926684	5.894855	5.870489	5.853413	5.843546	5.840633	5.844564	7.674513	7.901590	8.128361	8.353566	8.575891	8.793865	9.006274	9.211701	9.408731	9.595901	9.771884	9.935019	10.083912	
 Vektor vzdalenosti N od hornoho povrchu klenby:
0.000000	0.023559	0.044686	0.063518	0.080176	0.094759	0.107352	0.118033	0.126862	0.133894	0.139186	0.142774	0.144696	0.145000	0.143714	0.140881	0.136535	0.130713	0.123456	0.114805	0.104798	0.093484	0.080890	0.067065	0.052039	0.035841	0.018489	0.000000	0.029245	0.055009	0.077294	0.096227	0.111920	0.124481	0.134000	0.140554	0.144207	0.145000	0.142960	0.138093	0.130384	
 Vektor posouvajicich sil ve sparach:
-2.476414	-2.196944	-1.931472	-1.679956	-1.442393	-1.218552	-1.008244	-0.811122	-0.626746	-0.454669	-0.294335	-0.145095	-0.006285	0.122845	0.243095	0.355335	0.460417	0.559299	0.652922	0.742226	0.828284	0.912079	0.994585	1.076885	1.159954	1.244795	1.332376	1.423682	-2.567713	-2.365410	-2.145807	-1.908378	-1.652750	-1.378612	-1.085640	-0.773786	-0.442972	-0.093196	0.275311	0.662388	1.067579	

 * Iterace c. 1 * Delta = 0.220148 *
 icase = 0
         0 -> O.K.,
        -1 -> nelze splnit omezujici podminky,
        +1 -> cilova funkce je na polyedru neomezena.
 lambda = 4.254041
 pocet bloku N = 40
 Vektor lokalnich deformaci:
   2: fi 00 ext = 2.594803
  27: fi 13 int = 5.571709
  56: fi 27 ext = 4.801963
  75: fi 37 int = 1.825057
 Vektor indexu spary mezi bloky:
0		1		2		3		4		5		6		7		8		9		10		11		12		13		14		15		16		17		18		19		20		21		22		23		24		25		26		27		28		29		30		31		32		33		34		35		36		37		38		39		40		
 Vektor normalovych sil ve sparach (+ znaci tlak):
7.558169	7.482446	7.399078	7.309512	7.214931	7.116467	7.015437	6.912650	6.809892	6.707231	6.606560	6.508040	6.413301	6.322572	6.236813	6.156662	6.082509	6.015096	5.954741	5.901576	5.856445	5.818540	5.788703	5.766807	5.752661	5.746225	5.746591	5.754100	7.498458	7.719331	7.940426	8.160382	8.377770	8.591776	8.800593	9.002907	9.197549	9.382854	9.557427	9.719879	9.868608	
 Vektor vzdalenosti N od hornoho povrchu klenby:
0.002353	0.025386	0.046022	0.064398	0.080629	0.094817	0.107045	0.117390	0.125912	0.132672	0.137719	0.141100	0.142848	0.143018	0.141635	0.138751	0.134402	0.128630	0.121472	0.112978	0.103188	0.092155	0.079911	0.066498	0.051960	0.036317	0.019594	0.001799	0.029909	0.055013	0.076725	0.095160	0.110423	0.122608	0.131798	0.138068	0.141470	0.142046	0.139818	0.134789	0.126942	
 Vektor posouvajicich sil ve sparach:
-2.398495	-2.123640	-1.862959	-1.616437	-1.383983	-1.165493	-0.960624	-0.769073	-0.590406	-0.424157	-0.269688	-0.126396	0.006401	0.129518	0.243687	0.349871	0.448912	0.541783	0.629429	0.712855	0.793080	0.871144	0.948045	1.024867	1.102603	1.182248	1.264842	1.351318	-2.443626	-2.250695	-2.040765	-1.813330	-1.567926	-1.304250	-1.022002	-0.720994	-0.401168	-0.062510	0.294791	0.670614	1.064574	

 * Iterace c. 2 * Delta = -0.003818 *
 icase = 0
         0 -> O.K.,
        -1 -> nelze splnit omezujici podminky,
        +1 -> cilova funkce je na polyedru neomezena.
 lambda = 4.257859
 pocet bloku N = 40
 Vektor lokalnich deformaci:
   2: fi 00 ext = 2.596042
  27: fi 13 int = 5.574003
  56: fi 27 ext = 4.803234
  75: fi 37 int = 1.825272
 Vektor indexu spary mezi bloky:
0		1		2		3		4		5		6		7		8		9		10		11		12		13		14		15		16		17		18		19		20		21		22		23		24		25		26		27		28		29		30		31		32		33		34		35		36		37		38		39		40		
 Vektor normalovych sil ve sparach (+ znaci tlak):
7.559536	7.483844	7.400620	7.311123	7.216555	7.118046	7.016997	6.914507	6.811493	6.708947	6.608253	6.510118	6.415048	6.324365	6.238551	6.158572	6.084155	6.016794	5.956558	5.903231	5.858039	5.820192	5.790376	5.768422	5.754134	5.747678	5.748192	5.755593	7.501417	7.722391	7.943574	8.163594	8.381145	8.595171	8.803939	9.006553	9.201132	9.386517	9.561085	9.723496	9.872246	
 Vektor vzdalenosti N od hornoho povrchu klenby:
0.002327	0.025367	0.046011	0.064394	0.080631	0.094825	0.107058	0.117408	0.125935	0.132700	0.137748	0.141130	0.142882	0.143054	0.141674	0.138789	0.134438	0.128664	0.121504	0.113010	0.103217	0.092178	0.079925	0.066513	0.051957	0.036306	0.019576	0.001771	0.029899	0.055016	0.076741	0.095185	0.110457	0.122650	0.131847	0.138122	0.141531	0.142111	0.139888	0.134863	0.127019	
 Vektor posouvajicich sil ve sparach:
-2.399680	-2.124743	-1.863969	-1.617392	-1.384848	-1.166257	-0.961321	-0.769691	-0.590931	-0.424559	-0.270010	-0.126657	0.006272	0.129460	0.243750	0.350016	0.449137	0.542108	0.629848	0.713365	0.793684	0.871823	0.948830	1.025722	1.103538	1.183281	1.265915	1.352480	-2.445862	-2.252768	-2.042676	-1.815089	-1.569521	-1.305701	-1.023253	-0.722062	-0.402020	-0.063212	0.294289	0.670299	1.064470	
