 icase = 0
         0 -> O.K.,
        -1 -> nelze splnit omezujici podminky,
        +1 -> cilova funkce je na polyedru neomezena.
 lambda = 4.898006
 pocet bloku N = 40
 Vektor lokalnich deformaci:
   2: fi 00 ext = 3.450270
  25: fi 12 int = 7.584895
  50: fi 24 ext = 5.683510
  71: fi 35 int = 1.548880
 Vektor indexu spary mezi bloky:
0		1		2		3		4		5		6		7		8		9		10		11		12		13		14		15		16		17		18		19		20		21		22		23		24		25		26		27		28		29		30		31		32		33		34		35		36		37		38		39		40		
 Vektor normalovych sil ve sparach (+ znaci tlak):
8.544324	8.494913	8.435106	8.366122	8.289365	8.205787	8.116541	8.022843	7.925624	7.826015	7.724596	7.623037	7.521806	7.421482	7.323308	7.227563	7.134956	7.046437	6.962075	6.881982	6.807066	6.737120	6.672768	6.613790	6.560384	7.779533	7.982132	8.185740	8.389215	8.591169	8.790859	8.987212	9.178985	9.364723	9.543361	9.713500	9.873940	10.023195	10.160095	10.283094	10.390897	
 Vektor vzdalenosti N od hornoho povrchu klenby:
0.000000	0.025136	0.047552	0.067395	0.084789	0.099836	0.112620	0.123215	0.131676	0.138047	0.142378	0.144686	0.145000	0.143347	0.139737	0.134194	0.126729	0.117358	0.106098	0.092969	0.077989	0.061181	0.042562	0.022163	0.000000	0.007207	0.034804	0.059102	0.080197	0.098182	0.113143	0.125161	0.134303	0.140629	0.144183	0.145000	0.143095	0.138470	0.131105	0.120964	0.107987	
 Vektor posouvajicich sil ve sparach:
-2.927010	-2.599800	-2.285470	-1.984138	-1.695907	-1.420725	-1.158508	-0.909069	-0.672112	-0.447311	-0.234292	-0.032529	0.158497	0.339392	0.510820	0.673501	0.828146	0.975582	1.116620	1.252073	1.382881	1.509905	1.634000	1.756137	1.877177	-2.733074	-2.538715	-2.330028	-2.106362	-1.867302	-1.612285	-1.340915	-1.052904	-0.748024	-0.426040	-0.086983	0.269164	0.642303	1.032171	1.438528	1.860874	

 * Iterace c. 1 * Delta = 0.321035 *
 icase = 0
         0 -> O.K.,
        -1 -> nelze splnit omezujici podminky,
        +1 -> cilova funkce je na polyedru neomezena.
 lambda = 4.576972
 pocet bloku N = 40
 Vektor lokalnich deformaci:
   2: fi 00 ext = 3.323859
  25: fi 12 int = 7.336066
  50: fi 24 ext = 5.556034
  71: fi 35 int = 1.543827
 Vektor indexu spary mezi bloky:
0		1		2		3		4		5		6		7		8		9		10		11		12		13		14		15		16		17		18		19		20		21		22		23		24		25		26		27		28		29		30		31		32		33		34		35		36		37		38		39		40		
 Vektor normalovych sil ve sparach (+ znaci tlak):
8.368246	8.312073	8.245955	8.171385	8.089300	8.001188	7.907752	7.810375	7.710238	7.608381	7.505353	7.402285	7.300690	7.200301	7.102780	7.008311	6.917682	6.831583	6.749900	6.673700	6.602818	6.537881	6.478537	6.425736	6.378241	7.521204	7.715439	7.910659	8.106823	8.302511	8.496461	8.687834	8.875274	9.057770	9.234091	9.402682	9.562321	9.711755	9.849590	9.974410	10.084838	
 Vektor vzdalenosti N od hornoho povrchu klenby:
0.002631	0.027057	0.048825	0.068080	0.084939	0.099503	0.111857	0.122068	0.130195	0.136285	0.140374	0.142500	0.142684	0.140959	0.137336	0.131843	0.124494	0.115320	0.104340	0.091574	0.077059	0.060815	0.042875	0.023269	0.002020	0.008751	0.035485	0.059044	0.079510	0.096965	0.111478	0.123116	0.131944	0.138011	0.141356	0.142009	0.139982	0.135273	0.127861	0.117711	0.104759	
 Vektor posouvajicich sil ve sparach:
-2.792978	-2.475181	-2.170598	-1.879308	-1.601442	-1.336857	-1.085454	-0.847044	-0.621303	-0.407838	-0.206265	-0.016032	0.163430	0.332749	0.492602	0.643763	0.786970	0.923087	1.052948	1.177409	1.297411	1.413857	1.527660	1.639794	1.751151	-2.558374	-2.377754	-2.183227	-1.974217	-1.750072	-1.510301	-1.254525	-0.982319	-0.693382	-0.387579	-0.064759	0.275125	0.631924	1.005505	1.395624	1.801911	

 * Iterace c. 2 * Delta = -0.008491 *
 icase = 0
         0 -> O.K.,
        -1 -> nelze splnit omezujici podminky,
        +1 -> cilova funkce je na polyedru neomezena.
 lambda = 4.585462
 pocet bloku N = 40
 Vektor lokalnich deformaci:
   2: fi 00 ext = 3.327274
  25: fi 12 int = 7.342739
  50: fi 24 ext = 5.559432
  71: fi 35 int = 1.543967
 Vektor indexu spary mezi bloky:
0		1		2		3		4		5		6		7		8		9		10		11		12		13		14		15		16		17		18		19		20		21		22		23		24		25		26		27		28		29		30		31		32		33		34		35		36		37		38		39		40		
 Vektor normalovych sil ve sparach (+ znaci tlak):
8.372746	8.316738	8.250788	8.176311	8.094458	8.006346	7.913196	7.815948	7.715644	7.613859	7.510967	7.408189	7.306134	7.206046	7.108414	7.014088	6.923279	6.836851	6.755078	6.679055	6.607941	6.542973	6.483657	6.430429	6.382866	7.528000	7.722095	7.917735	8.113984	8.309768	8.503969	8.695449	8.883088	9.065792	9.242066	9.410777	9.570366	9.719831	9.857662	9.982454	10.092840	
 Vektor vzdalenosti N od hornoho povrchu klenby:
0.002576	0.027020	0.048804	0.068073	0.084946	0.099523	0.111886	0.122107	0.130245	0.136338	0.140435	0.142563	0.142752	0.141027	0.137402	0.131907	0.124557	0.115380	0.104387	0.091614	0.077085	0.060827	0.042864	0.023236	0.001964	0.008712	0.035468	0.059050	0.079536	0.097007	0.111532	0.123183	0.132021	0.138096	0.141447	0.142105	0.140083	0.135377	0.127969	0.117820	0.104869	
 Vektor posouvajicich sil ve sparach:
-2.796308	-2.478281	-2.173426	-1.881909	-1.603741	-1.338890	-1.087244	-0.848538	-0.622509	-0.408784	-0.206896	-0.016375	0.163370	0.332978	0.493132	0.644586	0.788093	0.924492	1.054630	1.179374	1.299643	1.416359	1.530417	1.642783	1.754398	-2.563089	-2.382108	-2.187232	-1.977844	-1.753309	-1.513160	-1.256983	-0.984343	-0.695004	-0.388788	-0.065522	0.274743	0.631979	1.005960	1.396536	1.803257	
