 icase = 0
         0 -> O.K.,
        -1 -> nelze splnit omezujici podminky,
        +1 -> cilova funkce je na polyedru neomezena.
 lambda = 5.456656
 pocet bloku N = 40
 Vektor lokalnich deformaci:
   2: fi 00 ext = 4.226660
  23: fi 11 int = 9.174533
  46: fi 22 ext = 6.434566
  65: fi 32 int = 1.486694
 Vektor indexu spary mezi bloky:
0		1		2		3		4		5		6		7		8		9		10		11		12		13		14		15		16		17		18		19		20		21		22		23		24		25		26		27		28		29		30		31		32		33		34		35		36		37		38		39		40		
 Vektor normalovych sil ve sparach (+ znaci tlak):
9.762985	9.742867	9.708911	9.662340	9.604332	9.536040	9.458289	9.372463	9.279550	9.180233	9.075704	8.967192	8.855310	8.740786	8.624677	8.507436	8.389903	8.272924	8.156703	8.041585	7.928512	7.817197	8.279084	8.456215	8.633752	8.810716	8.986570	9.160713	9.331837	9.499099	9.661545	9.818201	9.968060	10.109711	10.242261	10.364321	10.474932	10.572700	10.656583	10.725265	10.777484	
 Vektor vzdalenosti N od hornoho povrchu klenby:
0.000000	0.026642	0.050244	0.070968	0.088950	0.104300	0.117109	0.127447	0.135370	0.140917	0.144123	0.145000	0.143558	0.139803	0.133725	0.125320	0.114565	0.101446	0.085942	0.068027	0.047677	0.024865	0.000000	0.027659	0.052199	0.073705	0.092254	0.107918	0.120766	0.130854	0.138231	0.142938	0.145000	0.144437	0.141250	0.135428	0.126942	0.115746	0.101773	0.084933	0.065113	
 Vektor posouvajicich sil ve sparach:
-3.518357	-3.126549	-2.746204	-2.377568	-2.020966	-1.676505	-1.344331	-1.024404	-0.716658	-0.420944	-0.137080	0.135257	0.396408	0.646765	0.886811	1.117087	1.338107	1.550521	1.754958	1.952067	2.142612	2.327286	-2.919974	-2.707521	-2.483941	-2.248589	-2.000924	-1.740409	-1.466533	-1.179003	-0.877415	-0.561492	-0.231051	0.113999	0.473797	0.848197	1.237117	1.640383	2.057637	2.488581	2.932624	

 * Iterace c. 1 * Delta = 0.507370 *
 icase = 0
         0 -> O.K.,
        -1 -> nelze splnit omezujici podminky,
        +1 -> cilova funkce je na polyedru neomezena.
 lambda = 4.949285
 pocet bloku N = 40
 Vektor lokalnich deformaci:
   2: fi 00 ext = 3.977639
  23: fi 11 int = 8.680428
  46: fi 22 ext = 6.182861
  65: fi 32 int = 1.480064
 Vektor indexu spary mezi bloky:
0		1		2		3		4		5		6		7		8		9		10		11		12		13		14		15		16		17		18		19		20		21		22		23		24		25		26		27		28		29		30		31		32		33		34		35		36		37		38		39		40		
 Vektor normalovych sil ve sparach (+ znaci tlak):
9.396461	9.364053	9.318983	9.262360	9.195351	9.118973	9.034472	8.942980	8.845559	8.743030	8.636583	8.527021	8.415570	8.302747	8.189298	8.076230	7.963728	7.852985	7.744098	7.637657	7.534479	7.433843	7.854420	8.018033	8.183259	8.349278	8.515447	8.680848	8.845006	9.006253	9.164292	9.317903	9.465876	9.607098	9.740697	9.865167	9.979568	10.082449	10.172730	10.249176	10.310461	
 Vektor vzdalenosti N od hornoho povrchu klenby:
0.003006	0.028680	0.051420	0.071381	0.088690	0.103452	0.115752	0.125658	0.133225	0.138493	0.141492	0.142239	0.140748	0.137023	0.131070	0.122880	0.112453	0.099773	0.084838	0.067633	0.048152	0.026379	0.002549	0.029021	0.052564	0.073240	0.091100	0.106207	0.118603	0.128341	0.135455	0.139976	0.141931	0.141326	0.138163	0.132429	0.124093	0.113112	0.099420	0.082930	0.063532	
 Vektor posouvajicich sil ve sparach:
-3.274801	-2.902540	-2.542291	-2.194382	-1.858948	-1.536146	-1.225958	-0.928380	-0.643254	-0.370367	-0.109449	0.139885	0.377991	0.605357	0.822537	1.030105	1.228666	1.418938	1.601564	1.777316	1.946943	2.111254	-2.651179	-2.461337	-2.260993	-2.049537	-1.826273	-1.590639	-1.342120	-1.080226	-0.804547	-0.514773	-0.210559	0.108184	0.441659	0.789862	1.152762	1.530182	1.921955	2.327725	2.747116	

 * Iterace c. 2 * Delta = -0.023048 *
 icase = 0
         0 -> O.K.,
        -1 -> nelze splnit omezujici podminky,
        +1 -> cilova funkce je na polyedru neomezena.
 lambda = 4.972333
 pocet bloku N = 40
 Vektor lokalnich deformaci:
   2: fi 00 ext = 3.989036
  23: fi 11 int = 8.702893
  46: fi 22 ext = 6.194278
  65: fi 32 int = 1.480420
 Vektor indexu spary mezi bloky:
0		1		2		3		4		5		6		7		8		9		10		11		12		13		14		15		16		17		18		19		20		21		22		23		24		25		26		27		28		29		30		31		32		33		34		35		36		37		38		39		40		
 Vektor normalovych sil ve sparach (+ znaci tlak):
9.412901	9.381021	9.336408	9.280191	9.213475	9.137639	9.053481	8.962267	8.864943	8.762590	8.656153	8.546763	8.435183	8.322175	8.208710	8.095100	7.983002	7.871685	7.762555	7.655727	7.551584	7.450955	7.873375	8.037379	8.203506	8.369747	8.536294	8.702336	8.866680	9.028262	9.186778	9.340299	9.488404	9.629796	9.763189	9.887568	10.001776	10.104430	10.194482	10.270550	10.331426	
 Vektor vzdalenosti N od hornoho povrchu klenby:
0.002893	0.028610	0.051388	0.071382	0.088722	0.103508	0.115832	0.125757	0.133339	0.138619	0.141624	0.142375	0.140884	0.137160	0.131198	0.122999	0.112549	0.099852	0.084885	0.067645	0.048121	0.026299	0.002418	0.028945	0.052542	0.073256	0.091154	0.106287	0.118708	0.128465	0.135591	0.140125	0.142086	0.141483	0.138322	0.132585	0.124244	0.113255	0.099551	0.083047	0.063631	
 Vektor posouvajicich sil ve sparach:
-3.285497	-2.912365	-2.551221	-2.202349	-1.865990	-1.542213	-1.231059	-0.932454	-0.646313	-0.372399	-0.110453	0.139884	0.379026	0.607424	0.825619	1.034194	1.233759	1.424992	1.608593	1.785300	1.955847	2.121041	-2.663415	-2.472568	-2.271203	-2.058665	-1.834331	-1.597584	-1.347941	-1.084897	-0.808057	-0.517110	-0.211745	0.108204	0.442837	0.792216	1.156293	1.534870	1.927775	2.334701	2.755185	

 * Iterace c. 3 * Delta = 0.001091 *
 icase = 0
         0 -> O.K.,
        -1 -> nelze splnit omezujici podminky,
        +1 -> cilova funkce je na polyedru neomezena.
 lambda = 4.971242
 pocet bloku N = 40
 Vektor lokalnich deformaci:
   2: fi 00 ext = 3.988525
  23: fi 11 int = 8.701883
  46: fi 22 ext = 6.193758
  65: fi 32 int = 1.480391
 Vektor indexu spary mezi bloky:
0		1		2		3		4		5		6		7		8		9		10		11		12		13		14		15		16		17		18		19		20		21		22		23		24		25		26		27		28		29		30		31		32		33		34		35		36		37		38		39		40		
 Vektor normalovych sil ve sparach (+ znaci tlak):
9.412143	9.380273	9.335639	9.279372	9.212703	9.136822	9.052773	8.961295	8.863996	8.761637	8.655499	8.545970	8.434401	8.321418	8.207858	8.094360	7.981972	7.870786	7.761430	7.654745	7.551083	7.450267	7.872436	8.036656	8.202131	8.368882	8.535565	8.701365	8.865455	9.027302	9.185591	9.339325	9.487350	9.628561	9.762261	9.886544	10.000748	10.103406	10.193475	10.269537	10.330462	
 Vektor vzdalenosti N od hornoho povrchu klenby:
0.002898	0.028613	0.051390	0.071383	0.088721	0.103507	0.115828	0.125754	0.133335	0.138614	0.141617	0.142369	0.140880	0.137153	0.131194	0.122993	0.112547	0.099849	0.084886	0.067647	0.048122	0.026305	0.002424	0.028953	0.052543	0.073257	0.091155	0.106285	0.118706	0.128460	0.135587	0.140117	0.142079	0.141477	0.138314	0.132578	0.124238	0.113248	0.099545	0.083041	0.063626	
 Vektor posouvajicich sil ve sparach:
-3.285021	-2.911919	-2.550809	-2.202020	-1.865676	-1.541927	-1.230837	-0.932299	-0.646209	-0.372355	-0.110417	0.139864	0.378957	0.607311	0.825443	1.033977	1.233517	1.424692	1.608249	1.784924	1.955427	2.120588	-2.662824	-2.472010	-2.270725	-2.058237	-1.833937	-1.597267	-1.347642	-1.084652	-0.807865	-0.516977	-0.211691	0.108232	0.442809	0.792148	1.156147	1.534674	1.927524	2.334384	2.754832	
