 icase = 0
         0 -> O.K.,
        -1 -> nelze splnit omezujici podminky,
        +1 -> cilova funkce je na polyedru neomezena.
 lambda = 9.158882
 pocet bloku N = 40
 Vektor lokalnich deformaci:
   1: fi 00 int = 5.000002
  16: fi 07 ext = 8.384995
  51: fi 25 int = 6.778130
  82: fi 40 ext = 3.393136
 Vektor indexu spary mezi bloky:
0		1		2		3		4		5		6		7		8		9		10		11		12		13		14		15		16		17		18		19		20		21		22		23		24		25		26		27		28		29		30		31		32		33		34		35		36		37		38		39		40		
 Vektor normalovych sil ve sparach (+ znaci tlak):
14.176798	13.851893	13.501942	13.128983	12.735071	12.322220	11.892380	5.683888	5.606809	5.533575	5.465048	5.402367	5.346131	5.296871	5.255471	5.222207	5.197648	5.182333	5.176313	5.179584	5.192635	5.215088	5.247268	5.288748	5.339258	5.398302	5.465555	5.540728	5.622838	5.711226	5.805188	5.903981	6.006613	6.111923	6.219080	6.326843	6.434171	6.539756	6.642501	6.741004	6.834007	
 Vektor vzdalenosti N od hornoho povrchu klenby:
0.145000	0.132544	0.116079	0.095354	0.070064	0.039835	0.004218	0.000000	0.015464	0.029830	0.043187	0.055603	0.067135	0.077836	0.087742	0.096881	0.105267	0.112907	0.119799	0.125928	0.131270	0.135803	0.139480	0.142271	0.144127	0.145000	0.144839	0.143589	0.141199	0.137614	0.132776	0.126624	0.119096	0.110126	0.099643	0.087569	0.073821	0.058301	0.040908	0.021519	0.000000	
 Vektor posouvajicich sil ve sparach:
2.189095	2.804080	3.391360	3.950088	4.479451	4.978848	5.447729	-1.232049	-1.117069	-1.013025	-0.919197	-0.834758	-0.758850	-0.690565	-0.628924	-0.572906	-0.521505	-0.473614	-0.428153	-0.384030	-0.340080	-0.295195	-0.248278	-0.198166	-0.143792	-0.084070	-0.017962	0.055568	0.137517	0.228738	0.330160	0.442602	0.566806	0.703447	0.853198	1.016520	1.193916	1.385756	1.592300	1.813784	2.050243	

 * Iterace c. 1 * Delta = 0.491303 *
 icase = 0
         0 -> O.K.,
        -1 -> nelze splnit omezujici podminky,
        +1 -> cilova funkce je na polyedru neomezena.
 lambda = 8.667579
 pocet bloku N = 40
 Vektor lokalnich deformaci:
   1: fi 00 int = 4.907255
  16: fi 07 ext = 8.204007
  51: fi 25 int = 6.573162
  82: fi 40 ext = 3.276410
 Vektor indexu spary mezi bloky:
0		1		2		3		4		5		6		7		8		9		10		11		12		13		14		15		16		17		18		19		20		21		22		23		24		25		26		27		28		29		30		31		32		33		34		35		36		37		38		39		40		
 Vektor normalovych sil ve sparach (+ znaci tlak):
13.731994	13.417967	13.080143	12.720419	12.340940	11.943479	11.530231	5.648184	5.569101	5.494090	5.423895	5.359436	5.301585	5.250976	5.208302	5.173797	5.148349	5.132006	5.125263	5.127839	5.140380	5.162624	5.194585	5.235920	5.286460	5.345940	5.413620	5.489075	5.572046	5.661262	5.756126	5.856054	5.959737	6.066526	6.175052	6.284537	6.393519	6.500939	6.605578	6.706076	6.801183	
 Vektor vzdalenosti N od hornoho povrchu klenby:
0.140635	0.128834	0.113072	0.093114	0.068666	0.039374	0.004815	0.001750	0.016782	0.030739	0.043703	0.055749	0.066939	0.077324	0.086942	0.095826	0.103992	0.111447	0.118188	0.124204	0.129473	0.133961	0.137637	0.140461	0.142375	0.143338	0.143298	0.142198	0.139977	0.136583	0.131958	0.126032	0.118751	0.110041	0.099832	0.088043	0.074594	0.059388	0.042319	0.023269	0.002104	
 Vektor posouvajicich sil ve sparach:
1.992528	2.584471	3.149347	3.686347	4.194680	4.673831	5.123302	-1.193165	-1.080110	-0.978090	-0.886377	-0.804138	-0.730524	-0.664601	-0.605394	-0.551894	-0.503030	-0.457767	-0.414951	-0.373520	-0.332298	-0.290148	-0.245988	-0.198640	-0.147015	-0.090060	-0.026671	0.044158	0.123407	0.211986	0.310831	0.420711	0.542448	0.676689	0.824060	0.985127	1.160360	1.350111	1.554675	1.774269	2.008970	

 * Iterace c. 2 * Delta = -0.010439 *
 icase = 0
         0 -> O.K.,
        -1 -> nelze splnit omezujici podminky,
        +1 -> cilova funkce je na polyedru neomezena.
 lambda = 8.678018
 pocet bloku N = 40
 Vektor lokalnich deformaci:
   1: fi 00 int = 4.910115
  16: fi 07 ext = 8.208961
  51: fi 25 int = 6.578002
  82: fi 40 ext = 3.279155
 Vektor indexu spary mezi bloky:
0		1		2		3		4		5		6		7		8		9		10		11		12		13		14		15		16		17		18		19		20		21		22		23		24		25		26		27		28		29		30		31		32		33		34		35		36		37		38		39		40		
 Vektor normalovych sil ve sparach (+ znaci tlak):
13.741172	13.426867	13.088726	12.728677	12.348834	11.950985	11.537276	5.648351	5.569453	5.494267	5.424118	5.359631	5.302031	5.251366	5.208621	5.174170	5.148610	5.132238	5.125522	5.128202	5.140840	5.163032	5.195014	5.236224	5.286755	5.346357	5.414090	5.489429	5.572309	5.661541	5.756580	5.856297	5.960155	6.066706	6.175332	6.284759	6.393815	6.501227	6.605826	6.706316	6.801405	
 Vektor vzdalenosti N od hornoho povrchu klenby:
0.140772	0.128953	0.113173	0.093194	0.068724	0.039407	0.004818	0.001739	0.016776	0.030736	0.043702	0.055751	0.066944	0.077332	0.086954	0.095839	0.104006	0.111460	0.118204	0.124223	0.129488	0.133977	0.137657	0.140476	0.142394	0.143354	0.143312	0.142212	0.139991	0.136597	0.131968	0.126043	0.118759	0.110046	0.099834	0.088045	0.074593	0.059385	0.042313	0.023261	0.002094	
 Vektor posouvajicich sil ve sparach:
1.997409	2.589833	3.155184	3.692587	4.201362	4.680915	5.130796	-1.193437	-1.080365	-0.978325	-0.886598	-0.804364	-0.730723	-0.664787	-0.605551	-0.552037	-0.503161	-0.457871	-0.415062	-0.373597	-0.332341	-0.290189	-0.245994	-0.198639	-0.147004	-0.090021	-0.026606	0.044217	0.123494	0.212103	0.310949	0.420866	0.542607	0.676865	0.824271	0.985343	1.160593	1.350352	1.554917	1.774543	2.009244	

 * Iterace c. 3 * Delta = 0.000336 *
 icase = 0
         0 -> O.K.,
        -1 -> nelze splnit omezujici podminky,
        +1 -> cilova funkce je na polyedru neomezena.
 lambda = 8.677682
 pocet bloku N = 40
 Vektor lokalnich deformaci:
   1: fi 00 int = 4.910040
  16: fi 07 ext = 8.208837
  51: fi 25 int = 6.577889
  82: fi 40 ext = 3.279093
 Vektor indexu spary mezi bloky:
0		1		2		3		4		5		6		7		8		9		10		11		12		13		14		15		16		17		18		19		20		21		22		23		24		25		26		27		28		29		30		31		32		33		34		35		36		37		38		39		40		
 Vektor normalovych sil ve sparach (+ znaci tlak):
13.740851	13.426559	13.088425	12.728448	12.348608	11.950851	11.537079	5.648365	5.569253	5.494446	5.424050	5.359725	5.301905	5.251312	5.208500	5.174047	5.148696	5.132306	5.125463	5.128283	5.140738	5.162945	5.194911	5.236273	5.286736	5.346109	5.413831	5.489390	5.572165	5.661407	5.756515	5.856228	5.960029	6.066720	6.175374	6.284746	6.393738	6.501152	6.605779	6.706266	6.801369	
 Vektor vzdalenosti N od hornoho povrchu klenby:
0.140769	0.128951	0.113171	0.093192	0.068722	0.039407	0.004818	0.001739	0.016775	0.030735	0.043700	0.055749	0.066942	0.077327	0.086949	0.095835	0.104001	0.111456	0.118199	0.124215	0.129484	0.133973	0.137650	0.140470	0.142387	0.143354	0.143310	0.142209	0.139988	0.136594	0.131961	0.126039	0.118754	0.110043	0.099832	0.088042	0.074592	0.059383	0.042312	0.023261	0.002094	
 Vektor posouvajicich sil ve sparach:
1.997286	2.589705	3.155036	3.692423	4.201191	4.680733	5.130586	-1.193383	-1.080318	-0.978288	-0.886557	-0.804320	-0.730697	-0.664746	-0.605538	-0.552008	-0.503150	-0.457857	-0.415037	-0.373571	-0.332341	-0.290187	-0.246000	-0.198642	-0.147009	-0.090020	-0.026620	0.044214	0.123468	0.212076	0.310922	0.420849	0.542577	0.676827	0.824246	0.985318	1.160555	1.350305	1.554896	1.774481	2.009196	
