 icase = 0
         0 -> O.K.,
        -1 -> nelze splnit omezujici podminky,
        +1 -> cilova funkce je na polyedru neomezena.
 lambda = 5.138506
 pocet bloku N = 40
 Vektor lokalnich deformaci:
  15: fi 07 int = 1.597636
  36: fi 17 ext = 5.932830
  59: fi 29 int = 8.305346
  82: fi 40 ext = 3.970152
 Vektor indexu spary mezi bloky:
0		1		2		3		4		5		6		7		8		9		10		11		12		13		14		15		16		17		18		19		20		21		22		23		24		25		26		27		28		29		30		31		32		33		34		35		36		37		38		39		40		
 Vektor normalovych sil ve sparach (+ znaci tlak):
10.546947	10.471602	10.380468	10.274869	10.156162	10.025578	9.884300	9.733732	9.575021	9.409226	9.237552	9.061380	8.881691	8.699151	8.515183	8.330405	8.145891	7.962540	7.243711	7.332283	7.424790	7.520560	7.619868	7.721851	7.826243	7.932285	8.039575	8.147793	8.255862	8.362872	8.468190	8.571110	8.670549	8.765350	8.854715	8.937459	9.012638	9.078981	9.135530	9.181026	9.214316	
 Vektor vzdalenosti N od hornoho povrchu klenby:
0.083588	0.100688	0.114895	0.126301	0.134976	0.140967	0.144305	0.145000	0.143049	0.138433	0.131127	0.121085	0.108255	0.092582	0.073994	0.052421	0.027782	0.000000	0.017680	0.040154	0.060440	0.078540	0.094455	0.108190	0.119752	0.129141	0.136362	0.141411	0.144293	0.145000	0.143523	0.139845	0.133943	0.125785	0.115327	0.102514	0.087275	0.069522	0.049149	0.026027	0.000000	
 Vektor posouvajicich sil ve sparach:
-2.484128	-2.052715	-1.635689	-1.233435	-0.846342	-0.474618	-0.118458	0.222079	0.547025	0.856465	1.150568	1.429611	1.693915	1.943871	2.179963	2.402735	2.612732	2.810630	-2.113257	-1.958630	-1.799856	-1.636142	-1.466731	-1.290773	-1.107562	-0.916365	-0.716499	-0.507293	-0.288128	-0.058522	0.182064	0.434085	0.697888	0.973764	1.262021	1.562720	1.875993	2.201852	2.540161	2.890828	3.253510	

 * Iterace c. 1 * Delta = 0.427416 *
 icase = 0
         0 -> O.K.,
        -1 -> nelze splnit omezujici podminky,
        +1 -> cilova funkce je na polyedru neomezena.
 lambda = 4.711091
 pocet bloku N = 40
 Vektor lokalnich deformaci:
  15: fi 07 int = 1.586943
  36: fi 17 ext = 5.739752
  59: fi 29 int = 7.922918
  82: fi 40 ext = 3.770118
 Vektor indexu spary mezi bloky:
0		1		2		3		4		5		6		7		8		9		10		11		12		13		14		15		16		17		18		19		20		21		22		23		24		25		26		27		28		29		30		31		32		33		34		35		36		37		38		39		40		
 Vektor normalovych sil ve sparach (+ znaci tlak):
10.148607	10.067115	9.970969	9.861584	9.740173	9.607964	9.466267	9.316311	9.159366	8.996769	8.829286	8.658408	8.484750	8.309724	8.134254	7.959249	7.785344	7.613170	6.951528	7.031118	7.115796	7.204517	7.297430	7.393774	7.493422	7.595910	7.700823	7.806970	7.914053	8.021451	8.127709	8.232379	8.334897	8.433422	8.527467	8.615898	8.697488	8.771271	8.835960	8.890437	8.933535	
 Vektor vzdalenosti N od hornoho povrchu klenby:
0.081098	0.097964	0.111992	0.123273	0.131875	0.137848	0.141219	0.142003	0.140201	0.135796	0.128771	0.119086	0.106701	0.091570	0.073635	0.052844	0.029136	0.002451	0.019515	0.040966	0.060390	0.077774	0.093105	0.106375	0.117583	0.126720	0.133778	0.138754	0.141642	0.142425	0.141097	0.137639	0.132017	0.124209	0.114165	0.101831	0.087142	0.070011	0.050336	0.027994	0.002837	
 Vektor posouvajicich sil ve sparach:
-2.357315	-1.946925	-1.551217	-1.170519	-0.805141	-0.455234	-0.120947	0.197709	0.500834	0.788606	1.061204	1.318980	1.562342	1.791729	2.007641	2.210707	2.401537	2.580837	-1.935954	-1.796825	-1.654034	-1.506695	-1.353990	-1.195083	-1.029164	-0.855493	-0.673311	-0.481898	-0.280602	-0.068879	0.153851	0.388074	0.634226	0.892646	1.163612	1.447352	1.743937	2.053470	2.375891	2.711082	3.058822	

 * Iterace c. 2 * Delta = -0.015997 *
 icase = 0
         0 -> O.K.,
        -1 -> nelze splnit omezujici podminky,
        +1 -> cilova funkce je na polyedru neomezena.
 lambda = 4.727087
 pocet bloku N = 40
 Vektor lokalnich deformaci:
  15: fi 07 int = 1.587385
  36: fi 17 ext = 5.747109
  59: fi 29 int = 7.937562
  82: fi 40 ext = 3.777838
 Vektor indexu spary mezi bloky:
0		1		2		3		4		5		6		7		8		9		10		11		12		13		14		15		16		17		18		19		20		21		22		23		24		25		26		27		28		29		30		31		32		33		34		35		36		37		38		39		40		
 Vektor normalovych sil ve sparach (+ znaci tlak):
10.163294	10.082018	9.986104	9.876847	9.755393	9.623249	9.481615	9.331730	9.174799	9.011817	8.844114	8.673063	8.499144	8.323973	8.148185	7.972677	7.798341	7.625821	6.961783	7.042278	7.126925	7.215951	7.308941	7.405506	7.505604	7.608250	7.712971	7.819256	7.926426	8.033664	8.140204	8.244823	8.347068	8.445550	8.539440	8.627622	8.709004	8.782533	8.846901	8.901079	8.943810	
 Vektor vzdalenosti N od hornoho povrchu klenby:
0.081221	0.098094	0.112127	0.123411	0.132015	0.137986	0.141353	0.142132	0.140321	0.135910	0.128869	0.119167	0.106765	0.091606	0.073646	0.052822	0.029074	0.002344	0.019427	0.040925	0.060385	0.077793	0.093148	0.106440	0.117662	0.126809	0.133876	0.138858	0.141746	0.142530	0.141197	0.137729	0.132100	0.124278	0.114220	0.101871	0.087161	0.070008	0.050308	0.027939	0.002750	
 Vektor posouvajicich sil ve sparach:
-2.361685	-1.950510	-1.554014	-1.172531	-0.806350	-0.455638	-0.120566	0.198909	0.502844	0.791386	1.064773	1.323350	1.567459	1.797570	2.014249	2.218023	2.409552	2.589537	-1.942513	-1.802843	-1.659474	-1.511549	-1.358249	-1.198715	-1.032186	-0.857859	-0.675008	-0.482979	-0.281046	-0.068679	0.154715	0.389585	0.636379	0.895423	1.167037	1.451366	1.748586	2.058710	2.381695	2.717453	3.065750	

 * Iterace c. 3 * Delta = 0.000544 *
 icase = 0
         0 -> O.K.,
        -1 -> nelze splnit omezujici podminky,
        +1 -> cilova funkce je na polyedru neomezena.
 lambda = 4.726543
 pocet bloku N = 40
 Vektor lokalnich deformaci:
  15: fi 07 int = 1.587388
  36: fi 17 ext = 5.746924
  59: fi 29 int = 7.937148
  82: fi 40 ext = 3.777611
 Vektor indexu spary mezi bloky:
0		1		2		3		4		5		6		7		8		9		10		11		12		13		14		15		16		17		18		19		20		21		22		23		24		25		26		27		28		29		30		31		32		33		34		35		36		37		38		39		40		
 Vektor normalovych sil ve sparach (+ znaci tlak):
10.162816	10.081559	9.985666	9.876362	9.754917	9.622894	9.481255	9.331074	9.174373	9.011291	8.843884	8.672462	8.498816	8.323559	8.147636	7.972322	7.797922	7.625396	6.961539	7.041749	7.126587	7.215625	7.308354	7.405207	7.505244	7.607812	7.712608	7.818909	7.926167	8.033266	8.139703	8.244566	8.346725	8.445067	8.538974	8.627304	8.708677	8.782139	8.846552	8.900739	8.943480	
 Vektor vzdalenosti N od hornoho povrchu klenby:
0.081215	0.098088	0.112121	0.123405	0.132010	0.137979	0.141348	0.142127	0.140316	0.135905	0.128864	0.119166	0.106762	0.091608	0.073647	0.052824	0.029077	0.002348	0.019435	0.040928	0.060385	0.077794	0.093148	0.106438	0.117662	0.126808	0.133875	0.138856	0.141743	0.142527	0.141194	0.137727	0.132098	0.124277	0.114220	0.101870	0.087161	0.070008	0.050309	0.027941	0.002753	
 Vektor posouvajicich sil ve sparach:
-2.361566	-1.950443	-1.553970	-1.172489	-0.806328	-0.455670	-0.120606	0.198827	0.502746	0.791252	1.064642	1.323161	1.567271	1.797366	2.013986	2.217771	2.409259	2.589235	-1.942300	-1.802642	-1.659302	-1.511393	-1.358099	-1.198600	-1.032082	-0.857777	-0.674953	-0.482915	-0.281015	-0.068656	0.154704	0.389539	0.636332	0.895359	1.166919	1.451252	1.748442	2.058539	2.381523	2.717259	3.065534	
