 icase = 0
         0 -> O.K.,
        -1 -> nelze splnit omezujici podminky,
        +1 -> cilova funkce je na polyedru neomezena.
 lambda = 5.897029
 pocet bloku N = 40
 Vektor lokalnich deformaci:
   1: fi 00 int = 2.500005
  22: fi 10 ext = 5.560503
  53: fi 26 int = 5.918508
  82: fi 40 ext = 2.858009
 Vektor indexu spary mezi bloky:
0		1		2		3		4		5		6		7		8		9		10		11		12		13		14		15		16		17		18		19		20		21		22		23		24		25		26		27		28		29		30		31		32		33		34		35		36		37		38		39		40		
 Vektor normalovych sil ve sparach (+ znaci tlak):
11.341004	11.124666	10.890758	10.640995	10.377098	10.100725	9.813459	9.517105	9.213162	8.903205	5.640176	5.594280	5.554306	5.520723	5.494396	5.475550	5.464712	5.462382	5.468587	5.483278	5.506919	5.539095	5.580113	5.629526	5.687027	5.752111	5.824431	5.903686	5.988897	6.079367	6.174409	6.273265	6.374955	6.478308	6.582505	6.686311	6.788700	6.888371	6.984250	7.074949	7.159231	
 Vektor vzdalenosti N od hornoho povrchu klenby:
0.145000	0.143421	0.138584	0.130405	0.118767	0.103522	0.084492	0.061461	0.034180	0.002358	0.000000	0.016223	0.031479	0.045806	0.059227	0.071754	0.083386	0.094114	0.103921	0.112779	0.120653	0.127514	0.133309	0.138002	0.141546	0.143895	0.145000	0.144812	0.143289	0.140381	0.136041	0.130215	0.122850	0.113889	0.103267	0.090916	0.076754	0.060691	0.042626	0.022441	0.000000	
 Vektor posouvajicich sil ve sparach:
0.188951	0.658263	1.105752	1.530956	1.933422	2.312898	2.669170	3.002183	3.311978	3.598692	-1.244421	-1.150371	-1.063987	-0.984389	-0.910629	-0.841721	-0.776693	-0.714474	-0.654027	-0.594299	-0.534166	-0.472567	-0.408450	-0.340697	-0.268293	-0.190201	-0.105431	-0.012998	0.088041	0.198487	0.319218	0.450999	0.594517	0.750397	0.919260	1.101512	1.297604	1.507857	1.732479	1.971656	2.225376	

 * Iterace c. 1 * Delta = 0.256618 *
 icase = 0
         0 -> O.K.,
        -1 -> nelze splnit omezujici podminky,
        +1 -> cilova funkce je na polyedru neomezena.
 lambda = 5.640411
 pocet bloku N = 40
 Vektor lokalnich deformaci:
   1: fi 00 int = 2.481246
  22: fi 10 ext = 5.488099
  53: fi 26 int = 5.798477
  82: fi 40 ext = 2.791624
 Vektor indexu spary mezi bloky:
0		1		2		3		4		5		6		7		8		9		10		11		12		13		14		15		16		17		18		19		20		21		22		23		24		25		26		27		28		29		30		31		32		33		34		35		36		37		38		39		40		
 Vektor normalovych sil ve sparach (+ znaci tlak):
11.097041	10.884045	10.654168	10.409096	10.150407	9.880025	9.599242	9.309864	9.013700	8.711848	5.585968	5.537488	5.495050	5.459339	5.430964	5.410176	5.397858	5.393751	5.398255	5.412172	5.434865	5.466169	5.506463	5.555407	5.612936	5.678106	5.750826	5.830317	5.916028	6.007564	6.103654	6.203912	6.306812	6.411813	6.517796	6.623651	6.728235	6.830121	6.928448	7.021774	7.108827	
 Vektor vzdalenosti N od hornoho povrchu klenby:
0.141508	0.140265	0.135790	0.128004	0.116797	0.102028	0.083525	0.061087	0.034478	0.003417	0.001736	0.017412	0.032160	0.046020	0.059014	0.071158	0.082455	0.092893	0.102458	0.111121	0.118844	0.125607	0.131348	0.136026	0.139592	0.142004	0.143207	0.143151	0.141790	0.139068	0.134944	0.129353	0.122251	0.113571	0.103251	0.091219	0.077397	0.061694	0.044008	0.024223	0.002204	
 Vektor posouvajicich sil ve sparach:
0.131405	0.588013	1.023004	1.435929	1.826408	2.194169	2.539034	2.861040	3.160177	3.436650	-1.194006	-1.102868	-1.019527	-0.943085	-0.872589	-0.807074	-0.745504	-0.686839	-0.630030	-0.573991	-0.517614	-0.459825	-0.399522	-0.335641	-0.267098	-0.192886	-0.111972	-0.023370	0.073802	0.180481	0.297491	0.425586	0.565506	0.717873	0.883273	1.062199	1.255083	1.462183	1.683836	1.920146	2.171195	

 * Iterace c. 2 * Delta = -0.003727 *
 icase = 0
         0 -> O.K.,
        -1 -> nelze splnit omezujici podminky,
        +1 -> cilova funkce je na polyedru neomezena.
 lambda = 5.644138
 pocet bloku N = 40
 Vektor lokalnich deformaci:
   1: fi 00 int = 2.481648
  22: fi 10 ext = 5.489303
  53: fi 26 int = 5.800288
  82: fi 40 ext = 2.792632
 Vektor indexu spary mezi bloky:
0		1		2		3		4		5		6		7		8		9		10		11		12		13		14		15		16		17		18		19		20		21		22		23		24		25		26		27		28		29		30		31		32		33		34		35		36		37		38		39		40		
 Vektor normalovych sil ve sparach (+ znaci tlak):
11.100460	10.887404	10.657462	10.412288	10.153602	9.883066	9.602093	9.312745	9.016222	8.714430	5.586617	5.538190	5.495667	5.459953	5.431483	5.410908	5.398463	5.394404	5.399248	5.412811	5.435524	5.466896	5.507345	5.556420	5.613470	5.678745	5.751598	5.831270	5.916942	6.008245	6.104378	6.204479	6.307572	6.412532	6.518554	6.624335	6.728828	6.830805	6.929086	7.022327	7.109370	
 Vektor vzdalenosti N od hornoho povrchu klenby:
0.141584	0.140334	0.135852	0.128059	0.116843	0.102065	0.083553	0.061105	0.034481	0.003410	0.001720	0.017402	0.032156	0.046020	0.059017	0.071167	0.082467	0.092908	0.102478	0.111143	0.118873	0.125633	0.131372	0.136051	0.139620	0.142030	0.143230	0.143173	0.141813	0.139092	0.134962	0.129371	0.122264	0.113582	0.103259	0.091224	0.077398	0.061691	0.044001	0.024211	0.002188	
 Vektor posouvajicich sil ve sparach:
0.132525	0.589312	1.024478	1.437574	1.828215	2.196111	2.541164	2.863294	3.162601	3.439183	-1.194568	-1.103401	-1.020005	-0.943518	-0.873011	-0.807454	-0.745843	-0.687158	-0.630309	-0.574214	-0.517809	-0.459982	-0.399640	-0.335708	-0.267130	-0.192890	-0.111924	-0.023301	0.073928	0.180652	0.297696	0.425831	0.565784	0.718195	0.883625	1.062609	1.255487	1.462645	1.684325	1.920668	2.171728	
