Vstupni soubor: klenba_5.in
*** vysledky vypoctu ***
 icase = 0
         0 -> O.K.,
        -1 -> nelze splnit omezujici podminky,
        +1 -> cilova funkce je na polyedru neomezena.
 lambda = 33.022844
 pocet bloku N = 24
 Vektor lokalnich deformaci:
  54:  y 01 (-) = 0.440421
  89:  y 19 (+) = 7.035011
 100:  y 24 (-) = 6.674132
 Vektor indexu spary mezi bloky:
0		1		2		3		4		5		6		7		8		9		10		11		12		13		14		15		16		17		18		19		20		21		22		23		24
 Vektor normalovych sil ve sparach (+ znaci tlak):
168.958412	167.420714	165.596713	163.963471	162.518619	161.258807	160.181285	159.283269	158.562969	158.017535	157.645959	157.446560	157.418896	157.562591	157.877771	158.365118	159.025832	159.861512	160.874093	161.918397	162.309287	162.655456	162.965267	163.247765	163.512547
 Vektor vzdalenosti N od hornoho povrchu klenby:
0.081352	0.075036	0.069245	0.064009	0.059383	0.055414	0.052146	0.049613	0.047842	0.046855	0.046667	0.047284	0.048710	0.050937	0.053956	0.057749	0.062291	0.067553	0.073499	0.080103	0.085348	0.087762	0.087418	0.084390	0.078755
 Vektor posouvajicich sil ve sparach:
7.816459	8.371044	7.483865	6.571748	5.639894	4.692759	3.734080	2.766975	1.793998	0.817224	-0.161647	-1.141227	-2.120316	-3.097819	-4.072641	-5.043587	-6.009272	-6.968010	-7.917731	-8.095921	-4.698911	-1.365987	1.895034	5.077424	8.175627
