Vstupni soubor: klenba_3.in
*** vysledky vypoctu ***
pocet kroku = 2
 icase = 0
         0 -> O.K.,
        -1 -> nelze splnit omezujici podminky,
        +1 -> cilova funkce je na polyedru neomezena.
 lambda = 16.612950
 pocet bloku N = 25
 Vektor lokalnich deformaci:
  58:  y 02 (-) = 0.693692
  87:  y 17 (+) = 3.583634
 104:  y 25 (-) = 2.990936
 Vektor indexu spary mezi bloky:
0		1		2		3		4		5		6		7		8		9		10		11		12		13		14		15		16		17		18		19		20		21		22		23		24		25
 Vektor normalovych sil ve sparach (+ znaci tlak):
93.700908	93.196218	92.723850	91.934733	91.067228	90.315351	89.674039	89.139254	88.707119	88.374509	88.138454	87.997160	87.949036	87.993435	88.130426	88.360534	88.685180	89.106259	89.528330	89.766529	90.001385	90.239017	90.486385	90.750991	91.040898	91.364621
 Vektor vzdalenosti N od hornoho povrchu klenby:
0.081598	0.077909	0.072498	0.066118	0.060597	0.055971	0.052248	0.049432	0.047522	0.046513	0.046397	0.047166	0.048808	0.051314	0.054672	0.058872	0.063901	0.069748	0.076325	0.081580	0.084714	0.085814	0.084979	0.082312	0.077926	0.071943
 Vektor posouvajicich sil ve sparach:
2.292017	3.428192	4.636195	4.574623	3.833961	3.116656	2.421920	1.748304	1.093774	0.455780	-0.168643	-0.782798	-1.390229	-1.994624	-2.599721	-3.209211	-3.826638	-4.455313	-4.423050	-2.958424	-1.543359	-0.184976	1.110381	2.337231	3.491030	4.568230
