Vstupni soubor: klenba_4.in
*** vysledky vypoctu ***
pocet kroku = 5
 icase = 0
         0 -> O.K.,
        -1 -> nelze splnit omezujici podminky,
        +1 -> cilova funkce je na polyedru neomezena.
 lambda = 19.233872
 pocet bloku N = 25
 Vektor lokalnich deformaci:
   1: fi 00 int = 0.948297
  18: fi 08 ext = 1.893392
  39: fi 19 int = 1.449417
  52: fi 25 ext = 0.504322
 Vektor indexu spary mezi bloky:
0		1		2		3		4		5		6		7		8		9		10		11		12		13		14		15		16		17		18		19		20		21		22		23		24		25
 Vektor normalovych sil ve sparach (+ znaci tlak):
103.260497	102.187778	100.976634	99.901801	98.958396	98.141975	97.447723	96.872049	96.411252	96.062112	95.822484	95.690039	95.663720	95.742601	95.926802	96.216882	96.561387	96.755836	96.931699	97.093723	97.247245	97.398627	97.554728	97.723246	97.912260	98.130351
 Vektor vzdalenosti N od hornoho povrchu klenby:
0.085652	0.077957	0.071177	0.065316	0.060409	0.056484	0.053558	0.051642	0.050743	0.050858	0.051983	0.054109	0.057221	0.061305	0.066342	0.072309	0.079139	0.084702	0.087934	0.088898	0.087666	0.084318	0.078940	0.071630	0.062494	0.051648
 Vektor posouvajicich sil ve sparach:
6.383439	6.301040	5.410187	4.534844	3.676441	2.835642	2.012393	1.206000	0.415199	-0.361773	-1.127097	-1.883268	-2.633024	-3.379245	-4.124856	-4.872740	-5.054648	-3.317801	-1.616109	0.041893	1.648266	3.195757	4.677892	6.089062	7.424591	8.680813
