Vstupni soubor: klenba_1.in
*** vysledky vypoctu ***
pocet kroku = 3
 icase = 0
         0 -> O.K.,
        -1 -> nelze splnit omezujici podminky,
        +1 -> cilova funkce je na polyedru neomezena.
 lambda = 22.688248
 pocet bloku N = 25
 Vektor lokalnich deformaci:
  14: fi 06 ext = 2.256768
  33: fi 16 int = 2.256768
  58:  y 02 (-) = 1.393315
 104:  y 25 (-) = 1.647773
 Vektor indexu spary mezi bloky:
0		1		2		3		4		5		6		7		8		9		10		11		12		13		14		15		16		17		18		19		20		21		22		23		24		25
 Vektor normalovych sil ve sparach (+ znaci tlak):
76.748321	76.149088	75.594360	74.609666	73.524063	72.604892	71.848237	71.250348	70.808306	70.519300	70.380743	70.500394	70.623478	70.736731	70.838991	70.932499	71.018245	71.099243	71.179617	71.263717	71.357257	71.466377	71.598276	71.760356	71.960876	72.208380
 Vektor vzdalenosti N od hornoho povrchu klenby:
0.090672	0.080118	0.068104	0.055898	0.046640	0.040563	0.037815	0.038502	0.042685	0.050384	0.061570	0.073631	0.083600	0.091469	0.097245	0.100950	0.102622	0.102309	0.100076	0.096000	0.090172	0.082700	0.073704	0.063322	0.051703	0.039014
 Vektor posouvajicich sil ve sparach:
6.110474	6.800202	7.559430	6.557835	4.603822	2.659045	0.725075	-1.197140	-3.107206	-5.005205	-6.891623	-5.985323	-4.865788	-3.738563	-2.613096	-1.498785	-0.404858	0.659734	1.686430	2.667158	3.594448	4.461513	5.262350	5.991818	6.645713	7.220838
