Vstupni soubor: klenba_2.in
*** vysledky vypoctu ***
pocet kroku = 5
 icase = 0
         0 -> O.K.,
        -1 -> nelze splnit omezujici podminky,
        +1 -> cilova funkce je na polyedru neomezena.
 lambda = 20.480442
 pocet bloku N = 25
 Vektor lokalnich deformaci:
   1: fi 00 int = 1.088267
  18: fi 08 ext = 2.370563
  37: fi 18 int = 1.910768
  52: fi 25 ext = 0.628471
 Vektor indexu spary mezi bloky:
0		1		2		3		4		5		6		7		8		9		10		11		12		13		14		15		16		17		18		19		20		21		22		23		24		25
 Vektor normalovych sil ve sparach (+ znaci tlak):
93.286662	92.735094	92.215610	91.299565	90.283100	89.406555	88.666009	88.057384	87.577383	87.222928	86.991650	86.881595	86.891436	87.020536	87.254810	87.436936	87.599471	87.745122	87.877809	88.002012	88.123406	88.248137	88.383274	88.536444	88.715760	88.929858
 Vektor vzdalenosti N od hornoho povrchu klenby:
0.090902	0.084532	0.076394	0.067453	0.059982	0.054063	0.049750	0.047085	0.046093	0.046790	0.049176	0.053240	0.058961	0.066306	0.075210	0.083297	0.089049	0.092514	0.093749	0.092820	0.089804	0.084786	0.077865	0.069146	0.058750	0.046805
 Vektor posouvajicich sil ve sparach:
4.235276	5.372865	6.581258	6.207585	4.980843	3.768256	2.570318	1.386877	0.217224	-0.939845	-2.085941	-3.222998	-4.353178	-5.478793	-6.248380	-4.687549	-3.144978	-1.629956	-0.151383	1.282330	2.663369	3.984611	5.239708	6.423184	7.530493	8.558102
