 Interakcni diagram - METHOD=4
 50
 2000.000000

 0.000000 0.000000
 40.000000 3.893333
 80.000000 7.573333
 120.000000 11.040000
 160.000000 14.293333
 200.000000 17.333333
 240.000000 20.160000
 280.000000 22.773333
 320.000000 25.173333
 360.000000 27.360000
 400.000000 29.333333
 440.000000 31.093333
 480.000000 32.640000
 520.000000 33.973333
 560.000000 35.093333
 600.000000 36.000000
 640.000000 36.693333
 680.000000 37.173333
 720.000000 37.440000
 760.000000 37.493333
 800.000000 37.333333
 840.000000 36.960000
 880.000000 36.373333
 920.000000 35.573333
 960.000000 34.560000
 1000.000000 33.333333
 1040.000000 32.000000
 1080.000000 30.666667
 1120.000000 29.333333
 1160.000000 28.000000
 1200.000000 26.666667
 1240.000000 25.333333
 1280.000000 24.000000
 1320.000000 22.666667
 1360.000000 21.333333
 1400.000000 20.000000
 1440.000000 18.666667
 1480.000000 17.333333
 1520.000000 16.000000
 1560.000000 14.666667
 1600.000000 13.333333
 1640.000000 12.000000
 1680.000000 10.666667
 1720.000000 9.333333
 1760.000000 8.000000
 1800.000000 6.666667
 1840.000000 5.333333
 1880.000000 4.000000
 1920.000000 2.666667
 1960.000000 1.333333
 2000.000000 0.000000
