 Interakcni diagram - METHOD=3
 50
 2000.000000

 0.000000 0.000000
 40.000000 3.901481
 80.000000 7.605926
 120.000000 11.113333
 160.000000 14.423704
 200.000000 17.537037
 240.000000 20.453333
 280.000000 23.172593
 320.000000 25.694815
 360.000000 28.020000
 400.000000 30.148148
 440.000000 32.079259
 480.000000 33.813333
 520.000000 35.350370
 560.000000 36.690370
 600.000000 37.833333
 640.000000 38.779259
 680.000000 39.528148
 720.000000 40.080000
 760.000000 40.434815
 800.000000 40.592593
 840.000000 40.553333
 880.000000 40.317037
 920.000000 39.883704
 960.000000 39.253333
 1000.000000 38.425926
 1040.000000 37.401481
 1080.000000 36.180000
 1119.993468 34.813044
 1159.986373 33.435811
 1199.984657 32.054958
 1239.982642 30.670258
 1279.980254 29.281221
 1319.977403 27.887269
 1359.973967 26.487714
 1399.969788 25.081731
 1439.964650 23.668325
 1479.958256 22.246282
 1519.950189 20.814099
 1559.939854 19.369902
 1599.926371 17.911311
 1639.908410 16.435260
 1680.000004 14.933333
 1720.000006 13.407475
 1760.000008 11.846531
 1800.000012 10.239322
 1840.000007 8.568928
 1879.999937 6.808006
 1919.999254 4.907792
 1959.988486 2.765138
 2000.000000 0.000000
