 Interakcni diagram - METHOD=1
 50
 2000.000000

 0.000000 0.000000
 40.000000 3.905755
 80.000000 7.623020
 120.000000 11.151795
 160.000000 14.492080
 200.000000 17.643874
 240.000000 20.607179
 280.000000 23.381994
 320.000000 25.968318
 360.000000 28.366153
 400.000000 30.575498
 440.000000 32.596352
 480.000000 34.428716
 520.000000 36.072591
 560.000000 37.527975
 600.000000 38.794869
 640.000000 39.873274
 680.000000 40.763188
 720.000000 41.464612
 760.000000 41.977546
 800.000000 42.301990
 840.000000 42.437944
 880.000000 42.385408
 920.000000 42.144382
 960.000000 41.714866
 1000.000000 41.096859
 1040.000000 40.290363
 1080.000000 39.295377
 1120.000000 38.111900
 1160.000000 36.739934
 1199.964822 35.231319
 1239.927030 33.650675
 1279.917284 32.039248
 1319.908517 30.417999
 1359.993222 28.696971
 1399.993208 27.055133
 1439.992282 25.402971
 1479.991129 23.739025
 1519.989670 22.062031
 1559.987786 20.370514
 1599.985296 18.662767
 1639.981913 16.936815
 1679.977165 15.190382
 1719.970237 13.420860
 1759.959618 11.625271
 1799.942265 9.800226
 1839.911332 7.941904
 1879.938291 6.035270
 1919.953656 4.088247
 1960.041150 2.080362
 2000.000000 0.000000
