 Interakcni diagram - METHOD=2
 50
 2000.000000

 0.000000 0.000000
 40.000000 3.920000
 80.000000 7.680000
 120.000000 11.280000
 160.000000 14.720000
 200.000000 18.000000
 240.000000 21.120000
 280.000000 24.080000
 320.000000 26.880000
 360.000000 29.520000
 400.000000 32.000000
 440.000000 34.320000
 480.000000 36.480000
 520.000000 38.480000
 560.000000 40.320000
 600.000000 42.000000
 640.000000 43.520000
 680.000000 44.880000
 720.000000 46.080000
 760.000000 47.120000
 800.000000 48.000000
 840.000000 48.720000
 880.000000 49.280000
 920.000000 49.680000
 960.000000 49.920000
 1000.000000 50.000000
 1040.000000 49.920000
 1080.000000 49.680000
 1120.000000 49.280000
 1160.000000 48.720000
 1200.000000 48.000000
 1240.000000 47.120000
 1280.000000 46.080000
 1320.000000 44.880000
 1360.000000 43.520000
 1400.000000 42.000000
 1440.000000 40.320000
 1480.000000 38.480000
 1520.000000 36.480000
 1560.000000 34.320000
 1600.000000 32.000000
 1640.000000 29.520000
 1680.000000 26.880000
 1720.000000 24.080000
 1760.000000 21.120000
 1800.000000 18.000000
 1840.000000 14.720000
 1880.000000 11.280000
 1920.000000 7.680000
 1960.000000 3.920000
 2000.000000 0.000000
