 icase = 0
         0 -> O.K.,
        -1 -> nelze splnit omezujici podminky,
        +1 -> cilova funkce je na polyedru neomezena.
 lambda = 5.897029
 pocet bloku N = 40
 Vektor lokalnich deformaci:
   1: fi 00 int = 2.500005
  22: fi 10 ext = 5.560503
  53: fi 26 int = 5.918508
  82: fi 40 ext = 2.858009
 Vektor indexu spary mezi bloky:
0		1		2		3		4		5		6		7		8		9		10		11		12		13		14		15		16		17		18		19		20		21		22		23		24		25		26		27		28		29		30		31		32		33		34		35		36		37		38		39		40		
 Vektor normalovych sil ve sparach (+ znaci tlak):
11.341004	11.124666	10.890758	10.640995	10.377098	10.100725	9.813459	9.517105	9.213162	8.903205	5.640176	5.594280	5.554306	5.520723	5.494396	5.475550	5.464712	5.462382	5.468587	5.483278	5.506919	5.539095	5.580113	5.629526	5.687027	5.752111	5.824431	5.903686	5.988897	6.079367	6.174409	6.273265	6.374955	6.478308	6.582505	6.686311	6.788700	6.888371	6.984250	7.074949	7.159231	
 Vektor vzdalenosti N od hornoho povrchu klenby:
0.145000	0.143421	0.138584	0.130405	0.118767	0.103522	0.084492	0.061461	0.034180	0.002358	0.000000	0.016223	0.031479	0.045806	0.059227	0.071754	0.083386	0.094114	0.103921	0.112779	0.120653	0.127514	0.133309	0.138002	0.141546	0.143895	0.145000	0.144812	0.143289	0.140381	0.136041	0.130215	0.122850	0.113889	0.103267	0.090916	0.076754	0.060691	0.042626	0.022441	0.000000	
 Vektor posouvajicich sil ve sparach:
0.188951	0.658263	1.105752	1.530956	1.933422	2.312898	2.669170	3.002183	3.311978	3.598692	-1.244421	-1.150371	-1.063987	-0.984389	-0.910629	-0.841721	-0.776693	-0.714474	-0.654027	-0.594299	-0.534166	-0.472567	-0.408450	-0.340697	-0.268293	-0.190201	-0.105431	-0.012998	0.088041	0.198487	0.319218	0.450999	0.594517	0.750397	0.919260	1.101512	1.297604	1.507857	1.732479	1.971656	2.225376	

 * Iterace c. 1 * Delta = 0.252132 *
 icase = 0
         0 -> O.K.,
        -1 -> nelze splnit omezujici podminky,
        +1 -> cilova funkce je na polyedru neomezena.
 lambda = 5.644897
 pocet bloku N = 40
 Vektor lokalnich deformaci:
   1: fi 00 int = 2.729243
  20: fi 09 ext = 5.416864
  53: fi 26 int = 5.339687
  82: fi 40 ext = 2.652066
 Vektor indexu spary mezi bloky:
0		1		2		3		4		5		6		7		8		9		10		11		12		13		14		15		16		17		18		19		20		21		22		23		24		25		26		27		28		29		30		31		32		33		34		35		36		37		38		39		40		
 Vektor normalovych sil ve sparach (+ znaci tlak):
11.098904	10.885845	10.655931	10.410810	10.152097	9.881638	9.600788	9.311372	9.014926	8.713031	5.585018	5.536625	5.494259	5.458580	5.430364	5.409564	5.397438	5.393449	5.398472	5.411975	5.435047	5.466500	5.506907	5.556116	5.613548	5.678753	5.751781	5.831319	5.917195	6.008792	6.104922	6.205245	6.308287	6.413374	6.519611	6.625464	6.730064	6.832134	6.930491	7.023887	7.110983	
 Vektor vzdalenosti N od hornoho povrchu klenby:
0.141220	0.139965	0.135476	0.127676	0.116452	0.101666	0.083146	0.060687	0.034052	0.002968	0.001053	0.016759	0.031536	0.045427	0.058455	0.070631	0.081963	0.092439	0.102038	0.110736	0.118500	0.125292	0.131068	0.135781	0.139382	0.141826	0.143058	0.143035	0.141704	0.139012	0.134915	0.129351	0.122270	0.113615	0.103316	0.091307	0.077504	0.061822	0.044154	0.024388	0.002386	
 Vektor posouvajicich sil ve sparach:
0.132318	0.589010	1.024120	1.437117	1.827667	2.195508	2.540486	2.862535	3.161753	3.438287	-1.196187	-1.105101	-1.021795	-0.945382	-0.874937	-0.809446	-0.747895	-0.689247	-0.632461	-0.576415	-0.520038	-0.462232	-0.401913	-0.338019	-0.269447	-0.195199	-0.114245	-0.025614	0.071645	0.178392	0.295454	0.423627	0.563634	0.716080	0.881575	1.060599	1.253558	1.460784	1.682541	1.918955	2.170108	

 * Iterace c. 2 * Delta = 0.021398 *
 icase = 0
         0 -> O.K.,
        -1 -> nelze splnit omezujici podminky,
        +1 -> cilova funkce je na polyedru neomezena.
 lambda = 5.623499
 pocet bloku N = 40
 Vektor lokalnich deformaci:
   1: fi 00 int = 2.480144
  22: fi 10 ext = 5.483485
  53: fi 26 int = 5.790641
  82: fi 40 ext = 2.787299
 Vektor indexu spary mezi bloky:
0		1		2		3		4		5		6		7		8		9		10		11		12		13		14		15		16		17		18		19		20		21		22		23		24		25		26		27		28		29		30		31		32		33		34		35		36		37		38		39		40		
 Vektor normalovych sil ve sparach (+ znaci tlak):
11.080833	10.868005	10.638379	10.393542	10.135265	9.865179	9.584902	9.295986	9.000378	8.699086	5.582147	5.533494	5.490843	5.454973	5.426414	5.405527	5.392787	5.388822	5.393482	5.407157	5.429855	5.461180	5.501521	5.550483	5.607826	5.672963	5.745557	5.825202	5.910992	6.002391	6.098723	6.198812	6.301934	6.407105	6.513234	6.619235	6.723893	6.826050	6.924538	7.018020	7.105258	
 Vektor vzdalenosti N od hornoho povrchu klenby:
0.141300	0.140078	0.135626	0.127864	0.116683	0.101944	0.083476	0.061075	0.034507	0.003499	0.001862	0.017498	0.032208	0.046035	0.059000	0.071115	0.082389	0.092808	0.102358	0.111008	0.118723	0.125472	0.131208	0.135887	0.139456	0.141872	0.143083	0.143035	0.141688	0.138983	0.134871	0.129301	0.122216	0.113557	0.103258	0.091250	0.077452	0.061774	0.044116	0.024359	0.002370	
 Vektor posouvajicich sil ve sparach:
0.127958	0.583704	1.017885	1.429992	1.819656	2.186617	2.530756	2.851997	3.150411	3.426198	-1.190476	-1.099528	-1.016408	-0.940173	-0.869927	-0.804629	-0.743318	-0.684914	-0.628345	-0.572564	-0.516470	-0.458959	-0.398926	-0.335315	-0.267059	-0.193102	-0.112473	-0.024150	0.072771	0.179176	0.295920	0.423752	0.563437	0.715535	0.880704	1.059400	1.252026	1.458934	1.680360	1.916481	2.167327	

 * Iterace c. 3 * Delta = -0.000280 *
 icase = 0
         0 -> O.K.,
        -1 -> nelze splnit omezujici podminky,
        +1 -> cilova funkce je na polyedru neomezena.
 lambda = 5.623779
 pocet bloku N = 40
 Vektor lokalnich deformaci:
   1: fi 00 int = 2.480157
  22: fi 10 ext = 5.483576
  53: fi 26 int = 5.790781
  82: fi 40 ext = 2.787362
 Vektor indexu spary mezi bloky:
0		1		2		3		4		5		6		7		8		9		10		11		12		13		14		15		16		17		18		19		20		21		22		23		24		25		26		27		28		29		30		31		32		33		34		35		36		37		38		39		40		
 Vektor normalovych sil ve sparach (+ znaci tlak):
11.081075	10.868288	10.638629	10.393828	10.135560	9.865415	9.585082	9.296258	9.000422	8.699169	5.582341	5.533501	5.491014	5.454978	5.426405	5.405413	5.392752	5.388805	5.393452	5.407161	5.429578	5.461030	5.501535	5.550414	5.607754	5.672902	5.745653	5.825177	5.911089	6.002593	6.098636	6.198999	6.302024	6.407190	6.513293	6.619298	6.723974	6.826153	6.924583	7.018067	7.105309	
 Vektor vzdalenosti N od hornoho povrchu klenby:
0.141306	0.140083	0.135631	0.127868	0.116687	0.101947	0.083477	0.061076	0.034507	0.003496	0.001861	0.017495	0.032208	0.046032	0.058998	0.071116	0.082390	0.092810	0.102355	0.111007	0.118725	0.125475	0.131210	0.135888	0.139457	0.141873	0.143085	0.143039	0.141689	0.138984	0.134872	0.129300	0.122215	0.113556	0.103257	0.091249	0.077451	0.061773	0.044114	0.024357	0.002368	
 Vektor posouvajicich sil ve sparach:
0.128031	0.583827	1.018002	1.430115	1.819795	2.186776	2.530912	2.852173	3.150604	3.426404	-1.190500	-1.099571	-1.016428	-0.940203	-0.869949	-0.804652	-0.743332	-0.684936	-0.628376	-0.572587	-0.516473	-0.458959	-0.398923	-0.335308	-0.267047	-0.193107	-0.112453	-0.024153	0.072773	0.179202	0.295941	0.423764	0.563437	0.715560	0.880721	1.059425	1.252063	1.458959	1.680400	1.916524	2.167355	
