 icase = 0
         0 -> O.K.,
        -1 -> nelze splnit omezujici podminky,
        +1 -> cilova funkce je na polyedru neomezena.
 lambda = 4.667103
 pocet bloku N = 40
 Vektor lokalnich deformaci:
   5: fi 02 int = 1.959256
  26: fi 12 ext = 4.820224
  55: fi 27 int = 5.547068
  82: fi 40 ext = 2.686100
 Vektor indexu spary mezi bloky:
0		1		2		3		4		5		6		7		8		9		10		11		12		13		14		15		16		17		18		19		20		21		22		23		24		25		26		27		28		29		30		31		32		33		34		35		36		37		38		39		40		
 Vektor normalovych sil ve sparach (+ znaci tlak):
10.259805	10.095973	9.917378	9.725593	9.522193	9.308670	9.086398	8.857048	8.621904	8.382367	8.139734	7.895571	7.651083	5.734650	5.723215	5.718584	5.721311	5.731902	5.750230	5.776256	5.810446	5.852353	5.902279	5.959667	6.024248	6.095486	6.173018	6.256521	6.345025	6.437813	6.534162	6.633412	6.734433	6.836183	6.937768	7.037982	7.135826	7.230005	7.319449	7.402802	7.478833	
 Vektor vzdalenosti N od hornoho povrchu klenby:
0.136810	0.142359	0.145000	0.144726	0.141511	0.135303	0.126037	0.113622	0.097952	0.078900	0.056330	0.030087	0.000000	0.015126	0.031914	0.047656	0.062338	0.075946	0.088449	0.099815	0.110008	0.118990	0.126712	0.133136	0.138220	0.141920	0.144194	0.145000	0.144301	0.142054	0.138220	0.132752	0.125605	0.116728	0.106060	0.093539	0.079086	0.062615	0.044026	0.023200	0.000000	
 Vektor posouvajicich sil ve sparach:
-0.785793	-0.371732	0.023328	0.399076	0.755186	1.091532	1.408021	1.704717	1.981740	2.239338	2.477803	2.697569	2.899122	-1.274089	-1.188737	-1.107471	-1.029357	-0.953362	-0.878481	-0.803707	-0.727952	-0.650200	-0.569445	-0.484611	-0.394733	-0.298818	-0.195928	-0.085128	0.034475	0.163635	0.303170	0.453805	0.616168	0.790832	0.978370	1.179132	1.393524	1.621815	1.864158	2.120697	2.391374	

 * Iterace c. 1 * Delta = 0.274551 *
 icase = 0
         0 -> O.K.,
        -1 -> nelze splnit omezujici podminky,
        +1 -> cilova funkce je na polyedru neomezena.
 lambda = 4.392552
 pocet bloku N = 40
 Vektor lokalnich deformaci:
   5: fi 02 int = 1.939209
  26: fi 12 ext = 4.726530
  55: fi 27 int = 5.385339
  82: fi 40 ext = 2.598018
 Vektor indexu spary mezi bloky:
0		1		2		3		4		5		6		7		8		9		10		11		12		13		14		15		16		17		18		19		20		21		22		23		24		25		26		27		28		29		30		31		32		33		34		35		36		37		38		39		40		
 Vektor normalovych sil ve sparach (+ znaci tlak):
9.996935	9.834220	9.657582	9.468444	9.268383	9.058729	8.841297	8.617256	8.388090	8.155292	7.920011	7.683729	7.447581	5.638619	5.623101	5.614902	5.614365	5.621463	5.636758	5.660684	5.692563	5.732701	5.780933	5.837069	5.900541	5.971597	6.048969	6.132332	6.221367	6.315126	6.412647	6.513192	6.615901	6.720001	6.824055	6.927073	7.027976	7.125530	7.218585	7.305839	7.386085	
 Vektor vzdalenosti N od hornoho povrchu klenby:
0.132962	0.138768	0.141694	0.141740	0.138882	0.133077	0.124262	0.112356	0.097262	0.078866	0.057045	0.031655	0.002550	0.017729	0.033718	0.048737	0.062769	0.075798	0.087799	0.098742	0.108582	0.117280	0.124790	0.131066	0.136061	0.139730	0.142028	0.142915	0.142339	0.140262	0.136637	0.131421	0.124561	0.116004	0.105693	0.093562	0.079533	0.063520	0.045422	0.025125	0.002493	
 Vektor posouvajicich sil ve sparach:
-0.801450	-0.401147	-0.019722	0.342463	0.685200	1.008354	1.311893	1.595896	1.860510	2.106021	2.332789	2.541260	2.731924	-1.195384	-1.115169	-1.039248	-0.966647	-0.896358	-0.827322	-0.758544	-0.688903	-0.617378	-0.542924	-0.464482	-0.381053	-0.291618	-0.195217	-0.090894	0.022188	0.144908	0.278056	0.422363	0.578467	0.747016	0.928497	1.123401	1.332060	1.554757	1.791731	2.043092	2.308805	

 * Iterace c. 2 * Delta = -0.005939 *
 icase = 0
         0 -> O.K.,
        -1 -> nelze splnit omezujici podminky,
        +1 -> cilova funkce je na polyedru neomezena.
 lambda = 4.398491
 pocet bloku N = 40
 Vektor lokalnich deformaci:
   5: fi 02 int = 1.939721
  26: fi 12 ext = 4.728644
  55: fi 27 int = 5.388949
  82: fi 40 ext = 2.600025
 Vektor indexu spary mezi bloky:
0		1		2		3		4		5		6		7		8		9		10		11		12		13		14		15		16		17		18		19		20		21		22		23		24		25		26		27		28		29		30		31		32		33		34		35		36		37		38		39		40		
 Vektor normalovych sil ve sparach (+ znaci tlak):
10.002411	9.839689	9.662977	9.473759	9.273623	9.063897	8.846386	8.622255	8.392901	8.159912	7.924412	7.687942	7.451651	5.640320	5.625065	5.616775	5.616282	5.623683	5.639029	5.662772	5.694671	5.734979	5.783313	5.839260	5.903012	5.973819	6.051190	6.134746	6.223629	6.317376	6.414945	6.515574	6.618311	6.722225	6.826301	6.929206	7.030103	7.127539	7.220579	7.307760	7.387897	
 Vektor vzdalenosti N od hornoho povrchu klenby:
0.133064	0.138862	0.141781	0.141818	0.138950	0.133134	0.124306	0.112387	0.097279	0.078865	0.057023	0.031612	0.002483	0.017658	0.033663	0.048694	0.062742	0.075786	0.087798	0.098751	0.108600	0.117304	0.124817	0.131099	0.136098	0.139770	0.142073	0.142956	0.142381	0.140301	0.136671	0.131450	0.124588	0.116027	0.105712	0.093573	0.079537	0.063516	0.045411	0.025104	0.002462	
 Vektor posouvajicich sil ve sparach:
-0.800796	-0.400210	-0.018496	0.343977	0.686977	1.010398	1.314217	1.598467	1.863323	2.109093	2.336099	2.544785	2.735674	-1.196976	-1.116654	-1.040649	-0.967940	-0.897545	-0.828412	-0.759511	-0.689760	-0.618126	-0.543546	-0.464984	-0.381425	-0.291880	-0.195349	-0.090920	0.022279	0.145145	0.278403	0.422817	0.579065	0.747715	0.929334	1.124345	1.333096	1.555922	1.793015	2.044459	2.310297	
