 icase = 0
         0 -> O.K.,
        -1 -> nelze splnit omezujici podminky,
        +1 -> cilova funkce je na polyedru neomezena.
 lambda = 4.898006
 pocet bloku N = 40
 Vektor lokalnich deformaci:
   2: fi 00 ext = 3.450270
  25: fi 12 int = 7.584895
  50: fi 24 ext = 5.683510
  71: fi 35 int = 1.548880
 Vektor indexu spary mezi bloky:
0		1		2		3		4		5		6		7		8		9		10		11		12		13		14		15		16		17		18		19		20		21		22		23		24		25		26		27		28		29		30		31		32		33		34		35		36		37		38		39		40		
 Vektor normalovych sil ve sparach (+ znaci tlak):
8.544324	8.494913	8.435106	8.366122	8.289365	8.205787	8.116541	8.022843	7.925624	7.826015	7.724596	7.623037	7.521806	7.421482	7.323308	7.227563	7.134956	7.046437	6.962075	6.881982	6.807066	6.737120	6.672768	6.613790	6.560384	7.779533	7.982132	8.185740	8.389215	8.591169	8.790859	8.987212	9.178985	9.364723	9.543361	9.713500	9.873940	10.023195	10.160095	10.283094	10.390897	
 Vektor vzdalenosti N od hornoho povrchu klenby:
0.000000	0.025136	0.047552	0.067395	0.084789	0.099836	0.112620	0.123215	0.131676	0.138047	0.142378	0.144686	0.145000	0.143347	0.139737	0.134194	0.126729	0.117358	0.106098	0.092969	0.077989	0.061181	0.042562	0.022163	0.000000	0.007207	0.034804	0.059102	0.080197	0.098182	0.113143	0.125161	0.134303	0.140629	0.144183	0.145000	0.143095	0.138470	0.131105	0.120964	0.107987	
 Vektor posouvajicich sil ve sparach:
-2.927010	-2.599800	-2.285470	-1.984138	-1.695907	-1.420725	-1.158508	-0.909069	-0.672112	-0.447311	-0.234292	-0.032529	0.158497	0.339392	0.510820	0.673501	0.828146	0.975582	1.116620	1.252073	1.382881	1.509905	1.634000	1.756137	1.877177	-2.733074	-2.538715	-2.330028	-2.106362	-1.867302	-1.612285	-1.340915	-1.052904	-0.748024	-0.426040	-0.086983	0.269164	0.642303	1.032171	1.438528	1.860874	

 * Iterace c. 1 * Delta = 0.346877 *
 icase = 0
         0 -> O.K.,
        -1 -> nelze splnit omezujici podminky,
        +1 -> cilova funkce je na polyedru neomezena.
 lambda = 4.551129
 pocet bloku N = 40
 Vektor lokalnich deformaci:
   2: fi 00 ext = 3.313637
  25: fi 12 int = 7.315949
  50: fi 24 ext = 5.545691
  71: fi 35 int = 1.543378
 Vektor indexu spary mezi bloky:
0		1		2		3		4		5		6		7		8		9		10		11		12		13		14		15		16		17		18		19		20		21		22		23		24		25		26		27		28		29		30		31		32		33		34		35		36		37		38		39		40		
 Vektor normalovych sil ve sparach (+ znaci tlak):
8.354085	8.297342	8.230820	8.155655	8.073211	7.984553	7.891010	7.793320	7.693043	7.590495	7.487542	7.384671	7.282760	7.182720	7.085068	6.990663	6.900179	6.814035	6.733017	6.656977	6.586358	6.521812	6.463206	6.410292	6.363435	7.500533	7.693952	7.888617	8.084126	8.278932	8.472493	8.663673	8.850749	9.033189	9.209146	9.377626	9.537248	9.686693	9.824583	9.949501	10.060199	
 Vektor vzdalenosti N od hornoho povrchu klenby:
0.002848	0.027215	0.048931	0.068136	0.084951	0.099477	0.111794	0.121974	0.130072	0.136140	0.140212	0.142319	0.142493	0.140757	0.137135	0.131646	0.124312	0.115153	0.104194	0.091463	0.076986	0.060789	0.042904	0.023359	0.002187	0.008885	0.035544	0.059039	0.079458	0.096865	0.111341	0.122948	0.131751	0.137796	0.141124	0.141762	0.139725	0.135010	0.127595	0.117444	0.104494	
 Vektor posouvajicich sil ve sparach:
-2.782191	-2.465128	-2.161338	-1.870880	-1.593807	-1.330101	-1.079586	-0.842042	-0.617194	-0.404676	-0.204011	-0.014701	0.163830	0.332201	0.491121	0.641358	0.783661	0.918850	1.047811	1.171381	1.290519	1.406097	1.519096	1.630399	1.740980	-2.544319	-2.364816	-2.171432	-1.963576	-1.740652	-1.502144	-1.247604	-0.976633	-0.689014	-0.384509	-0.062986	0.275564	0.631060	1.003346	1.392143	1.797140	

 * Iterace c. 2 * Delta = -0.009951 *
 icase = 0
         0 -> O.K.,
        -1 -> nelze splnit omezujici podminky,
        +1 -> cilova funkce je na polyedru neomezena.
 lambda = 4.561080
 pocet bloku N = 40
 Vektor lokalnich deformaci:
   2: fi 00 ext = 3.317652
  25: fi 12 int = 7.323786
  50: fi 24 ext = 5.549696
  71: fi 35 int = 1.543565
 Vektor indexu spary mezi bloky:
0		1		2		3		4		5		6		7		8		9		10		11		12		13		14		15		16		17		18		19		20		21		22		23		24		25		26		27		28		29		30		31		32		33		34		35		36		37		38		39		40		
 Vektor normalovych sil ve sparach (+ znaci tlak):
8.359350	8.302775	8.236451	8.161504	8.079225	7.990728	7.897051	7.799629	7.699492	7.597157	7.494104	7.391325	7.289414	7.189133	7.091687	6.996950	6.906724	6.820472	6.739000	6.662997	6.592498	6.527565	6.468800	6.415861	6.368939	7.508275	7.701816	7.896847	8.092573	8.287807	8.481466	8.672606	8.860049	9.042397	9.218492	9.387113	9.546727	9.696123	9.834043	9.958983	10.069569	
 Vektor vzdalenosti N od hornoho povrchu klenby:
0.002785	0.027173	0.048908	0.068130	0.084961	0.099500	0.111830	0.122021	0.130129	0.136205	0.140280	0.142395	0.142572	0.140841	0.137214	0.131726	0.124382	0.115219	0.104253	0.091506	0.077012	0.060797	0.042891	0.023321	0.002121	0.008834	0.035521	0.059045	0.079483	0.096910	0.111401	0.123024	0.131836	0.137891	0.141228	0.141874	0.139841	0.135130	0.127718	0.117569	0.104620	
 Vektor posouvajicich sil ve sparach:
-2.786095	-2.468775	-2.164673	-1.873900	-1.596543	-1.332489	-1.081653	-0.843803	-0.618603	-0.405742	-0.204744	-0.015119	0.163768	0.332507	0.491788	0.642344	0.784970	0.920512	1.049794	1.173705	1.293149	1.409062	1.522350	1.633948	1.744823	-2.549823	-2.369886	-2.176102	-1.967833	-1.744430	-1.505441	-1.250428	-0.979003	-0.690909	-0.385900	-0.063880	0.275164	0.631149	1.003913	1.393230	1.798713	
