 icase = 0
         0 -> O.K.,
        -1 -> nelze splnit omezujici podminky,
        +1 -> cilova funkce je na polyedru neomezena.
 lambda = 5.138506
 pocet bloku N = 40
 Vektor lokalnich deformaci:
  15: fi 07 int = 1.597636
  36: fi 17 ext = 5.932830
  59: fi 29 int = 8.305346
  82: fi 40 ext = 3.970152
 Vektor indexu spary mezi bloky:
0		1		2		3		4		5		6		7		8		9		10		11		12		13		14		15		16		17		18		19		20		21		22		23		24		25		26		27		28		29		30		31		32		33		34		35		36		37		38		39		40		
 Vektor normalovych sil ve sparach (+ znaci tlak):
10.546947	10.471602	10.380468	10.274869	10.156162	10.025578	9.884300	9.733732	9.575021	9.409226	9.237552	9.061380	8.881691	8.699151	8.515183	8.330405	8.145891	7.962540	7.243711	7.332283	7.424790	7.520560	7.619868	7.721851	7.826243	7.932285	8.039575	8.147793	8.255862	8.362872	8.468190	8.571110	8.670549	8.765350	8.854715	8.937459	9.012638	9.078981	9.135530	9.181026	9.214316	
 Vektor vzdalenosti N od hornoho povrchu klenby:
0.083588	0.100688	0.114895	0.126301	0.134976	0.140967	0.144305	0.145000	0.143049	0.138433	0.131127	0.121085	0.108255	0.092582	0.073994	0.052421	0.027782	0.000000	0.017680	0.040154	0.060440	0.078540	0.094455	0.108190	0.119752	0.129141	0.136362	0.141411	0.144293	0.145000	0.143523	0.139845	0.133943	0.125785	0.115327	0.102514	0.087275	0.069522	0.049149	0.026027	0.000000	
 Vektor posouvajicich sil ve sparach:
-2.484128	-2.052715	-1.635689	-1.233435	-0.846342	-0.474618	-0.118458	0.222079	0.547025	0.856465	1.150568	1.429611	1.693915	1.943871	2.179963	2.402735	2.612732	2.810630	-2.113257	-1.958630	-1.799856	-1.636142	-1.466731	-1.290773	-1.107562	-0.916365	-0.716499	-0.507293	-0.288128	-0.058522	0.182064	0.434085	0.697888	0.973764	1.262021	1.562720	1.875993	2.201852	2.540161	2.890828	3.253510	

 * Iterace c. 1 * Delta = 0.461629 *
 icase = 0
         0 -> O.K.,
        -1 -> nelze splnit omezujici podminky,
        +1 -> cilova funkce je na polyedru neomezena.
 lambda = 4.676877
 pocet bloku N = 40
 Vektor lokalnich deformaci:
  15: fi 07 int = 1.586078
  36: fi 17 ext = 5.724366
  59: fi 29 int = 7.892491
  82: fi 40 ext = 3.754194
 Vektor indexu spary mezi bloky:
0		1		2		3		4		5		6		7		8		9		10		11		12		13		14		15		16		17		18		19		20		21		22		23		24		25		26		27		28		29		30		31		32		33		34		35		36		37		38		39		40		
 Vektor normalovych sil ve sparach (+ znaci tlak):
10.116713	10.034738	9.938225	9.828478	9.706913	9.574529	9.432741	9.283017	9.126242	8.963614	8.796597	8.626192	8.452849	8.278687	8.103838	7.929465	7.756448	7.585080	6.928023	7.007225	7.091023	7.179168	7.271407	7.367427	7.466655	7.568959	7.673508	7.779809	7.886766	7.993882	8.100397	8.205360	8.307919	8.406782	8.501244	8.590145	8.672252	8.746675	8.811909	8.867133	8.911005	
 Vektor vzdalenosti N od hornoho povrchu klenby:
0.080895	0.097741	0.111754	0.123024	0.131620	0.137590	0.140964	0.141755	0.139964	0.135578	0.128575	0.118919	0.106574	0.091485	0.073607	0.052881	0.029250	0.002654	0.019665	0.041035	0.060389	0.077709	0.092990	0.106224	0.117401	0.126518	0.133564	0.138531	0.141418	0.142212	0.140896	0.137453	0.131859	0.124077	0.114067	0.101775	0.087131	0.070051	0.050434	0.028157	0.003071	
 Vektor posouvajicich sil ve sparach:
-2.347124	-1.938409	-1.544425	-1.165453	-0.801782	-0.453651	-0.121107	0.195803	0.497184	0.783174	1.054080	1.310168	1.551854	1.779570	1.993871	2.195359	2.384665	2.562485	-1.921725	-1.783845	-1.642343	-1.496331	-1.344970	-1.187415	-1.022880	-0.850616	-0.669839	-0.479848	-0.279995	-0.069720	0.151596	0.384403	0.629139	0.886138	1.155727	1.438067	1.733375	2.041579	2.362717	2.696680	3.043234	

 * Iterace c. 2 * Delta = -0.018956 *
 icase = 0
         0 -> O.K.,
        -1 -> nelze splnit omezujici podminky,
        +1 -> cilova funkce je na polyedru neomezena.
 lambda = 4.695833
 pocet bloku N = 40
 Vektor lokalnich deformaci:
  15: fi 07 int = 1.586610
  36: fi 17 ext = 5.733027
  59: fi 29 int = 7.909671
  82: fi 40 ext = 3.763254
 Vektor indexu spary mezi bloky:
0		1		2		3		4		5		6		7		8		9		10		11		12		13		14		15		16		17		18		19		20		21		22		23		24		25		26		27		28		29		30		31		32		33		34		35		36		37		38		39		40		
 Vektor normalovych sil ve sparach (+ znaci tlak):
10.134123	10.052455	9.956097	9.846482	9.724964	9.592841	9.451148	9.301012	9.144174	8.981604	8.814380	8.643395	8.470181	8.295514	8.120340	7.945383	7.771789	7.600243	6.940588	7.020242	7.104247	7.192607	7.285420	7.381529	7.481130	7.583455	7.688225	7.794383	7.901616	8.008725	8.115269	8.220256	8.322501	8.421178	8.515429	8.604016	8.685937	8.759971	8.824954	8.879783	8.923252	
 Vektor vzdalenosti N od hornoho povrchu klenby:
0.081035	0.097890	0.111909	0.123183	0.131781	0.137749	0.141119	0.141906	0.140106	0.135707	0.128689	0.119015	0.106643	0.091530	0.073618	0.052853	0.029176	0.002528	0.019568	0.040987	0.060377	0.077733	0.093044	0.106300	0.117497	0.126624	0.133680	0.138656	0.141543	0.142335	0.141014	0.137561	0.131956	0.124162	0.114135	0.101823	0.087156	0.070049	0.050403	0.028093	0.002970	
 Vektor posouvajicich sil ve sparach:
-2.352353	-1.942741	-1.547805	-1.167879	-0.803276	-0.454209	-0.120712	0.197167	0.499488	0.786454	1.058275	1.315275	1.557848	1.786487	2.001647	2.203993	2.394108	2.572731	-1.929545	-1.791020	-1.648804	-1.502091	-1.350018	-1.191739	-1.026463	-0.853428	-0.671903	-0.481142	-0.280542	-0.069459	0.152624	0.386182	0.631696	0.889441	1.159797	1.442866	1.738885	2.047775	2.369622	2.704269	3.051473	

 * Iterace c. 3 * Delta = 0.000863 *
 icase = 0
         0 -> O.K.,
        -1 -> nelze splnit omezujici podminky,
        +1 -> cilova funkce je na polyedru neomezena.
 lambda = 4.694971
 pocet bloku N = 40
 Vektor lokalnich deformaci:
  15: fi 07 int = 1.586586
  36: fi 17 ext = 5.732685
  59: fi 29 int = 7.908991
  82: fi 40 ext = 3.762901
 Vektor indexu spary mezi bloky:
0		1		2		3		4		5		6		7		8		9		10		11		12		13		14		15		16		17		18		19		20		21		22		23		24		25		26		27		28		29		30		31		32		33		34		35		36		37		38		39		40		
 Vektor normalovych sil ve sparach (+ znaci tlak):
10.133345	10.051591	9.955351	9.845754	9.724180	9.591922	9.450220	9.300320	9.143444	8.980670	8.813538	8.642555	8.469468	8.294712	8.119559	7.944738	7.771080	7.599576	6.939963	7.019596	7.103498	7.192271	7.284646	7.381039	7.480555	7.582790	7.687354	7.793708	7.900703	8.007889	8.114505	8.219243	8.321826	8.420424	8.514821	8.603431	8.685271	8.759341	8.824342	8.879193	8.922668	
 Vektor vzdalenosti N od hornoho povrchu klenby:
0.081031	0.097885	0.111904	0.123177	0.131775	0.137743	0.141114	0.141900	0.140100	0.135704	0.128684	0.119011	0.106642	0.091529	0.073619	0.052856	0.029178	0.002533	0.019571	0.040989	0.060380	0.077734	0.093041	0.106298	0.117492	0.126621	0.133677	0.138649	0.141538	0.142330	0.141009	0.137558	0.131951	0.124158	0.114132	0.101820	0.087153	0.070049	0.050404	0.028095	0.002974	
 Vektor posouvajicich sil ve sparach:
-2.352107	-1.942530	-1.547637	-1.167768	-0.803185	-0.454135	-0.120715	0.197117	0.499406	0.786313	1.058106	1.315054	1.557585	1.786167	2.001315	2.203617	2.393697	2.572267	-1.929187	-1.790673	-1.648513	-1.501811	-1.349781	-1.191528	-1.026285	-0.853306	-0.671789	-0.481071	-0.280512	-0.069468	0.152571	0.386109	0.631569	0.889288	1.159591	1.442652	1.738626	2.047495	2.369304	2.703912	3.051074	
