 icase = 0
         0 -> O.K.,
        -1 -> nelze splnit omezujici podminky,
        +1 -> cilova funkce je na polyedru neomezena.
 lambda = 4.474189
 pocet bloku N = 40
 Vektor lokalnich deformaci:
   2: fi 00 ext = 2.663055
  27: fi 13 int = 5.699680
  56: fi 27 ext = 4.869386
  75: fi 37 int = 1.832761
 Vektor indexu spary mezi bloky:
0		1		2		3		4		5		6		7		8		9		10		11		12		13		14		15		16		17		18		19		20		21		22		23		24		25		26		27		28		29		30		31		32		33		34		35		36		37		38		39		40		
 Vektor normalovych sil ve sparach (+ znaci tlak):
7.643764	7.572005	7.492405	7.406218	7.314818	7.219349	7.120832	7.020594	6.919716	6.818994	6.719454	6.622275	6.528362	6.438091	6.352580	6.272216	6.197568	6.129579	6.068169	6.013570	5.966573	5.926684	5.894855	5.870489	5.853413	5.843546	5.840633	5.844564	7.674513	7.901590	8.128361	8.353566	8.575891	8.793865	9.006274	9.211701	9.408731	9.595901	9.771884	9.935019	10.083912	
 Vektor vzdalenosti N od hornoho povrchu klenby:
0.000000	0.023559	0.044686	0.063518	0.080176	0.094759	0.107352	0.118033	0.126862	0.133894	0.139186	0.142774	0.144696	0.145000	0.143714	0.140881	0.136535	0.130713	0.123456	0.114805	0.104798	0.093484	0.080890	0.067065	0.052039	0.035841	0.018489	0.000000	0.029245	0.055009	0.077294	0.096227	0.111920	0.124481	0.134000	0.140554	0.144207	0.145000	0.142960	0.138093	0.130384	
 Vektor posouvajicich sil ve sparach:
-2.476414	-2.196944	-1.931472	-1.679956	-1.442393	-1.218552	-1.008244	-0.811122	-0.626746	-0.454669	-0.294335	-0.145095	-0.006285	0.122845	0.243095	0.355335	0.460417	0.559299	0.652922	0.742226	0.828284	0.912079	0.994585	1.076885	1.159954	1.244795	1.332376	1.423682	-2.567713	-2.365410	-2.145807	-1.908378	-1.652750	-1.378612	-1.085640	-0.773786	-0.442972	-0.093196	0.275311	0.662388	1.067579	

 * Iterace c. 1 * Delta = 0.237902 *
 icase = 0
         0 -> O.K.,
        -1 -> nelze splnit omezujici podminky,
        +1 -> cilova funkce je na polyedru neomezena.
 lambda = 4.236287
 pocet bloku N = 40
 Vektor lokalnich deformaci:
   2: fi 00 ext = 2.589252
  27: fi 13 int = 5.561295
  56: fi 27 ext = 4.796467
  75: fi 37 int = 1.824424
 Vektor indexu spary mezi bloky:
0		1		2		3		4		5		6		7		8		9		10		11		12		13		14		15		16		17		18		19		20		21		22		23		24		25		26		27		28		29		30		31		32		33		34		35		36		37		38		39		40		
 Vektor normalovych sil ve sparach (+ znaci tlak):
7.551256	7.475212	7.391632	7.301675	7.206944	7.108212	7.007051	6.903988	6.800879	6.698171	6.597548	6.498972	6.404109	6.313275	6.227685	6.147334	6.073280	6.005932	5.945371	5.892556	5.847127	5.809892	5.780374	5.758628	5.744626	5.738222	5.738974	5.746881	7.484105	7.704710	7.925322	8.144914	8.361900	8.575571	8.783964	8.986144	9.180513	9.365657	9.540161	9.702520	9.851220	
 Vektor vzdalenosti N od hornoho povrchu klenby:
0.002548	0.025538	0.046134	0.064472	0.080668	0.094825	0.107023	0.117339	0.125838	0.132577	0.137599	0.140960	0.142700	0.142854	0.141466	0.138579	0.134227	0.128458	0.121311	0.112828	0.103064	0.092051	0.079836	0.066459	0.051954	0.036358	0.019683	0.001948	0.029964	0.055013	0.076679	0.095071	0.110298	0.122452	0.131616	0.137860	0.141243	0.141801	0.139558	0.134515	0.126656	
 Vektor posouvajicich sil ve sparach:
-2.392192	-2.117734	-1.857417	-1.611319	-1.379302	-1.161179	-0.956775	-0.765688	-0.587458	-0.421662	-0.267703	-0.124904	0.007448	0.130053	0.243760	0.349463	0.448003	0.540365	0.627535	0.710493	0.790256	0.867866	0.944329	1.020684	1.097977	1.177222	1.259403	1.345504	-2.433593	-2.241406	-2.032283	-1.805633	-1.561085	-1.298229	-1.016852	-0.716706	-0.397766	-0.060032	0.296371	0.671307	1.064348	

 * Iterace c. 2 * Delta = -0.004344 *
 icase = 0
         0 -> O.K.,
        -1 -> nelze splnit omezujici podminky,
        +1 -> cilova funkce je na polyedru neomezena.
 lambda = 4.240631
 pocet bloku N = 40
 Vektor lokalnich deformaci:
   2: fi 00 ext = 2.590718
  27: fi 13 int = 5.564023
  56: fi 27 ext = 4.797995
  75: fi 37 int = 1.824687
 Vektor indexu spary mezi bloky:
0		1		2		3		4		5		6		7		8		9		10		11		12		13		14		15		16		17		18		19		20		21		22		23		24		25		26		27		28		29		30		31		32		33		34		35		36		37		38		39		40		
 Vektor normalovych sil ve sparach (+ znaci tlak):
7.552795	7.476760	7.393245	7.303512	7.208628	7.110051	7.008811	6.906107	6.802858	6.700290	6.599540	6.501107	6.406123	6.315367	6.229501	6.149339	6.075093	6.007797	5.947517	5.894338	5.849335	5.811567	5.781841	5.760207	5.746142	5.740042	5.740609	5.748520	7.487522	7.708147	7.928741	8.148144	8.365533	8.579307	8.787863	8.990023	9.184495	9.369723	9.544230	9.706626	9.855388	
 Vektor vzdalenosti N od hornoho povrchu klenby:
0.002517	0.025515	0.046120	0.064467	0.080671	0.094832	0.107037	0.117359	0.125862	0.132604	0.137631	0.140996	0.142736	0.142896	0.141510	0.138622	0.134272	0.128499	0.121350	0.112868	0.103087	0.092073	0.079849	0.066466	0.051953	0.036347	0.019662	0.001916	0.029953	0.055019	0.076696	0.095103	0.110339	0.122500	0.131673	0.137926	0.141314	0.141878	0.139640	0.134602	0.126747	
 Vektor posouvajicich sil ve sparach:
-2.393554	-2.118966	-1.858605	-1.612366	-1.380279	-1.162071	-0.957571	-0.766351	-0.588086	-0.422178	-0.268074	-0.125185	0.007273	0.129975	0.243808	0.349590	0.448262	0.540726	0.628015	0.711059	0.790917	0.868620	0.945182	1.021654	1.099033	1.178374	1.260650	1.346810	-2.436170	-2.243808	-2.034473	-1.807674	-1.562948	-1.299906	-1.018296	-0.717952	-0.398808	-0.060831	0.295789	0.670896	1.064187	
