 icase = 0
         0 -> O.K.,
        -1 -> nelze splnit omezujici podminky,
        +1 -> cilova funkce je na polyedru neomezena.
 lambda = 9.158882
 pocet bloku N = 40
 Vektor lokalnich deformaci:
   1: fi 00 int = 5.000002
  16: fi 07 ext = 8.384995
  51: fi 25 int = 6.778130
  82: fi 40 ext = 3.393136
 Vektor indexu spary mezi bloky:
0		1		2		3		4		5		6		7		8		9		10		11		12		13		14		15		16		17		18		19		20		21		22		23		24		25		26		27		28		29		30		31		32		33		34		35		36		37		38		39		40		
 Vektor normalovych sil ve sparach (+ znaci tlak):
14.176798	13.851893	13.501942	13.128983	12.735071	12.322220	11.892380	5.683888	5.606809	5.533575	5.465048	5.402367	5.346131	5.296871	5.255471	5.222207	5.197648	5.182333	5.176313	5.179584	5.192635	5.215088	5.247268	5.288748	5.339258	5.398302	5.465555	5.540728	5.622838	5.711226	5.805188	5.903981	6.006613	6.111923	6.219080	6.326843	6.434171	6.539756	6.642501	6.741004	6.834007	
 Vektor vzdalenosti N od hornoho povrchu klenby:
0.145000	0.132544	0.116079	0.095354	0.070064	0.039835	0.004218	0.000000	0.015464	0.029830	0.043187	0.055603	0.067135	0.077836	0.087742	0.096881	0.105267	0.112907	0.119799	0.125928	0.131270	0.135803	0.139480	0.142271	0.144127	0.145000	0.144839	0.143589	0.141199	0.137614	0.132776	0.126624	0.119096	0.110126	0.099643	0.087569	0.073821	0.058301	0.040908	0.021519	0.000000	
 Vektor posouvajicich sil ve sparach:
2.189095	2.804080	3.391360	3.950088	4.479451	4.978848	5.447729	-1.232049	-1.117069	-1.013025	-0.919197	-0.834758	-0.758850	-0.690565	-0.628924	-0.572906	-0.521505	-0.473614	-0.428153	-0.384030	-0.340080	-0.295195	-0.248278	-0.198166	-0.143792	-0.084070	-0.017962	0.055568	0.137517	0.228738	0.330160	0.442602	0.566806	0.703447	0.853198	1.016520	1.193916	1.385756	1.592300	1.813784	2.050243	

 * Iterace c. 1 * Delta = 0.530947 *
 icase = 0
         0 -> O.K.,
        -1 -> nelze splnit omezujici podminky,
        +1 -> cilova funkce je na polyedru neomezena.
 lambda = 8.627935
 pocet bloku N = 40
 Vektor lokalnich deformaci:
   1: fi 00 int = 4.899752
  16: fi 07 ext = 8.189377
  51: fi 25 int = 6.556612
  82: fi 40 ext = 3.266985
 Vektor indexu spary mezi bloky:
0		1		2		3		4		5		6		7		8		9		10		11		12		13		14		15		16		17		18		19		20		21		22		23		24		25		26		27		28		29		30		31		32		33		34		35		36		37		38		39		40		
 Vektor normalovych sil ve sparach (+ znaci tlak):
13.696058	13.382918	13.046027	12.687441	12.309028	11.912816	11.500834	5.645326	5.566155	5.490861	5.420503	5.356028	5.297950	5.247261	5.204321	5.169858	5.144375	5.127936	5.120914	5.123576	5.135998	5.158306	5.190393	5.231605	5.282164	5.341550	5.409311	5.485019	5.567798	5.657146	5.752156	5.852098	5.955880	6.062793	6.171562	6.281023	6.390110	6.497755	6.602543	6.703212	6.798483	
 Vektor vzdalenosti N od hornoho povrchu klenby:
0.140274	0.128527	0.112824	0.092929	0.068551	0.039337	0.004864	0.001895	0.016892	0.030814	0.043745	0.055764	0.066923	0.077281	0.086878	0.095738	0.103890	0.111327	0.118058	0.124062	0.129327	0.133813	0.137485	0.140308	0.142231	0.143201	0.143172	0.142082	0.139877	0.136500	0.131890	0.125985	0.118723	0.110034	0.099847	0.088084	0.074659	0.059478	0.042436	0.023414	0.002278	
 Vektor posouvajicich sil ve sparach:
1.976721	2.566835	3.129888	3.665114	4.171755	4.649265	5.097191	-1.189981	-1.077083	-0.975240	-0.883683	-0.801637	-0.728196	-0.662474	-0.603473	-0.550167	-0.501534	-0.456461	-0.413880	-0.372655	-0.331655	-0.289743	-0.245801	-0.198675	-0.147288	-0.090544	-0.027383	0.043220	0.122255	0.210612	0.309253	0.418912	0.540446	0.674492	0.821688	0.982565	1.157624	1.347186	1.551581	1.771020	2.005572	

 * Iterace c. 2 * Delta = -0.012156 *
 icase = 0
         0 -> O.K.,
        -1 -> nelze splnit omezujici podminky,
        +1 -> cilova funkce je na polyedru neomezena.
 lambda = 8.640091
 pocet bloku N = 40
 Vektor lokalnich deformaci:
   1: fi 00 int = 4.903069
  16: fi 07 ext = 8.195138
  51: fi 25 int = 6.562239
  82: fi 40 ext = 3.270173
 Vektor indexu spary mezi bloky:
0		1		2		3		4		5		6		7		8		9		10		11		12		13		14		15		16		17		18		19		20		21		22		23		24		25		26		27		28		29		30		31		32		33		34		35		36		37		38		39		40		
 Vektor normalovych sil ve sparach (+ znaci tlak):
13.706735	13.393278	13.056100	12.697087	12.318266	11.921697	11.509333	5.645543	5.566261	5.490970	5.420721	5.356233	5.298275	5.247527	5.204785	5.170146	5.144569	5.128372	5.121323	5.124047	5.136450	5.158793	5.190567	5.232161	5.282589	5.341984	5.409619	5.485484	5.568208	5.657584	5.752504	5.852398	5.956287	6.063118	6.171866	6.281362	6.390534	6.498050	6.602826	6.703493	6.798749	
 Vektor vzdalenosti N od hornoho povrchu klenby:
0.140435	0.128667	0.112942	0.093023	0.068619	0.039376	0.004871	0.001882	0.016883	0.030808	0.043745	0.055762	0.066929	0.077289	0.086888	0.095753	0.103901	0.111342	0.118071	0.124082	0.129343	0.133829	0.137506	0.140326	0.142247	0.143219	0.143190	0.142096	0.139892	0.136512	0.131903	0.125996	0.118731	0.110040	0.099851	0.088085	0.074658	0.059474	0.042429	0.023405	0.002266	
 Vektor posouvajicich sil ve sparach:
1.982416	2.573048	3.136667	3.672399	4.179541	4.657531	5.105903	-1.190295	-1.077357	-0.975516	-0.883931	-0.801874	-0.728423	-0.662688	-0.603644	-0.550335	-0.501668	-0.456599	-0.414001	-0.372746	-0.331731	-0.289789	-0.245817	-0.198688	-0.147272	-0.090517	-0.027311	0.043302	0.122344	0.210746	0.309386	0.419090	0.540633	0.674701	0.821907	0.982812	1.157861	1.347458	1.551883	1.771311	2.005913	

 * Iterace c. 3 * Delta = 0.000307 *
 icase = 0
         0 -> O.K.,
        -1 -> nelze splnit omezujici podminky,
        +1 -> cilova funkce je na polyedru neomezena.
 lambda = 8.639784
 pocet bloku N = 40
 Vektor lokalnich deformaci:
   1: fi 00 int = 4.902999
  16: fi 07 ext = 8.195009
  51: fi 25 int = 6.562120
  82: fi 40 ext = 3.270109
 Vektor indexu spary mezi bloky:
0		1		2		3		4		5		6		7		8		9		10		11		12		13		14		15		16		17		18		19		20		21		22		23		24		25		26		27		28		29		30		31		32		33		34		35		36		37		38		39		40		
 Vektor normalovych sil ve sparach (+ znaci tlak):
13.706452	13.392984	13.055791	12.696816	12.318047	11.921461	11.509103	5.645562	5.566338	5.491102	5.420913	5.356252	5.298343	5.247552	5.204789	5.170104	5.144615	5.128198	5.121360	5.124208	5.136602	5.158578	5.190668	5.231992	5.282430	5.341886	5.409754	5.485186	5.568088	5.657400	5.752497	5.852584	5.956198	6.063183	6.171790	6.281300	6.390517	6.498048	6.602775	6.703447	6.798750	
 Vektor vzdalenosti N od hornoho povrchu klenby:
0.140431	0.128663	0.112939	0.093021	0.068617	0.039375	0.004870	0.001882	0.016882	0.030808	0.043743	0.055762	0.066928	0.077287	0.086886	0.095750	0.103900	0.111337	0.118072	0.124074	0.129338	0.133827	0.137502	0.140324	0.142246	0.143219	0.143184	0.142095	0.139888	0.136510	0.131898	0.125991	0.118730	0.110037	0.099849	0.088083	0.074656	0.059473	0.042428	0.023404	0.002266	
 Vektor posouvajicich sil ve sparach:
1.982304	2.572935	3.136528	3.672242	4.179368	4.657345	5.105690	-1.190252	-1.077345	-0.975481	-0.883918	-0.801847	-0.728407	-0.662662	-0.603633	-0.550311	-0.501653	-0.456582	-0.413977	-0.372739	-0.331717	-0.289784	-0.245821	-0.198680	-0.147274	-0.090506	-0.027341	0.043290	0.122336	0.210730	0.309364	0.419069	0.540625	0.674664	0.821884	0.982789	1.157847	1.347432	1.551850	1.771306	2.005886	
