 icase = 0
         0 -> O.K.,
        -1 -> nelze splnit omezujici podminky,
        +1 -> cilova funkce je na polyedru neomezena.
 lambda = 5.456656
 pocet bloku N = 40
 Vektor lokalnich deformaci:
   2: fi 00 ext = 4.226660
  23: fi 11 int = 9.174533
  46: fi 22 ext = 6.434566
  65: fi 32 int = 1.486694
 Vektor indexu spary mezi bloky:
0		1		2		3		4		5		6		7		8		9		10		11		12		13		14		15		16		17		18		19		20		21		22		23		24		25		26		27		28		29		30		31		32		33		34		35		36		37		38		39		40		
 Vektor normalovych sil ve sparach (+ znaci tlak):
9.762985	9.742867	9.708911	9.662340	9.604332	9.536040	9.458289	9.372463	9.279550	9.180233	9.075704	8.967192	8.855310	8.740786	8.624677	8.507436	8.389903	8.272924	8.156703	8.041585	7.928512	7.817197	8.279084	8.456215	8.633752	8.810716	8.986570	9.160713	9.331837	9.499099	9.661545	9.818201	9.968060	10.109711	10.242261	10.364321	10.474932	10.572700	10.656583	10.725265	10.777484	
 Vektor vzdalenosti N od hornoho povrchu klenby:
0.000000	0.026642	0.050244	0.070968	0.088950	0.104300	0.117109	0.127447	0.135370	0.140917	0.144123	0.145000	0.143558	0.139803	0.133725	0.125320	0.114565	0.101446	0.085942	0.068027	0.047677	0.024865	0.000000	0.027659	0.052199	0.073705	0.092254	0.107918	0.120766	0.130854	0.138231	0.142938	0.145000	0.144437	0.141250	0.135428	0.126942	0.115746	0.101773	0.084933	0.065113	
 Vektor posouvajicich sil ve sparach:
-3.518357	-3.126549	-2.746204	-2.377568	-2.020966	-1.676505	-1.344331	-1.024404	-0.716658	-0.420944	-0.137080	0.135257	0.396408	0.646765	0.886811	1.117087	1.338107	1.550521	1.754958	1.952067	2.142612	2.327286	-2.919974	-2.707521	-2.483941	-2.248589	-2.000924	-1.740409	-1.466533	-1.179003	-0.877415	-0.561492	-0.231051	0.113999	0.473797	0.848197	1.237117	1.640383	2.057637	2.488581	2.932624	

 * Iterace c. 1 * Delta = 0.547023 *
 icase = 0
         0 -> O.K.,
        -1 -> nelze splnit omezujici podminky,
        +1 -> cilova funkce je na polyedru neomezena.
 lambda = 4.909633
 pocet bloku N = 40
 Vektor lokalnich deformaci:
   2: fi 00 ext = 3.958075
  23: fi 11 int = 8.641618
  46: fi 22 ext = 6.163095
  65: fi 32 int = 1.479543
 Vektor indexu spary mezi bloky:
0		1		2		3		4		5		6		7		8		9		10		11		12		13		14		15		16		17		18		19		20		21		22		23		24		25		26		27		28		29		30		31		32		33		34		35		36		37		38		39		40		
 Vektor normalovych sil ve sparach (+ znaci tlak):
9.367739	9.334421	9.288394	9.230973	9.163221	9.086313	9.001364	8.909317	8.811701	8.708858	8.602379	8.492522	8.381005	8.268510	8.155099	8.042250	7.930369	7.819930	7.711666	7.606061	7.503515	7.403906	7.821317	7.983562	8.148043	8.313260	8.478408	8.643271	8.806727	8.967768	9.125374	9.278797	9.426587	9.567968	9.701379	9.826071	9.940745	10.044169	10.134913	10.211896	10.273899	
 Vektor vzdalenosti N od hornoho povrchu klenby:
0.003254	0.028850	0.051520	0.071418	0.088671	0.103384	0.115642	0.125514	0.133049	0.138293	0.141274	0.142011	0.140515	0.136793	0.130852	0.122681	0.112277	0.099635	0.084745	0.067599	0.048188	0.026502	0.002760	0.029129	0.052595	0.073199	0.091007	0.106065	0.118425	0.128132	0.135226	0.139732	0.141677	0.141070	0.137911	0.132184	0.123862	0.112899	0.099230	0.082770	0.063407	
 Vektor posouvajicich sil ve sparach:
-3.255692	-2.884949	-2.526305	-2.179991	-1.846218	-1.525095	-1.216654	-0.920837	-0.637460	-0.366370	-0.107216	0.140266	0.376561	0.602148	0.817541	1.023333	1.220134	1.408662	1.589592	1.763657	1.931650	2.094358	-2.630185	-2.442092	-2.243590	-2.034004	-1.812651	-1.578963	-1.332443	-1.072558	-0.798904	-0.511170	-0.209009	0.107680	0.439104	0.785257	1.146106	1.521523	1.911279	2.315078	2.732569	

 * Iterace c. 2 * Delta = -0.026288 *
 icase = 0
         0 -> O.K.,
        -1 -> nelze splnit omezujici podminky,
        +1 -> cilova funkce je na polyedru neomezena.
 lambda = 4.935920
 pocet bloku N = 40
 Vektor lokalnich deformaci:
   2: fi 00 ext = 3.971235
  23: fi 11 int = 8.667593
  46: fi 22 ext = 6.176262
  65: fi 32 int = 1.479905
 Vektor indexu spary mezi bloky:
0		1		2		3		4		5		6		7		8		9		10		11		12		13		14		15		16		17		18		19		20		21		22		23		24		25		26		27		28		29		30		31		32		33		34		35		36		37		38		39		40		
 Vektor normalovych sil ve sparach (+ znaci tlak):
9.386530	9.353796	9.308311	9.251426	9.184036	9.107667	9.022950	8.931190	8.833656	8.731204	8.624538	8.514907	8.403658	8.290552	8.177220	8.064007	7.952026	7.841274	7.732857	7.626324	7.523414	7.423184	7.842655	8.005783	8.170807	8.336617	8.502499	8.667948	8.831415	8.992838	9.150870	9.304229	9.452302	9.593518	9.727006	9.851687	9.966172	10.069199	10.159699	10.236316	10.297888	
 Vektor vzdalenosti N od hornoho povrchu klenby:
0.003123	0.028767	0.051481	0.071418	0.088706	0.103448	0.115732	0.125626	0.133179	0.138436	0.141425	0.142169	0.140672	0.136950	0.130997	0.122815	0.112391	0.099724	0.084799	0.067612	0.048155	0.026407	0.002607	0.029048	0.052567	0.073221	0.091068	0.106159	0.118549	0.128278	0.135386	0.139906	0.141858	0.141254	0.138096	0.132366	0.124038	0.113065	0.099383	0.082906	0.063523	
 Vektor posouvajicich sil ve sparach:
-3.267936	-2.896177	-2.536479	-2.189116	-1.854277	-1.532061	-1.222476	-0.925496	-0.640997	-0.368730	-0.108429	0.140249	0.377721	0.604455	0.821023	1.027975	1.225907	1.415540	1.597561	1.772737	1.941786	2.105525	-2.644142	-2.454935	-2.255240	-2.044436	-1.821861	-1.586931	-1.339100	-1.077882	-0.802899	-0.513825	-0.210350	0.107680	0.440447	0.787934	1.150129	1.526850	1.917917	2.323046	2.741748	

 * Iterace c. 3 * Delta = 0.000973 *
 icase = 0
         0 -> O.K.,
        -1 -> nelze splnit omezujici podminky,
        +1 -> cilova funkce je na polyedru neomezena.
 lambda = 4.934947
 pocet bloku N = 40
 Vektor lokalnich deformaci:
   2: fi 00 ext = 3.970721
  23: fi 11 int = 8.666582
  46: fi 22 ext = 6.175801
  65: fi 32 int = 1.479940
 Vektor indexu spary mezi bloky:
0		1		2		3		4		5		6		7		8		9		10		11		12		13		14		15		16		17		18		19		20		21		22		23		24		25		26		27		28		29		30		31		32		33		34		35		36		37		38		39		40		
 Vektor normalovych sil ve sparach (+ znaci tlak):
9.385865	9.353071	9.307620	9.250651	9.183366	9.106892	9.022133	8.930447	8.832957	8.730305	8.623807	8.514528	8.402585	8.289923	8.176516	8.063430	7.951265	7.840471	7.732091	7.625839	7.522549	7.422591	7.842011	8.005209	8.169907	8.335650	8.501559	8.666833	8.830669	8.991983	9.149773	9.303339	9.451262	9.592588	9.726173	9.850739	9.965246	10.068287	10.158759	10.235397	10.296968	
 Vektor vzdalenosti N od hornoho povrchu klenby:
0.003129	0.028771	0.051483	0.071419	0.088705	0.103447	0.115730	0.125623	0.133175	0.138432	0.141422	0.142162	0.140669	0.136943	0.130992	0.122807	0.112388	0.099719	0.084797	0.067613	0.048152	0.026413	0.002614	0.029053	0.052570	0.073222	0.091064	0.106155	0.118542	0.128269	0.135379	0.139898	0.141849	0.141245	0.138086	0.132356	0.124028	0.113056	0.099374	0.082897	0.063514	
 Vektor posouvajicich sil ve sparach:
-3.267478	-2.895756	-2.536130	-2.188784	-1.853974	-1.531779	-1.222274	-0.925344	-0.640869	-0.368617	-0.108397	0.140244	0.377702	0.604406	0.820904	1.027795	1.225716	1.415306	1.597290	1.772419	1.941436	2.105133	-2.643599	-2.454433	-2.254802	-2.044020	-1.821482	-1.586603	-1.338806	-1.077672	-0.802734	-0.513719	-0.210297	0.107699	0.440418	0.787878	1.150002	1.526686	1.917712	2.322754	2.741430	
