 icase = 0
         0 -> O.K.,
        -1 -> nelze splnit omezujici podminky,
        +1 -> cilova funkce je na polyedru neomezena.
 lambda = 5.897029
 pocet bloku N = 40
 Vektor lokalnich deformaci:
   1: fi 00 int = 2.500005
  22: fi 10 ext = 5.560503
  53: fi 26 int = 5.918508
  82: fi 40 ext = 2.858009
 Vektor indexu spary mezi bloky:
0		1		2		3		4		5		6		7		8		9		10		11		12		13		14		15		16		17		18		19		20		21		22		23		24		25		26		27		28		29		30		31		32		33		34		35		36		37		38		39		40		
 Vektor normalovych sil ve sparach (+ znaci tlak):
11.341004	11.124666	10.890758	10.640995	10.377098	10.100725	9.813459	9.517105	9.213162	8.903205	5.640176	5.594280	5.554306	5.520723	5.494396	5.475550	5.464712	5.462382	5.468587	5.483278	5.506919	5.539095	5.580113	5.629526	5.687027	5.752111	5.824431	5.903686	5.988897	6.079367	6.174409	6.273265	6.374955	6.478308	6.582505	6.686311	6.788700	6.888371	6.984250	7.074949	7.159231	
 Vektor vzdalenosti N od hornoho povrchu klenby:
0.145000	0.143421	0.138584	0.130405	0.118767	0.103522	0.084492	0.061461	0.034180	0.002358	0.000000	0.016223	0.031479	0.045806	0.059227	0.071754	0.083386	0.094114	0.103921	0.112779	0.120653	0.127514	0.133309	0.138002	0.141546	0.143895	0.145000	0.144812	0.143289	0.140381	0.136041	0.130215	0.122850	0.113889	0.103267	0.090916	0.076754	0.060691	0.042626	0.022441	0.000000	
 Vektor posouvajicich sil ve sparach:
0.188951	0.658263	1.105752	1.530956	1.933422	2.312898	2.669170	3.002183	3.311978	3.598692	-1.244421	-1.150371	-1.063987	-0.984389	-0.910629	-0.841721	-0.776693	-0.714474	-0.654027	-0.594299	-0.534166	-0.472567	-0.408450	-0.340697	-0.268293	-0.190201	-0.105431	-0.012998	0.088041	0.198487	0.319218	0.450999	0.594517	0.750397	0.919260	1.101512	1.297604	1.507857	1.732479	1.971656	2.225376	

 * Iterace c. 1 * Delta = 0.208833 *
 icase = 0
         0 -> O.K.,
        -1 -> nelze splnit omezujici podminky,
        +1 -> cilova funkce je na polyedru neomezena.
 lambda = 5.688196
 pocet bloku N = 40
 Vektor lokalnich deformaci:
   1: fi 00 int = 2.484750
  22: fi 10 ext = 5.501585
  53: fi 26 int = 5.820800
  82: fi 40 ext = 2.803965
 Vektor indexu spary mezi bloky:
0		1		2		3		4		5		6		7		8		9		10		11		12		13		14		15		16		17		18		19		20		21		22		23		24		25		26		27		28		29		30		31		32		33		34		35		36		37		38		39		40		
 Vektor normalovych sil ve sparach (+ znaci tlak):
11.142502	10.928871	10.698244	10.452323	10.192709	9.921162	9.639255	9.348538	9.050777	8.747528	5.596140	5.548302	5.506205	5.470807	5.442744	5.422345	5.410131	5.406571	5.411506	5.425252	5.448192	5.479875	5.520377	5.569445	5.626921	5.692152	5.764668	5.843998	5.929881	6.021026	6.117075	6.216843	6.319511	6.424198	6.529903	6.635373	6.739502	6.841097	6.938943	7.031739	7.118268	
 Vektor vzdalenosti N od hornoho povrchu klenby:
0.142165	0.140858	0.136315	0.128455	0.117166	0.102308	0.083706	0.061156	0.034418	0.003216	0.001410	0.017190	0.032033	0.045982	0.059056	0.071273	0.082632	0.093126	0.102739	0.111436	0.119196	0.125969	0.131720	0.136401	0.139963	0.142360	0.143544	0.143468	0.142072	0.139318	0.135151	0.129519	0.122365	0.113631	0.103256	0.091163	0.077277	0.061506	0.043749	0.023888	0.001790	
 Vektor posouvajicich sil ve sparach:
0.142045	0.601023	1.038354	1.453547	1.846249	2.216200	2.563201	2.887251	3.188379	3.466761	-1.203450	-1.111773	-1.027861	-0.950821	-0.879711	-0.813554	-0.751347	-0.692019	-0.634529	-0.577788	-0.520710	-0.462210	-0.401191	-0.336585	-0.267331	-0.192385	-0.110744	-0.021436	0.076459	0.183862	0.301566	0.430352	0.570945	0.723981	0.890011	1.069571	1.263046	1.470754	1.692952	1.929786	2.181327	

 * Iterace c. 2 * Delta = -0.002250 *
 icase = 0
         0 -> O.K.,
        -1 -> nelze splnit omezujici podminky,
        +1 -> cilova funkce je na polyedru neomezena.
 lambda = 5.690445
 pocet bloku N = 40
 Vektor lokalnich deformaci:
   1: fi 00 int = 2.485021
  22: fi 10 ext = 5.502357
  53: fi 26 int = 5.821975
  82: fi 40 ext = 2.804639
 Vektor indexu spary mezi bloky:
0		1		2		3		4		5		6		7		8		9		10		11		12		13		14		15		16		17		18		19		20		21		22		23		24		25		26		27		28		29		30		31		32		33		34		35		36		37		38		39		40		
 Vektor normalovych sil ve sparach (+ znaci tlak):
11.144547	10.930890	10.700219	10.454261	10.194595	9.922975	9.640985	9.350243	9.052563	8.749104	5.596510	5.548555	5.506503	5.471224	5.442961	5.422813	5.410582	5.406763	5.411743	5.425869	5.448555	5.480331	5.520715	5.569737	5.627078	5.692235	5.764968	5.844426	5.930223	6.021427	6.117370	6.217210	6.319986	6.424702	6.530334	6.635781	6.739810	6.841373	6.939227	7.032018	7.118544	
 Vektor vzdalenosti N od hornoho povrchu klenby:
0.142214	0.140904	0.136356	0.128491	0.117197	0.102333	0.083725	0.061168	0.034423	0.003212	0.001399	0.017182	0.032031	0.045979	0.059055	0.071275	0.082637	0.093134	0.102744	0.111444	0.119203	0.125979	0.131729	0.136412	0.139978	0.142376	0.143559	0.143477	0.142083	0.139326	0.135159	0.129525	0.122369	0.113636	0.103257	0.091163	0.077274	0.061502	0.043743	0.023880	0.001780	
 Vektor posouvajicich sil ve sparach:
0.142783	0.601858	1.039312	1.454601	1.847420	2.217436	2.564547	2.888664	3.189903	3.468351	-1.203746	-1.112034	-1.028101	-0.951043	-0.879925	-0.813757	-0.751521	-0.692168	-0.634660	-0.577901	-0.520801	-0.462282	-0.401253	-0.336616	-0.267338	-0.192385	-0.110725	-0.021392	0.076537	0.183951	0.301672	0.430467	0.571085	0.724150	0.890197	1.069784	1.263278	1.470993	1.693208	1.930070	2.181630	
