 icase = 0
         0 -> O.K.,
        -1 -> nelze splnit omezujici podminky,
        +1 -> cilova funkce je na polyedru neomezena.
 lambda = 4.681918
 pocet bloku N = 40
 Vektor lokalnich deformaci:
   9: fi 04 int = 1.601044
  32: fi 15 ext = 5.230893
  57: fi 28 int = 6.878700
  82: fi 40 ext = 3.248857
 Vektor indexu spary mezi bloky:
0		1		2		3		4		5		6		7		8		9		10		11		12		13		14		15		16		17		18		19		20		21		22		23		24		25		26		27		28		29		30		31		32		33		34		35		36		37		38		39		40		
 Vektor normalovych sil ve sparach (+ znaci tlak):
10.229975	10.105911	9.967052	9.814869	9.650837	9.476326	9.292601	9.101220	8.903399	8.700411	8.493414	8.284012	8.073144	7.861739	7.651148	6.230404	6.262350	6.300700	6.345283	6.395898	6.452966	6.515970	6.585154	6.659986	6.740068	6.824846	6.913881	7.006923	7.102847	7.201022	7.300675	7.401062	7.501192	7.599910	7.696380	7.789407	7.877982	7.960865	8.037025	8.105118	8.163968	
 Vektor vzdalenosti N od hornoho povrchu klenby:
0.117920	0.128882	0.137024	0.142389	0.145000	0.144858	0.141947	0.136236	0.127678	0.116209	0.101762	0.084248	0.063576	0.039647	0.012355	0.000000	0.020777	0.040063	0.057825	0.074034	0.088659	0.101672	0.113032	0.122717	0.130695	0.136938	0.141421	0.144115	0.145000	0.144048	0.141232	0.136520	0.129877	0.121260	0.110620	0.097896	0.083019	0.065901	0.046443	0.024523	0.000000	
 Vektor posouvajicich sil ve sparach:
-1.544875	-1.131338	-0.734713	-0.355329	0.006489	0.350592	0.676877	0.985358	1.276153	1.549443	1.805501	2.044699	2.267478	2.474330	2.665868	-1.679629	-1.573941	-1.468886	-1.363527	-1.256946	-1.148145	-1.036191	-0.920179	-0.799127	-0.672162	-0.538406	-0.397019	-0.247169	-0.088069	0.080916	0.260512	0.451318	0.653861	0.868599	1.096001	1.336307	1.589809	1.856671	2.136944	2.430667	2.737672	

 * Iterace c. 1 * Delta = 0.224662 *
 icase = 0
         0 -> O.K.,
        -1 -> nelze splnit omezujici podminky,
        +1 -> cilova funkce je na polyedru neomezena.
 lambda = 4.457256
 pocet bloku N = 40
 Vektor lokalnich deformaci:
   9: fi 04 int = 1.596473
  32: fi 15 ext = 5.152044
  57: fi 28 int = 6.721390
  82: fi 40 ext = 3.165825
 Vektor indexu spary mezi bloky:
0		1		2		3		4		5		6		7		8		9		10		11		12		13		14		15		16		17		18		19		20		21		22		23		24		25		26		27		28		29		30		31		32		33		34		35		36		37		38		39		40		
 Vektor normalovych sil ve sparach (+ znaci tlak):
10.013321	9.888043	9.748666	9.596534	9.433181	9.259851	9.078063	8.888805	8.694090	8.494763	8.291912	8.087131	7.881441	7.675880	7.471426	6.115653	6.143438	6.177519	6.218551	6.266167	6.320327	6.380877	6.448101	6.521000	6.599706	6.683558	6.772021	6.864965	6.961062	7.059671	7.160385	7.262069	7.363974	7.464820	7.563715	7.659671	7.751445	7.837927	7.917909	7.990175	8.053554	
 Vektor vzdalenosti N od hornoho povrchu klenby:
0.115215	0.126213	0.134415	0.139865	0.142587	0.142586	0.139847	0.134344	0.126031	0.114852	0.100744	0.083629	0.063424	0.040042	0.013388	0.001558	0.021655	0.040337	0.057585	0.073357	0.087620	0.100337	0.111475	0.120993	0.128860	0.135046	0.139523	0.142257	0.143224	0.142399	0.139741	0.135226	0.128814	0.120462	0.110121	0.097730	0.083219	0.066504	0.047485	0.026044	0.002041	
 Vektor posouvajicich sil ve sparach:
-1.516937	-1.114786	-0.729572	-0.361636	-0.011248	0.321479	0.636487	0.933790	1.213545	1.475965	1.721355	1.950104	2.162716	2.359690	2.541648	-1.596085	-1.496512	-1.397802	-1.298971	-1.199090	-1.097155	-0.992217	-0.883322	-0.769494	-0.649853	-0.523455	-0.389473	-0.247056	-0.095406	0.066184	0.238408	0.421903	0.617226	0.824844	1.045221	1.278648	1.525449	1.785747	2.059704	2.347276	2.648414	

 * Iterace c. 2 * Delta = -0.004100 *
 icase = 0
         0 -> O.K.,
        -1 -> nelze splnit omezujici podminky,
        +1 -> cilova funkce je na polyedru neomezena.
 lambda = 4.461356
 pocet bloku N = 40
 Vektor lokalnich deformaci:
   9: fi 04 int = 1.596568
  32: fi 15 ext = 5.153495
  57: fi 28 int = 6.724290
  82: fi 40 ext = 3.167369
 Vektor indexu spary mezi bloky:
0		1		2		3		4		5		6		7		8		9		10		11		12		13		14		15		16		17		18		19		20		21		22		23		24		25		26		27		28		29		30		31		32		33		34		35		36		37		38		39		40		
 Vektor normalovych sil ve sparach (+ znaci tlak):
10.017211	9.891978	9.752619	9.600457	9.437119	9.263710	9.081848	8.892741	8.697957	8.498294	8.295426	8.090689	7.884900	7.679078	7.474575	6.117599	6.145470	6.179853	6.220945	6.268337	6.322736	6.383290	6.450614	6.523485	6.602017	6.685997	6.774750	6.867292	6.963560	7.062178	7.162832	7.264630	7.366451	7.467206	7.566041	7.661893	7.753693	7.840088	7.919983	7.992202	8.055503	
 Vektor vzdalenosti N od hornoho povrchu klenby:
0.115278	0.126274	0.134475	0.139923	0.142642	0.142637	0.139894	0.134386	0.126067	0.114884	0.100770	0.083645	0.063431	0.040036	0.013369	0.001529	0.021636	0.040334	0.057589	0.073368	0.087640	0.100365	0.111502	0.121025	0.128897	0.135085	0.139560	0.142295	0.143260	0.142430	0.139772	0.135253	0.128838	0.120482	0.110135	0.097739	0.083223	0.066501	0.047474	0.026025	0.002013	
 Vektor posouvajicich sil ve sparach:
-1.517323	-1.114973	-0.729566	-0.361409	-0.010805	0.322117	0.637324	0.934813	1.214771	1.477370	1.722979	1.951911	2.164691	2.361818	2.543959	-1.597569	-1.497886	-1.399053	-1.300122	-1.200126	-1.098077	-0.993014	-0.883998	-0.770051	-0.650271	-0.523765	-0.389650	-0.247075	-0.095317	0.066404	0.238764	0.422374	0.617813	0.825558	1.046063	1.279611	1.526531	1.786947	2.061009	2.348695	2.649926	
