 icase = 0
         0 -> O.K.,
        -1 -> nelze splnit omezujici podminky,
        +1 -> cilova funkce je na polyedru neomezena.
 lambda = 9.158882
 pocet bloku N = 40
 Vektor lokalnich deformaci:
   1: fi 00 int = 5.000002
  16: fi 07 ext = 8.384995
  51: fi 25 int = 6.778130
  82: fi 40 ext = 3.393136
 Vektor indexu spary mezi bloky:
0		1		2		3		4		5		6		7		8		9		10		11		12		13		14		15		16		17		18		19		20		21		22		23		24		25		26		27		28		29		30		31		32		33		34		35		36		37		38		39		40		
 Vektor normalovych sil ve sparach (+ znaci tlak):
14.176798	13.851893	13.501942	13.128983	12.735071	12.322220	11.892380	5.683888	5.606809	5.533575	5.465048	5.402367	5.346131	5.296871	5.255471	5.222207	5.197648	5.182333	5.176313	5.179584	5.192635	5.215088	5.247268	5.288748	5.339258	5.398302	5.465555	5.540728	5.622838	5.711226	5.805188	5.903981	6.006613	6.111923	6.219080	6.326843	6.434171	6.539756	6.642501	6.741004	6.834007	
 Vektor vzdalenosti N od hornoho povrchu klenby:
0.145000	0.132544	0.116079	0.095354	0.070064	0.039835	0.004218	0.000000	0.015464	0.029830	0.043187	0.055603	0.067135	0.077836	0.087742	0.096881	0.105267	0.112907	0.119799	0.125928	0.131270	0.135803	0.139480	0.142271	0.144127	0.145000	0.144839	0.143589	0.141199	0.137614	0.132776	0.126624	0.119096	0.110126	0.099643	0.087569	0.073821	0.058301	0.040908	0.021519	0.000000	
 Vektor posouvajicich sil ve sparach:
2.189095	2.804080	3.391360	3.950088	4.479451	4.978848	5.447729	-1.232049	-1.117069	-1.013025	-0.919197	-0.834758	-0.758850	-0.690565	-0.628924	-0.572906	-0.521505	-0.473614	-0.428153	-0.384030	-0.340080	-0.295195	-0.248278	-0.198166	-0.143792	-0.084070	-0.017962	0.055568	0.137517	0.228738	0.330160	0.442602	0.566806	0.703447	0.853198	1.016520	1.193916	1.385756	1.592300	1.813784	2.050243	

 * Iterace c. 1 * Delta = 0.400569 *
 icase = 0
         0 -> O.K.,
        -1 -> nelze splnit omezujici podminky,
        +1 -> cilova funkce je na polyedru neomezena.
 lambda = 8.758313
 pocet bloku N = 40
 Vektor lokalnich deformaci:
   1: fi 00 int = 4.924426
  16: fi 07 ext = 8.237470
  51: fi 25 int = 6.611020
  82: fi 40 ext = 3.297976
 Vektor indexu spary mezi bloky:
0		1		2		3		4		5		6		7		8		9		10		11		12		13		14		15		16		17		18		19		20		21		22		23		24		25		26		27		28		29		30		31		32		33		34		35		36		37		38		39		40		
 Vektor normalovych sil ve sparach (+ znaci tlak):
13.814170	13.498170	13.158072	12.795926	12.413799	12.013546	11.597165	5.654922	5.576140	5.501523	5.431650	5.367465	5.309980	5.259590	5.217081	5.182869	5.157499	5.141262	5.134684	5.137640	5.150326	5.172452	5.204460	5.245790	5.296386	5.355822	5.423442	5.498837	5.581532	5.670604	5.765367	5.865026	5.968428	6.074946	6.183321	6.292464	6.401135	6.508249	6.612456	6.712585	6.807325	
 Vektor vzdalenosti N od hornoho povrchu klenby:
0.141456	0.129530	0.113636	0.093533	0.068926	0.039458	0.004697	0.001421	0.016532	0.030569	0.043604	0.055721	0.066975	0.077420	0.087093	0.096026	0.104232	0.111724	0.118493	0.124529	0.129810	0.134311	0.137985	0.140800	0.142707	0.143650	0.143586	0.142458	0.140206	0.136779	0.132111	0.126143	0.118817	0.110056	0.099796	0.087954	0.074448	0.059183	0.042053	0.022939	0.001708	
 Vektor posouvajicich sil ve sparach:
2.028733	2.624925	3.193943	3.734932	4.247170	4.730064	5.183141	-1.200428	-1.087004	-0.984621	-0.892514	-0.809874	-0.735819	-0.669456	-0.609792	-0.555818	-0.506490	-0.460732	-0.417428	-0.375477	-0.333749	-0.291111	-0.246410	-0.198550	-0.146411	-0.088928	-0.025046	0.046306	0.126039	0.215124	0.314442	0.424817	0.547000	0.681688	0.829515	0.991012	1.166645	1.356780	1.561719	1.781644	2.016700	

 * Iterace c. 2 * Delta = -0.006907 *
 icase = 0
         0 -> O.K.,
        -1 -> nelze splnit omezujici podminky,
        +1 -> cilova funkce je na polyedru neomezena.
 lambda = 8.765221
 pocet bloku N = 40
 Vektor lokalnich deformaci:
   1: fi 00 int = 4.926342
  16: fi 07 ext = 8.240773
  51: fi 25 int = 6.614248
  82: fi 40 ext = 3.299818
 Vektor indexu spary mezi bloky:
0		1		2		3		4		5		6		7		8		9		10		11		12		13		14		15		16		17		18		19		20		21		22		23		24		25		26		27		28		29		30		31		32		33		34		35		36		37		38		39		40		
 Vektor normalovych sil ve sparach (+ znaci tlak):
13.820243	13.504028	13.163771	12.801407	12.419082	12.018507	11.601853	5.655052	5.576264	5.501579	5.431692	5.367733	5.310120	5.259796	5.217301	5.183056	5.157685	5.141559	5.134803	5.137819	5.150417	5.172764	5.204643	5.245931	5.296604	5.355861	5.423516	5.499000	5.581555	5.670703	5.765573	5.865161	5.968763	6.075168	6.183510	6.292604	6.401271	6.508324	6.612638	6.712724	6.807452	
 Vektor vzdalenosti N od hornoho povrchu klenby:
0.141546	0.129609	0.113702	0.093586	0.068964	0.039479	0.004701	0.001414	0.016528	0.030564	0.043601	0.055721	0.066977	0.077424	0.087099	0.096028	0.104239	0.111727	0.118498	0.124538	0.129817	0.134316	0.137993	0.140809	0.142714	0.143661	0.143595	0.142466	0.140216	0.136785	0.132114	0.126148	0.118819	0.110058	0.099796	0.087954	0.074447	0.059180	0.042049	0.022934	0.001702	
 Vektor posouvajicich sil ve sparach:
2.031974	2.628498	3.197822	3.739109	4.251626	4.734790	5.188090	-1.200593	-1.087174	-0.984757	-0.892646	-0.809993	-0.735933	-0.669562	-0.609884	-0.555912	-0.506564	-0.460795	-0.417489	-0.375519	-0.333784	-0.291132	-0.246417	-0.198549	-0.146415	-0.088915	-0.025000	0.046346	0.126087	0.215194	0.314514	0.424897	0.547096	0.681795	0.829628	0.991125	1.166777	1.356905	1.561855	1.781794	2.016851	
