 icase = 0
         0 -> O.K.,
        -1 -> nelze splnit omezujici podminky,
        +1 -> cilova funkce je na polyedru neomezena.
 lambda = 4.474189
 pocet bloku N = 40
 Vektor lokalnich deformaci:
   2: fi 00 ext = 2.663055
  27: fi 13 int = 5.699680
  56: fi 27 ext = 4.869386
  75: fi 37 int = 1.832761
 Vektor indexu spary mezi bloky:
0		1		2		3		4		5		6		7		8		9		10		11		12		13		14		15		16		17		18		19		20		21		22		23		24		25		26		27		28		29		30		31		32		33		34		35		36		37		38		39		40		
 Vektor normalovych sil ve sparach (+ znaci tlak):
7.643764	7.572005	7.492405	7.406218	7.314818	7.219349	7.120832	7.020594	6.919716	6.818994	6.719454	6.622275	6.528362	6.438091	6.352580	6.272216	6.197568	6.129579	6.068169	6.013570	5.966573	5.926684	5.894855	5.870489	5.853413	5.843546	5.840633	5.844564	7.674513	7.901590	8.128361	8.353566	8.575891	8.793865	9.006274	9.211701	9.408731	9.595901	9.771884	9.935019	10.083912	
 Vektor vzdalenosti N od hornoho povrchu klenby:
0.000000	0.023559	0.044686	0.063518	0.080176	0.094759	0.107352	0.118033	0.126862	0.133894	0.139186	0.142774	0.144696	0.145000	0.143714	0.140881	0.136535	0.130713	0.123456	0.114805	0.104798	0.093484	0.080890	0.067065	0.052039	0.035841	0.018489	0.000000	0.029245	0.055009	0.077294	0.096227	0.111920	0.124481	0.134000	0.140554	0.144207	0.145000	0.142960	0.138093	0.130384	
 Vektor posouvajicich sil ve sparach:
-2.476414	-2.196944	-1.931472	-1.679956	-1.442393	-1.218552	-1.008244	-0.811122	-0.626746	-0.454669	-0.294335	-0.145095	-0.006285	0.122845	0.243095	0.355335	0.460417	0.559299	0.652922	0.742226	0.828284	0.912079	0.994585	1.076885	1.159954	1.244795	1.332376	1.423682	-2.567713	-2.365410	-2.145807	-1.908378	-1.652750	-1.378612	-1.085640	-0.773786	-0.442972	-0.093196	0.275311	0.662388	1.067579	

 * Iterace c. 1 * Delta = 0.179270 *
 icase = 0
         0 -> O.K.,
        -1 -> nelze splnit omezujici podminky,
        +1 -> cilova funkce je na polyedru neomezena.
 lambda = 4.294919
 pocet bloku N = 40
 Vektor lokalnich deformaci:
   2: fi 00 ext = 2.607496
  27: fi 13 int = 5.595503
  56: fi 27 ext = 4.814530
  75: fi 37 int = 1.826522
 Vektor indexu spary mezi bloky:
0		1		2		3		4		5		6		7		8		9		10		11		12		13		14		15		16		17		18		19		20		21		22		23		24		25		26		27		28		29		30		31		32		33		34		35		36		37		38		39		40		
 Vektor normalovych sil ve sparach (+ znaci tlak):
7.574090	7.499037	7.416439	7.327519	7.233464	7.135688	7.035116	6.932942	6.830256	6.728175	6.627421	6.529427	6.434582	6.344079	6.258301	6.178336	6.103830	6.036429	5.975814	5.922692	5.876695	5.839062	5.808546	5.786102	5.771387	5.764094	5.764179	5.771048	7.531052	7.753363	7.975317	8.196211	8.414650	8.629401	8.838743	9.041797	9.236767	9.422441	9.597308	9.759811	9.908575	
 Vektor vzdalenosti N od hornoho povrchu klenby:
0.001911	0.025042	0.045770	0.064231	0.080543	0.094806	0.107103	0.117509	0.126090	0.132901	0.137996	0.141412	0.143197	0.143391	0.142028	0.139151	0.134804	0.129018	0.121846	0.113320	0.103491	0.092404	0.080099	0.066609	0.051972	0.036225	0.019383	0.001461	0.029781	0.055010	0.076832	0.095360	0.110702	0.122959	0.132213	0.138534	0.141984	0.142601	0.140408	0.135410	0.127587	
 Vektor posouvajicich sil ve sparach:
-2.412985	-2.137290	-1.875686	-1.628253	-1.394845	-1.175348	-0.969471	-0.776897	-0.597168	-0.429820	-0.274259	-0.129870	0.004069	0.128277	0.243597	0.350894	0.451048	0.545042	0.633799	0.718328	0.799646	0.878754	0.956721	1.034531	1.113260	1.193884	1.277403	1.364781	-2.466631	-2.271976	-2.060215	-1.830956	-1.583644	-1.318037	-1.033770	-0.730755	-0.408868	-0.068197	0.291204	0.669126	1.065182	

 * Iterace c. 2 * Delta = -0.002433 *
 icase = 0
         0 -> O.K.,
        -1 -> nelze splnit omezujici podminky,
        +1 -> cilova funkce je na polyedru neomezena.
 lambda = 4.297352
 pocet bloku N = 40
 Vektor lokalnich deformaci:
   2: fi 00 ext = 2.608267
  27: fi 13 int = 5.596921
  56: fi 27 ext = 4.815281
  75: fi 37 int = 1.826627
 Vektor indexu spary mezi bloky:
0		1		2		3		4		5		6		7		8		9		10		11		12		13		14		15		16		17		18		19		20		21		22		23		24		25		26		27		28		29		30		31		32		33		34		35		36		37		38		39		40		
 Vektor normalovych sil ve sparach (+ znaci tlak):
7.574934	7.499965	7.417368	7.328454	7.234457	7.136585	7.036089	6.933803	6.831135	6.729109	6.628656	6.530420	6.435571	6.345160	6.259574	6.179188	6.105251	6.037559	5.976742	5.923510	5.877714	5.839809	5.809681	5.787338	5.772343	5.765102	5.765059	5.771791	7.532929	7.755289	7.977244	8.198356	8.416902	8.631537	8.841000	9.044001	9.239009	9.424722	9.599571	9.762142	9.910892	
 Vektor vzdalenosti N od hornoho povrchu klenby:
0.001894	0.025030	0.045763	0.064229	0.080544	0.094809	0.107110	0.117520	0.126105	0.132920	0.138013	0.141434	0.143222	0.143414	0.142048	0.139177	0.134825	0.129042	0.121869	0.113344	0.103514	0.092418	0.080107	0.066614	0.051973	0.036222	0.019371	0.001443	0.029776	0.055013	0.076842	0.095379	0.110727	0.122987	0.132245	0.138571	0.142025	0.142644	0.140455	0.135459	0.127639	
 Vektor posouvajicich sil ve sparach:
-2.413734	-2.137983	-1.876356	-1.628849	-1.395403	-1.175864	-0.969924	-0.777277	-0.597502	-0.430114	-0.274488	-0.130024	0.003941	0.128200	0.243613	0.350961	0.451189	0.545230	0.634028	0.718643	0.799996	0.879176	0.957212	1.035078	1.113850	1.194506	1.278088	1.365497	-2.468075	-2.273321	-2.061470	-1.832094	-1.584680	-1.318946	-1.034610	-0.731467	-0.409483	-0.068652	0.290884	0.668902	1.065087	
