 icase = 0
         0 -> O.K.,
        -1 -> nelze splnit omezujici podminky,
        +1 -> cilova funkce je na polyedru neomezena.
 lambda = 4.898006
 pocet bloku N = 40
 Vektor lokalnich deformaci:
   2: fi 00 ext = 3.450270
  25: fi 12 int = 7.584895
  50: fi 24 ext = 5.683510
  71: fi 35 int = 1.548880
 Vektor indexu spary mezi bloky:
0		1		2		3		4		5		6		7		8		9		10		11		12		13		14		15		16		17		18		19		20		21		22		23		24		25		26		27		28		29		30		31		32		33		34		35		36		37		38		39		40		
 Vektor normalovych sil ve sparach (+ znaci tlak):
8.544324	8.494913	8.435106	8.366122	8.289365	8.205787	8.116541	8.022843	7.925624	7.826015	7.724596	7.623037	7.521806	7.421482	7.323308	7.227563	7.134956	7.046437	6.962075	6.881982	6.807066	6.737120	6.672768	6.613790	6.560384	7.779533	7.982132	8.185740	8.389215	8.591169	8.790859	8.987212	9.178985	9.364723	9.543361	9.713500	9.873940	10.023195	10.160095	10.283094	10.390897	
 Vektor vzdalenosti N od hornoho povrchu klenby:
0.000000	0.025136	0.047552	0.067395	0.084789	0.099836	0.112620	0.123215	0.131676	0.138047	0.142378	0.144686	0.145000	0.143347	0.139737	0.134194	0.126729	0.117358	0.106098	0.092969	0.077989	0.061181	0.042562	0.022163	0.000000	0.007207	0.034804	0.059102	0.080197	0.098182	0.113143	0.125161	0.134303	0.140629	0.144183	0.145000	0.143095	0.138470	0.131105	0.120964	0.107987	
 Vektor posouvajicich sil ve sparach:
-2.927010	-2.599800	-2.285470	-1.984138	-1.695907	-1.420725	-1.158508	-0.909069	-0.672112	-0.447311	-0.234292	-0.032529	0.158497	0.339392	0.510820	0.673501	0.828146	0.975582	1.116620	1.252073	1.382881	1.509905	1.634000	1.756137	1.877177	-2.733074	-2.538715	-2.330028	-2.106362	-1.867302	-1.612285	-1.340915	-1.052904	-0.748024	-0.426040	-0.086983	0.269164	0.642303	1.032171	1.438528	1.860874	

 * Iterace c. 1 * Delta = 0.262044 *
 icase = 0
         0 -> O.K.,
        -1 -> nelze splnit omezujici podminky,
        +1 -> cilova funkce je na polyedru neomezena.
 lambda = 4.635962
 pocet bloku N = 40
 Vektor lokalnich deformaci:
   2: fi 00 ext = 3.347054
  25: fi 12 int = 7.381701
  50: fi 24 ext = 5.579395
  71: fi 35 int = 1.544754
 Vektor indexu spary mezi bloky:
0		1		2		3		4		5		6		7		8		9		10		11		12		13		14		15		16		17		18		19		20		21		22		23		24		25		26		27		28		29		30		31		32		33		34		35		36		37		38		39		40		
 Vektor normalovych sil ve sparach (+ znaci tlak):
8.400619	8.345678	8.280787	8.207175	8.126188	8.038748	7.946141	7.849631	7.750030	7.648260	7.545683	7.443081	7.341309	7.241268	7.143490	7.048635	6.957612	6.870961	6.788904	6.711974	6.640464	6.574499	6.514302	6.459983	6.411654	7.568795	7.764358	7.961197	8.158627	8.355457	8.550429	8.742885	8.931053	9.114321	9.290969	9.459804	9.619592	9.769104	9.906682	10.031175	10.141125	
 Vektor vzdalenosti N od hornoho povrchu klenby:
0.002136	0.026695	0.048585	0.067949	0.084909	0.099564	0.111999	0.122283	0.130471	0.136616	0.140749	0.142911	0.143120	0.141405	0.137786	0.132284	0.124916	0.115707	0.104671	0.091840	0.077236	0.060884	0.042819	0.023059	0.001640	0.008462	0.035357	0.059056	0.079640	0.097194	0.111791	0.123501	0.132389	0.138503	0.141888	0.142572	0.140567	0.135873	0.128470	0.118321	0.105363	
 Vektor posouvajicich sil ve sparach:
-2.817636	-2.498113	-2.191730	-1.898620	-1.618834	-1.352287	-1.098917	-0.858445	-0.630658	-0.415145	-0.211439	-0.019100	0.162508	0.333960	0.495939	0.649227	0.794540	0.932723	1.064637	1.191126	1.313116	1.431515	1.547213	1.661175	1.774318	-2.590455	-2.407296	-2.210190	-1.998472	-1.771587	-1.529039	-1.270373	-0.995257	-0.703399	-0.394619	-0.068788	0.274055	0.633838	1.010455	1.403551	1.812785	

 * Iterace c. 2 * Delta = -0.005465 *
 icase = 0
         0 -> O.K.,
        -1 -> nelze splnit omezujici podminky,
        +1 -> cilova funkce je na polyedru neomezena.
 lambda = 4.641427
 pocet bloku N = 40
 Vektor lokalnich deformaci:
   2: fi 00 ext = 3.349309
  25: fi 12 int = 7.386093
  50: fi 24 ext = 5.581604
  71: fi 35 int = 1.544813
 Vektor indexu spary mezi bloky:
0		1		2		3		4		5		6		7		8		9		10		11		12		13		14		15		16		17		18		19		20		21		22		23		24		25		26		27		28		29		30		31		32		33		34		35		36		37		38		39		40		
 Vektor normalovych sil ve sparach (+ znaci tlak):
8.403529	8.348660	8.283899	8.210395	8.129470	8.042194	7.949620	7.853058	7.753500	7.651893	7.549274	7.446507	7.344816	7.244912	7.147102	7.052241	6.961114	6.874379	6.792594	6.715376	6.643835	6.577758	6.517575	6.463115	6.414545	7.573193	7.768860	7.965848	8.163406	8.360240	8.555305	8.747794	8.936200	9.119383	9.296154	9.464988	9.624806	9.774245	9.911867	10.036336	10.146263	
 Vektor vzdalenosti N od hornoho povrchu klenby:
0.002100	0.026670	0.048571	0.067945	0.084913	0.099575	0.112017	0.122306	0.130501	0.136649	0.140787	0.142952	0.143165	0.141448	0.137829	0.132326	0.124957	0.115742	0.104704	0.091864	0.077252	0.060890	0.042812	0.023040	0.001603	0.008437	0.035347	0.059060	0.079657	0.097219	0.111826	0.123544	0.132438	0.138558	0.141947	0.142635	0.140632	0.135941	0.128540	0.118391	0.105435	
 Vektor posouvajicich sil ve sparach:
-2.819798	-2.500115	-2.193563	-1.900271	-1.620312	-1.353615	-1.100061	-0.859426	-0.631450	-0.415717	-0.211844	-0.019310	0.162473	0.334099	0.496269	0.649737	0.795262	0.933627	1.065704	1.192388	1.314559	1.433092	1.548984	1.663104	1.776403	-2.593491	-2.410119	-2.212778	-2.000812	-1.773700	-1.530869	-1.271958	-0.996578	-0.704436	-0.395390	-0.069291	0.273804	0.633895	1.010724	1.404118	1.813629	
