 icase = 0
         0 -> O.K.,
        -1 -> nelze splnit omezujici podminky,
        +1 -> cilova funkce je na polyedru neomezena.
 lambda = 5.456656
 pocet bloku N = 40
 Vektor lokalnich deformaci:
   2: fi 00 ext = 4.226660
  23: fi 11 int = 9.174533
  46: fi 22 ext = 6.434566
  65: fi 32 int = 1.486694
 Vektor indexu spary mezi bloky:
0		1		2		3		4		5		6		7		8		9		10		11		12		13		14		15		16		17		18		19		20		21		22		23		24		25		26		27		28		29		30		31		32		33		34		35		36		37		38		39		40		
 Vektor normalovych sil ve sparach (+ znaci tlak):
9.762985	9.742867	9.708911	9.662340	9.604332	9.536040	9.458289	9.372463	9.279550	9.180233	9.075704	8.967192	8.855310	8.740786	8.624677	8.507436	8.389903	8.272924	8.156703	8.041585	7.928512	7.817197	8.279084	8.456215	8.633752	8.810716	8.986570	9.160713	9.331837	9.499099	9.661545	9.818201	9.968060	10.109711	10.242261	10.364321	10.474932	10.572700	10.656583	10.725265	10.777484	
 Vektor vzdalenosti N od hornoho povrchu klenby:
0.000000	0.026642	0.050244	0.070968	0.088950	0.104300	0.117109	0.127447	0.135370	0.140917	0.144123	0.145000	0.143558	0.139803	0.133725	0.125320	0.114565	0.101446	0.085942	0.068027	0.047677	0.024865	0.000000	0.027659	0.052199	0.073705	0.092254	0.107918	0.120766	0.130854	0.138231	0.142938	0.145000	0.144437	0.141250	0.135428	0.126942	0.115746	0.101773	0.084933	0.065113	
 Vektor posouvajicich sil ve sparach:
-3.518357	-3.126549	-2.746204	-2.377568	-2.020966	-1.676505	-1.344331	-1.024404	-0.716658	-0.420944	-0.137080	0.135257	0.396408	0.646765	0.886811	1.117087	1.338107	1.550521	1.754958	1.952067	2.142612	2.327286	-2.919974	-2.707521	-2.483941	-2.248589	-2.000924	-1.740409	-1.466533	-1.179003	-0.877415	-0.561492	-0.231051	0.113999	0.473797	0.848197	1.237117	1.640383	2.057637	2.488581	2.932624	

 * Iterace c. 1 * Delta = 0.415530 *
 icase = 0
         0 -> O.K.,
        -1 -> nelze splnit omezujici podminky,
        +1 -> cilova funkce je na polyedru neomezena.
 lambda = 5.041125
 pocet bloku N = 40
 Vektor lokalnich deformaci:
   2: fi 00 ext = 4.022720
  23: fi 11 int = 8.769829
  46: fi 22 ext = 6.228436
  65: fi 32 int = 1.481327
 Vektor indexu spary mezi bloky:
0		1		2		3		4		5		6		7		8		9		10		11		12		13		14		15		16		17		18		19		20		21		22		23		24		25		26		27		28		29		30		31		32		33		34		35		36		37		38		39		40		
 Vektor normalovych sil ve sparach (+ znaci tlak):
9.462841	9.432632	9.389523	9.334774	9.269359	9.194556	9.111383	9.020753	8.924132	8.822310	8.716119	8.606836	8.495151	8.382030	8.268223	8.154139	8.041201	7.928934	7.818814	7.710960	7.605823	7.503567	7.931170	8.097279	8.264803	8.432859	8.600809	8.767776	8.932989	9.095591	9.254234	9.408731	9.557008	9.698229	9.831533	9.955668	10.069251	10.171298	10.260386	10.335381	10.395048	
 Vektor vzdalenosti N od hornoho povrchu klenby:
0.002441	0.028296	0.051197	0.071301	0.088736	0.103609	0.116005	0.125994	0.133629	0.138949	0.141986	0.142758	0.141278	0.137551	0.131573	0.123344	0.112853	0.100091	0.085047	0.067709	0.048064	0.026099	0.002070	0.028765	0.052499	0.073329	0.091322	0.106532	0.119014	0.128817	0.135982	0.140535	0.142508	0.141912	0.138744	0.132992	0.124628	0.113606	0.099860	0.083304	0.063826	
 Vektor posouvajicich sil ve sparach:
-3.318963	-2.943164	-2.579263	-2.227574	-1.888315	-1.561601	-1.247442	-0.945820	-0.656560	-0.379571	-0.114477	0.139006	0.381296	0.612834	0.834158	1.045825	1.248469	1.442725	1.629307	1.808947	1.982364	2.150344	-2.699811	-2.505884	-2.301346	-2.085546	-1.857870	-1.617739	-1.364617	-1.098064	-0.817715	-0.523189	-0.214252	0.109277	0.447508	0.800464	1.168094	1.550174	1.946542	2.356905	2.780757	

 * Iterace c. 2 * Delta = -0.015535 *
 icase = 0
         0 -> O.K.,
        -1 -> nelze splnit omezujici podminky,
        +1 -> cilova funkce je na polyedru neomezena.
 lambda = 5.056661
 pocet bloku N = 40
 Vektor lokalnich deformaci:
   2: fi 00 ext = 4.030437
  23: fi 11 int = 8.785032
  46: fi 22 ext = 6.236164
  65: fi 32 int = 1.481568
 Vektor indexu spary mezi bloky:
0		1		2		3		4		5		6		7		8		9		10		11		12		13		14		15		16		17		18		19		20		21		22		23		24		25		26		27		28		29		30		31		32		33		34		35		36		37		38		39		40		
 Vektor normalovych sil ve sparach (+ znaci tlak):
9.473943	9.444068	9.401359	9.346847	9.281723	9.207023	9.123975	9.033724	8.937113	8.835486	8.729459	8.620171	8.508314	8.395092	8.281205	8.166972	8.053603	7.941554	7.831096	7.722850	7.617399	7.514953	7.944204	8.110471	8.278394	8.446700	8.615052	8.782301	8.947842	9.110501	9.269456	9.423584	9.571865	9.713502	9.846704	9.970737	10.084183	10.186089	10.275037	10.349799	10.409159	
 Vektor vzdalenosti N od hornoho povrchu klenby:
0.002366	0.028249	0.051176	0.071303	0.088757	0.103648	0.116059	0.126059	0.133703	0.139032	0.142073	0.142848	0.141370	0.137639	0.131658	0.123422	0.112919	0.100142	0.085081	0.067717	0.048041	0.026043	0.001983	0.028717	0.052481	0.073340	0.091353	0.106583	0.119082	0.128896	0.136069	0.140633	0.142611	0.142014	0.138847	0.133093	0.124727	0.113698	0.099945	0.083379	0.063889	
 Vektor posouvajicich sil ve sparach:
-3.326159	-2.949758	-2.585261	-2.232982	-1.893068	-1.565680	-1.250862	-0.948566	-0.658635	-0.380951	-0.115170	0.139011	0.381989	0.614218	0.836224	1.048586	1.251886	1.446833	1.634068	1.814327	1.988373	2.156974	-2.708060	-2.513440	-2.308198	-2.091703	-1.863296	-1.622392	-1.368525	-1.101212	-0.820054	-0.524757	-0.215010	0.109321	0.448343	0.802088	1.170469	1.553343	1.950512	2.361608	2.786236	

 * Iterace c. 3 * Delta = 0.000534 *
 icase = 0
         0 -> O.K.,
        -1 -> nelze splnit omezujici podminky,
        +1 -> cilova funkce je na polyedru neomezena.
 lambda = 5.056127
 pocet bloku N = 40
 Vektor lokalnich deformaci:
   2: fi 00 ext = 4.030122
  23: fi 11 int = 8.784421
  46: fi 22 ext = 6.235839
  65: fi 32 int = 1.481541
 Vektor indexu spary mezi bloky:
0		1		2		3		4		5		6		7		8		9		10		11		12		13		14		15		16		17		18		19		20		21		22		23		24		25		26		27		28		29		30		31		32		33		34		35		36		37		38		39		40		
 Vektor normalovych sil ve sparach (+ znaci tlak):
9.473544	9.443710	9.400970	9.346411	9.281189	9.206692	9.123686	9.033237	8.936900	8.834983	8.729026	8.619761	8.507836	8.394701	8.280609	8.166782	8.053295	7.941064	7.830763	7.722632	7.617364	7.514474	7.943732	8.109973	8.277848	8.446165	8.614444	8.781845	8.947240	9.109870	9.268939	9.423002	9.571371	9.712899	9.846144	9.970215	10.083733	10.185612	10.274525	10.349283	10.408664	
 Vektor vzdalenosti N od hornoho povrchu klenby:
0.002368	0.028251	0.051177	0.071303	0.088757	0.103645	0.116056	0.126056	0.133701	0.139030	0.142069	0.142845	0.141367	0.137636	0.131656	0.123416	0.112914	0.100141	0.085079	0.067718	0.048044	0.026043	0.001986	0.028719	0.052482	0.073340	0.091352	0.106581	0.119080	0.128894	0.136066	0.140629	0.142607	0.142011	0.138844	0.133090	0.124723	0.113695	0.099942	0.083377	0.063887	
 Vektor posouvajicich sil ve sparach:
-3.325889	-2.949546	-2.585055	-2.232783	-1.892906	-1.565541	-1.250747	-0.948458	-0.658561	-0.380898	-0.115122	0.139000	0.381961	0.614192	0.836159	1.048498	1.251787	1.446684	1.633909	1.814139	1.988182	2.156740	-2.707783	-2.513191	-2.307983	-2.091501	-1.863101	-1.622247	-1.368384	-1.101094	-0.819980	-0.524710	-0.214996	0.109303	0.448291	0.802024	1.170384	1.553237	1.950341	2.361447	2.786016	
