 icase = 0
         0 -> O.K.,
        -1 -> nelze splnit omezujici podminky,
        +1 -> cilova funkce je na polyedru neomezena.
 lambda = 5.138506
 pocet bloku N = 40
 Vektor lokalnich deformaci:
  15: fi 07 int = 1.597636
  36: fi 17 ext = 5.932830
  59: fi 29 int = 8.305346
  82: fi 40 ext = 3.970152
 Vektor indexu spary mezi bloky:
0		1		2		3		4		5		6		7		8		9		10		11		12		13		14		15		16		17		18		19		20		21		22		23		24		25		26		27		28		29		30		31		32		33		34		35		36		37		38		39		40		
 Vektor normalovych sil ve sparach (+ znaci tlak):
10.546947	10.471602	10.380468	10.274869	10.156162	10.025578	9.884300	9.733732	9.575021	9.409226	9.237552	9.061380	8.881691	8.699151	8.515183	8.330405	8.145891	7.962540	7.243711	7.332283	7.424790	7.520560	7.619868	7.721851	7.826243	7.932285	8.039575	8.147793	8.255862	8.362872	8.468190	8.571110	8.670549	8.765350	8.854715	8.937459	9.012638	9.078981	9.135530	9.181026	9.214316	
 Vektor vzdalenosti N od hornoho povrchu klenby:
0.083588	0.100688	0.114895	0.126301	0.134976	0.140967	0.144305	0.145000	0.143049	0.138433	0.131127	0.121085	0.108255	0.092582	0.073994	0.052421	0.027782	0.000000	0.017680	0.040154	0.060440	0.078540	0.094455	0.108190	0.119752	0.129141	0.136362	0.141411	0.144293	0.145000	0.143523	0.139845	0.133943	0.125785	0.115327	0.102514	0.087275	0.069522	0.049149	0.026027	0.000000	
 Vektor posouvajicich sil ve sparach:
-2.484128	-2.052715	-1.635689	-1.233435	-0.846342	-0.474618	-0.118458	0.222079	0.547025	0.856465	1.150568	1.429611	1.693915	1.943871	2.179963	2.402735	2.612732	2.810630	-2.113257	-1.958630	-1.799856	-1.636142	-1.466731	-1.290773	-1.107562	-0.916365	-0.716499	-0.507293	-0.288128	-0.058522	0.182064	0.434085	0.697888	0.973764	1.262021	1.562720	1.875993	2.201852	2.540161	2.890828	3.253510	

 * Iterace c. 1 * Delta = 0.349793 *
 icase = 0
         0 -> O.K.,
        -1 -> nelze splnit omezujici podminky,
        +1 -> cilova funkce je na polyedru neomezena.
 lambda = 4.788713
 pocet bloku N = 40
 Vektor lokalnich deformaci:
  15: fi 07 int = 1.588914
  36: fi 17 ext = 5.774874
  59: fi 29 int = 7.992477
  82: fi 40 ext = 3.806517
 Vektor indexu spary mezi bloky:
0		1		2		3		4		5		6		7		8		9		10		11		12		13		14		15		16		17		18		19		20		21		22		23		24		25		26		27		28		29		30		31		32		33		34		35		36		37		38		39		40		
 Vektor normalovych sil ve sparach (+ znaci tlak):
10.220992	10.140607	10.045465	9.936764	9.815721	9.683877	9.542365	9.392223	9.235006	9.071712	8.903453	8.731686	8.556920	8.380571	8.203385	8.026520	7.850735	7.676699	7.004496	7.086102	7.171972	7.261936	7.355868	7.453260	7.554144	7.657047	7.762338	7.869065	7.976099	8.083353	8.189780	8.294039	8.395762	8.493774	8.586897	8.674328	8.754790	8.827228	8.890372	8.943233	8.984530	
 Vektor vzdalenosti N od hornoho povrchu klenby:
0.081562	0.098472	0.112535	0.123840	0.132457	0.138433	0.141798	0.142567	0.140736	0.136293	0.129214	0.119461	0.106995	0.091762	0.073704	0.052765	0.028882	0.001991	0.019171	0.040817	0.060402	0.077918	0.093360	0.106718	0.117990	0.127177	0.134264	0.139253	0.142139	0.142909	0.141551	0.138050	0.132378	0.124502	0.114380	0.101956	0.087163	0.069916	0.050110	0.027623	0.002304	
 Vektor posouvajicich sil ve sparach:
-2.380388	-1.966209	-1.566586	-1.181969	-0.812620	-0.458780	-0.120517	0.202116	0.509209	0.800898	1.077415	1.339057	1.586225	1.819333	2.038944	2.245578	2.439903	2.622574	-1.968139	-1.826199	-1.680496	-1.530205	-1.374454	-1.212448	-1.043391	-0.866524	-0.681118	-0.486471	-0.281944	-0.066960	0.159031	0.396458	0.645823	0.907418	1.181520	1.468337	1.767973	2.080457	2.405756	2.743781	3.094248	

 * Iterace c. 2 * Delta = -0.010867 *
 icase = 0
         0 -> O.K.,
        -1 -> nelze splnit omezujici podminky,
        +1 -> cilova funkce je na polyedru neomezena.
 lambda = 4.799580
 pocet bloku N = 40
 Vektor lokalnich deformaci:
  15: fi 07 int = 1.589197
  36: fi 17 ext = 5.779837
  59: fi 29 int = 8.002364
  82: fi 40 ext = 3.811724
 Vektor indexu spary mezi bloky:
0		1		2		3		4		5		6		7		8		9		10		11		12		13		14		15		16		17		18		19		20		21		22		23		24		25		26		27		28		29		30		31		32		33		34		35		36		37		38		39		40		
 Vektor normalovych sil ve sparach (+ znaci tlak):
10.230974	10.150745	10.055631	9.947072	9.826188	9.694279	9.552744	9.402519	9.245221	9.081812	8.913693	8.741574	8.566707	8.390053	8.212913	8.035899	7.859766	7.685274	7.011748	7.093499	7.179571	7.269922	7.363697	7.461354	7.562009	7.665512	7.770703	7.877351	7.984827	8.091812	8.197980	8.302567	8.404020	8.501895	8.595044	8.682265	8.762654	8.834838	8.897858	8.950461	8.991524	
 Vektor vzdalenosti N od hornoho povrchu klenby:
0.081643	0.098558	0.112624	0.123931	0.132549	0.138524	0.141887	0.142652	0.140817	0.136368	0.129278	0.119517	0.107035	0.091785	0.073710	0.052749	0.028840	0.001919	0.019115	0.040788	0.060396	0.077931	0.093390	0.106759	0.118045	0.127234	0.134330	0.139323	0.142207	0.142979	0.141619	0.138110	0.132432	0.124549	0.114417	0.101983	0.087177	0.069915	0.050092	0.027586	0.002246	
 Vektor posouvajicich sil ve sparach:
-2.383370	-1.968646	-1.568499	-1.183367	-0.813476	-0.459088	-0.120265	0.202897	0.510543	0.802756	1.079829	1.342001	1.589688	1.823307	2.043408	2.250548	2.445319	2.628456	-1.972613	-1.830309	-1.684212	-1.533494	-1.377339	-1.214922	-1.045443	-0.868131	-0.682283	-0.487191	-0.282248	-0.066837	0.159587	0.397499	0.647287	0.909320	1.183835	1.471087	1.771115	2.084006	2.409719	2.748123	3.098933	

 * Iterace c. 3 * Delta = 0.000333 *
 icase = 0
         0 -> O.K.,
        -1 -> nelze splnit omezujici podminky,
        +1 -> cilova funkce je na polyedru neomezena.
 lambda = 4.799247
 pocet bloku N = 40
 Vektor lokalnich deformaci:
  15: fi 07 int = 1.589216
  36: fi 17 ext = 5.779788
  59: fi 29 int = 8.002203
  82: fi 40 ext = 3.811632
 Vektor indexu spary mezi bloky:
0		1		2		3		4		5		6		7		8		9		10		11		12		13		14		15		16		17		18		19		20		21		22		23		24		25		26		27		28		29		30		31		32		33		34		35		36		37		38		39		40		
 Vektor normalovych sil ve sparach (+ znaci tlak):
10.230682	10.150452	10.055376	9.946749	9.825814	9.694022	9.552431	9.402349	9.245017	9.081525	8.913464	8.741192	8.566584	8.390017	8.212868	8.035507	7.859629	7.684990	7.011519	7.093198	7.179398	7.269569	7.363468	7.461166	7.561898	7.665125	7.770491	7.877159	7.984343	8.091717	8.197821	8.302183	8.403835	8.501776	8.594826	8.682118	8.762378	8.834648	8.897636	8.950247	8.991309	
 Vektor vzdalenosti N od hornoho povrchu klenby:
0.081640	0.098555	0.112621	0.123928	0.132546	0.138521	0.141885	0.142649	0.140815	0.136367	0.129277	0.119515	0.107035	0.091786	0.073711	0.052753	0.028845	0.001921	0.019119	0.040792	0.060396	0.077933	0.093390	0.106762	0.118044	0.127236	0.134329	0.139322	0.142207	0.142977	0.141620	0.138112	0.132433	0.124549	0.114418	0.101983	0.087177	0.069915	0.050094	0.027588	0.002248	
 Vektor posouvajicich sil ve sparach:
-2.383302	-1.968569	-1.568480	-1.183330	-0.813493	-0.459094	-0.120294	0.202853	0.510476	0.802690	1.079744	1.341908	1.589567	1.823180	2.043262	2.250371	2.445156	2.628276	-1.972492	-1.830166	-1.684100	-1.533391	-1.377257	-1.214841	-1.045381	-0.868098	-0.682267	-0.487180	-0.282250	-0.066821	0.159602	0.397470	0.647258	0.909257	1.183782	1.471004	1.771048	2.083917	2.409610	2.747988	3.098822	
