 icase = 0
         0 -> O.K.,
        -1 -> nelze splnit omezujici podminky,
        +1 -> cilova funkce je na polyedru neomezena.
 lambda = 4.667103
 pocet bloku N = 40
 Vektor lokalnich deformaci:
   5: fi 02 int = 1.959256
  26: fi 12 ext = 4.820224
  55: fi 27 int = 5.547068
  82: fi 40 ext = 2.686100
 Vektor indexu spary mezi bloky:
0		1		2		3		4		5		6		7		8		9		10		11		12		13		14		15		16		17		18		19		20		21		22		23		24		25		26		27		28		29		30		31		32		33		34		35		36		37		38		39		40		
 Vektor normalovych sil ve sparach (+ znaci tlak):
10.259805	10.095973	9.917378	9.725593	9.522193	9.308670	9.086398	8.857048	8.621904	8.382367	8.139734	7.895571	7.651083	5.734650	5.723215	5.718584	5.721311	5.731902	5.750230	5.776256	5.810446	5.852353	5.902279	5.959667	6.024248	6.095486	6.173018	6.256521	6.345025	6.437813	6.534162	6.633412	6.734433	6.836183	6.937768	7.037982	7.135826	7.230005	7.319449	7.402802	7.478833	
 Vektor vzdalenosti N od hornoho povrchu klenby:
0.136810	0.142359	0.145000	0.144726	0.141511	0.135303	0.126037	0.113622	0.097952	0.078900	0.056330	0.030087	0.000000	0.015126	0.031914	0.047656	0.062338	0.075946	0.088449	0.099815	0.110008	0.118990	0.126712	0.133136	0.138220	0.141920	0.144194	0.145000	0.144301	0.142054	0.138220	0.132752	0.125605	0.116728	0.106060	0.093539	0.079086	0.062615	0.044026	0.023200	0.000000	
 Vektor posouvajicich sil ve sparach:
-0.785793	-0.371732	0.023328	0.399076	0.755186	1.091532	1.408021	1.704717	1.981740	2.239338	2.477803	2.697569	2.899122	-1.274089	-1.188737	-1.107471	-1.029357	-0.953362	-0.878481	-0.803707	-0.727952	-0.650200	-0.569445	-0.484611	-0.394733	-0.298818	-0.195928	-0.085128	0.034475	0.163635	0.303170	0.453805	0.616168	0.790832	0.978370	1.179132	1.393524	1.621815	1.864158	2.120697	2.391374	

 * Iterace c. 1 * Delta = 0.207105 *
 icase = 0
         0 -> O.K.,
        -1 -> nelze splnit omezujici podminky,
        +1 -> cilova funkce je na polyedru neomezena.
 lambda = 4.459998
 pocet bloku N = 40
 Vektor lokalnich deformaci:
   5: fi 02 int = 1.944171
  26: fi 12 ext = 4.749577
  55: fi 27 int = 5.425096
  82: fi 40 ext = 2.619692
 Vektor indexu spary mezi bloky:
0		1		2		3		4		5		6		7		8		9		10		11		12		13		14		15		16		17		18		19		20		21		22		23		24		25		26		27		28		29		30		31		32		33		34		35		36		37		38		39		40		
 Vektor normalovych sil ve sparach (+ znaci tlak):
10.061546	9.898566	9.721470	9.531653	9.330784	9.120250	8.901536	8.676158	8.445600	8.210984	7.974091	7.735841	7.497670	5.662181	5.647840	5.640301	5.640684	5.648598	5.664603	5.689048	5.721495	5.762287	5.810750	5.867211	5.931003	6.001984	6.079474	6.162814	6.251872	6.345193	6.442670	6.542966	6.645208	6.748551	6.852019	6.954347	7.054521	7.151266	7.243385	7.329707	7.408875	
 Vektor vzdalenosti N od hornoho povrchu klenby:
0.133923	0.139666	0.142521	0.142487	0.139539	0.133634	0.124706	0.112672	0.097434	0.078874	0.056866	0.031262	0.001913	0.017081	0.033271	0.048467	0.062664	0.075835	0.087962	0.099012	0.108939	0.117704	0.125269	0.131581	0.136601	0.140277	0.142570	0.143436	0.142826	0.140707	0.137028	0.131749	0.124818	0.116181	0.105783	0.093553	0.079419	0.063292	0.045072	0.024643	0.001870	
 Vektor posouvajicich sil ve sparach:
-0.797636	-0.393945	-0.009176	0.356341	0.702383	1.028768	1.335476	1.622591	1.890265	2.138754	2.368399	2.579628	2.772993	-1.214720	-1.133241	-1.056014	-0.982047	-0.910362	-0.839900	-0.769634	-0.698497	-0.625435	-0.549432	-0.469416	-0.384390	-0.293374	-0.195371	-0.089459	0.025221	0.149549	0.284257	0.430112	0.587765	0.757822	0.940768	1.137121	1.347200	1.571282	1.809553	2.062206	2.329150	

 * Iterace c. 2 * Delta = -0.003457 *
 icase = 0
         0 -> O.K.,
        -1 -> nelze splnit omezujici podminky,
        +1 -> cilova funkce je na polyedru neomezena.
 lambda = 4.463455
 pocet bloku N = 40
 Vektor lokalnich deformaci:
   5: fi 02 int = 1.944462
  26: fi 12 ext = 4.750793
  55: fi 27 int = 5.427169
  82: fi 40 ext = 2.620839
 Vektor indexu spary mezi bloky:
0		1		2		3		4		5		6		7		8		9		10		11		12		13		14		15		16		17		18		19		20		21		22		23		24		25		26		27		28		29		30		31		32		33		34		35		36		37		38		39		40		
 Vektor normalovych sil ve sparach (+ znaci tlak):
10.064752	9.901729	9.724582	9.534752	9.333797	9.123262	8.904583	8.679104	8.448233	8.213668	7.976642	7.738330	7.500027	5.663305	5.648820	5.641512	5.641740	5.649915	5.666112	5.690278	5.722842	5.763432	5.812132	5.868514	5.932520	6.003307	6.080822	6.164334	6.253190	6.346671	6.443998	6.544078	6.646376	6.749949	6.853308	6.955648	7.055726	7.152459	7.244574	7.330807	7.409968	
 Vektor vzdalenosti N od hornoho povrchu klenby:
0.133981	0.139719	0.142570	0.142531	0.139578	0.133666	0.124731	0.112690	0.097444	0.078875	0.056854	0.031237	0.001874	0.017042	0.033241	0.048446	0.062649	0.075832	0.087967	0.099017	0.108952	0.117722	0.125289	0.131607	0.136622	0.140303	0.142593	0.143459	0.142853	0.140731	0.137052	0.131771	0.124836	0.116196	0.105793	0.093560	0.079422	0.063290	0.045066	0.024631	0.001852	
 Vektor posouvajicich sil ve sparach:
-0.797292	-0.393440	-0.008500	0.357195	0.703384	1.029932	1.336803	1.624062	1.891890	2.140508	2.370306	2.581668	2.775145	-1.215665	-1.134123	-1.056832	-0.982815	-0.911049	-0.840542	-0.770200	-0.698983	-0.625885	-0.549783	-0.469715	-0.384614	-0.293509	-0.195426	-0.089452	0.025309	0.149680	0.284469	0.430392	0.588115	0.758234	0.941276	1.137709	1.347830	1.571965	1.810315	2.063020	2.330013	
