 icase = 0
         0 -> O.K.,
        -1 -> nelze splnit omezujici podminky,
        +1 -> cilova funkce je na polyedru neomezena.
 lambda = 5.456656
 pocet bloku N = 40
 Vektor lokalnich deformaci:
   2: fi 00 ext = 4.226660
  23: fi 11 int = 9.174533
  46: fi 22 ext = 6.434566
  65: fi 32 int = 1.486694
 Vektor indexu spary mezi bloky:
0		1		2		3		4		5		6		7		8		9		10		11		12		13		14		15		16		17		18		19		20		21		22		23		24		25		26		27		28		29		30		31		32		33		34		35		36		37		38		39		40		
 Vektor normalovych sil ve sparach (+ znaci tlak):
9.762985	9.742867	9.708911	9.662340	9.604332	9.536040	9.458289	9.372463	9.279550	9.180233	9.075704	8.967192	8.855310	8.740786	8.624677	8.507436	8.389903	8.272924	8.156703	8.041585	7.928512	7.817197	8.279084	8.456215	8.633752	8.810716	8.986570	9.160713	9.331837	9.499099	9.661545	9.818201	9.968060	10.109711	10.242261	10.364321	10.474932	10.572700	10.656583	10.725265	10.777484	
 Vektor vzdalenosti N od hornoho povrchu klenby:
0.000000	0.026642	0.050244	0.070968	0.088950	0.104300	0.117109	0.127447	0.135370	0.140917	0.144123	0.145000	0.143558	0.139803	0.133725	0.125320	0.114565	0.101446	0.085942	0.068027	0.047677	0.024865	0.000000	0.027659	0.052199	0.073705	0.092254	0.107918	0.120766	0.130854	0.138231	0.142938	0.145000	0.144437	0.141250	0.135428	0.126942	0.115746	0.101773	0.084933	0.065113	
 Vektor posouvajicich sil ve sparach:
-3.518357	-3.126549	-2.746204	-2.377568	-2.020966	-1.676505	-1.344331	-1.024404	-0.716658	-0.420944	-0.137080	0.135257	0.396408	0.646765	0.886811	1.117087	1.338107	1.550521	1.754958	1.952067	2.142612	2.327286	-2.919974	-2.707521	-2.483941	-2.248589	-2.000924	-1.740409	-1.466533	-1.179003	-0.877415	-0.561492	-0.231051	0.113999	0.473797	0.848197	1.237117	1.640383	2.057637	2.488581	2.932624	

 * Iterace c. 1 * Delta = 0.400180 *
 icase = 0
         0 -> O.K.,
        -1 -> nelze splnit omezujici podminky,
        +1 -> cilova funkce je na polyedru neomezena.
 lambda = 5.056476
 pocet bloku N = 40
 Vektor lokalnich deformaci:
   2: fi 00 ext = 3.833482
  23: fi 11 int = 8.394674
  46: fi 22 ext = 6.037237
  65: fi 32 int = 1.476036
 Vektor indexu spary mezi bloky:
0		1		2		3		4		5		6		7		8		9		10		11		12		13		14		15		16		17		18		19		20		21		22		23		24		25		26		27		28		29		30		31		32		33		34		35		36		37		38		39		40		
 Vektor normalovych sil ve sparach (+ znaci tlak):
9.473762	9.443982	9.401145	9.346634	9.281471	9.206909	9.123706	9.033609	8.936940	8.835304	8.729401	8.619917	8.508164	8.395004	8.280803	8.167277	8.053626	7.941312	7.831024	7.722933	7.617366	7.514784	7.943802	8.110449	8.278174	8.446453	8.614791	8.782015	8.947688	9.110138	9.269264	9.423477	9.571826	9.713150	9.846390	9.970548	10.084090	10.185916	10.274876	10.349599	10.409012	
 Vektor vzdalenosti N od hornoho povrchu klenby:
0.002366	0.028250	0.051176	0.071302	0.088758	0.103647	0.116057	0.126057	0.133703	0.139031	0.142072	0.142849	0.141369	0.137638	0.131657	0.123416	0.112918	0.100143	0.085079	0.067719	0.048043	0.026042	0.001982	0.028719	0.052483	0.073343	0.091356	0.106586	0.119083	0.128898	0.136070	0.140635	0.142611	0.142017	0.138850	0.133097	0.124729	0.113701	0.099947	0.083382	0.063893	
 Vektor posouvajicich sil ve sparach:
-3.326078	-2.949663	-2.585193	-2.232905	-1.893004	-1.565615	-1.250824	-0.948509	-0.658629	-0.380926	-0.115166	0.138996	0.381972	0.614192	0.836167	1.048536	1.251845	1.446767	1.633999	1.814256	1.988286	2.156874	-2.707992	-2.513374	-2.308156	-2.091639	-1.863230	-1.622379	-1.368507	-1.101190	-0.820065	-0.524764	-0.215040	0.109266	0.448293	0.802028	1.170414	1.553287	1.950414	2.361505	2.786119	

 * Iterace c. 2 * Delta = 0.000286 *
 icase = 0
         0 -> O.K.,
        -1 -> nelze splnit omezujici podminky,
        +1 -> cilova funkce je na polyedru neomezena.
 lambda = 5.056190
 pocet bloku N = 40
 Vektor lokalnich deformaci:
   2: fi 00 ext = 3.847344
  23: fi 11 int = 8.421988
  46: fi 22 ext = 6.051144
  65: fi 32 int = 1.476508
 Vektor indexu spary mezi bloky:
0		1		2		3		4		5		6		7		8		9		10		11		12		13		14		15		16		17		18		19		20		21		22		23		24		25		26		27		28		29		30		31		32		33		34		35		36		37		38		39		40		
 Vektor normalovych sil ve sparach (+ znaci tlak):
9.473586	9.443762	9.401011	9.346525	9.281363	9.206626	9.123659	9.033311	8.936878	8.834957	8.729100	8.619904	8.508170	8.395044	8.280969	8.166823	8.053492	7.941226	7.830947	7.722610	7.617132	7.514473	7.943767	8.110149	8.277883	8.446189	8.614549	8.781678	8.947195	9.109947	9.269043	9.423260	9.571431	9.712962	9.846197	9.970166	10.083812	10.185711	10.274537	10.349360	10.408757	
 Vektor vzdalenosti N od hornoho povrchu klenby:
0.002368	0.028251	0.051178	0.071303	0.088758	0.103647	0.116057	0.126058	0.133702	0.139032	0.142072	0.142845	0.141364	0.137635	0.131653	0.123419	0.112917	0.100140	0.085079	0.067718	0.048045	0.026044	0.001986	0.028718	0.052481	0.073337	0.091353	0.106582	0.119082	0.128895	0.136065	0.140629	0.142607	0.142012	0.138844	0.133092	0.124724	0.113696	0.099942	0.083377	0.063887	
 Vektor posouvajicich sil ve sparach:
-3.325917	-2.949573	-2.585089	-2.232821	-1.892932	-1.565560	-1.250746	-0.948464	-0.658583	-0.380914	-0.115150	0.139000	0.381954	0.614174	0.836157	1.048508	1.251799	1.446707	1.633920	1.814151	1.988191	2.156760	-2.707808	-2.513217	-2.307999	-2.091517	-1.863132	-1.622258	-1.368415	-1.101103	-0.819992	-0.524705	-0.214985	0.109291	0.448323	0.802032	1.170401	1.553260	1.950383	2.361449	2.786065	
