 icase = 0
         0 -> O.K.,
        -1 -> nelze splnit omezujici podminky,
        +1 -> cilova funkce je na polyedru neomezena.
 lambda = 5.138506
 pocet bloku N = 40
 Vektor lokalnich deformaci:
  15: fi 07 int = 1.597636
  36: fi 17 ext = 5.932830
  59: fi 29 int = 8.305346
  82: fi 40 ext = 3.970152
 Vektor indexu spary mezi bloky:
0		1		2		3		4		5		6		7		8		9		10		11		12		13		14		15		16		17		18		19		20		21		22		23		24		25		26		27		28		29		30		31		32		33		34		35		36		37		38		39		40		
 Vektor normalovych sil ve sparach (+ znaci tlak):
10.546947	10.471602	10.380468	10.274869	10.156162	10.025578	9.884300	9.733732	9.575021	9.409226	9.237552	9.061380	8.881691	8.699151	8.515183	8.330405	8.145891	7.962540	7.243711	7.332283	7.424790	7.520560	7.619868	7.721851	7.826243	7.932285	8.039575	8.147793	8.255862	8.362872	8.468190	8.571110	8.670549	8.765350	8.854715	8.937459	9.012638	9.078981	9.135530	9.181026	9.214316	
 Vektor vzdalenosti N od hornoho povrchu klenby:
0.083588	0.100688	0.114895	0.126301	0.134976	0.140967	0.144305	0.145000	0.143049	0.138433	0.131127	0.121085	0.108255	0.092582	0.073994	0.052421	0.027782	0.000000	0.017680	0.040154	0.060440	0.078540	0.094455	0.108190	0.119752	0.129141	0.136362	0.141411	0.144293	0.145000	0.143523	0.139845	0.133943	0.125785	0.115327	0.102514	0.087275	0.069522	0.049149	0.026027	0.000000	
 Vektor posouvajicich sil ve sparach:
-2.484128	-2.052715	-1.635689	-1.233435	-0.846342	-0.474618	-0.118458	0.222079	0.547025	0.856465	1.150568	1.429611	1.693915	1.943871	2.179963	2.402735	2.612732	2.810630	-2.113257	-1.958630	-1.799856	-1.636142	-1.466731	-1.290773	-1.107562	-0.916365	-0.716499	-0.507293	-0.288128	-0.058522	0.182064	0.434085	0.697888	0.973764	1.262021	1.562720	1.875993	2.201852	2.540161	2.890828	3.253510	

 * Iterace c. 1 * Delta = 0.338765 *
 icase = 0
         0 -> O.K.,
        -1 -> nelze splnit omezujici podminky,
        +1 -> cilova funkce je na polyedru neomezena.
 lambda = 4.799742
 pocet bloku N = 40
 Vektor lokalnich deformaci:
  15: fi 07 int = 1.580513
  36: fi 17 ext = 5.626614
  59: fi 29 int = 7.698952
  82: fi 40 ext = 3.652852
 Vektor indexu spary mezi bloky:
0		1		2		3		4		5		6		7		8		9		10		11		12		13		14		15		16		17		18		19		20		21		22		23		24		25		26		27		28		29		30		31		32		33		34		35		36		37		38		39		40		
 Vektor normalovych sil ve sparach (+ znaci tlak):
10.231080	10.150923	10.055840	9.947203	9.826308	9.694499	9.552740	9.402751	9.245369	9.082128	8.913911	8.741736	8.566981	8.390435	8.212992	8.035879	7.860011	7.685610	7.011768	7.093369	7.179745	7.269816	7.363768	7.461369	7.562252	7.665585	7.770836	7.877648	7.984735	8.092005	8.198120	8.302600	8.404267	8.502132	8.595208	8.682467	8.762688	8.834958	8.897942	8.950560	8.991648	
 Vektor vzdalenosti N od hornoho povrchu klenby:
0.081643	0.098559	0.112624	0.123931	0.132549	0.138524	0.141888	0.142652	0.140817	0.136368	0.129278	0.119515	0.107034	0.091786	0.073710	0.052749	0.028841	0.001919	0.019114	0.040788	0.060395	0.077932	0.093389	0.106762	0.118047	0.127237	0.134330	0.139323	0.142210	0.142979	0.141621	0.138113	0.132435	0.124550	0.114419	0.101984	0.087178	0.069915	0.050093	0.027587	0.002246	
 Vektor posouvajicich sil ve sparach:
-2.383419	-1.968691	-1.568563	-1.183395	-0.813515	-0.459095	-0.120296	0.202918	0.510549	0.802783	1.079848	1.342035	1.589741	1.823355	2.043471	2.250599	2.445390	2.628553	-1.972693	-1.830359	-1.684262	-1.533566	-1.377397	-1.214962	-1.045480	-0.868184	-0.682315	-0.487215	-0.282252	-0.066823	0.159606	0.397487	0.647331	0.909333	1.183875	1.471109	1.771180	2.084065	2.409780	2.748176	3.099019	

 * Iterace c. 2 * Delta = 0.000192 *
 icase = 0
         0 -> O.K.,
        -1 -> nelze splnit omezujici podminky,
        +1 -> cilova funkce je na polyedru neomezena.
 lambda = 4.799550
 pocet bloku N = 40
 Vektor lokalnich deformaci:
  15: fi 07 int = 1.581095
  36: fi 17 ext = 5.635822
  59: fi 29 int = 7.717183
  82: fi 40 ext = 3.662463
 Vektor indexu spary mezi bloky:
0		1		2		3		4		5		6		7		8		9		10		11		12		13		14		15		16		17		18		19		20		21		22		23		24		25		26		27		28		29		30		31		32		33		34		35		36		37		38		39		40		
 Vektor normalovych sil ve sparach (+ znaci tlak):
10.230920	10.150724	10.055629	9.947075	9.826132	9.694331	9.552692	9.402582	9.245279	9.081809	8.913741	8.741506	8.566781	8.390292	8.212864	8.035853	7.859658	7.685523	7.011603	7.093689	7.179545	7.269914	7.363831	7.461406	7.562083	7.665343	7.770792	7.877280	7.984716	8.091933	8.198177	8.302548	8.404185	8.501955	8.595119	8.682301	8.762658	8.834882	8.897845	8.950459	8.991541	
 Vektor vzdalenosti N od hornoho povrchu klenby:
0.081640	0.098555	0.112621	0.123928	0.132546	0.138521	0.141885	0.142649	0.140815	0.136365	0.129277	0.119516	0.107033	0.091783	0.073709	0.052749	0.028839	0.001921	0.019114	0.040791	0.060396	0.077932	0.093389	0.106762	0.118046	0.127237	0.134330	0.139325	0.142209	0.142977	0.141619	0.138112	0.132433	0.124551	0.114419	0.101985	0.087178	0.069916	0.050094	0.027588	0.002248	
 Vektor posouvajicich sil ve sparach:
-2.383397	-1.968661	-1.568512	-1.183359	-0.813503	-0.459117	-0.120302	0.202900	0.510510	0.802738	1.079788	1.341977	1.589637	1.823274	2.043373	2.250494	2.445291	2.628435	-1.972633	-1.830315	-1.684226	-1.533506	-1.377353	-1.214924	-1.045446	-0.868155	-0.682293	-0.487200	-0.282253	-0.066837	0.159595	0.397503	0.647284	0.909288	1.183814	1.471071	1.771110	2.084008	2.409718	2.748100	3.098944	
