 icase = 0
         0 -> O.K.,
        -1 -> nelze splnit omezujici podminky,
        +1 -> cilova funkce je na polyedru neomezena.
 lambda = 4.681918
 pocet bloku N = 40
 Vektor lokalnich deformaci:
   9: fi 04 int = 1.601044
  32: fi 15 ext = 5.230893
  57: fi 28 int = 6.878700
  82: fi 40 ext = 3.248857
 Vektor indexu spary mezi bloky:
0		1		2		3		4		5		6		7		8		9		10		11		12		13		14		15		16		17		18		19		20		21		22		23		24		25		26		27		28		29		30		31		32		33		34		35		36		37		38		39		40		
 Vektor normalovych sil ve sparach (+ znaci tlak):
10.229975	10.105911	9.967052	9.814869	9.650837	9.476326	9.292601	9.101220	8.903399	8.700411	8.493414	8.284012	8.073144	7.861739	7.651148	6.230404	6.262350	6.300700	6.345283	6.395898	6.452966	6.515970	6.585154	6.659986	6.740068	6.824846	6.913881	7.006923	7.102847	7.201022	7.300675	7.401062	7.501192	7.599910	7.696380	7.789407	7.877982	7.960865	8.037025	8.105118	8.163968	
 Vektor vzdalenosti N od hornoho povrchu klenby:
0.117920	0.128882	0.137024	0.142389	0.145000	0.144858	0.141947	0.136236	0.127678	0.116209	0.101762	0.084248	0.063576	0.039647	0.012355	0.000000	0.020777	0.040063	0.057825	0.074034	0.088659	0.101672	0.113032	0.122717	0.130695	0.136938	0.141421	0.144115	0.145000	0.144048	0.141232	0.136520	0.129877	0.121260	0.110620	0.097896	0.083019	0.065901	0.046443	0.024523	0.000000	
 Vektor posouvajicich sil ve sparach:
-1.544875	-1.131338	-0.734713	-0.355329	0.006489	0.350592	0.676877	0.985358	1.276153	1.549443	1.805501	2.044699	2.267478	2.474330	2.665868	-1.679629	-1.573941	-1.468886	-1.363527	-1.256946	-1.148145	-1.036191	-0.920179	-0.799127	-0.672162	-0.538406	-0.397019	-0.247169	-0.088069	0.080916	0.260512	0.451318	0.653861	0.868599	1.096001	1.336307	1.589809	1.856671	2.136944	2.430667	2.737672	

 * Iterace c. 1 * Delta = 0.220629 *
 icase = 0
         0 -> O.K.,
        -1 -> nelze splnit omezujici podminky,
        +1 -> cilova funkce je na polyedru neomezena.
 lambda = 4.461289
 pocet bloku N = 40
 Vektor lokalnich deformaci:
   9: fi 04 int = 1.591908
  32: fi 15 ext = 5.075872
  57: fi 28 int = 6.569605
  82: fi 40 ext = 3.085639
 Vektor indexu spary mezi bloky:
0		1		2		3		4		5		6		7		8		9		10		11		12		13		14		15		16		17		18		19		20		21		22		23		24		25		26		27		28		29		30		31		32		33		34		35		36		37		38		39		40		
 Vektor normalovych sil ve sparach (+ znaci tlak):
10.017145	9.891914	9.752505	9.600442	9.437012	9.263602	9.081794	8.892590	8.697823	8.498168	8.295302	8.090523	7.884809	7.679010	7.474565	6.117538	6.145525	6.179807	6.220662	6.268424	6.322658	6.383267	6.450303	6.523304	6.602112	6.685958	6.774636	6.867282	6.963326	7.062235	7.162837	7.264448	7.366289	7.467074	7.565964	7.661932	7.753656	7.840007	7.919942	7.992129	8.055449	
 Vektor vzdalenosti N od hornoho povrchu klenby:
0.115279	0.126275	0.134475	0.139923	0.142642	0.142638	0.139896	0.134386	0.126067	0.114886	0.100770	0.083647	0.063432	0.040035	0.013370	0.001529	0.021637	0.040332	0.057589	0.073368	0.087641	0.100361	0.111501	0.121026	0.128894	0.135081	0.139560	0.142295	0.143260	0.142429	0.139772	0.135252	0.128837	0.120481	0.110135	0.097738	0.083222	0.066501	0.047474	0.026025	0.002013	
 Vektor posouvajicich sil ve sparach:
-1.517279	-1.114958	-0.729533	-0.361392	-0.010797	0.322127	0.637337	0.934827	1.214767	1.477382	1.722967	1.951892	2.164661	2.361807	2.543957	-1.597518	-1.497849	-1.399026	-1.300090	-1.200092	-1.098054	-0.993002	-0.883983	-0.770039	-0.650260	-0.523743	-0.389625	-0.247077	-0.095326	0.066395	0.238758	0.422366	0.617797	0.825550	1.046039	1.279609	1.526501	1.786937	2.060964	2.348662	2.649903	

 * Iterace c. 2 * Delta = 0.000157 *
 icase = 0
         0 -> O.K.,
        -1 -> nelze splnit omezujici podminky,
        +1 -> cilova funkce je na polyedru neomezena.
 lambda = 4.461132
 pocet bloku N = 40
 Vektor lokalnich deformaci:
   9: fi 04 int = 1.592115
  32: fi 15 ext = 5.078670
  57: fi 28 int = 6.575156
  82: fi 40 ext = 3.088601
 Vektor indexu spary mezi bloky:
0		1		2		3		4		5		6		7		8		9		10		11		12		13		14		15		16		17		18		19		20		21		22		23		24		25		26		27		28		29		30		31		32		33		34		35		36		37		38		39		40		
 Vektor normalovych sil ve sparach (+ znaci tlak):
10.016964	9.891751	9.752335	9.600242	9.436903	9.263528	9.081537	8.892455	8.697646	8.498082	8.295222	8.090351	7.884529	7.678975	7.474342	6.117441	6.145424	6.179804	6.220651	6.268265	6.322203	6.383257	6.450225	6.523362	6.601843	6.685756	6.774511	6.867137	6.963100	7.062080	7.162654	7.264484	7.366239	7.466998	7.565879	7.661816	7.753497	7.839979	7.919854	7.992027	8.055349	
 Vektor vzdalenosti N od hornoho povrchu klenby:
0.115277	0.126274	0.134474	0.139922	0.142641	0.142635	0.139893	0.134385	0.126066	0.114883	0.100768	0.083644	0.063429	0.040037	0.013370	0.001529	0.021639	0.040333	0.057587	0.073368	0.087639	0.100360	0.111499	0.121021	0.128892	0.135079	0.139554	0.142290	0.143259	0.142427	0.139769	0.135249	0.128833	0.120480	0.110134	0.097737	0.083221	0.066499	0.047474	0.026025	0.002014	
 Vektor posouvajicich sil ve sparach:
-1.517262	-1.114924	-0.729530	-0.361394	-0.010806	0.322124	0.637308	0.934809	1.214725	1.477334	1.722904	1.951848	2.164608	2.361740	2.543861	-1.597468	-1.497800	-1.398977	-1.300046	-1.200054	-1.098003	-0.992967	-0.883939	-0.770025	-0.650249	-0.523743	-0.389636	-0.247068	-0.095341	0.066387	0.238734	0.422349	0.617778	0.825508	1.045984	1.279557	1.526455	1.786858	2.060905	2.348585	2.649834	
