 icase = 0
         0 -> O.K.,
        -1 -> nelze splnit omezujici podminky,
        +1 -> cilova funkce je na polyedru neomezena.
 lambda = 4.667103
 pocet bloku N = 40
 Vektor lokalnich deformaci:
   5: fi 02 int = 1.959256
  26: fi 12 ext = 4.820224
  55: fi 27 int = 5.547068
  82: fi 40 ext = 2.686100
 Vektor indexu spary mezi bloky:
0		1		2		3		4		5		6		7		8		9		10		11		12		13		14		15		16		17		18		19		20		21		22		23		24		25		26		27		28		29		30		31		32		33		34		35		36		37		38		39		40		
 Vektor normalovych sil ve sparach (+ znaci tlak):
10.259805	10.095973	9.917378	9.725593	9.522193	9.308670	9.086398	8.857048	8.621904	8.382367	8.139734	7.895571	7.651083	5.734650	5.723215	5.718584	5.721311	5.731902	5.750230	5.776256	5.810446	5.852353	5.902279	5.959667	6.024248	6.095486	6.173018	6.256521	6.345025	6.437813	6.534162	6.633412	6.734433	6.836183	6.937768	7.037982	7.135826	7.230005	7.319449	7.402802	7.478833	
 Vektor vzdalenosti N od hornoho povrchu klenby:
0.136810	0.142359	0.145000	0.144726	0.141511	0.135303	0.126037	0.113622	0.097952	0.078900	0.056330	0.030087	0.000000	0.015126	0.031914	0.047656	0.062338	0.075946	0.088449	0.099815	0.110008	0.118990	0.126712	0.133136	0.138220	0.141920	0.144194	0.145000	0.144301	0.142054	0.138220	0.132752	0.125605	0.116728	0.106060	0.093539	0.079086	0.062615	0.044026	0.023200	0.000000	
 Vektor posouvajicich sil ve sparach:
-0.785793	-0.371732	0.023328	0.399076	0.755186	1.091532	1.408021	1.704717	1.981740	2.239338	2.477803	2.697569	2.899122	-1.274089	-1.188737	-1.107471	-1.029357	-0.953362	-0.878481	-0.803707	-0.727952	-0.650200	-0.569445	-0.484611	-0.394733	-0.298818	-0.195928	-0.085128	0.034475	0.163635	0.303170	0.453805	0.616168	0.790832	0.978370	1.179132	1.393524	1.621815	1.864158	2.120697	2.391374	

 * Iterace c. 1 * Delta = 0.203700 *
 icase = 0
         0 -> O.K.,
        -1 -> nelze splnit omezujici podminky,
        +1 -> cilova funkce je na polyedru neomezena.
 lambda = 4.463403
 pocet bloku N = 40
 Vektor lokalnich deformaci:
   5: fi 02 int = 1.929403
  26: fi 12 ext = 4.681120
  55: fi 27 int = 5.307071
  82: fi 40 ext = 2.555354
 Vektor indexu spary mezi bloky:
0		1		2		3		4		5		6		7		8		9		10		11		12		13		14		15		16		17		18		19		20		21		22		23		24		25		26		27		28		29		30		31		32		33		34		35		36		37		38		39		40		
 Vektor normalovych sil ve sparach (+ znaci tlak):
10.064708	9.901727	9.724545	9.534713	9.333770	9.123162	8.904496	8.679041	8.448231	8.213778	7.976614	7.738482	7.499814	5.663465	5.648854	5.641431	5.641656	5.649861	5.666119	5.690499	5.722914	5.763425	5.812267	5.868592	5.932435	6.003325	6.081008	6.164332	6.253098	6.346600	6.443828	6.544161	6.646529	6.749907	6.853379	6.955605	7.055724	7.152487	7.244546	7.330800	7.409946	
 Vektor vzdalenosti N od hornoho povrchu klenby:
0.133980	0.139719	0.142570	0.142531	0.139579	0.133667	0.124732	0.112691	0.097445	0.078876	0.056857	0.031241	0.001874	0.017048	0.033244	0.048449	0.062652	0.075832	0.087967	0.099019	0.108952	0.117724	0.125290	0.131604	0.136627	0.140302	0.142593	0.143459	0.142854	0.140731	0.137053	0.131772	0.124836	0.116197	0.105794	0.093561	0.079422	0.063291	0.045065	0.024631	0.001852	
 Vektor posouvajicich sil ve sparach:
-0.797291	-0.393450	-0.008509	0.357183	0.703349	1.029905	1.336786	1.624044	1.891872	2.140501	2.370282	2.581655	2.775124	-1.215661	-1.134121	-1.056826	-0.982815	-0.911044	-0.840524	-0.770186	-0.698982	-0.625860	-0.549778	-0.469700	-0.384612	-0.293514	-0.195432	-0.089443	0.025298	0.149678	0.284480	0.430399	0.588135	0.758244	0.941289	1.137696	1.347832	1.571977	1.810331	2.063021	2.330030	

 * Iterace c. 2 * Delta = 0.000024 *
 icase = 0
         0 -> O.K.,
        -1 -> nelze splnit omezujici podminky,
        +1 -> cilova funkce je na polyedru neomezena.
 lambda = 4.463379
 pocet bloku N = 40
 Vektor lokalnich deformaci:
   5: fi 02 int = 1.929961
  26: fi 12 ext = 4.683439
  55: fi 27 int = 5.311022
  82: fi 40 ext = 2.557543
 Vektor indexu spary mezi bloky:
0		1		2		3		4		5		6		7		8		9		10		11		12		13		14		15		16		17		18		19		20		21		22		23		24		25		26		27		28		29		30		31		32		33		34		35		36		37		38		39		40		
 Vektor normalovych sil ve sparach (+ znaci tlak):
10.064702	9.901711	9.724493	9.534743	9.333754	9.123243	8.904451	8.679027	8.448311	8.213796	7.976574	7.738182	7.499997	5.663425	5.648754	5.641448	5.641768	5.649786	5.665988	5.690228	5.722954	5.763391	5.812153	5.868369	5.932336	6.003356	6.080753	6.164305	6.253070	6.346501	6.443973	6.544197	6.646381	6.749856	6.853306	6.955624	7.055682	7.152425	7.244522	7.330824	7.409928	
 Vektor vzdalenosti N od hornoho povrchu klenby:
0.133979	0.139718	0.142569	0.142530	0.139577	0.133665	0.124731	0.112690	0.097443	0.078874	0.056853	0.031238	0.001875	0.017044	0.033242	0.048445	0.062650	0.075830	0.087965	0.099019	0.108948	0.117724	0.125287	0.131604	0.136622	0.140301	0.142594	0.143459	0.142852	0.140731	0.137051	0.131770	0.124835	0.116196	0.105792	0.093560	0.079421	0.063290	0.045065	0.024632	0.001852	
 Vektor posouvajicich sil ve sparach:
-0.797298	-0.393436	-0.008509	0.357182	0.703350	1.029903	1.336775	1.624048	1.891870	2.140481	2.370274	2.581621	2.775097	-1.215638	-1.134094	-1.056823	-0.982802	-0.911045	-0.840526	-0.770181	-0.698990	-0.625863	-0.549779	-0.469699	-0.384613	-0.293515	-0.195442	-0.089473	0.025284	0.149673	0.284453	0.430380	0.588112	0.758228	0.941261	1.137661	1.347815	1.571960	1.810294	2.062977	2.329988	
