 icase = 0
         0 -> O.K.,
        -1 -> nelze splnit omezujici podminky,
        +1 -> cilova funkce je na polyedru neomezena.
 lambda = 4.898006
 pocet bloku N = 40
 Vektor lokalnich deformaci:
   2: fi 00 ext = 3.450270
  25: fi 12 int = 7.584895
  50: fi 24 ext = 5.683510
  71: fi 35 int = 1.548880
 Vektor indexu spary mezi bloky:
0		1		2		3		4		5		6		7		8		9		10		11		12		13		14		15		16		17		18		19		20		21		22		23		24		25		26		27		28		29		30		31		32		33		34		35		36		37		38		39		40		
 Vektor normalovych sil ve sparach (+ znaci tlak):
8.544324	8.494913	8.435106	8.366122	8.289365	8.205787	8.116541	8.022843	7.925624	7.826015	7.724596	7.623037	7.521806	7.421482	7.323308	7.227563	7.134956	7.046437	6.962075	6.881982	6.807066	6.737120	6.672768	6.613790	6.560384	7.779533	7.982132	8.185740	8.389215	8.591169	8.790859	8.987212	9.178985	9.364723	9.543361	9.713500	9.873940	10.023195	10.160095	10.283094	10.390897	
 Vektor vzdalenosti N od hornoho povrchu klenby:
0.000000	0.025136	0.047552	0.067395	0.084789	0.099836	0.112620	0.123215	0.131676	0.138047	0.142378	0.144686	0.145000	0.143347	0.139737	0.134194	0.126729	0.117358	0.106098	0.092969	0.077989	0.061181	0.042562	0.022163	0.000000	0.007207	0.034804	0.059102	0.080197	0.098182	0.113143	0.125161	0.134303	0.140629	0.144183	0.145000	0.143095	0.138470	0.131105	0.120964	0.107987	
 Vektor posouvajicich sil ve sparach:
-2.927010	-2.599800	-2.285470	-1.984138	-1.695907	-1.420725	-1.158508	-0.909069	-0.672112	-0.447311	-0.234292	-0.032529	0.158497	0.339392	0.510820	0.673501	0.828146	0.975582	1.116620	1.252073	1.382881	1.509905	1.634000	1.756137	1.877177	-2.733074	-2.538715	-2.330028	-2.106362	-1.867302	-1.612285	-1.340915	-1.052904	-0.748024	-0.426040	-0.086983	0.269164	0.642303	1.032171	1.438528	1.860874	

 * Iterace c. 1 * Delta = 0.256433 *
 icase = 0
         0 -> O.K.,
        -1 -> nelze splnit omezujici podminky,
        +1 -> cilova funkce je na polyedru neomezena.
 lambda = 4.641573
 pocet bloku N = 40
 Vektor lokalnich deformaci:
   2: fi 00 ext = 3.248221
  25: fi 12 int = 7.187342
  50: fi 24 ext = 5.479754
  71: fi 35 int = 1.540634
 Vektor indexu spary mezi bloky:
0		1		2		3		4		5		6		7		8		9		10		11		12		13		14		15		16		17		18		19		20		21		22		23		24		25		26		27		28		29		30		31		32		33		34		35		36		37		38		39		40		
 Vektor normalovych sil ve sparach (+ znaci tlak):
8.403608	8.348712	8.283906	8.210543	8.129580	8.042217	7.949505	7.853219	7.753555	7.652054	7.549429	7.446748	7.344979	7.244712	7.146938	7.052568	6.961467	6.874699	6.792578	6.715429	6.643927	6.578055	6.517604	6.463051	6.414649	7.573155	7.768844	7.965930	8.163623	8.360266	8.555710	8.748049	8.936463	9.119494	9.296211	9.465180	9.624973	9.774410	9.912032	10.036466	10.146385	
 Vektor vzdalenosti N od hornoho povrchu klenby:
0.002100	0.026670	0.048571	0.067946	0.084914	0.099578	0.112019	0.122309	0.130504	0.136652	0.140791	0.142952	0.143165	0.141454	0.137832	0.132326	0.124958	0.115741	0.104704	0.091868	0.077254	0.060894	0.042813	0.023037	0.001603	0.008436	0.035345	0.059059	0.079657	0.097221	0.111828	0.123545	0.132440	0.138559	0.141949	0.142635	0.140634	0.135942	0.128541	0.118393	0.105436	
 Vektor posouvajicich sil ve sparach:
-2.819844	-2.500176	-2.193623	-1.900346	-1.620353	-1.353671	-1.100070	-0.859463	-0.631457	-0.415726	-0.211853	-0.019313	0.162478	0.334119	0.496281	0.649762	0.795269	0.933664	1.065737	1.192417	1.314589	1.433162	1.549038	1.663168	1.776451	-2.593564	-2.410196	-2.212838	-2.000859	-1.773729	-1.530901	-1.271992	-0.996590	-0.704465	-0.395396	-0.069327	0.273836	0.633894	1.010747	1.404163	1.813665	

 * Iterace c. 2 * Delta = -0.000008 *
 icase = 0
         0 -> O.K.,
        -1 -> nelze splnit omezujici podminky,
        +1 -> cilova funkce je na polyedru neomezena.
 lambda = 4.641581
 pocet bloku N = 40
 Vektor lokalnich deformaci:
   2: fi 00 ext = 3.252611
  25: fi 12 int = 7.195887
  50: fi 24 ext = 5.484158
  71: fi 35 int = 1.540881
 Vektor indexu spary mezi bloky:
0		1		2		3		4		5		6		7		8		9		10		11		12		13		14		15		16		17		18		19		20		21		22		23		24		25		26		27		28		29		30		31		32		33		34		35		36		37		38		39		40		
 Vektor normalovych sil ve sparach (+ znaci tlak):
8.403632	8.348783	8.283964	8.210473	8.129558	8.042152	7.949639	7.853176	7.753335	7.651907	7.549434	7.446868	7.345080	7.244750	7.147123	7.052248	6.961240	6.874465	6.792507	6.715701	6.644170	6.577677	6.517551	6.463156	6.414896	7.573280	7.768723	7.966288	8.163285	8.360314	8.555640	8.747867	8.936320	9.119525	9.296330	9.465200	9.625021	9.774449	9.912018	10.036465	10.146367	
 Vektor vzdalenosti N od hornoho povrchu klenby:
0.002101	0.026671	0.048572	0.067945	0.084914	0.099576	0.112018	0.122308	0.130503	0.136650	0.140790	0.142952	0.143164	0.141452	0.137831	0.132330	0.124958	0.115744	0.104701	0.091862	0.077250	0.060890	0.042811	0.023036	0.001604	0.008435	0.035344	0.059059	0.079657	0.097220	0.111826	0.123544	0.132438	0.138557	0.141947	0.142634	0.140632	0.135940	0.128539	0.118391	0.105434	
 Vektor posouvajicich sil ve sparach:
-2.819867	-2.500164	-2.193607	-1.900312	-1.620359	-1.353642	-1.100090	-0.859453	-0.631464	-0.415736	-0.211859	-0.019320	0.162481	0.334102	0.496293	0.649781	0.795287	0.933660	1.065754	1.192431	1.314596	1.433176	1.549060	1.663180	1.776474	-2.593571	-2.410176	-2.212820	-2.000862	-1.773712	-1.530914	-1.271977	-0.996592	-0.704448	-0.395412	-0.069299	0.273820	0.633921	1.010757	1.404163	1.813651	
