 icase = 0
         0 -> O.K.,
        -1 -> nelze splnit omezujici podminky,
        +1 -> cilova funkce je na polyedru neomezena.
 lambda = 5.897029
 pocet bloku N = 40
 Vektor lokalnich deformaci:
   1: fi 00 int = 2.500005
  22: fi 10 ext = 5.560503
  53: fi 26 int = 5.918508
  82: fi 40 ext = 2.858009
 Vektor indexu spary mezi bloky:
0		1		2		3		4		5		6		7		8		9		10		11		12		13		14		15		16		17		18		19		20		21		22		23		24		25		26		27		28		29		30		31		32		33		34		35		36		37		38		39		40		
 Vektor normalovych sil ve sparach (+ znaci tlak):
11.341004	11.124666	10.890758	10.640995	10.377098	10.100725	9.813459	9.517105	9.213162	8.903205	5.640176	5.594280	5.554306	5.520723	5.494396	5.475550	5.464712	5.462382	5.468587	5.483278	5.506919	5.539095	5.580113	5.629526	5.687027	5.752111	5.824431	5.903686	5.988897	6.079367	6.174409	6.273265	6.374955	6.478308	6.582505	6.686311	6.788700	6.888371	6.984250	7.074949	7.159231	
 Vektor vzdalenosti N od hornoho povrchu klenby:
0.145000	0.143421	0.138584	0.130405	0.118767	0.103522	0.084492	0.061461	0.034180	0.002358	0.000000	0.016223	0.031479	0.045806	0.059227	0.071754	0.083386	0.094114	0.103921	0.112779	0.120653	0.127514	0.133309	0.138002	0.141546	0.143895	0.145000	0.144812	0.143289	0.140381	0.136041	0.130215	0.122850	0.113889	0.103267	0.090916	0.076754	0.060691	0.042626	0.022441	0.000000	
 Vektor posouvajicich sil ve sparach:
0.188951	0.658263	1.105752	1.530956	1.933422	2.312898	2.669170	3.002183	3.311978	3.598692	-1.244421	-1.150371	-1.063987	-0.984389	-0.910629	-0.841721	-0.776693	-0.714474	-0.654027	-0.594299	-0.534166	-0.472567	-0.408450	-0.340697	-0.268293	-0.190201	-0.105431	-0.012998	0.088041	0.198487	0.319218	0.450999	0.594517	0.750397	0.919260	1.101512	1.297604	1.507857	1.732479	1.971656	2.225376	

 * Iterace c. 1 * Delta = 0.206487 *
 icase = 0
         0 -> O.K.,
        -1 -> nelze splnit omezujici podminky,
        +1 -> cilova funkce je na polyedru neomezena.
 lambda = 5.690542
 pocet bloku N = 40
 Vektor lokalnich deformaci:
   1: fi 00 int = 2.469676
  22: fi 10 ext = 5.443843
  53: fi 26 int = 5.725250
  82: fi 40 ext = 2.751083
 Vektor indexu spary mezi bloky:
0		1		2		3		4		5		6		7		8		9		10		11		12		13		14		15		16		17		18		19		20		21		22		23		24		25		26		27		28		29		30		31		32		33		34		35		36		37		38		39		40		
 Vektor normalovych sil ve sparach (+ znaci tlak):
11.144668	10.930983	10.700252	10.454266	10.194733	9.923071	9.641132	9.350275	9.052508	8.749164	5.596455	5.548415	5.506525	5.471209	5.443116	5.422738	5.410568	5.407010	5.411855	5.425823	5.448493	5.480309	5.520948	5.569807	5.627159	5.692453	5.765017	5.844495	5.930082	6.021319	6.117405	6.217143	6.320027	6.424650	6.530269	6.635764	6.739865	6.841410	6.939269	7.032062	7.118569	
 Vektor vzdalenosti N od hornoho povrchu klenby:
0.142215	0.140904	0.136357	0.128491	0.117197	0.102333	0.083725	0.061168	0.034422	0.003211	0.001399	0.017181	0.032028	0.045978	0.059057	0.071276	0.082639	0.093135	0.102747	0.111449	0.119208	0.125981	0.131731	0.136414	0.139978	0.142375	0.143559	0.143477	0.142086	0.139330	0.135161	0.129528	0.122372	0.113637	0.103258	0.091164	0.077275	0.061502	0.043743	0.023880	0.001780	
 Vektor posouvajicich sil ve sparach:
0.142788	0.601876	1.039308	1.454627	1.847444	2.217469	2.564584	2.888719	3.189935	3.468401	-1.203764	-1.112054	-1.028134	-0.951077	-0.879958	-0.813767	-0.751532	-0.692193	-0.634677	-0.577920	-0.520824	-0.462294	-0.401269	-0.336613	-0.267356	-0.192385	-0.110716	-0.021388	0.076547	0.183951	0.301690	0.430476	0.571110	0.724151	0.890217	1.069784	1.263295	1.471000	1.693219	1.930092	2.181643	

 * Iterace c. 2 * Delta = 0.000107 *
 icase = 0
         0 -> O.K.,
        -1 -> nelze splnit omezujici podminky,
        +1 -> cilova funkce je na polyedru neomezena.
 lambda = 5.690435
 pocet bloku N = 40
 Vektor lokalnich deformaci:
   1: fi 00 int = 2.470202
  22: fi 10 ext = 5.445386
  53: fi 26 int = 5.727571
  82: fi 40 ext = 2.752387
 Vektor indexu spary mezi bloky:
0		1		2		3		4		5		6		7		8		9		10		11		12		13		14		15		16		17		18		19		20		21		22		23		24		25		26		27		28		29		30		31		32		33		34		35		36		37		38		39		40		
 Vektor normalovych sil ve sparach (+ znaci tlak):
11.144537	10.930868	10.700212	10.454229	10.194598	9.922871	9.641040	9.350271	9.052452	8.749048	5.596566	5.548443	5.506558	5.471181	5.443241	5.422861	5.410647	5.407021	5.411879	5.425657	5.448588	5.480313	5.520724	5.569907	5.627276	5.692538	5.764880	5.844417	5.930351	6.021293	6.117345	6.217135	6.319917	6.424529	6.530330	6.635684	6.739833	6.841438	6.939247	7.032023	7.118538	
 Vektor vzdalenosti N od hornoho povrchu klenby:
0.142214	0.140903	0.136356	0.128491	0.117196	0.102332	0.083725	0.061167	0.034422	0.003211	0.001399	0.017180	0.032027	0.045979	0.059057	0.071278	0.082635	0.093131	0.102746	0.111446	0.119202	0.125979	0.131732	0.136410	0.139974	0.142372	0.143559	0.143478	0.142080	0.139329	0.135159	0.129525	0.122370	0.113635	0.103257	0.091163	0.077275	0.061502	0.043743	0.023880	0.001780	
 Vektor posouvajicich sil ve sparach:
0.142774	0.601860	1.039300	1.454598	1.847400	2.217443	2.564538	2.888671	3.189869	3.468329	-1.203724	-1.112032	-1.028099	-0.951039	-0.879938	-0.813747	-0.751520	-0.692177	-0.634671	-0.577905	-0.520813	-0.462292	-0.401252	-0.336628	-0.267342	-0.192382	-0.110715	-0.021387	0.076536	0.183946	0.301669	0.430463	0.571089	0.724143	0.890196	1.069763	1.263247	1.470979	1.693187	1.930062	2.181637	
