 icase = 0
         0 -> O.K.,
        -1 -> nelze splnit omezujici podminky,
        +1 -> cilova funkce je na polyedru neomezena.
 lambda = 4.474189
 pocet bloku N = 40
 Vektor lokalnich deformaci:
   2: fi 00 ext = 2.663055
  27: fi 13 int = 5.699680
  56: fi 27 ext = 4.869386
  75: fi 37 int = 1.832761
 Vektor indexu spary mezi bloky:
0		1		2		3		4		5		6		7		8		9		10		11		12		13		14		15		16		17		18		19		20		21		22		23		24		25		26		27		28		29		30		31		32		33		34		35		36		37		38		39		40		
 Vektor normalovych sil ve sparach (+ znaci tlak):
7.643764	7.572005	7.492405	7.406218	7.314818	7.219349	7.120832	7.020594	6.919716	6.818994	6.719454	6.622275	6.528362	6.438091	6.352580	6.272216	6.197568	6.129579	6.068169	6.013570	5.966573	5.926684	5.894855	5.870489	5.853413	5.843546	5.840633	5.844564	7.674513	7.901590	8.128361	8.353566	8.575891	8.793865	9.006274	9.211701	9.408731	9.595901	9.771884	9.935019	10.083912	
 Vektor vzdalenosti N od hornoho povrchu klenby:
0.000000	0.023559	0.044686	0.063518	0.080176	0.094759	0.107352	0.118033	0.126862	0.133894	0.139186	0.142774	0.144696	0.145000	0.143714	0.140881	0.136535	0.130713	0.123456	0.114805	0.104798	0.093484	0.080890	0.067065	0.052039	0.035841	0.018489	0.000000	0.029245	0.055009	0.077294	0.096227	0.111920	0.124481	0.134000	0.140554	0.144207	0.145000	0.142960	0.138093	0.130384	
 Vektor posouvajicich sil ve sparach:
-2.476414	-2.196944	-1.931472	-1.679956	-1.442393	-1.218552	-1.008244	-0.811122	-0.626746	-0.454669	-0.294335	-0.145095	-0.006285	0.122845	0.243095	0.355335	0.460417	0.559299	0.652922	0.742226	0.828284	0.912079	0.994585	1.076885	1.159954	1.244795	1.332376	1.423682	-2.567713	-2.365410	-2.145807	-1.908378	-1.652750	-1.378612	-1.085640	-0.773786	-0.442972	-0.093196	0.275311	0.662388	1.067579	

 * Iterace c. 1 * Delta = 0.176770 *
 icase = 0
         0 -> O.K.,
        -1 -> nelze splnit omezujici podminky,
        +1 -> cilova funkce je na polyedru neomezena.
 lambda = 4.297419
 pocet bloku N = 40
 Vektor lokalnich deformaci:
   2: fi 00 ext = 2.553356
  27: fi 13 int = 5.494075
  56: fi 27 ext = 4.761044
  75: fi 37 int = 1.820324
 Vektor indexu spary mezi bloky:
0		1		2		3		4		5		6		7		8		9		10		11		12		13		14		15		16		17		18		19		20		21		22		23		24		25		26		27		28		29		30		31		32		33		34		35		36		37		38		39		40		
 Vektor normalovych sil ve sparach (+ znaci tlak):
7.574977	7.500003	7.417483	7.328508	7.234460	7.136610	7.036018	6.933990	6.831329	6.729143	6.628627	6.530605	6.435985	6.345295	6.259451	6.179128	6.105133	6.037471	5.976746	5.923537	5.878018	5.839664	5.809811	5.786998	5.772575	5.764962	5.765227	5.771863	7.532981	7.755192	7.977451	8.198363	8.416736	8.631494	8.841042	9.043984	9.239065	9.424839	9.599676	9.762213	9.910967	
 Vektor vzdalenosti N od hornoho povrchu klenby:
0.001894	0.025030	0.045763	0.064229	0.080544	0.094811	0.107111	0.117522	0.126104	0.132919	0.138013	0.141431	0.143218	0.143414	0.142054	0.139182	0.134829	0.129043	0.121868	0.113344	0.103513	0.092422	0.080107	0.066612	0.051976	0.036219	0.019373	0.001443	0.029776	0.055012	0.076843	0.095376	0.110726	0.122987	0.132245	0.138572	0.142025	0.142645	0.140455	0.135459	0.127639	
 Vektor posouvajicich sil ve sparach:
-2.413729	-2.138000	-1.876374	-1.628855	-1.395419	-1.175859	-0.969943	-0.777293	-0.597488	-0.430090	-0.274489	-0.130057	0.003952	0.128211	0.243595	0.350964	0.451209	0.545241	0.634064	0.718644	0.800009	0.879202	0.957205	1.035093	1.113870	1.194535	1.278107	1.365545	-2.468118	-2.273349	-2.061515	-1.832119	-1.584723	-1.318964	-1.034617	-0.731467	-0.409476	-0.068645	0.290870	0.668899	1.065087	

 * Iterace c. 2 * Delta = 0.000016 *
 icase = 0
         0 -> O.K.,
        -1 -> nelze splnit omezujici podminky,
        +1 -> cilova funkce je na polyedru neomezena.
 lambda = 4.297403
 pocet bloku N = 40
 Vektor lokalnich deformaci:
   2: fi 00 ext = 2.554858
  27: fi 13 int = 5.496863
  56: fi 27 ext = 4.762543
  75: fi 37 int = 1.820537
 Vektor indexu spary mezi bloky:
0		1		2		3		4		5		6		7		8		9		10		11		12		13		14		15		16		17		18		19		20		21		22		23		24		25		26		27		28		29		30		31		32		33		34		35		36		37		38		39		40		
 Vektor normalovych sil ve sparach (+ znaci tlak):
7.575025	7.500011	7.417389	7.328520	7.234532	7.136640	7.036185	6.934032	6.831303	6.729254	6.628775	6.530499	6.435808	6.345398	6.259643	6.179432	6.105085	6.037547	5.977003	5.923536	5.878214	5.839714	5.809751	5.787338	5.772286	5.765122	5.765204	5.771686	7.532876	7.755142	7.977560	8.198390	8.416940	8.631357	8.840985	9.044088	9.239083	9.424885	9.599632	9.762212	9.910974	
 Vektor vzdalenosti N od hornoho povrchu klenby:
0.001894	0.025030	0.045763	0.064229	0.080545	0.094811	0.107112	0.117524	0.126109	0.132922	0.138015	0.141436	0.143224	0.143414	0.142054	0.139183	0.134832	0.129047	0.121870	0.113348	0.103511	0.092426	0.080109	0.066617	0.051978	0.036223	0.019376	0.001443	0.029778	0.055013	0.076842	0.095379	0.110728	0.122988	0.132246	0.138571	0.142024	0.142644	0.140454	0.135458	0.127637	
 Vektor posouvajicich sil ve sparach:
-2.413791	-2.138041	-1.876404	-1.628899	-1.395439	-1.175876	-0.969975	-0.777297	-0.597519	-0.430114	-0.274521	-0.130072	0.003923	0.128202	0.243614	0.350979	0.451195	0.545232	0.634049	0.718649	0.800038	0.879212	0.957219	1.035102	1.113890	1.194553	1.278112	1.365547	-2.468100	-2.273307	-2.061466	-1.832068	-1.584674	-1.318946	-1.034570	-0.731430	-0.409412	-0.068612	0.290915	0.668954	1.065116	
