 icase = 0
         0 -> O.K.,
        -1 -> nelze splnit omezujici podminky,
        +1 -> cilova funkce je na polyedru neomezena.
 lambda = 9.158882
 pocet bloku N = 40
 Vektor lokalnich deformaci:
   1: fi 00 int = 5.000002
  16: fi 07 ext = 8.384995
  51: fi 25 int = 6.778130
  82: fi 40 ext = 3.393136
 Vektor indexu spary mezi bloky:
0		1		2		3		4		5		6		7		8		9		10		11		12		13		14		15		16		17		18		19		20		21		22		23		24		25		26		27		28		29		30		31		32		33		34		35		36		37		38		39		40		
 Vektor normalovych sil ve sparach (+ znaci tlak):
14.176798	13.851893	13.501942	13.128983	12.735071	12.322220	11.892380	5.683888	5.606809	5.533575	5.465048	5.402367	5.346131	5.296871	5.255471	5.222207	5.197648	5.182333	5.176313	5.179584	5.192635	5.215088	5.247268	5.288748	5.339258	5.398302	5.465555	5.540728	5.622838	5.711226	5.805188	5.903981	6.006613	6.111923	6.219080	6.326843	6.434171	6.539756	6.642501	6.741004	6.834007	
 Vektor vzdalenosti N od hornoho povrchu klenby:
0.145000	0.132544	0.116079	0.095354	0.070064	0.039835	0.004218	0.000000	0.015464	0.029830	0.043187	0.055603	0.067135	0.077836	0.087742	0.096881	0.105267	0.112907	0.119799	0.125928	0.131270	0.135803	0.139480	0.142271	0.144127	0.145000	0.144839	0.143589	0.141199	0.137614	0.132776	0.126624	0.119096	0.110126	0.099643	0.087569	0.073821	0.058301	0.040908	0.021519	0.000000	
 Vektor posouvajicich sil ve sparach:
2.189095	2.804080	3.391360	3.950088	4.479451	4.978848	5.447729	-1.232049	-1.117069	-1.013025	-0.919197	-0.834758	-0.758850	-0.690565	-0.628924	-0.572906	-0.521505	-0.473614	-0.428153	-0.384030	-0.340080	-0.295195	-0.248278	-0.198166	-0.143792	-0.084070	-0.017962	0.055568	0.137517	0.228738	0.330160	0.442602	0.566806	0.703447	0.853198	1.016520	1.193916	1.385756	1.592300	1.813784	2.050243	

 * Iterace c. 1 * Delta = 0.393507 *
 icase = 0
         0 -> O.K.,
        -1 -> nelze splnit omezujici podminky,
        +1 -> cilova funkce je na polyedru neomezena.
 lambda = 8.765375
 pocet bloku N = 40
 Vektor lokalnich deformaci:
   1: fi 00 int = 4.851102
  16: fi 07 ext = 8.094725
  51: fi 25 int = 6.449646
  82: fi 40 ext = 3.206022
 Vektor indexu spary mezi bloky:
0		1		2		3		4		5		6		7		8		9		10		11		12		13		14		15		16		17		18		19		20		21		22		23		24		25		26		27		28		29		30		31		32		33		34		35		36		37		38		39		40		
 Vektor normalovych sil ve sparach (+ znaci tlak):
13.820368	13.504148	13.163893	12.801520	12.419188	12.018710	11.601999	5.655169	5.576411	5.501589	5.431819	5.367789	5.310111	5.259785	5.217113	5.183166	5.157771	5.141525	5.134941	5.137838	5.150510	5.172631	5.204546	5.245932	5.296579	5.355832	5.423468	5.498999	5.581715	5.670889	5.765673	5.865208	5.968585	6.075275	6.183500	6.292590	6.401328	6.508343	6.612628	6.712755	6.807485	
 Vektor vzdalenosti N od hornoho povrchu klenby:
0.141547	0.129610	0.113703	0.093587	0.068964	0.039479	0.004700	0.001414	0.016527	0.030564	0.043604	0.055720	0.066978	0.077423	0.087096	0.096030	0.104237	0.111731	0.118501	0.124539	0.129820	0.134320	0.137995	0.140810	0.142714	0.143661	0.143596	0.142467	0.140216	0.136785	0.132117	0.126149	0.118821	0.110059	0.099796	0.087955	0.074447	0.059181	0.042049	0.022934	0.001702	
 Vektor posouvajicich sil ve sparach:
2.032024	2.628535	3.197877	3.739172	4.251711	4.734866	5.188182	-1.200617	-1.087192	-0.984789	-0.892655	-0.810019	-0.735943	-0.669578	-0.609905	-0.555915	-0.506577	-0.460800	-0.417488	-0.375539	-0.333798	-0.291123	-0.246424	-0.198548	-0.146417	-0.088917	-0.024995	0.046333	0.126100	0.215210	0.314513	0.424899	0.547104	0.681809	0.829622	0.991144	1.166769	1.356931	1.561864	1.781806	2.016872	

 * Iterace c. 2 * Delta = 0.000244 *
 icase = 0
         0 -> O.K.,
        -1 -> nelze splnit omezujici podminky,
        +1 -> cilova funkce je na polyedru neomezena.
 lambda = 8.765131
 pocet bloku N = 40
 Vektor lokalnich deformaci:
   1: fi 00 int = 4.854743
  16: fi 07 ext = 8.101005
  51: fi 25 int = 6.455768
  82: fi 40 ext = 3.209507
 Vektor indexu spary mezi bloky:
0		1		2		3		4		5		6		7		8		9		10		11		12		13		14		15		16		17		18		19		20		21		22		23		24		25		26		27		28		29		30		31		32		33		34		35		36		37		38		39		40		
 Vektor normalovych sil ve sparach (+ znaci tlak):
13.820143	13.503965	13.163688	12.801346	12.418985	12.018499	11.601762	5.654994	5.576221	5.501706	5.431743	5.367647	5.310125	5.259828	5.217147	5.183200	5.157739	5.141490	5.135047	5.137742	5.150329	5.172633	5.204638	5.245999	5.296482	5.355860	5.423539	5.499034	5.581674	5.670678	5.765635	5.865199	5.968742	6.075155	6.183522	6.292621	6.401357	6.508351	6.612639	6.712763	6.807462	
 Vektor vzdalenosti N od hornoho povrchu klenby:
0.141545	0.129608	0.113702	0.093585	0.068964	0.039479	0.004700	0.001414	0.016529	0.030565	0.043605	0.055724	0.066976	0.077424	0.087096	0.096032	0.104238	0.111732	0.118499	0.124541	0.129821	0.134317	0.137996	0.140809	0.142715	0.143661	0.143598	0.142465	0.140215	0.136786	0.132118	0.126151	0.118820	0.110059	0.099797	0.087955	0.074448	0.059180	0.042049	0.022935	0.001702	
 Vektor posouvajicich sil ve sparach:
2.031907	2.628433	3.197757	3.739025	4.251536	4.734695	5.188021	-1.200600	-1.087163	-0.984784	-0.892649	-0.809999	-0.735953	-0.669562	-0.609911	-0.555925	-0.506572	-0.460804	-0.417483	-0.375528	-0.333785	-0.291115	-0.246417	-0.198550	-0.146415	-0.088918	-0.025000	0.046331	0.126088	0.215198	0.314515	0.424886	0.547101	0.681799	0.829624	0.991142	1.166775	1.356913	1.561865	1.781808	2.016864	
