 Input file: dukovany_in.txt
 Start of computation: Fri Feb 19 12:29:06 2021


# No. | Generovane_body_poruseni Tvar_poruseni | Result | Vysledne_body_poruseni Vysledny_tvar_poruseni | D[m] alfa[-] H[kN] V[kN] EpsH[m]
# 0 | 1 2 3 4 1 1 0 0 | OK | 0 0 0 0 1 1 0 0 | 1.000000 0.000000 -0.000000 0.000000 -1.#IND00
# 1 | 0 1 3 4 1 1 0 0 | OK | 0 0 0 0 1 1 0 0 | 1.000000 0.000000 -0.000000 0.000000 -1.#IND00
# 2 | 0 1 2 4 0 0 0 1 | OK | 0 0 0 0 0 0 0 1 | 1.000000 -0.000000 0.000000 0.000000 -1.#IND00
# 3 | 1 2 3 4 0 0 1 0 | OK | 0 0 0 0 0 0 1 0 | 1.000000 -0.000000 -0.000000 0.000000 -1.#IND00
# 4 | 0 1 2 4 0 0 0 0 | ERROR
# 5 | 0 2 3 4 0 1 1 0 | OK | 0 0 0 0 0 1 1 0 | 1.000000 -0.000000 -0.000000 0.000000 -1.#IND00
# 6 | 0 1 3 4 1 1 1 1 | OK | 0 0 0 0 1 1 1 1 | 1.000000 -0.000000 -0.000000 0.000000 -1.#IND00
# 7 | 1 2 3 4 0 1 1 1 | OK | 0 0 0 0 0 1 1 1 | 1.000000 0.000000 -0.000000 0.000000 -1.#IND00
# 8 | 0 1 2 4 0 0 1 0 | OK | 0 0 0 0 0 0 1 0 | 1.000000 -0.000000 -0.000000 0.000000 -1.#IND00
# 9 | 0 2 3 4 0 0 1 1 | OK | 0 0 0 0 0 0 1 1 | 1.000000 0.000000 0.000000 0.000000 -1.#IND00
# 10 | 0 2 3 4 0 0 1 1 | OK | 0 0 0 0 0 0 1 1 | 1.000000 0.000000 0.000000 0.000000 -1.#IND00
# 11 | 1 2 3 4 1 0 1 0 | OK | 0 0 0 0 1 0 1 0 | 1.000000 0.000000 0.000000 0.000000 -1.#IND00
# 12 | 0 1 2 4 1 0 1 0 | OK | 0 0 0 0 1 0 1 0 | 1.000000 0.000000 0.000000 0.000000 -1.#IND00
# 13 | 1 2 3 4 1 1 0 0 | OK | 0 0 0 0 1 1 0 0 | 1.000000 0.000000 -0.000000 0.000000 -1.#IND00
# 14 | 0 1 2 4 1 0 0 0 | OK | 0 0 0 0 1 0 0 0 | 1.000000 0.000000 0.000000 0.000000 -1.#IND00
# 15 | 1 2 3 4 1 0 1 1 | OK | 0 0 0 0 1 0 1 1 | 1.000000 0.000000 0.000000 0.000000 -1.#IND00
# 16 | 0 1 3 4 1 1 0 1 | OK | 0 0 0 0 1 1 0 1 | 1.000000 0.000000 -0.000000 0.000000 -1.#IND00
# 17 | 0 1 2 3 1 1 0 1 | OK | 0 0 0 0 1 1 0 1 | 1.000000 0.000000 -0.000000 0.000000 -1.#IND00
# 18 | 0 1 2 3 0 0 1 1 | OK | 0 0 0 0 0 0 1 1 | 1.000000 0.000000 0.000000 0.000000 -1.#IND00
# 19 | 0 1 3 4 1 1 0 1 | OK | 0 0 0 0 1 1 0 1 | 1.000000 0.000000 -0.000000 0.000000 -1.#IND00
# 20 | 0 2 3 4 0 1 1 0 | OK | 0 0 0 0 0 1 1 0 | 1.000000 -0.000000 -0.000000 0.000000 -1.#IND00
# 21 | 0 1 3 4 1 0 1 0 | OK | 0 0 0 0 1 0 1 0 | 1.000000 0.000000 0.000000 0.000000 -1.#IND00
# 22 | 0 1 3 4 1 0 0 1 | OK | 0 0 0 0 1 0 0 1 | 1.000000 -0.000000 0.000000 0.000000 -1.#IND00
# 23 | 0 1 2 4 1 1 1 0 | OK | 0 0 0 0 1 1 1 0 | 1.000000 -0.000000 -0.000000 0.000000 -1.#IND00
# 24 | 0 2 3 4 1 0 0 0 | OK | 0 0 0 0 1 0 0 0 | 1.000000 0.000000 0.000000 0.000000 -1.#IND00
# 25 | 0 1 2 4 0 0 0 1 | OK | 0 0 0 0 0 0 0 1 | 1.000000 -0.000000 0.000000 0.000000 -1.#IND00
# 26 | 0 1 2 4 1 0 0 0 | OK | 0 0 0 0 1 0 0 0 | 1.000000 0.000000 0.000000 0.000000 -1.#IND00
# 27 | 0 1 2 3 0 1 0 0 | OK | 0 0 0 0 0 1 0 0 | 1.000000 0.000000 -0.000000 0.000000 -1.#IND00
# 28 | 0 1 3 4 0 1 0 1 | OK | 0 0 0 0 0 1 0 1 | 1.000000 0.000000 -0.000000 0.000000 -1.#IND00
# 29 | 0 2 3 4 1 1 0 0 | OK | 0 0 0 0 1 1 0 0 | 1.000000 0.000000 -0.000000 0.000000 -1.#IND00
# 30 | 0 1 2 3 0 1 0 0 | OK | 0 0 0 0 0 1 0 0 | 1.000000 0.000000 -0.000000 0.000000 -1.#IND00
# 31 | 0 1 2 4 0 1 1 1 | OK | 0 0 0 0 0 1 1 1 | 1.000000 0.000000 -0.000000 0.000000 -1.#IND00
# 32 | 0 2 3 4 0 1 1 0 | OK | 0 0 0 0 0 1 1 0 | 1.000000 -0.000000 -0.000000 0.000000 -1.#IND00
# 33 | 1 2 3 4 0 0 0 1 | OK | 0 0 0 0 0 0 0 1 | 1.000000 -0.000000 0.000000 0.000000 -1.#IND00
# 34 | 0 1 2 4 0 0 1 1 | OK | 0 0 0 0 0 0 1 1 | 1.000000 0.000000 0.000000 0.000000 -1.#IND00
# 35 | 0 1 3 4 0 1 0 1 | OK | 0 0 0 0 0 1 0 1 | 1.000000 0.000000 -0.000000 0.000000 -1.#IND00
# 36 | 0 2 3 4 1 0 0 0 | OK | 0 0 0 0 1 0 0 0 | 1.000000 0.000000 0.000000 0.000000 -1.#IND00
# 37 | 0 2 3 4 1 1 1 1 | OK | 0 0 0 0 1 1 1 1 | 1.000000 0.000000 -0.000000 0.000000 -1.#IND00
# 38 | 1 2 3 4 0 1 0 0 | OK | 0 0 0 0 0 1 0 0 | 1.000000 0.000000 -0.000000 0.000000 -1.#IND00
# 39 | 0 1 2 3 0 0 1 1 | OK | 0 0 0 0 0 0 1 1 | 1.000000 0.000000 0.000000 0.000000 -1.#IND00
# 40 | 0 1 2 4 0 1 0 1 | OK | 0 0 0 0 0 1 0 1 | 1.000000 0.000000 -0.000000 0.000000 -1.#IND00
# 41 | 0 1 2 4 0 0 1 1 | OK | 0 0 0 0 0 0 1 1 | 1.000000 0.000000 0.000000 0.000000 -1.#IND00
# 42 | 0 2 3 4 1 1 0 0 | OK | 0 0 0 0 1 1 0 0 | 1.000000 0.000000 -0.000000 0.000000 -1.#IND00
# 43 | 0 1 2 4 1 0 1 1 | OK | 0 0 0 0 1 0 1 1 | 1.000000 0.000000 0.000000 0.000000 -1.#IND00
# 44 | 0 1 3 4 0 1 1 0 | OK | 0 0 0 0 0 1 1 0 | 1.000000 -0.000000 -0.000000 0.000000 -1.#IND00
# 45 | 0 1 2 4 1 0 1 1 | OK | 0 0 0 0 1 0 1 1 | 1.000000 0.000000 0.000000 0.000000 -1.#IND00
# 46 | 0 1 2 3 1 1 0 0 | OK | 0 0 0 0 1 1 0 0 | 1.000000 0.000000 -0.000000 0.000000 -1.#IND00
# 47 | 1 2 3 4 1 1 1 1 | OK | 0 0 0 0 1 1 1 1 | 1.000000 0.000000 -0.000000 0.000000 -1.#IND00
# 48 | 1 2 3 4 1 1 1 0 | OK | 0 0 0 0 1 1 1 0 | 1.000000 -0.000000 -0.000000 0.000000 -1.#IND00
# 49 | 1 2 3 4 1 1 1 0 | OK | 0 0 0 0 1 1 1 0 | 1.000000 -0.000000 -0.000000 0.000000 -1.#IND00
# 50 | 0 1 2 3 0 0 1 0 | OK | 0 0 0 0 0 0 1 0 | 1.000000 -0.000000 -0.000000 0.000000 -1.#IND00
# 51 | 1 2 3 4 1 0 0 1 | OK | 0 0 0 0 1 0 0 1 | 1.000000 -0.000000 0.000000 0.000000 -1.#IND00
# 52 | 0 1 2 4 0 1 1 0 | OK | 0 0 0 0 0 1 1 0 | 1.000000 0.000000 -0.000000 0.000000 -1.#IND00
# 53 | 1 2 3 4 1 0 1 0 | OK | 0 0 0 0 1 0 1 0 | 1.000000 0.000000 0.000000 0.000000 -1.#IND00
# 54 | 0 1 2 3 1 1 1 1 | OK | 0 0 0 0 1 1 1 1 | 1.000000 -0.000000 -0.000000 0.000000 -1.#IND00
# 55 | 0 1 2 4 1 0 1 0 | OK | 0 0 0 0 1 0 1 0 | 1.000000 0.000000 0.000000 0.000000 -1.#IND00
# 56 | 0 1 2 3 1 1 0 0 | OK | 0 0 0 0 1 1 0 0 | 1.000000 0.000000 -0.000000 0.000000 -1.#IND00
# 57 | 0 1 2 3 0 0 1 1 | OK | 0 0 0 0 0 0 1 1 | 1.000000 0.000000 0.000000 0.000000 -1.#IND00
# 58 | 1 2 3 4 1 0 0 0 | OK | 0 0 0 0 1 0 0 0 | 1.000000 0.000000 0.000000 0.000000 -1.#IND00
# 59 | 1 2 3 4 0 1 0 0 | OK | 0 0 0 0 0 1 0 0 | 1.000000 0.000000 -0.000000 0.000000 -1.#IND00
# 60 | 0 2 3 4 1 0 0 1 | OK | 0 0 0 0 1 0 0 1 | 1.000000 -0.000000 0.000000 0.000000 -1.#IND00
# 61 | 0 1 3 4 1 0 0 0 | OK | 0 0 0 0 1 0 0 0 | 1.000000 0.000000 0.000000 0.000000 -1.#IND00
# 62 | 0 2 3 4 0 1 0 0 | OK | 0 0 0 0 0 1 0 0 | 1.000000 0.000000 -0.000000 0.000000 -1.#IND00
# 63 | 0 1 2 4 0 1 0 0 | OK | 0 0 0 0 0 1 0 0 | 1.000000 0.000000 -0.000000 0.000000 -1.#IND00
# 64 | 1 2 3 4 1 1 0 0 | OK | 0 0 0 0 1 1 0 0 | 1.000000 0.000000 -0.000000 0.000000 -1.#IND00
# 65 | 1 2 3 4 1 0 1 1 | OK | 0 0 0 0 1 0 1 1 | 1.000000 0.000000 0.000000 0.000000 -1.#IND00
# 66 | 0 2 3 4 0 0 1 1 | OK | 0 0 0 0 0 0 1 1 | 1.000000 0.000000 0.000000 0.000000 -1.#IND00
# 67 | 1 2 3 4 0 1 0 0 | OK | 0 0 0 0 0 1 0 0 | 1.000000 0.000000 -0.000000 0.000000 -1.#IND00
# 68 | 0 1 2 3 1 1 0 1 | OK | 0 0 0 0 1 1 0 1 | 1.000000 0.000000 -0.000000 0.000000 -1.#IND00
# 69 | 0 1 3 4 1 0 1 1 | OK | 0 0 0 0 1 0 1 1 | 1.000000 0.000000 0.000000 0.000000 -1.#IND00
# 70 | 0 1 2 3 1 0 1 0 | OK | 0 0 0 0 1 0 1 0 | 1.000000 0.000000 0.000000 0.000000 -1.#IND00
# 71 | 1 2 3 4 0 0 0 0 | ERROR
# 72 | 0 1 2 3 1 1 1 1 | OK | 0 0 0 0 1 1 1 1 | 1.000000 -0.000000 -0.000000 0.000000 -1.#IND00
# 73 | 0 1 2 3 0 0 0 1 | OK | 0 0 0 0 0 0 0 1 | 1.000000 -0.000000 0.000000 0.000000 -1.#IND00
# 74 | 0 1 3 4 1 0 0 0 | OK | 0 0 0 0 1 0 0 0 | 1.000000 0.000000 0.000000 0.000000 -1.#IND00
# 75 | 0 2 3 4 1 1 1 0 | OK | 0 0 0 0 1 1 1 0 | 1.000000 -0.000000 -0.000000 0.000000 -1.#IND00
# 76 | 0 1 2 3 0 1 0 0 | OK | 0 0 0 0 0 1 0 0 | 1.000000 0.000000 -0.000000 0.000000 -1.#IND00
# 77 | 0 1 3 4 0 1 1 1 | OK | 0 0 0 0 0 1 1 1 | 1.000000 0.000000 -0.000000 0.000000 -1.#IND00
# 78 | 0 1 2 4 1 0 1 0 | OK | 0 0 0 0 1 0 1 0 | 1.000000 0.000000 0.000000 0.000000 -1.#IND00
# 79 | 0 2 3 4 1 0 0 0 | OK | 0 0 0 0 1 0 0 0 | 1.000000 0.000000 0.000000 0.000000 -1.#IND00
# 80 | 0 1 3 4 0 0 1 1 | OK | 0 0 0 0 0 0 1 1 | 1.000000 0.000000 0.000000 0.000000 -1.#IND00
# 81 | 0 1 2 3 1 1 0 0 | OK | 0 0 0 0 1 1 0 0 | 1.000000 0.000000 -0.000000 0.000000 -1.#IND00
# 82 | 0 2 3 4 1 0 0 1 | OK | 0 0 0 0 1 0 0 1 | 1.000000 -0.000000 0.000000 0.000000 -1.#IND00
# 83 | 1 2 3 4 0 0 1 1 | OK | 0 0 0 0 0 0 1 1 | 1.000000 0.000000 0.000000 0.000000 -1.#IND00
# 84 | 0 2 3 4 1 0 0 1 | OK | 0 0 0 0 1 0 0 1 | 1.000000 -0.000000 0.000000 0.000000 -1.#IND00
# 85 | 0 2 3 4 0 1 1 1 | OK | 0 0 0 0 0 1 1 1 | 1.000000 0.000000 -0.000000 0.000000 -1.#IND00
# 86 | 0 2 3 4 1 1 1 1 | OK | 0 0 0 0 1 1 1 1 | 1.000000 0.000000 -0.000000 0.000000 -1.#IND00
# 87 | 1 2 3 4 1 0 1 0 | OK | 0 0 0 0 1 0 1 0 | 1.000000 0.000000 0.000000 0.000000 -1.#IND00
# 88 | 1 2 3 4 0 0 0 1 | OK | 0 0 0 0 0 0 0 1 | 1.000000 -0.000000 0.000000 0.000000 -1.#IND00
# 89 | 0 1 3 4 0 1 1 1 | OK | 0 0 0 0 0 1 1 1 | 1.000000 0.000000 -0.000000 0.000000 -1.#IND00
# 90 | 0 1 3 4 1 1 0 0 | OK | 0 0 0 0 1 1 0 0 | 1.000000 0.000000 -0.000000 0.000000 -1.#IND00
# 91 | 0 1 2 4 1 0 1 1 | OK | 0 0 0 0 1 0 1 1 | 1.000000 0.000000 0.000000 0.000000 -1.#IND00
# 92 | 0 1 3 4 1 0 0 1 | OK | 0 0 0 0 1 0 0 1 | 1.000000 -0.000000 0.000000 0.000000 -1.#IND00
# 93 | 0 2 3 4 0 0 0 1 | OK | 0 0 0 0 0 0 0 1 | 1.000000 -0.000000 0.000000 0.000000 -1.#IND00
# 94 | 0 1 2 3 0 0 0 1 | OK | 0 0 0 0 0 0 0 1 | 1.000000 -0.000000 0.000000 0.000000 -1.#IND00
# 95 | 0 2 3 4 0 1 1 1 | OK | 0 0 0 0 0 1 1 1 | 1.000000 0.000000 -0.000000 0.000000 -1.#IND00
# 96 | 0 1 2 3 1 0 1 0 | OK | 0 0 0 0 1 0 1 0 | 1.000000 0.000000 0.000000 0.000000 -1.#IND00
# 97 | 0 2 3 4 0 1 0 0 | OK | 0 0 0 0 0 1 0 0 | 1.000000 0.000000 -0.000000 0.000000 -1.#IND00
# 98 | 0 1 2 4 1 0 0 1 | OK | 0 0 0 0 1 0 0 1 | 1.000000 0.000000 0.000000 0.000000 -1.#IND00
# 99 | 0 2 3 4 0 1 1 1 | OK | 0 0 0 0 0 1 1 1 | 1.000000 0.000000 -0.000000 0.000000 -1.#IND00

 ***  RESULTS  ***

 Cas vypoctu:   0.12 sec
 Vypocet probehl v MODE 2
 Parametr generatoru: 100000

 Pocet generovanych tvaru poruseni: 100
 - pocet vysledku OK:         98
 - pocet ERROR_GaussElim:      0
 - pocet ERROR_Oscilace:       2
 - pocet ostatnich vysledku:   0

 | Vysledne_body_poruseni | Vysledny_tvar_poruseni |
 | 0 0 0 0 | 1 1 0 0 |

 D[m] alfa[-] H[kN] V[kN] EpsH[m]
 1.000000 0.000000 -0.000000 0.000000 -1.#IND00


 Internal forces:
 Point H[kN] V[kN] e[m] e/D[-] M[kNm]
 0 -0.000000 0.000000 -1.#IND00 -1.#IND00 -1.#IND00
 1 -0.000000 0.000000 -1.#IND00 -1.#IND00 -1.#IND00
 2 -0.000000 0.000000 -1.#IND00 -1.#IND00 -1.#IND00
 3 -0.000000 0.000000 -1.#IND00 -1.#IND00 -1.#IND00
 4 -0.000000 0.000000 -1.#IND00 -1.#IND00 -1.#IND00


 AutoCAD commands:

line 0.000000,0.000000 0.800000,0.010000 

line 0.000000,0.800000 0.800000,0.810000 

line 0.000000,-1.#IND00 0.800000,-1.#IND00 

line 0.800000,0.010000 1.600000,0.020000 

line 0.800000,0.810000 1.600000,0.820000 

line 0.800000,-1.#IND00 1.600000,-1.#IND00 

line 1.600000,0.020000 2.400000,0.010000 

line 1.600000,0.820000 2.400000,0.810000 

line 1.600000,-1.#IND00 2.400000,-1.#IND00 

line 2.400000,0.010000 3.000000,0.000000 

line 2.400000,0.810000 3.000000,0.800000 

line 2.400000,-1.#IND00 3.000000,-1.#IND00 

