 Input file: in1.txt
 Start of computation: Mon Jun 20 19:04:31 2016


# No. | Generovane_body_poruseni Tvar_poruseni | Result | Vysledne_body_poruseni Vysledny_tvar_poruseni | D[m] alfa[-] H[kN] V[kN] EpsH[m]
# 0 | 1 3 5 10 1 1 0 0 | OK | 0 3 7 12 1 1 0 1 | 0.347025 1.000000 135.660301 114.766667 0.915451
# 1 | 2 4 8 12 0 0 0 1 | OK | 2 4 6 11 0 0 0 1 | 0.831877 1.000000 182.790698 74.325581 2.132008
# 2 | 0 4 5 12 0 1 0 0 | ERROR
# 3 | 1 2 3 11 1 0 1 1 | OK | 0 3 7 12 1 1 0 1 | 0.347025 1.000000 135.660301 114.766667 0.915451
# 4 | 2 5 7 11 1 1 1 0 | OK | 2 4 6 11 0 0 0 1 | 0.831877 1.000000 182.790698 74.325581 2.132008
# 5 | 0 2 5 10 0 0 1 0 | OK | 1 5 8 12 0 1 0 1 | 0.239727 1.000000 104.682955 108.215438 0.632400
# 6 | 3 4 11 12 1 1 1 0 | OK | 2 4 6 11 0 0 0 1 | 0.831877 1.000000 182.790698 74.325581 2.132008
# 7 | 2 7 8 11 0 0 1 1 | OK | 1 5 8 12 0 1 0 1 | 0.239727 1.000000 104.682955 108.215438 0.632400
# 8 | 1 5 6 8 0 1 0 1 | OK | 0 3 7 12 1 1 0 1 | 0.347025 1.000000 135.660301 114.766667 0.915451
# 9 | 1 4 8 9 0 1 0 1 | OK | 0 3 7 12 1 1 0 1 | 0.347025 1.000000 135.660301 114.766667 0.915451
# 10 | 1 8 9 12 1 1 0 1 | OK | 0 3 5 10 0 1 1 0 | 0.592878 1.000000 94.638075 118.513494 0.307663
# 11 | 2 6 8 9 0 1 0 1 | OK | 1 5 8 12 0 1 0 1 | 0.239727 1.000000 104.682955 108.215438 0.632400
# 12 | 4 8 10 11 0 1 0 0 | ERROR
# 13 | 1 4 9 12 0 0 0 1 | OK | 2 4 6 11 0 0 0 1 | 0.831877 1.000000 182.790698 74.325581 2.132008
# 14 | 1 4 5 10 0 1 1 1 | OK | 0 3 7 12 1 1 0 1 | 0.347025 1.000000 135.660301 114.766667 0.915451
# 15 | 0 1 5 6 1 0 0 1 | ERROR
# 16 | 1 3 6 9 1 1 0 1 | OK | 0 3 7 12 1 1 0 1 | 0.347025 1.000000 135.660301 114.766667 0.915451
# 17 | 4 5 7 12 1 1 0 1 | OK | 3 5 8 12 1 1 0 1 | 0.249819 1.000000 108.480457 109.761459 0.659024
# 18 | 1 2 4 6 1 1 0 0 | OK | 1 2 3 11 1 1 1 1 | 0.862985 1.000000 199.781631 112.100000 2.089642
# 19 | 2 6 7 12 1 1 0 0 | OK | 0 3 7 12 1 1 0 1 | 0.347025 1.000000 135.660301 114.766667 0.915451
# 20 | 0 1 6 11 1 1 0 1 | OK | 0 1 6 11 1 1 0 1 | 1.021460 1.000000 -7272.213198 112.100000 2.691971
# 21 | 0 4 8 10 1 0 1 0 | OK | 1 5 8 12 0 1 0 1 | 0.239727 1.000000 104.682955 108.215438 0.632400
# 22 | 0 3 7 8 1 1 0 1 | OK | 1 5 11 12 0 1 1 1 | 0.445988 1.000000 103.916128 99.602194 1.176517
# 23 | 0 3 8 9 0 0 1 0 | OK | 2 4 6 11 0 0 0 1 | 0.831877 1.000000 182.790698 74.325581 2.132008
# 24 | 2 6 8 9 1 0 0 0 | OK | 1 5 11 12 0 1 1 1 | 0.445988 1.000000 103.916128 99.602194 1.176517
# 25 | 2 5 8 9 0 1 0 0 | OK | 1 5 8 12 0 1 0 1 | 0.239727 1.000000 104.682955 108.215438 0.632400
# 26 | 4 6 9 11 0 1 1 0 | OK | 0 3 7 12 1 1 0 1 | 0.347025 1.000000 135.660301 114.766667 0.915451
# 27 | 0 1 2 9 1 1 0 0 | OK | 1 5 8 12 0 1 0 1 | 0.239727 1.000000 104.682955 108.215438 0.632400
# 28 | 1 4 5 10 1 0 1 0 | OK | 0 3 7 12 1 1 0 1 | 0.347025 1.000000 135.660301 114.766667 0.915451
# 29 | 1 8 9 11 0 0 0 1 | OK | 1 5 8 12 0 1 0 1 | 0.239727 1.000000 104.682955 108.215438 0.632400
# 30 | 3 4 7 8 0 0 0 0 | ERROR
# 31 | 0 1 5 7 0 0 0 0 | ERROR
# 32 | 0 2 3 4 1 0 0 0 | OK | 1 5 6 11 1 0 0 1 | 1.903259 1.000000 -114.000000 112.100000 4.699474
# 33 | 1 4 8 9 1 0 0 0 | OK | 1 5 11 12 0 1 1 1 | 0.445988 1.000000 103.916128 99.602194 1.176517
# 34 | 2 4 6 10 1 0 1 1 | OK | 1 5 8 12 0 1 0 1 | 0.239727 1.000000 104.682955 108.215438 0.632400
# 35 | 3 5 7 11 1 0 1 0 | OK | 1 5 8 12 0 1 0 1 | 0.239727 1.000000 104.682955 108.215438 0.632400
# 36 | 3 4 6 9 1 1 1 0 | OK | 2 4 6 11 0 0 0 1 | 0.831877 1.000000 182.790698 74.325581 2.132008
# 37 | 2 4 7 10 1 1 1 0 | OK | 2 4 6 11 0 0 0 1 | 0.831877 1.000000 182.790698 74.325581 2.132008
# 38 | 4 6 7 12 0 0 1 1 | OK | 1 5 10 11 0 1 0 0 | 0.557254 1.000000 84.000000 112.100000 0.229286
# 39 | 3 4 7 9 1 1 1 1 | OK | 3 4 8 9 1 1 1 1 | 3.452381 1.000000 1325432722333204700.000000 101.433333 6.088214
# 40 | 1 4 5 7 0 1 0 1 | OK | 0 3 7 12 1 1 0 1 | 0.347025 1.000000 135.660301 114.766667 0.915451
# 41 | 3 6 10 11 0 0 0 1 | OK | 1 5 8 12 0 1 0 1 | 0.239727 1.000000 104.682955 108.215438 0.632400
# 42 | 3 4 7 8 0 0 0 0 | ERROR
# 43 | 3 9 11 12 0 1 1 1 | OK | 1 5 11 12 0 1 1 1 | 0.445988 1.000000 103.916128 99.602194 1.176517
# 44 | 0 1 6 8 1 1 1 1 | ERROR
# 45 | 0 3 5 12 1 1 0 1 | ERROR
# 46 | 2 8 9 10 0 1 0 0 | OK | 1 5 8 12 0 1 0 1 | 0.239727 1.000000 104.682955 108.215438 0.632400
# 47 | 7 9 11 12 0 1 1 0 | OK | 0 3 7 12 1 1 0 1 | 0.347025 1.000000 135.660301 114.766667 0.915451
# 48 | 0 5 9 11 0 0 0 1 | OK | 2 4 6 11 0 0 0 1 | 0.831877 1.000000 182.790698 74.325581 2.132008
# 49 | 3 5 9 11 0 0 0 1 | OK | 2 4 6 11 0 0 0 1 | 0.831877 1.000000 182.790698 74.325581 2.132008
# 50 | 0 1 9 12 0 0 1 1 | OK | 1 5 8 12 0 1 0 1 | 0.239727 1.000000 104.682955 108.215438 0.632400
# 51 | 0 2 3 9 1 0 1 1 | OK | 2 4 6 11 0 0 0 1 | 0.831877 1.000000 182.790698 74.325581 2.132008
# 52 | 0 2 7 10 1 0 1 0 | OK | 1 5 8 12 0 1 0 1 | 0.239727 1.000000 104.682955 108.215438 0.632400
# 53 | 1 5 7 11 0 1 0 1 | OK | 1 5 8 12 0 1 0 1 | 0.239727 1.000000 104.682955 108.215438 0.632400
# 54 | 2 4 11 12 0 1 1 1 | ERROR
# 55 | 0 1 2 5 0 0 0 1 | OK | 1 5 10 11 0 1 1 1 | 0.661122 1.000000 99.138192 94.425385 1.528218
# 56 | 0 1 2 8 0 1 0 0 | ERROR
# 57 | 7 10 11 12 0 1 1 1 | OK | 1 5 10 11 0 1 1 1 | 0.661122 1.000000 99.138192 94.425385 1.528218
# 58 | 8 10 11 12 1 1 0 0 | OK | 0 3 7 12 1 1 0 1 | 0.347025 1.000000 135.660301 114.766667 0.915451
# 59 | 1 5 8 10 1 0 1 1 | OK | 1 5 8 12 0 1 0 1 | 0.239727 1.000000 104.682955 108.215438 0.632400
# 60 | 2 3 5 8 1 1 1 0 | OK | 1 5 10 11 0 1 0 0 | 0.557254 1.000000 84.000000 112.100000 0.229286
# 61 | 0 2 4 7 1 1 0 1 | OK | 1 5 9 10 0 1 0 0 | 0.389050 1.000000 92.779510 111.091982 0.376762
# 62 | 5 6 11 12 0 0 0 0 | ERROR
# 63 | 1 5 7 10 1 0 0 1 | OK | 0 6 11 12 1 0 1 1 | 1.013878 1.000000 -16570.893401 114.766667 2.674610
# 64 | 2 5 8 9 1 0 0 0 | OK | 1 5 10 11 0 1 1 1 | 0.661122 1.000000 99.138192 94.425385 1.528218
# 65 | 0 6 9 11 1 0 0 0 | OK | 1 5 10 11 0 1 1 1 | 0.661122 1.000000 99.138192 94.425385 1.528218
# 66 | 0 4 6 12 1 0 0 0 | ERROR
# 67 | 3 4 8 12 0 1 0 1 | OK | 1 5 8 12 0 1 0 1 | 0.239727 1.000000 104.682955 108.215438 0.632400
# 68 | 2 6 8 12 1 0 1 0 | OK | 0 3 7 12 1 1 0 1 | 0.347025 1.000000 135.660301 114.766667 0.915451
# 69 | 1 6 7 12 0 1 1 0 | OK | 0 6 7 12 1 0 0 1 | 0.525318 1.000000 190.000000 114.766667 1.385789
# 70 | 6 7 10 11 1 0 1 0 | OK | 1 5 8 12 0 1 0 1 | 0.239727 1.000000 104.682955 108.215438 0.632400
# 71 | 1 4 9 10 1 0 0 1 | OK | 0 6 7 12 1 0 0 1 | 0.525318 1.000000 190.000000 114.766667 1.385789
# 72 | 1 5 7 11 0 1 0 0 | OK | 1 5 9 10 0 1 0 0 | 0.389050 1.000000 92.779510 111.091982 0.376762
# 73 | 4 5 7 12 0 1 1 0 | OK | 0 3 5 10 0 1 1 0 | 0.592878 1.000000 94.638075 118.513494 0.307663
# 74 | 0 4 5 11 1 1 0 1 | OK | 1 7 8 12 0 0 0 1 | 0.277593 1.000000 109.033708 106.827341 0.732290
# 75 | 6 7 8 9 1 1 1 0 | ERROR
# 76 | 0 3 11 12 1 1 1 1 | OK | 1 3 11 12 1 1 1 1 | 0.624978 1.000000 171.353479 112.100000 1.648693
# 77 | 1 2 8 10 1 1 1 0 | OK | 2 4 6 11 0 0 0 1 | 0.831877 1.000000 182.790698 74.325581 2.132008
# 78 | 5 10 11 12 0 0 0 0 | ERROR
# 79 | 2 4 5 8 1 1 1 1 | ERROR
# 80 | 0 2 8 10 0 1 1 0 | OK | 0 6 11 12 1 0 1 1 | 1.013878 1.000000 -16570.893401 114.766667 2.674610
# 81 | 4 8 9 10 1 0 0 1 | ERROR
# 82 | 3 5 7 11 0 1 1 1 | ERROR
# 83 | 2 5 6 10 1 1 0 0 | OK | 0 3 7 12 1 1 0 1 | 0.347025 1.000000 135.660301 114.766667 0.915451
# 84 | 2 4 5 6 1 1 0 1 | OK | 1 2 3 11 1 1 1 1 | 0.862985 1.000000 199.781631 112.100000 2.089642
# 85 | 0 1 2 5 0 0 1 1 | OK | 1 5 8 12 0 1 0 1 | 0.239727 1.000000 104.682955 108.215438 0.632400
# 86 | 1 5 8 11 1 0 1 1 | OK | 1 5 9 10 0 1 0 0 | 0.389050 1.000000 92.779510 111.091982 0.376762
# 87 | 4 8 10 11 0 0 1 1 | ERROR
# 88 | 3 5 7 10 0 0 0 0 | ERROR
# 89 | 1 2 3 9 0 1 0 1 | OK | 0 6 11 12 1 0 1 1 | 1.013878 1.000000 -16570.893401 114.766667 2.674610
# 90 | 1 2 5 6 1 1 1 1 | OK | 3 5 10 11 1 1 1 1 | 1.113301 1.000000 167.805866 103.733362 2.460416
# 91 | 1 2 3 4 1 0 0 0 | OK | 1 5 6 11 1 0 0 1 | 1.903259 1.000000 -114.000000 112.100000 4.699474
# 92 | 3 5 7 11 1 1 0 0 | OK | 1 5 8 12 0 1 0 1 | 0.239727 1.000000 104.682955 108.215438 0.632400
# 93 | 2 6 9 10 0 1 0 0 | OK | 1 5 8 12 0 1 0 1 | 0.239727 1.000000 104.682955 108.215438 0.632400
# 94 | 2 3 8 11 1 1 0 0 | OK | 1 5 10 11 0 1 1 1 | 0.661122 1.000000 99.138192 94.425385 1.528218
# 95 | 1 4 9 12 0 0 1 1 | OK | 2 3 10 11 0 0 1 1 | 28.825065 1.000000 -14.438792 221.947801 56.891935
# 96 | 1 2 5 7 1 1 1 1 | OK | 3 5 10 11 1 1 1 1 | 1.113301 1.000000 167.805866 103.733362 2.460416
# 97 | 4 9 10 12 1 0 1 0 | OK | 0 1 5 11 0 0 1 0 | 0.558674 1.000000 83.941748 112.100000 0.228730
# 98 | 0 5 7 8 1 1 1 1 | OK | 1 7 8 12 0 0 0 1 | 0.277593 1.000000 109.033708 106.827341 0.732290
# 99 | 2 3 4 6 0 1 1 0 | OK | 1 5 8 12 0 1 0 1 | 0.239727 1.000000 104.682955 108.215438 0.632400

 ***  RESULTS  ***

 Cas vypoctu:   0.11 sec
 Vypocet probehl v MODE 1
 Parametr generatoru: 1000

 Pocet generovanych tvaru poruseni: 100
 - pocet vysledku OK:         22
 - pocet ERROR_GaussElim:     11
 - pocet ERROR_Oscilace:       8
 - pocet ostatnich vysledku:  59

 | Vysledne_body_poruseni | Vysledny_tvar_poruseni |
 | 1 5 8 12 | 0 1 0 1 |

 D[m] alfa[-] H[kN] V[kN] EpsH[m]
 0.239727 1.000000 104.682955 108.215438 0.632400


 Internal forces:
 Point H[kN] V[kN] e[m] e/D[-] M[kNm]
 0 104.682955 -147.984562 -0.134387 -0.012212 -14.068069
 1 104.682955 -147.984562 -0.193939 -0.028735 -20.302144
 2 104.682955 -122.684562 -0.074203 -0.013548 -7.767797
 3 104.682955 -103.384562 0.106574 0.022006 11.156517
 4 104.682955 -48.184562 0.102817 0.022886 10.763202
 5 104.682955 -35.684562 0.123220 0.028735 12.899014
 6 104.682955 15.115438 -0.060539 -0.014455 -6.337401
 7 104.682955 25.115438 -0.107367 -0.025038 -11.239512
 8 104.682955 35.915438 -0.129093 -0.028735 -13.513850
 9 104.682955 48.415438 -0.126659 -0.026153 -13.259061
 10 104.682955 63.615438 -0.079496 -0.014514 -8.321900
 11 104.682955 82.915438 0.028708 0.004253 3.005227
 12 104.682955 108.215438 0.316200 0.028735 33.100776


 AutoCAD commands:

line 0.000000,0.000000 0.600000,1.030000 

line 0.000000,0.632400 0.600000,1.417879 

line 0.000000,0.181813 0.600000,1.030000 

line 0.600000,1.030000 1.200000,1.650000 

line 0.600000,1.417879 1.200000,1.964762 

line 0.600000,1.030000 1.200000,1.733178 

line 1.200000,1.650000 1.800000,2.080000 

line 1.200000,1.964762 1.800000,2.358323 

line 1.200000,1.733178 1.800000,2.325736 

line 1.800000,2.080000 2.400000,2.370000 

line 1.800000,2.358323 2.400000,2.628186 

line 1.800000,2.325736 2.400000,2.601910 

line 2.400000,2.370000 3.000000,2.560000 

line 2.400000,2.628186 3.000000,2.806440 

line 2.400000,2.601910 3.000000,2.806440 

line 3.000000,2.560000 3.600000,2.660000 

line 3.000000,2.806440 3.600000,2.900686 

line 3.000000,2.806440 3.600000,2.719804 

line 3.600000,2.660000 4.200000,2.560000 

line 3.600000,2.900686 4.200000,2.806440 

line 3.600000,2.719804 4.200000,2.575853 

line 4.200000,2.560000 4.800000,2.370000 

line 4.200000,2.806440 4.800000,2.628186 

line 4.200000,2.575853 4.800000,2.370000 

line 4.800000,2.370000 5.400000,2.080000 

line 4.800000,2.628186 5.400000,2.358323 

line 4.800000,2.370000 5.400000,2.092502 

line 5.400000,2.080000 6.000000,1.650000 

line 5.400000,2.358323 6.000000,1.964762 

line 5.400000,2.092502 6.000000,1.727885 

line 6.000000,1.650000 6.600000,1.030000 

line 6.000000,1.964762 6.600000,1.417879 

line 6.000000,1.727885 6.600000,1.252647 

line 6.600000,1.030000 7.200000,0.000000 

line 6.600000,1.417879 7.200000,0.632400 

line 6.600000,1.252647 7.200000,0.632400 

