 Input file: in2.txt
 Start of computation: Tue Jun 01 09:27:52 2004


# No. | Generovane_body_poruseni Tvar_poruseni | Result | Vysledne_body_poruseni Vysledny_tvar_poruseni | D[m] alfa[-] H[kN] V[kN] EpsH[m]
# 0 | 1 3 5 10 1 1 0 0 | OK | 1 3 6 12 1 1 0 1 | 0.413747 1.000000 115.973614 98.046884 1.091464
# 1 | 2 4 8 12 0 0 0 1 | OK | 0 3 6 12 0 1 0 1 | 0.283265 1.000000 84.894288 92.622554 0.747254
# 2 | 0 4 5 12 0 1 0 0 | OK | 0 3 8 9 0 1 0 0 | 0.372575 1.000000 77.923241 97.462900 0.366863
# 3 | 1 2 3 11 1 0 1 1 | ERROR
# 4 | 2 5 7 11 1 1 1 0 | OK | 0 1 6 11 0 0 0 1 | 0.609784 1.000000 103.142045 79.139489 1.556258
# 5 | 0 2 5 10 0 0 1 0 | OK | 1 3 6 12 1 1 0 1 | 0.413747 1.000000 115.973614 98.046884 1.091464
# 6 | 3 4 11 12 1 1 1 0 | ERROR
# 7 | 2 7 8 11 0 0 1 1 | OK | 0 3 6 12 0 1 0 1 | 0.283265 1.000000 84.894288 92.622554 0.747254
# 8 | 1 5 6 8 0 1 0 1 | OK | 0 3 11 12 0 1 1 1 | 0.373133 1.000000 83.206669 90.058014 0.984324
# 9 | 1 4 8 9 0 1 0 1 | OK | 0 3 6 12 0 1 0 1 | 0.283265 1.000000 84.894288 92.622554 0.747254
# 10 | 1 8 9 12 1 1 0 1 | OK | 0 3 11 12 0 1 0 0 | 0.958277 1.000000 59.087379 101.433333 0.000000
# 11 | 2 6 8 9 0 1 0 1 | OK | 0 3 6 12 0 1 0 1 | 0.283265 1.000000 84.894288 92.622554 0.747254
# 12 | 4 8 10 11 0 1 0 0 | OK | 1 5 6 11 0 0 0 1 | 0.717628 1.000000 111.716814 74.480531 1.791107
# 13 | 1 4 9 12 0 0 0 1 | OK | 0 3 6 12 0 1 0 1 | 0.283265 1.000000 84.894288 92.622554 0.747254
# 14 | 1 4 5 10 0 1 1 1 | OK | 0 3 8 9 0 1 1 1 | 0.701180 1.000000 73.474394 88.100000 1.306578
# 15 | 0 1 5 6 1 0 0 1 | OK | 1 5 6 11 0 0 0 1 | 0.717628 1.000000 111.716814 74.480531 1.791107
# 16 | 1 3 6 9 1 1 0 1 | OK | 1 3 6 12 1 1 0 1 | 0.413747 1.000000 115.973614 98.046884 1.091464
# 17 | 4 5 7 12 1 1 0 1 | ERROR
# 18 | 1 2 4 6 1 1 0 0 | ERROR
# 19 | 2 6 7 12 1 1 0 0 | OK | 0 3 11 12 0 1 0 0 | 0.958277 1.000000 59.087379 101.433333 0.000000
# 20 | 0 1 6 11 1 1 0 1 | OK | 0 1 6 12 1 1 0 1 | 1.002169 1.000000 11924.538071 101.433333 2.643723
# 21 | 0 4 8 10 1 0 1 0 | OK | 0 3 6 12 0 1 0 1 | 0.283265 1.000000 84.894288 92.622554 0.747254
# 22 | 0 3 7 8 1 1 0 1 | ERROR
# 23 | 0 3 8 9 0 0 1 0 | OK | 0 6 11 12 1 0 1 1 | 1.016084 1.000000 -9500.842640 101.433333 2.680430
# 24 | 2 6 8 9 1 0 0 0 | OK | 0 3 6 12 0 1 0 1 | 0.283265 1.000000 84.894288 92.622554 0.747254
# 25 | 2 5 8 9 0 1 0 0 | OK | 0 3 6 12 0 1 0 1 | 0.283265 1.000000 84.894288 92.622554 0.747254
# 26 | 4 6 9 11 0 1 1 0 | ERROR
# 27 | 0 1 2 9 1 1 0 0 | OK | 0 3 6 12 0 1 0 1 | 0.283265 1.000000 84.894288 92.622554 0.747254
# 28 | 1 4 5 10 1 0 1 0 | OK | 0 3 6 12 0 1 0 1 | 0.283265 1.000000 84.894288 92.622554 0.747254
# 29 | 1 8 9 11 0 0 0 1 | OK | 0 3 9 10 0 1 1 1 | 0.593184 1.000000 76.801751 88.100000 1.249971
# 30 | 3 4 7 8 0 0 0 0 | ERROR
# 31 | 0 1 5 7 0 0 0 0 | ERROR
# 32 | 0 2 3 4 1 0 0 0 | OK | 0 3 11 12 0 1 0 0 | 0.958277 1.000000 59.087379 101.433333 0.000000
# 33 | 1 4 8 9 1 0 0 0 | OK | 0 3 10 11 0 1 1 1 | 0.478538 1.000000 80.261816 88.712980 1.141097
# 34 | 2 4 6 10 1 0 1 1 | OK | 0 3 8 9 0 1 0 0 | 0.372575 1.000000 77.923241 97.462900 0.366863
# 35 | 3 5 7 11 1 0 1 0 | OK | 1 5 6 11 0 0 0 1 | 0.717628 1.000000 111.716814 74.480531 1.791107
# 36 | 3 4 6 9 1 1 1 0 | OK | 1 5 6 11 0 0 0 1 | 0.717628 1.000000 111.716814 74.480531 1.791107
# 37 | 2 4 7 10 1 1 1 0 | OK | 0 1 6 11 0 0 0 1 | 0.609784 1.000000 103.142045 79.139489 1.556258
# 38 | 4 6 7 12 0 0 1 1 | OK | 0 1 10 11 0 0 1 1 | 2.296075 1.000000 145.878084 5.775956 4.721293
# 39 | 3 4 7 9 1 1 1 1 | ERROR
# 40 | 1 4 5 7 0 1 0 1 | OK | 0 3 6 12 0 1 0 1 | 0.283265 1.000000 84.894288 92.622554 0.747254
# 41 | 3 6 10 11 0 0 0 1 | ERROR
# 42 | 3 4 7 8 0 0 0 0 | ERROR
# 43 | 3 9 11 12 0 1 1 1 | OK | 0 1 6 11 0 0 0 1 | 0.609784 1.000000 103.142045 79.139489 1.556258
# 44 | 0 1 6 8 1 1 1 1 | ERROR
# 45 | 0 3 5 12 1 1 0 1 | ERROR
# 46 | 2 8 9 10 0 1 0 0 | OK | 0 3 6 12 0 1 0 1 | 0.283265 1.000000 84.894288 92.622554 0.747254
# 47 | 7 9 11 12 0 1 1 0 | OK | 0 1 6 11 0 0 0 1 | 0.609784 1.000000 103.142045 79.139489 1.556258
# 48 | 0 5 9 11 0 0 0 1 | OK | 0 3 6 12 0 1 0 1 | 0.283265 1.000000 84.894288 92.622554 0.747254
# 49 | 3 5 9 11 0 0 0 1 | ERROR
# 50 | 0 1 9 12 0 0 1 1 | OK | 0 1 10 11 0 0 1 1 | 2.296075 1.000000 145.878084 5.775956 4.721293
# 51 | 0 2 3 9 1 0 1 1 | OK | 0 3 11 12 0 1 0 0 | 0.958277 1.000000 59.087379 101.433333 0.000000
# 52 | 0 2 7 10 1 0 1 0 | OK | 0 3 6 12 0 1 0 1 | 0.283265 1.000000 84.894288 92.622554 0.747254
# 53 | 1 5 7 11 0 1 0 1 | OK | 0 3 6 12 0 1 0 1 | 0.283265 1.000000 84.894288 92.622554 0.747254
# 54 | 2 4 11 12 0 1 1 1 | OK | 0 3 6 12 0 1 0 1 | 0.283265 1.000000 84.894288 92.622554 0.747254
# 55 | 0 1 2 5 0 0 0 1 | ERROR
# 56 | 0 1 2 8 0 1 0 0 | ERROR
# 57 | 7 10 11 12 0 1 1 1 | OK | 0 3 6 12 0 1 0 1 | 0.283265 1.000000 84.894288 92.622554 0.747254
# 58 | 8 10 11 12 1 1 0 0 | ERROR
# 59 | 1 5 8 10 1 0 1 1 | OK | 0 3 6 12 0 1 0 1 | 0.283265 1.000000 84.894288 92.622554 0.747254
# 60 | 2 3 5 8 1 1 1 0 | OK | 0 1 6 11 0 0 0 1 | 0.609784 1.000000 103.142045 79.139489 1.556258
# 61 | 0 2 4 7 1 1 0 1 | OK | 0 3 6 12 0 1 0 1 | 0.283265 1.000000 84.894288 92.622554 0.747254
# 62 | 5 6 11 12 0 0 0 0 | ERROR
# 63 | 1 5 7 10 1 0 0 1 | OK | 0 6 11 12 1 0 1 1 | 1.016084 1.000000 -9500.842640 101.433333 2.680430
# 64 | 2 5 8 9 1 0 0 0 | OK | 0 3 10 11 0 1 1 1 | 0.478538 1.000000 80.261816 88.712980 1.141097
# 65 | 0 6 9 11 1 0 0 0 | OK | 0 3 10 11 0 1 1 1 | 0.478538 1.000000 80.261816 88.712980 1.141097
# 66 | 0 4 6 12 1 0 0 0 | OK | 0 3 8 9 0 1 1 1 | 0.701180 1.000000 73.474394 88.100000 1.306578
# 67 | 3 4 8 12 0 1 0 1 | ERROR
# 68 | 2 6 8 12 1 0 1 0 | OK | 0 3 11 12 0 1 0 0 | 0.958277 1.000000 59.087379 101.433333 0.000000
# 69 | 1 6 7 12 0 1 1 0 | ERROR
# 70 | 6 7 10 11 1 0 1 0 | OK | 0 3 10 11 0 1 1 1 | 0.478538 1.000000 80.261816 88.712980 1.141097
# 71 | 1 4 9 10 1 0 0 1 | OK | 1 3 6 12 1 1 0 1 | 0.413747 1.000000 115.973614 98.046884 1.091464
# 72 | 1 5 7 11 0 1 0 0 | OK | 0 3 11 12 0 1 0 0 | 0.958277 1.000000 59.087379 101.433333 0.000000
# 73 | 4 5 7 12 0 1 1 0 | ERROR
# 74 | 0 4 5 11 1 1 0 1 | OK | 0 1 6 12 1 1 0 1 | 1.002169 1.000000 11924.538071 101.433333 2.643723
# 75 | 6 7 8 9 1 1 1 0 | OK | 0 3 9 10 0 1 1 1 | 0.593184 1.000000 76.801751 88.100000 1.249971
# 76 | 0 3 11 12 1 1 1 1 | ERROR
# 77 | 1 2 8 10 1 1 1 0 | OK | 0 1 6 11 0 0 0 1 | 0.609784 1.000000 103.142045 79.139489 1.556258
# 78 | 5 10 11 12 0 0 0 0 | ERROR
# 79 | 2 4 5 8 1 1 1 1 | ERROR
# 80 | 0 2 8 10 0 1 1 0 | OK | 0 6 11 12 1 0 1 1 | 1.016084 1.000000 -9500.842640 101.433333 2.680430
# 81 | 4 8 9 10 1 0 0 1 | OK | 1 5 6 11 0 0 0 1 | 0.717628 1.000000 111.716814 74.480531 1.791107
# 82 | 3 5 7 11 0 1 1 1 | OK | 1 5 6 11 0 0 0 1 | 0.717628 1.000000 111.716814 74.480531 1.791107
# 83 | 2 5 6 10 1 1 0 0 | OK | 0 3 6 12 0 1 0 1 | 0.283265 1.000000 84.894288 92.622554 0.747254
# 84 | 2 4 5 6 1 1 0 1 | ERROR
# 85 | 0 1 2 5 0 0 1 1 | ERROR
# 86 | 1 5 8 11 1 0 1 1 | OK | 0 3 11 12 0 1 0 0 | 0.958277 1.000000 59.087379 101.433333 0.000000
# 87 | 4 8 10 11 0 0 1 1 | OK | 2 3 4 11 0 0 0 1 | 1.561308 1.000000 236.571429 2.057143 3.550978
# 88 | 3 5 7 10 0 0 0 0 | ERROR
# 89 | 1 2 3 9 0 1 0 1 | OK | 0 6 11 12 1 0 1 1 | 1.016084 1.000000 -9500.842640 101.433333 2.680430
# 90 | 1 2 5 6 1 1 1 1 | OK | 0 6 11 12 0 0 1 1 | 0.506882 1.000000 97.467995 83.331982 1.337154
# 91 | 1 2 3 4 1 0 0 0 | OK | 0 3 11 12 0 1 0 0 | 0.958277 1.000000 59.087379 101.433333 0.000000
# 92 | 3 5 7 11 1 1 0 0 | OK | 1 5 6 11 0 0 0 1 | 0.717628 1.000000 111.716814 74.480531 1.791107
# 93 | 2 6 9 10 0 1 0 0 | OK | 0 3 10 11 0 1 1 1 | 0.478538 1.000000 80.261816 88.712980 1.141097
# 94 | 2 3 8 11 1 1 0 0 | OK | 0 3 10 11 0 1 1 1 | 0.478538 1.000000 80.261816 88.712980 1.141097
# 95 | 1 4 9 12 0 0 1 1 | OK | 2 3 10 11 1 1 0 0 | 1.423914 1.000000 105.306708 134.116932 0.265850
# 96 | 1 2 5 7 1 1 1 1 | ERROR
# 97 | 4 9 10 12 1 0 1 0 | ERROR
# 98 | 0 5 7 8 1 1 1 1 | ERROR
# 99 | 2 3 4 6 0 1 1 0 | OK | 0 1 6 11 0 0 0 1 | 0.609784 1.000000 103.142045 79.139489 1.556258