 Input file: in3.txt
 Start of computation: Tue Jun 01 09:28:09 2004


# No. | Generovane_body_poruseni Tvar_poruseni | Result | Vysledne_body_poruseni Vysledny_tvar_poruseni | D[m] alfa[-] H[kN] V[kN] EpsH[m]
# 0 | 1 3 5 10 1 1 0 0 | OK | 1 3 6 12 1 1 0 1 | 0.525386 1.000000 168.867664 107.278579 1.385968
# 1 | 2 4 8 12 0 0 0 1 | OK | 0 3 6 12 0 1 0 1 | 0.383096 1.000000 106.790004 96.444052 1.010608
# 2 | 0 4 5 12 0 1 0 0 | OK | 0 3 8 9 0 1 0 0 | 0.557921 1.000000 93.275053 104.882942 0.505632
# 3 | 1 2 3 11 1 0 1 1 | OK | 0 3 4 12 0 1 1 0 | 2.691403 1.000000 46.619229 111.433333 0.000000
# 4 | 2 5 7 11 1 1 1 0 | OK | 1 6 11 12 0 0 1 1 | 0.617801 1.000000 124.969109 83.280118 1.629758
# 5 | 0 2 5 10 0 0 1 0 | ERROR
# 6 | 3 4 11 12 1 1 1 0 | ERROR
# 7 | 2 7 8 11 0 0 1 1 | OK | 0 3 6 12 0 1 0 1 | 0.383096 1.000000 106.790004 96.444052 1.010608
# 8 | 1 5 6 8 0 1 0 1 | OK | 0 3 6 12 0 1 0 1 | 0.486863 1.000000 104.398918 92.810512 1.284346
# 9 | 1 4 8 9 0 1 0 1 | OK | 0 3 6 12 0 1 0 1 | 0.383096 1.000000 106.790004 96.444052 1.010608
# 10 | 1 8 9 12 1 1 0 1 | OK | 0 3 11 12 0 1 0 0 | 1.428034 1.000000 64.912621 111.433333 0.000000
# 11 | 2 6 8 9 0 1 0 1 | OK | 0 3 6 12 0 1 0 1 | 0.383096 1.000000 106.790004 96.444052 1.010608
# 12 | 4 8 10 11 0 1 0 0 | OK | 1 6 11 12 0 0 1 1 | 0.617801 1.000000 124.969109 83.280118 1.629758
# 13 | 1 4 9 12 0 0 0 1 | OK | 0 3 6 12 0 1 0 1 | 0.383096 1.000000 106.790004 96.444052 1.010608
# 14 | 1 4 5 10 0 1 1 1 | OK | 0 4 8 9 0 1 1 1 | 1.082608 1.000000 85.300522 88.100000 1.969507
# 15 | 0 1 5 6 1 0 0 1 | OK | 0 3 4 12 0 1 1 0 | 2.691403 1.000000 46.619229 111.433333 0.000000
# 16 | 1 3 6 9 1 1 0 1 | OK | 1 3 6 12 1 1 0 1 | 0.525386 1.000000 168.867664 107.278579 1.385968
# 17 | 4 5 7 12 1 1 0 1 | ERROR
# 18 | 1 2 4 6 1 1 0 0 | ERROR
# 19 | 2 6 7 12 1 1 0 0 | OK | 0 3 11 12 0 1 0 0 | 1.428034 1.000000 64.912621 111.433333 0.000000
# 20 | 0 1 6 11 1 1 0 1 | OK | 0 6 11 12 1 0 1 1 | 1.014232 1.000000 -14803.380711 111.433333 2.675544
# 21 | 0 4 8 10 1 0 1 0 | OK | 0 3 6 12 0 1 0 1 | 0.383096 1.000000 106.790004 96.444052 1.010608
# 22 | 0 3 7 8 1 1 0 1 | ERROR
# 23 | 0 3 8 9 0 0 1 0 | OK | 0 6 11 12 1 0 1 1 | 1.014232 1.000000 -14803.380711 111.433333 2.675544
# 24 | 2 6 8 9 1 0 0 0 | ERROR
# 25 | 2 5 8 9 0 1 0 0 | OK | 0 3 6 12 0 1 0 1 | 0.383096 1.000000 106.790004 96.444052 1.010608
# 26 | 4 6 9 11 0 1 1 0 | ERROR
# 27 | 0 1 2 9 1 1 0 0 | OK | 0 3 6 12 0 1 0 1 | 0.383096 1.000000 106.790004 96.444052 1.010608
# 28 | 1 4 5 10 1 0 1 0 | OK | 0 3 6 12 0 1 0 1 | 0.383096 1.000000 106.790004 96.444052 1.010608
# 29 | 1 8 9 11 0 0 0 1 | OK | 0 3 6 12 0 1 0 1 | 0.383096 1.000000 106.790004 96.444052 1.010608
# 30 | 3 4 7 8 0 0 0 0 | ERROR
# 31 | 0 1 5 7 0 0 0 0 | ERROR
# 32 | 0 2 3 4 1 0 0 0 | OK | 0 3 10 11 0 1 0 0 | 0.838562 1.000000 80.935032 108.932866 0.222442
# 33 | 1 4 8 9 1 0 0 0 | OK | 0 3 10 11 0 1 1 1 | 0.730226 1.000000 96.532807 89.217739 1.656973
# 34 | 2 4 6 10 1 0 1 1 | OK | 0 3 6 12 0 1 0 1 | 0.383096 1.000000 106.790004 96.444052 1.010608
# 35 | 3 5 7 11 1 0 1 0 | OK | 1 6 11 12 0 0 1 1 | 0.617801 1.000000 124.969109 83.280118 1.629758
# 36 | 3 4 6 9 1 1 1 0 | OK | 0 3 6 12 0 1 0 1 | 0.383096 1.000000 106.790004 96.444052 1.010608
# 37 | 2 4 7 10 1 1 1 0 | OK | 0 1 6 12 0 0 0 1 | 0.605230 1.000000 123.596591 84.025852 1.596596
# 38 | 4 6 7 12 0 0 1 1 | OK | 0 1 10 11 0 0 1 1 | 2.570520 1.000000 187.692412 -26.005307 5.272233
# 39 | 3 4 7 9 1 1 1 1 | OK | 1 2 3 8 1 1 1 0 | 0.776917 1.000000 162.796629 126.970549 0.976179
# 40 | 1 4 5 7 0 1 0 1 | OK | 0 3 6 12 0 1 0 1 | 0.383096 1.000000 106.790004 96.444052 1.010608
# 41 | 3 6 10 11 0 0 0 1 | OK | 1 3 6 12 1 1 0 1 | 0.525386 1.000000 168.867664 107.278579 1.385968
# 42 | 3 4 7 8 0 0 0 0 | ERROR
# 43 | 3 9 11 12 0 1 1 1 | OK | 1 6 11 12 0 0 1 1 | 0.617801 1.000000 124.969109 83.280118 1.629758
# 44 | 0 1 6 8 1 1 1 1 | OK | 0 3 6 12 0 1 0 1 | 0.383096 1.000000 106.790004 96.444052 1.010608
# 45 | 0 3 5 12 1 1 0 1 | ERROR
# 46 | 2 8 9 10 0 1 0 0 | OK | 0 3 6 12 0 1 0 1 | 0.383096 1.000000 106.790004 96.444052 1.010608
# 47 | 7 9 11 12 0 1 1 0 | OK | 0 3 11 12 0 1 0 0 | 1.428034 1.000000 64.912621 111.433333 0.000000
# 48 | 0 5 9 11 0 0 0 1 | OK | 0 3 6 12 0 1 0 1 | 0.383096 1.000000 106.790004 96.444052 1.010608
# 49 | 3 5 9 11 0 0 0 1 | OK | 1 3 6 12 1 1 0 1 | 0.525386 1.000000 168.867664 107.278579 1.385968
# 50 | 0 1 9 12 0 0 1 1 | OK | 0 1 10 11 0 0 1 1 | 2.570520 1.000000 187.692412 -26.005307 5.272233
# 51 | 0 2 3 9 1 0 1 1 | OK | 0 3 4 12 0 1 1 0 | 2.691403 1.000000 46.619229 111.433333 0.000000
# 52 | 0 2 7 10 1 0 1 0 | OK | 0 3 6 12 0 1 0 1 | 0.383096 1.000000 106.790004 96.444052 1.010608
# 53 | 1 5 7 11 0 1 0 1 | OK | 0 3 6 12 0 1 0 1 | 0.383096 1.000000 106.790004 96.444052 1.010608
# 54 | 2 4 11 12 0 1 1 1 | ERROR
# 55 | 0 1 2 5 0 0 0 1 | OK | 1 2 3 8 1 1 1 0 | 0.776917 1.000000 162.796629 126.970549 0.976179
# 56 | 0 1 2 8 0 1 0 0 | ERROR
# 57 | 7 10 11 12 0 1 1 1 | OK | 1 2 3 8 1 1 1 0 | 0.776917 1.000000 162.796629 126.970549 0.976179
# 58 | 8 10 11 12 1 1 0 0 | ERROR
# 59 | 1 5 8 10 1 0 1 1 | OK | 0 3 6 12 0 1 0 1 | 0.383096 1.000000 106.790004 96.444052 1.010608
# 60 | 2 3 5 8 1 1 1 0 | OK | 1 6 11 12 0 0 1 1 | 0.617801 1.000000 124.969109 83.280118 1.629758
# 61 | 0 2 4 7 1 1 0 1 | OK | 0 3 6 12 0 1 0 1 | 0.383096 1.000000 106.790004 96.444052 1.010608
# 62 | 5 6 11 12 0 0 0 0 | ERROR
# 63 | 1 5 7 10 1 0 0 1 | OK | 0 6 11 12 1 0 1 1 | 1.014232 1.000000 -14803.380711 111.433333 2.675544
# 64 | 2 5 8 9 1 0 0 0 | OK | 0 3 10 11 0 1 1 1 | 0.730226 1.000000 96.532807 89.217739 1.656973
# 65 | 0 6 9 11 1 0 0 0 | OK | 0 3 10 11 0 1 1 1 | 0.730226 1.000000 96.532807 89.217739 1.656973
# 66 | 0 4 6 12 1 0 0 0 | OK | 0 3 9 10 0 1 1 1 | 0.925780 1.000000 90.223549 88.100000 1.862042
# 67 | 3 4 8 12 0 1 0 1 | ERROR
# 68 | 2 6 8 12 1 0 1 0 | OK | 0 3 6 12 0 1 0 1 | 0.383096 1.000000 106.790004 96.444052 1.010608
# 69 | 1 6 7 12 0 1 1 0 | OK | 1 3 6 12 1 1 0 1 | 0.525386 1.000000 168.867664 107.278579 1.385968
# 70 | 6 7 10 11 1 0 1 0 | OK | 0 3 10 11 0 1 1 1 | 0.730226 1.000000 96.532807 89.217739 1.656973
# 71 | 1 4 9 10 1 0 0 1 | ERROR
# 72 | 1 5 7 11 0 1 0 0 | OK | 0 5 6 11 1 0 0 1 | 2.106499 1.000000 -84.673900 107.212317 5.198023
# 73 | 4 5 7 12 0 1 1 0 | ERROR
# 74 | 0 4 5 11 1 1 0 1 | OK | 0 1 6 12 1 1 0 1 | 1.002388 1.000000 14656.517766 111.433333 2.644301
# 75 | 6 7 8 9 1 1 1 0 | ERROR
# 76 | 0 3 11 12 1 1 1 1 | ERROR
# 77 | 1 2 8 10 1 1 1 0 | OK | 1 6 11 12 0 0 1 1 | 0.617801 1.000000 124.969109 83.280118 1.629758
# 78 | 5 10 11 12 0 0 0 0 | ERROR
# 79 | 2 4 5 8 1 1 1 1 | OK | 2 4 6 8 1 1 1 1 | 4.708578 1.000000 -232.807531 88.100000 8.015089
# 80 | 0 2 8 10 0 1 1 0 | OK | 0 5 6 11 1 0 0 1 | 2.106499 1.000000 -84.673900 107.212317 5.198023
# 81 | 4 8 9 10 1 0 0 1 | OK | 1 6 11 12 0 0 1 1 | 0.617801 1.000000 124.969109 83.280118 1.629758
# 82 | 3 5 7 11 0 1 1 1 | OK | 1 6 11 12 0 0 1 1 | 0.617801 1.000000 124.969109 83.280118 1.629758
# 83 | 2 5 6 10 1 1 0 0 | OK | 0 3 6 12 0 1 0 1 | 0.383096 1.000000 106.790004 96.444052 1.010608
# 84 | 2 4 5 6 1 1 0 1 | ERROR
# 85 | 0 1 2 5 0 0 1 1 | OK | 0 3 6 12 0 1 0 1 | 0.383096 1.000000 106.790004 96.444052 1.010608
# 86 | 1 5 8 11 1 0 1 1 | OK | 0 3 11 12 0 1 0 0 | 1.428034 1.000000 64.912621 111.433333 0.000000
# 87 | 4 8 10 11 0 0 1 1 | OK | 2 3 4 11 0 0 0 1 | 1.780430 1.000000 408.000000 -80.800000 4.029559
# 88 | 3 5 7 10 0 0 0 0 | ERROR
# 89 | 1 2 3 9 0 1 0 1 | OK | 0 3 4 12 0 1 1 0 | 2.691403 1.000000 46.619229 111.433333 0.000000
# 90 | 1 2 5 6 1 1 1 1 | OK | 1 6 11 12 0 0 1 1 | 0.617801 1.000000 124.969109 83.280118 1.629758
# 91 | 1 2 3 4 1 0 0 0 | OK | 0 3 4 12 0 1 1 0 | 2.691403 1.000000 46.619229 111.433333 0.000000
# 92 | 3 5 7 11 1 1 0 0 | OK | 1 6 11 12 0 0 1 1 | 0.617801 1.000000 124.969109 83.280118 1.629758
# 93 | 2 6 9 10 0 1 0 0 | OK | 0 3 6 12 0 1 0 1 | 0.383096 1.000000 106.790004 96.444052 1.010608
# 94 | 2 3 8 11 1 1 0 0 | OK | 2 3 9 10 1 1 0 0 | 1.338391 1.000000 152.612568 153.972340 0.538776
# 95 | 1 4 9 12 0 0 1 1 | OK | 2 3 10 11 0 0 1 1 | 9.667379 1.000000 -58.876491 253.794819 19.258198
# 96 | 1 2 5 7 1 1 1 1 | OK | 1 5 6 11 0 0 0 1 | 0.882590 1.000000 154.194690 67.400885 2.195761
# 97 | 4 9 10 12 1 0 1 0 | ERROR
# 98 | 0 5 7 8 1 1 1 1 | ERROR
# 99 | 2 3 4 6 0 1 1 0 | OK | 0 3 4 12 0 1 1 0 | 2.691403 1.000000 46.619229 111.433333 0.000000