 Input file: klenba.txt
 Start of computation: Mon Jul 26 15:26:23 2004




 ***  RESULTS  ***

 Cas vypoctu:   0.31 sec
 Vypocet probehl v MODE 2
 Parametr generatoru: 1000

 Pocet generovanych tvaru poruseni: 5000
 - pocet vysledku OK:         22
 - pocet ERROR_GaussElim:      0
 - pocet ERROR_Oscilace:     3494
 - pocet ostatnich vysledku: 1484

 | Vysledne_body_poruseni | Vysledny_tvar_poruseni |
 | 1 5 7 11 | 0 1 1 0 |

 D[m] alfa[-] H[kN] V[kN] EpsH[m]
 1.000000 255.739835 359.201355 582.530348 0.056957


 Internal forces:
 Point H[kN] V[kN] e[m] e/D[-] M[kNm]
 0 359.201355 -616.628993 -1.319000 -0.500000 -473.786588
 1 359.201355 -616.628993 -0.809000 -0.500000 -290.593896
 2 359.201355 -591.328993 -0.288760 -0.219924 -103.723134
 3 359.201355 -316.289158 0.027954 0.024077 10.041048
 4 359.201355 -301.089158 0.282885 0.262660 101.612606
 5 359.201355 -32.849322 0.457043 0.444594 164.170310
 6 359.201355 -22.049322 0.405873 0.404256 145.790184
 7 359.201355 -12.049322 0.514000 0.500000 184.629497
 8 359.201355 254.490513 0.254406 0.236217 91.383013
 9 359.201355 266.990513 0.056433 0.048607 20.270641
 10 359.201355 537.930348 -0.345718 -0.263304 -124.182321
 11 359.201355 557.230348 -0.809000 -0.500000 -290.593896
 12 359.201355 582.530348 -1.262043 -0.478409 -453.327401


 AutoCAD commands:

line 0.000000,0.000000 0.600000,1.030000 

line 0.000000,2.638000 0.600000,2.648000 

line 0.000000,-0.000000 0.600000,1.030000 

line 0.600000,1.030000 1.200000,1.650000 

line 0.600000,2.648000 1.200000,2.963000 

line 0.600000,1.030000 1.200000,2.017740 

line 1.200000,1.650000 1.800000,2.080000 

line 1.200000,2.963000 1.800000,3.241000 

line 1.200000,2.017740 1.800000,2.688454 

line 1.800000,2.080000 2.400000,2.370000 

line 1.800000,3.241000 2.400000,3.447000 

line 1.800000,2.688454 2.400000,3.191385 

line 2.400000,2.370000 3.000000,2.560000 

line 2.400000,3.447000 3.000000,3.588000 

line 2.400000,3.191385 3.000000,3.531043 

line 3.000000,2.560000 3.600000,2.660000 

line 3.000000,3.588000 3.600000,3.664000 

line 3.000000,3.531043 3.600000,3.567873 

line 3.600000,2.660000 4.200000,2.560000 

line 3.600000,3.664000 4.200000,3.588000 

line 3.600000,3.567873 4.200000,3.588000 

line 4.200000,2.560000 4.800000,2.370000 

line 4.200000,3.588000 4.800000,3.447000 

line 4.200000,3.588000 4.800000,3.162906 

line 4.800000,2.370000 5.400000,2.080000 

line 4.800000,3.447000 5.400000,3.241000 

line 4.800000,3.162906 5.400000,2.716933 

line 5.400000,2.080000 6.000000,1.650000 

line 5.400000,3.241000 6.000000,2.963000 

line 5.400000,2.716933 6.000000,1.960782 

line 6.000000,1.650000 6.600000,1.030000 

line 6.000000,2.963000 6.600000,2.648000 

line 6.000000,1.960782 6.600000,1.030000 

line 6.600000,1.030000 7.200000,0.000000 

line 6.600000,2.648000 7.200000,2.638000 

line 6.600000,1.030000 7.200000,0.056957 

