Vstupni soubor: zlamal0_1.in
*** vysledky vypoctu ***
 icase = 0
         0 -> O.K.,
        -1 -> nelze splnit omezujici podminky,
        +1 -> cilova funkce je na polyedru neomezena.
 lambda = 9.158869
 pocet bloku N = 40
 Vektor lokalnich deformaci:
   1: fi 00 int = 5.000000
  16: fi 07 ext = 8.384988
  51: fi 25 int = 6.778123
  82: fi 40 ext = 3.393135
 Vektor indexu spary mezi bloky:
0		1		2		3		4		5		6		7		8		9		10		11		12		13		14		15		16		17		18		19		20		21		22		23		24		25		26		27		28		29		30		31		32		33		34		35		36		37		38		39		40
 Vektor normalovych sil ve sparach (+ znaci tlak):
14.176792	13.851858	13.501932	13.129027	12.735112	12.322245	11.892441	5.683902	5.606768	5.533564	5.465161	5.402417	5.346110	5.296910	5.255436	5.222232	5.197721	5.182283	5.176169	5.179564	5.192566	5.215163	5.247263	5.288680	5.339137	5.398268	5.465620	5.540655	5.622753	5.711207	5.805239	5.903997	6.006557	6.111933	6.219076	6.326882	6.434196	6.539820	6.642514	6.741009	6.834006
 Vektor vzdalenosti N od hornoho povrchu klenby:
0.145000	0.132544	0.116079	0.095355	0.070064	0.039835	0.004219	0.000000	0.015463	0.029832	0.043188	0.055603	0.067136	0.077836	0.087742	0.096880	0.105267	0.112908	0.119800	0.125928	0.131272	0.135802	0.139482	0.142273	0.144128	0.145000	0.144838	0.143590	0.141201	0.137616	0.132777	0.126624	0.119096	0.110126	0.099643	0.087570	0.073821	0.058302	0.040908	0.021519	-0.000000
 Vektor posouvajicich sil ve sparach:
2.189101	2.804065	3.391357	3.950075	4.479447	4.978832	5.447720	-1.232043	-1.117064	-1.013030	-0.919197	-0.834760	-0.758854	-0.690561	-0.628914	-0.572907	-0.521497	-0.473613	-0.428158	-0.384021	-0.340078	-0.295203	-0.248272	-0.198169	-0.143795	-0.084073	-0.017953	0.055580	0.137501	0.228737	0.330165	0.442603	0.566806	0.703463	0.853188	1.016519	1.193915	1.385747	1.592300	1.813767	2.050249
