Vstupni soubor: zlamal1.in
***kopie vstupniho souboru***

 2.472500
 0.713750
 1
 0.145000
 20.000000
 0.600000
 40
 1
 0.586000 1.000000 0.200000
 0.500000
 0.000000
 0 30.000000
 0 0.600000 0.400000 2.400000
 1
 1 2000.000000 inter.txt
*****************************
Ortoganalni souradnice intrados a extrados:
X_int	Y_int	X_ext	Y_ext
 +0.000000	 +0.000000	 -0.125574	 +0.072500
 +0.039049	 +0.063722	 -0.082558	 +0.142695
 +0.081379	 +0.125313	 -0.035928	 +0.210542
 +0.126875	 +0.184605	 +0.014189	 +0.275856
 +0.175412	 +0.241434	 +0.067656	 +0.338458
 +0.226856	 +0.295645	 +0.124325	 +0.398175
 +0.281067	 +0.347089	 +0.184043	 +0.454845
 +0.337896	 +0.395626	 +0.246644	 +0.508312
 +0.397187	 +0.441122	 +0.311958	 +0.558429
 +0.458778	 +0.483452	 +0.379806	 +0.605059
 +0.522501	 +0.522501	 +0.450001	 +0.648075
 +0.588179	 +0.558162	 +0.522350	 +0.687358
 +0.655634	 +0.590336	 +0.596657	 +0.722800
 +0.724680	 +0.618936	 +0.672717	 +0.754305
 +0.795129	 +0.643883	 +0.750321	 +0.781786
 +0.866786	 +0.665109	 +0.829257	 +0.805168
 +0.939456	 +0.682556	 +0.909309	 +0.824387
 +1.012940	 +0.696175	 +0.990257	 +0.839390
 +1.087036	 +0.705930	 +1.071879	 +0.850136
 +1.161541	 +0.711794	 +1.153952	 +0.856595
 +1.236250	 +0.713750	 +1.236250	 +0.858750
 +1.310960	 +0.711794	 +1.318548	 +0.856595
 +1.385464	 +0.705930	 +1.400621	 +0.850136
 +1.459560	 +0.696175	 +1.482243	 +0.839390
 +1.533044	 +0.682556	 +1.563191	 +0.824387
 +1.605714	 +0.665109	 +1.643243	 +0.805168
 +1.677372	 +0.643883	 +1.722179	 +0.781786
 +1.747820	 +0.618936	 +1.799783	 +0.754305
 +1.816866	 +0.590336	 +1.875843	 +0.722800
 +1.884321	 +0.558162	 +1.950150	 +0.687358
 +1.949999	 +0.522501	 +2.022500	 +0.648075
 +2.013722	 +0.483452	 +2.092694	 +0.605059
 +2.075313	 +0.441122	 +2.160542	 +0.558429
 +2.134604	 +0.395626	 +2.225856	 +0.508312
 +2.191433	 +0.347089	 +2.288457	 +0.454845
 +2.245644	 +0.295645	 +2.348175	 +0.398175
 +2.297088	 +0.241434	 +2.404845	 +0.338458
 +2.345625	 +0.184605	 +2.458311	 +0.275856
 +2.391121	 +0.125313	 +2.508428	 +0.210542
 +2.433451	 +0.063722	 +2.555058	 +0.142695
 +2.472500	 +0.000000	 +2.598074	 +0.072500
Vlastni tiha klenby - jednotlive bloky:
X_p	Y_p	P
 -0.043266	 +0.070339	 +0.227661
 -0.000477	 +0.136230	 +0.227661
 +0.045702	 +0.199790	 +0.227661
 +0.095145	 +0.260847	 +0.227661
 +0.147715	 +0.319232	 +0.227661
 +0.203269	 +0.374786	 +0.227661
 +0.261654	 +0.427356	 +0.227661
 +0.322711	 +0.476799	 +0.227661
 +0.386271	 +0.522978	 +0.227661
 +0.452161	 +0.565768	 +0.227661
 +0.520200	 +0.605050	 +0.227661
 +0.590202	 +0.640718	 +0.227661
 +0.661975	 +0.672673	 +0.227661
 +0.735322	 +0.700828	 +0.227661
 +0.810042	 +0.725106	 +0.227661
 +0.885929	 +0.745440	 +0.227661
 +0.962778	 +0.761775	 +0.227662
 +1.040376	 +0.774065	 +0.227661
 +1.118510	 +0.782278	 +0.227661
 +1.196967	 +0.786389	 +0.227661
 +1.275532	 +0.786389	 +0.227661
 +1.353990	 +0.782278	 +0.227661
 +1.432125	 +0.774065	 +0.227661
 +1.509722	 +0.761775	 +0.227662
 +1.586570	 +0.745440	 +0.227661
 +1.662459	 +0.725106	 +0.227661
 +1.737178	 +0.700828	 +0.227661
 +1.810525	 +0.672673	 +0.227661
 +1.882298	 +0.640718	 +0.227661
 +1.952299	 +0.605050	 +0.227661
 +2.020339	 +0.565768	 +0.227661
 +2.086229	 +0.522978	 +0.227661
 +2.149790	 +0.476799	 +0.227661
 +2.210846	 +0.427356	 +0.227661
 +2.269231	 +0.374786	 +0.227661
 +2.324785	 +0.319232	 +0.227661
 +2.377355	 +0.260846	 +0.227661
 +2.426798	 +0.199790	 +0.227661
 +2.472977	 +0.136230	 +0.227662
 +2.515766	 +0.070339	 +0.227661
Tiha nadnasypu pusobici na bloky:
P	h_ver	X_p	Y_p
 +0.000000	 +0.070195	 -0.104267	 +0.107269
 +0.000000	 +0.067847	 -0.059466	 +0.176294
 +0.000000	 +0.065314	 -0.011114	 +0.242881
 +0.000000	 +0.062602	 +0.040657	 +0.306846
 +0.000000	 +0.059718	 +0.095706	 +0.368017
 +0.000000	 +0.056670	 +0.153882	 +0.426223
 +0.000000	 +0.053467	 +0.215026	 +0.481307
 +0.000000	 +0.050117	 +0.278971	 +0.533117
 +0.000000	 +0.046630	 +0.345543	 +0.581511
 +0.000000	 +0.043015	 +0.414559	 +0.626357
 +0.000000	 +0.039283	 +0.485833	 +0.667530
 +0.000000	 +0.035442	 +0.559168	 +0.704919
 +0.000000	 +0.031505	 +0.634365	 +0.738419
 +0.000000	 +0.027481	 +0.711218	 +0.767939
 +0.000000	 +0.023382	 +0.789517	 +0.793397
 +0.000000	 +0.019219	 +0.869048	 +0.814721
 +0.000000	 +0.015003	 +0.949591	 +0.831853
 +0.000000	 +0.010746	 +1.030926	 +0.844744
 +0.000000	 +0.006459	 +1.112828	 +0.853358
 +0.000000	 +0.002155	 +1.195071	 +0.857672
 +0.000000	 -0.002155	 +1.277429	 +0.857672
 +0.000000	 -0.006459	 +1.359672	 +0.853358
 +0.000000	 -0.010746	 +1.441574	 +0.844744
 +0.000000	 -0.015003	 +1.522909	 +0.831853
 +0.000000	 -0.019219	 +1.603452	 +0.814721
 +0.000000	 -0.023382	 +1.682983	 +0.793397
 +0.000000	 -0.027481	 +1.761282	 +0.767939
 +0.000000	 -0.031505	 +1.838135	 +0.738420
 +0.000000	 -0.035442	 +1.913332	 +0.704919
 +0.000000	 -0.039283	 +1.986668	 +0.667530
 +0.000000	 -0.043016	 +2.057940	 +0.626357
 +0.000000	 -0.046630	 +2.126957	 +0.581511
 +0.000000	 -0.050117	 +2.193529	 +0.533117
 +0.000000	 -0.053467	 +2.257474	 +0.481307
 +0.000000	 -0.056670	 +2.318619	 +0.426223
 +0.000000	 -0.059718	 +2.376793	 +0.368017
 +0.000000	 -0.062602	 +2.431843	 +0.306846
 +0.000000	 -0.065314	 +2.483614	 +0.242880
 +0.000000	 -0.067848	 +2.531968	 +0.176292
 +0.000000	 -0.070195	 +2.576767	 +0.107270
Vnejsi zatizeni pusobici na bloky:
X_q	Y_q	Q
 -0.125574	 +0.072500	 +0.000000
 -0.082558	 +0.142695	 +0.000000
 -0.035928	 +0.210542	 +0.000000
 +0.014189	 +0.275856	 +0.000000
 +0.067656	 +0.338458	 +0.000000
 +0.124325	 +0.398175	 +0.000000
 +0.184043	 +0.454845	 +0.000000
 +0.246644	 +0.508312	 +0.000000
 +0.311958	 +0.558429	 +0.000000
 +0.379806	 +0.605059	 +0.000000
 +0.450001	 +0.648075	 +0.000000
 +0.586000	 +0.728734	 +1.000000
 +0.596657	 +0.722800	 +0.000000
 +0.672717	 +0.754305	 +0.000000
 +0.750321	 +0.781786	 +0.000000
 +0.829257	 +0.805168	 +0.000000
 +0.909309	 +0.824387	 +0.000000
 +0.990257	 +0.839390	 +0.000000
 +1.071879	 +0.850136	 +0.000000
 +1.153952	 +0.856595	 +0.000000
 +1.236250	 +0.858750	 +0.000000
 +1.318548	 +0.856595	 +0.000000
 +1.400621	 +0.850136	 +0.000000
 +1.482243	 +0.839390	 +0.000000
 +1.563191	 +0.824387	 +0.000000
 +1.643243	 +0.805168	 +0.000000
 +1.722179	 +0.781786	 +0.000000
 +1.799783	 +0.754305	 +0.000000
 +1.875843	 +0.722800	 +0.000000
 +1.950150	 +0.687358	 +0.000000
 +2.022500	 +0.648075	 +0.000000
 +2.092694	 +0.605059	 +0.000000
 +2.160542	 +0.558429	 +0.000000
 +2.225856	 +0.508312	 +0.000000
 +2.288457	 +0.454845	 +0.000000
 +2.348175	 +0.398175	 +0.000000
 +2.404845	 +0.338458	 +0.000000
 +2.458311	 +0.275856	 +0.000000
 +2.508428	 +0.210542	 +0.000000
 +2.555058	 +0.142695	 +0.000000
Ortogonalni lokalni souradnice jednotlivych bloku:
a	alfa	b	beta
 +0.072500	 +2.617995	 +0.078531	 +1.021018
 +0.072500	 +2.565635	 +0.078531	 +0.968659
 +0.072500	 +2.513275	 +0.078531	 +0.916299
 +0.072500	 +2.460915	 +0.078531	 +0.863939
 +0.072500	 +2.408555	 +0.078531	 +0.811579
 +0.072500	 +2.356195	 +0.078531	 +0.759219
 +0.072500	 +2.303835	 +0.078531	 +0.706859
 +0.072500	 +2.251475	 +0.078531	 +0.654500
 +0.072500	 +2.199115	 +0.078531	 +0.602139
 +0.072500	 +2.146756	 +0.078531	 +0.549778
 +0.072500	 +2.094395	 +0.078531	 +0.497420
 +0.072500	 +2.042036	 +0.078531	 +0.445059
 +0.072500	 +1.989676	 +0.078531	 +0.392700
 +0.072500	 +1.937316	 +0.078531	 +0.340338
 +0.072500	 +1.884957	 +0.078531	 +0.287981
 +0.072500	 +1.832596	 +0.078531	 +0.235619
 +0.072500	 +1.780236	 +0.078531	 +0.183260
 +0.072500	 +1.727876	 +0.078531	 +0.130899
 +0.072500	 +1.675516	 +0.078531	 +0.078541
 +0.072500	 +1.623156	 +0.078531	 +0.026179
 +0.072500	 +1.570796	 +0.078531	 -0.026179
 +0.072500	 +1.518436	 +0.078531	 -0.078540
 +0.072500	 +1.466077	 +0.078531	 -0.130900
 +0.072500	 +1.413716	 +0.078531	 -0.183260
 +0.072500	 +1.361356	 +0.078531	 -0.235619
 +0.072500	 +1.308997	 +0.078531	 -0.287979
 +0.072500	 +1.256637	 +0.078531	 -0.340341
 +0.072500	 +1.204276	 +0.078531	 -0.392699
 +0.072500	 +1.151917	 +0.078531	 -0.445058
 +0.072500	 +1.099557	 +0.078531	 -0.497421
 +0.072500	 +1.047197	 +0.078531	 -0.549780
 +0.072500	 +0.994838	 +0.078531	 -0.602137
 +0.072500	 +0.942477	 +0.078531	 -0.654499
 +0.072500	 +0.890118	 +0.078531	 -0.706859
 +0.072500	 +0.837758	 +0.078531	 -0.759219
 +0.072500	 +0.785397	 +0.078531	 -0.811578
 +0.072500	 +0.733037	 +0.078531	 -0.863940
 +0.072500	 +0.680678	 +0.078531	 -0.916301
 +0.072500	 +0.628319	 +0.078531	 -0.968656
 +0.072500	 +0.575958	 +0.078531	 -1.021019
 +0.072500	 +0.523597	 +1.000000	 -1.047199
Transformovane zatizeni vlastni tihou klenby:
Px	Py	Mp
 +0.000000	 +0.227661	 +0.004444
 +0.000000	 +0.227661	 +0.004844
 +0.000000	 +0.227661	 +0.005231
 +0.000000	 +0.227661	 +0.005603
 +0.000000	 +0.227661	 +0.005961
 +0.000000	 +0.227661	 +0.006301
 +0.000000	 +0.227661	 +0.006625
 +0.000000	 +0.227661	 +0.006930
 +0.000000	 +0.227661	 +0.007216
 +0.000000	 +0.227661	 +0.007483
 +0.000000	 +0.227661	 +0.007729
 +0.000000	 +0.227661	 +0.007954
 +0.000000	 +0.227661	 +0.008157
 +0.000000	 +0.227661	 +0.008338
 +0.000000	 +0.227661	 +0.008496
 +0.000000	 +0.227661	 +0.008630
 +0.000000	 +0.227662	 +0.008741
 +0.000000	 +0.227661	 +0.008828
 +0.000000	 +0.227661	 +0.008891
 +0.000000	 +0.227661	 +0.008929
 +0.000000	 +0.227661	 +0.008943
 +0.000000	 +0.227661	 +0.008933
 +0.000000	 +0.227661	 +0.008897
 +0.000000	 +0.227662	 +0.008838
 +0.000000	 +0.227661	 +0.008754
 +0.000000	 +0.227661	 +0.008647
 +0.000000	 +0.227661	 +0.008515
 +0.000000	 +0.227661	 +0.008360
 +0.000000	 +0.227661	 +0.008183
 +0.000000	 +0.227661	 +0.007983
 +0.000000	 +0.227661	 +0.007761
 +0.000000	 +0.227661	 +0.007518
 +0.000000	 +0.227661	 +0.007254
 +0.000000	 +0.227661	 +0.006970
 +0.000000	 +0.227661	 +0.006667
 +0.000000	 +0.227661	 +0.006346
 +0.000000	 +0.227661	 +0.006008
 +0.000000	 +0.227661	 +0.005653
 +0.000000	 +0.227662	 +0.005282
 +0.000000	 +0.227661	 +0.004897
 +0.000000	 +0.000000	 +0.000000
Transformovane zatizeni nadnasypem:
Px	Py	Mp
 +0.000000	 +0.000000	 +0.000000
 +0.000000	 +0.000000	 +0.000000
 +0.000000	 +0.000000	 +0.000000
 +0.000000	 +0.000000	 +0.000000
 +0.000000	 +0.000000	 +0.000000
 +0.000000	 +0.000000	 +0.000000
 +0.000000	 +0.000000	 +0.000000
 +0.000000	 +0.000000	 +0.000000
 +0.000000	 +0.000000	 +0.000000
 +0.000000	 +0.000000	 +0.000000
 +0.000000	 +0.000000	 +0.000000
 +0.000000	 +0.000000	 +0.000000
 +0.000000	 +0.000000	 +0.000000
 +0.000000	 +0.000000	 +0.000000
 +0.000000	 +0.000000	 +0.000000
 +0.000000	 +0.000000	 +0.000000
 +0.000000	 +0.000000	 +0.000000
 +0.000000	 +0.000000	 +0.000000
 +0.000000	 +0.000000	 +0.000000
 +0.000000	 +0.000000	 +0.000000
 +0.000000	 +0.000000	 +0.000000
 +0.000000	 +0.000000	 +0.000000
 +0.000000	 +0.000000	 +0.000000
 +0.000000	 +0.000000	 +0.000000
 +0.000000	 +0.000000	 +0.000000
 +0.000000	 +0.000000	 +0.000000
 +0.000000	 +0.000000	 +0.000000
 +0.000000	 +0.000000	 +0.000000
 +0.000000	 +0.000000	 +0.000000
 +0.000000	 +0.000000	 +0.000000
 +0.000000	 +0.000000	 +0.000000
 +0.000000	 +0.000000	 +0.000000
 +0.000000	 +0.000000	 +0.000000
 +0.000000	 +0.000000	 +0.000000
 +0.000000	 +0.000000	 +0.000000
 +0.000000	 +0.000000	 +0.000000
 +0.000000	 +0.000000	 +0.000000
 +0.000000	 +0.000000	 +0.000000
 +0.000000	 +0.000000	 +0.000000
 +0.000000	 +0.000000	 +0.000000
 +0.000000	 +0.000000	 +0.000000
Transformovane zatizeni vnejsich sil:
Qx	Qy	Mq
 +0.000000	 +0.000000	 +0.000000
 +0.000000	 +0.000000	 +0.000000
 +0.000000	 +0.000000	 +0.000000
 +0.000000	 +0.000000	 +0.000000
 +0.000000	 +0.000000	 +0.000000
 +0.000000	 +0.000000	 +0.000000
 +0.000000	 +0.000000	 +0.000000
 +0.000000	 +0.000000	 +0.000000
 +0.000000	 +0.000000	 +0.000000
 +0.000000	 +0.000000	 +0.000000
 +0.000000	 +0.000000	 +0.000000
 +0.000000	 +1.000000	 +0.030735
 +0.000000	 +0.000000	 +0.000000
 +0.000000	 +0.000000	 +0.000000
 +0.000000	 +0.000000	 +0.000000
 +0.000000	 +0.000000	 +0.000000
 +0.000000	 +0.000000	 +0.000000
 +0.000000	 +0.000000	 +0.000000
 +0.000000	 +0.000000	 +0.000000
 +0.000000	 +0.000000	 +0.000000
 +0.000000	 +0.000000	 +0.000000
 +0.000000	 +0.000000	 +0.000000
 +0.000000	 +0.000000	 +0.000000
 +0.000000	 +0.000000	 +0.000000
 +0.000000	 +0.000000	 +0.000000
 +0.000000	 +0.000000	 +0.000000
 +0.000000	 +0.000000	 +0.000000
 +0.000000	 +0.000000	 +0.000000
 +0.000000	 +0.000000	 +0.000000
 +0.000000	 +0.000000	 +0.000000
 +0.000000	 +0.000000	 +0.000000
 +0.000000	 +0.000000	 +0.000000
 +0.000000	 +0.000000	 +0.000000
 +0.000000	 +0.000000	 +0.000000
 +0.000000	 +0.000000	 +0.000000
 +0.000000	 +0.000000	 +0.000000
 +0.000000	 +0.000000	 +0.000000
 +0.000000	 +0.000000	 +0.000000
 +0.000000	 +0.000000	 +0.000000
 +0.000000	 +0.000000	 +0.000000
 +0.000000	 +0.000000	 +0.000000

*** vysledky vypoctu ***
 icase = 0
         0 -> O.K.,
        -1 -> nelze splnit omezujici podminky,
        +1 -> cilova funkce je na polyedru neomezena.
 lambda = 4.720544
 pocet bloku N = 40
 Vektor lokalnich deformaci:
   5: fi 02 int = 1.419258
  26: fi 12 ext = 5.785889
  55: fi 27 int = 1.448176
  82: fi 40 ext = 0.022220
 Vektor indexu spary mezi bloky:
0		1		2		3		4		5		6		7		8		9		10		11		12		13		14		15		16		17		18		19		20		21		22		23		24		25		26		27		28		29		30		31		32		33		34		35		36		37		38		39		40		
 Vektor normalovych sil ve sparach (+ znaci tlak):
+10.307480	+10.140660	 +9.958954	 +9.763939	 +9.557218	 +9.340268	 +9.114472	 +8.881536	 +8.642753	 +8.399494	 +8.153111	 +7.905181	 +5.736794	 +5.717444	 +5.704780	 +5.698967	 +5.700611	 +5.710135	 +5.727482	 +5.752623	 +5.785965	 +5.827072	 +5.876238	 +5.932966	 +5.996994	 +6.067708	 +6.144842	 +6.228019	 +6.316206	 +6.408817	 +6.505073	 +6.604250	 +6.705355	 +6.807202	 +6.909008	 +7.009515	 +7.107710	 +7.202332	 +7.292291	 +7.376234	 +7.452926	
 Vektor vzdalenosti N od hornoho povrchu klenby:
 +0.137692	 +0.142809	 +0.145000	 +0.144256	 +0.140544	 +0.133811	 +0.123983	 +0.110963	 +0.094640	 +0.074879	 +0.051537	 +0.024447	 +0.000000	 +0.017555	 +0.034075	 +0.049560	 +0.064000	 +0.077380	 +0.089671	 +0.100841	 +0.110852	 +0.119669	 +0.127240	 +0.133531	 +0.138495	 +0.142090	 +0.144273	 +0.145000	 +0.144237	 +0.141938	 +0.138063	 +0.132567	 +0.125402	 +0.116517	 +0.105852	 +0.093342	 +0.078910	 +0.062469	 +0.043919	 +0.023142	 +0.000000	
 Vektor posouvajicich sil ve sparach:
 -0.729959	 -0.313478	 +0.083844	 +0.461680	 +0.819712	 +1.157804	 +1.475859	 +1.773926	 +2.052139	 +2.310729	 +2.549993	 +2.770360	 -1.340117	 -1.250588	 -1.166172	 -1.085901	 -1.008841	 -0.933961	 -0.860245	 -0.786684	 -0.712191	 -0.635744	 -0.556332	 -0.472880	 -0.384414	 -0.289939	 -0.188516	 -0.079200	 +0.038902	 +0.166548	 +0.304561	 +0.453671	 +0.614508	 +0.787651	 +0.973679	 +1.172942	 +1.385850	 +1.612680	 +1.853588	 +2.108720	 +2.378018	
 Vektor d_crush:
 +0.005154	 +0.005070	 +0.004979	 +0.004882	 +0.004779	 +0.004670	 +0.004557	 +0.004441	 +0.004321	 +0.004200	 +0.004077	 +0.003953	 +0.002868	 +0.002859	 +0.002852	 +0.002849	 +0.002850	 +0.002855	 +0.002864	 +0.002876	 +0.002893	 +0.002914	 +0.002938	 +0.002966	 +0.002998	 +0.003034	 +0.003072	 +0.003114	 +0.003158	 +0.003204	 +0.003253	 +0.003302	 +0.003353	 +0.003404	 +0.003455	 +0.003505	 +0.003554	 +0.003601	 +0.003646	 +0.003688	 +0.003726	

 * Iterace c. 1 * Delta =  +0.179121 *
 icase = 0
         0 -> O.K.,
        -1 -> nelze splnit omezujici podminky,
        +1 -> cilova funkce je na polyedru neomezena.
 lambda = 4.541423
 pocet bloku N = 40
 Vektor lokalnich deformaci:
   5: fi 02 int = 1.340443
  26: fi 12 ext = 5.708327
  55: fi 27 int = 1.371496
  82: fi 40 ext = 0.023170
 Vektor indexu spary mezi bloky:
0		1		2		3		4		5		6		7		8		9		10		11		12		13		14		15		16		17		18		19		20		21		22		23		24		25		26		27		28		29		30		31		32		33		34		35		36		37		38		39		40		
 Vektor normalovych sil ve sparach (+ znaci tlak):
+10.132976	 +9.966915	 +9.786580	 +9.593328	 +9.388860	 +9.174600	 +8.952082	 +8.722664	 +8.487752	 +8.249089	 +8.007724	 +7.765023	 +5.674990	 +5.653072	 +5.637928	 +5.629902	 +5.629548	 +5.636854	 +5.652524	 +5.676370	 +5.708414	 +5.748411	 +5.796656	 +5.852860	 +5.916266	 +5.987012	 +6.064163	 +6.147605	 +6.236043	 +6.329558	 +6.426789	 +6.527067	 +6.629453	 +6.732802	 +6.836323	 +6.938922	 +7.039263	 +7.136156	 +7.228602	 +7.315216	 +7.394755	
 Vektor vzdalenosti N od hornoho povrchu klenby:
 +0.134862	 +0.140140	 +0.142510	 +0.141967	 +0.138480	 +0.131999	 +0.122454	 +0.109755	 +0.093796	 +0.074451	 +0.051582	 +0.025037	 +0.001434	 +0.018463	 +0.034502	 +0.049553	 +0.063616	 +0.076660	 +0.088667	 +0.099603	 +0.109432	 +0.118104	 +0.125582	 +0.131821	 +0.136770	 +0.140384	 +0.142626	 +0.143443	 +0.142803	 +0.140651	 +0.136948	 +0.131652	 +0.124710	 +0.116068	 +0.105669	 +0.093444	 +0.079320	 +0.063208	 +0.045009	 +0.024606	 +0.001863	
 Vektor posouvajicich sil ve sparach:
 -0.741164	 -0.333792	 +0.054471	 +0.423304	 +0.772475	 +1.101834	 +1.411286	 +1.700933	 +1.970940	 +2.221518	 +2.453028	 +2.665919	 -1.288119	 -1.201895	 -1.120894	 -1.044192	 -0.970819	 -0.899718	 -0.829882	 -0.760261	 -0.689812	 -0.617456	 -0.542166	 -0.462902	 -0.378644	 -0.288396	 -0.191180	 -0.086065	 +0.027793	 +0.151290	 +0.285183	 +0.430207	 +0.587035	 +0.756258	 +0.938391	 +1.133934	 +1.343175	 +1.566489	 +1.803992	 +2.055857	 +2.322062	
 Vektor d_crush:
 +0.005066	 +0.004983	 +0.004893	 +0.004797	 +0.004694	 +0.004587	 +0.004476	 +0.004361	 +0.004244	 +0.004125	 +0.004004	 +0.003883	 +0.002837	 +0.002827	 +0.002819	 +0.002815	 +0.002815	 +0.002818	 +0.002826	 +0.002838	 +0.002854	 +0.002874	 +0.002898	 +0.002926	 +0.002958	 +0.002994	 +0.003032	 +0.003074	 +0.003118	 +0.003165	 +0.003213	 +0.003264	 +0.003315	 +0.003366	 +0.003418	 +0.003469	 +0.003520	 +0.003568	 +0.003614	 +0.003658	 +0.003697	

 * Iterace c. 2 * Delta =  -0.002213 *
 icase = 0
         0 -> O.K.,
        -1 -> nelze splnit omezujici podminky,
        +1 -> cilova funkce je na polyedru neomezena.
 lambda = 4.543637
 pocet bloku N = 40
 Vektor lokalnich deformaci:
   5: fi 02 int = 1.341660
  26: fi 12 ext = 5.709126
  55: fi 27 int = 1.372680
  82: fi 40 ext = 0.023148
 Vektor indexu spary mezi bloky:
0		1		2		3		4		5		6		7		8		9		10		11		12		13		14		15		16		17		18		19		20		21		22		23		24		25		26		27		28		29		30		31		32		33		34		35		36		37		38		39		40		
 Vektor normalovych sil ve sparach (+ znaci tlak):
+10.135062	 +9.969023	 +9.788633	 +9.595398	 +9.390866	 +9.176517	 +8.953996	 +8.724422	 +8.489666	 +8.250934	 +8.009397	 +7.766593	 +5.675668	 +5.653707	 +5.638566	 +5.630623	 +5.630193	 +5.637869	 +5.653258	 +5.677093	 +5.709091	 +5.749526	 +5.797696	 +5.853573	 +5.917163	 +5.987831	 +6.065011	 +6.148376	 +6.237012	 +6.330312	 +6.427520	 +6.527884	 +6.630056	 +6.733665	 +6.837128	 +6.939564	 +7.039891	 +7.136909	 +7.229285	 +7.315883	 +7.395378	
 Vektor vzdalenosti N od hornoho povrchu klenby:
 +0.134911	 +0.140186	 +0.142553	 +0.142007	 +0.138516	 +0.132031	 +0.122481	 +0.109778	 +0.093812	 +0.074462	 +0.051587	 +0.025033	 +0.001419	 +0.018454	 +0.034497	 +0.049555	 +0.063619	 +0.076669	 +0.088679	 +0.099619	 +0.109446	 +0.118123	 +0.125599	 +0.131837	 +0.136787	 +0.140404	 +0.142646	 +0.143463	 +0.142819	 +0.140666	 +0.136964	 +0.131665	 +0.124721	 +0.116076	 +0.105674	 +0.093447	 +0.079320	 +0.063205	 +0.045002	 +0.024595	 +0.001849	
 Vektor posouvajicich sil ve sparach:
 -0.740864	 -0.333384	 +0.054971	 +0.423931	 +0.773182	 +1.102650	 +1.412195	 +1.701947	 +1.972050	 +2.222725	 +2.454337	 +2.667318	 -1.288670	 -1.202411	 -1.121380	 -1.044657	 -0.971227	 -0.900082	 -0.830209	 -0.760553	 -0.690057	 -0.617675	 -0.542341	 -0.463031	 -0.378722	 -0.288432	 -0.191180	 -0.086024	 +0.027889	 +0.151415	 +0.285355	 +0.430416	 +0.587292	 +0.756552	 +0.938749	 +1.134313	 +1.343628	 +1.566933	 +1.804481	 +2.056378	 +2.322613	
 Vektor d_crush:
 +0.005068	 +0.004985	 +0.004894	 +0.004798	 +0.004695	 +0.004588	 +0.004477	 +0.004362	 +0.004245	 +0.004125	 +0.004005	 +0.003883	 +0.002838	 +0.002827	 +0.002819	 +0.002815	 +0.002815	 +0.002819	 +0.002827	 +0.002839	 +0.002855	 +0.002875	 +0.002899	 +0.002927	 +0.002959	 +0.002994	 +0.003033	 +0.003074	 +0.003119	 +0.003165	 +0.003214	 +0.003264	 +0.003315	 +0.003367	 +0.003419	 +0.003470	 +0.003520	 +0.003568	 +0.003615	 +0.003658	 +0.003698	
