 icase = 0
         0 -> O.K.,
        -1 -> nelze splnit omezujici podminky,
        +1 -> cilova funkce je na polyedru neomezena.
 lambda = 5.897029
 pocet bloku N = 40
 Vektor lokalnich deformaci:
   1: fi 00 int = 2.500005
  22: fi 10 ext = 5.560503
  53: fi 26 int = 5.918508
  82: fi 40 ext = 2.858009
 Vektor indexu spary mezi bloky:
0		1		2		3		4		5		6		7		8		9		10		11		12		13		14		15		16		17		18		19		20		21		22		23		24		25		26		27		28		29		30		31		32		33		34		35		36		37		38		39		40		
 Vektor normalovych sil ve sparach (+ znaci tlak):
11.341004	11.124666	10.890758	10.640995	10.377098	10.100725	9.813459	9.517105	9.213162	8.903205	5.640176	5.594280	5.554306	5.520723	5.494396	5.475550	5.464712	5.462382	5.468587	5.483278	5.506919	5.539095	5.580113	5.629526	5.687027	5.752111	5.824431	5.903686	5.988897	6.079367	6.174409	6.273265	6.374955	6.478308	6.582505	6.686311	6.788700	6.888371	6.984250	7.074949	7.159231	
 Vektor vzdalenosti N od hornoho povrchu klenby:
0.145000	0.143421	0.138584	0.130405	0.118767	0.103522	0.084492	0.061461	0.034180	0.002358	0.000000	0.016223	0.031479	0.045806	0.059227	0.071754	0.083386	0.094114	0.103921	0.112779	0.120653	0.127514	0.133309	0.138002	0.141546	0.143895	0.145000	0.144812	0.143289	0.140381	0.136041	0.130215	0.122850	0.113889	0.103267	0.090916	0.076754	0.060691	0.042626	0.022441	0.000000	
 Vektor posouvajicich sil ve sparach:
0.188951	0.658263	1.105752	1.530956	1.933422	2.312898	2.669170	3.002183	3.311978	3.598692	-1.244421	-1.150371	-1.063987	-0.984389	-0.910629	-0.841721	-0.776693	-0.714474	-0.654027	-0.594299	-0.534166	-0.472567	-0.408450	-0.340697	-0.268293	-0.190201	-0.105431	-0.012998	0.088041	0.198487	0.319218	0.450999	0.594517	0.750397	0.919260	1.101512	1.297604	1.507857	1.732479	1.971656	2.225376	

 * Iterace c. 1 * Delta = 0.208833 *
 icase = 0
         0 -> O.K.,
        -1 -> nelze splnit omezujici podminky,
        +1 -> cilova funkce je na polyedru neomezena.
 lambda = 5.688196
 pocet bloku N = 40
 Vektor lokalnich deformaci:
   1: fi 00 int = 2.484750
  22: fi 10 ext = 5.501585
  53: fi 26 int = 5.820800
  82: fi 40 ext = 2.803965
 Vektor indexu spary mezi bloky:
0		1		2		3		4		5		6		7		8		9		10		11		12		13		14		15		16		17		18		19		20		21		22		23		24		25		26		27		28		29		30		31		32		33		34		35		36		37		38		39		40		
 Vektor normalovych sil ve sparach (+ znaci tlak):
11.142505	10.928872	10.698243	10.452322	10.192711	9.921163	9.639256	9.348539	9.050778	8.747531	5.596279	5.548210	5.506225	5.470739	5.442770	5.422634	5.410151	5.406466	5.411554	5.425488	5.448094	5.479804	5.520380	5.569474	5.626814	5.691993	5.764669	5.844170	5.929803	6.021030	6.116956	6.216618	6.319480	6.424332	6.529924	6.635383	6.739533	6.841055	6.938936	7.031744	7.118263	
 Vektor vzdalenosti N od hornoho povrchu klenby:
0.142165	0.140858	0.136315	0.128455	0.117166	0.102308	0.083706	0.061156	0.034418	0.003216	0.001410	0.017188	0.032033	0.045980	0.059056	0.071273	0.082632	0.093125	0.102736	0.111438	0.119195	0.125969	0.131720	0.136401	0.139965	0.142362	0.143544	0.143465	0.142074	0.139318	0.135154	0.129521	0.122366	0.113632	0.103255	0.091163	0.077277	0.061506	0.043749	0.023888	0.001790	
 Vektor posouvajicich sil ve sparach:
0.142045	0.601022	1.038353	1.453547	1.846250	2.216199	2.563201	2.887251	3.188380	3.466761	-1.203451	-1.111773	-1.027862	-0.950821	-0.879712	-0.813555	-0.751347	-0.692020	-0.634529	-0.577788	-0.520710	-0.462210	-0.401191	-0.336585	-0.267330	-0.192384	-0.110744	-0.021435	0.076460	0.183862	0.301566	0.430352	0.570945	0.723981	0.890010	1.069572	1.263046	1.470754	1.692952	1.929786	2.181327	

 * Iterace c. 2 * Delta = -0.002368 *
 icase = 0
         0 -> O.K.,
        -1 -> nelze splnit omezujici podminky,
        +1 -> cilova funkce je na polyedru neomezena.
 lambda = 5.690564
 pocet bloku N = 40
 Vektor lokalnich deformaci:
   1: fi 00 int = 2.485022
  22: fi 10 ext = 5.502367
  53: fi 26 int = 5.821984
  82: fi 40 ext = 2.804638
 Vektor indexu spary mezi bloky:
0		1		2		3		4		5		6		7		8		9		10		11		12		13		14		15		16		17		18		19		20		21		22		23		24		25		26		27		28		29		30		31		32		33		34		35		36		37		38		39		40		
 Vektor normalovych sil ve sparach (+ znaci tlak):
11.144665	10.931009	10.700323	10.454380	10.194714	9.923092	9.641109	9.350374	9.052689	8.749218	5.596449	5.548626	5.506565	5.471188	5.443073	5.422701	5.410542	5.406823	5.411960	5.425950	5.448621	5.480216	5.520781	5.569941	5.627072	5.692452	5.765186	5.844421	5.930279	6.021494	6.117431	6.217270	6.320031	6.424706	6.530406	6.635795	6.739887	6.841520	6.939281	7.032083	7.118574	
 Vektor vzdalenosti N od hornoho povrchu klenby:
0.142214	0.140904	0.136357	0.128491	0.117197	0.102333	0.083725	0.061168	0.034423	0.003212	0.001399	0.017183	0.032032	0.045981	0.059058	0.071278	0.082639	0.093137	0.102748	0.111447	0.119207	0.125985	0.131733	0.136416	0.139982	0.142376	0.143559	0.143481	0.142087	0.139330	0.135162	0.129527	0.122372	0.113639	0.103258	0.091164	0.077277	0.061504	0.043744	0.023881	0.001780	
 Vektor posouvajicich sil ve sparach:
0.142780	0.601860	1.039321	1.454617	1.847440	2.217464	2.564580	2.888703	3.189948	3.468402	-1.203792	-1.112078	-1.028143	-0.951082	-0.879961	-0.813790	-0.751551	-0.692194	-0.634684	-0.577921	-0.520819	-0.462296	-0.401263	-0.336624	-0.267341	-0.192386	-0.110722	-0.021387	0.076547	0.183965	0.301688	0.430487	0.571108	0.724175	0.890227	1.069816	1.263313	1.471031	1.693248	1.930114	2.181675	
