 icase = 0
         0 -> O.K.,
        -1 -> nelze splnit omezujici podminky,
        +1 -> cilova funkce je na polyedru neomezena.
 lambda = 4.474189
 pocet bloku N = 40
 Vektor lokalnich deformaci:
   2: fi 00 ext = 2.663055
  27: fi 13 int = 5.699680
  56: fi 27 ext = 4.869386
  75: fi 37 int = 1.832761
 Vektor indexu spary mezi bloky:
0		1		2		3		4		5		6		7		8		9		10		11		12		13		14		15		16		17		18		19		20		21		22		23		24		25		26		27		28		29		30		31		32		33		34		35		36		37		38		39		40		
 Vektor normalovych sil ve sparach (+ znaci tlak):
7.643764	7.572005	7.492405	7.406218	7.314818	7.219349	7.120832	7.020594	6.919716	6.818994	6.719454	6.622275	6.528362	6.438091	6.352580	6.272216	6.197568	6.129579	6.068169	6.013570	5.966573	5.926684	5.894855	5.870489	5.853413	5.843546	5.840633	5.844564	7.674513	7.901590	8.128361	8.353566	8.575891	8.793865	9.006274	9.211701	9.408731	9.595901	9.771884	9.935019	10.083912	
 Vektor vzdalenosti N od hornoho povrchu klenby:
0.000000	0.023559	0.044686	0.063518	0.080176	0.094759	0.107352	0.118033	0.126862	0.133894	0.139186	0.142774	0.144696	0.145000	0.143714	0.140881	0.136535	0.130713	0.123456	0.114805	0.104798	0.093484	0.080890	0.067065	0.052039	0.035841	0.018489	0.000000	0.029245	0.055009	0.077294	0.096227	0.111920	0.124481	0.134000	0.140554	0.144207	0.145000	0.142960	0.138093	0.130384	
 Vektor posouvajicich sil ve sparach:
-2.476414	-2.196944	-1.931472	-1.679956	-1.442393	-1.218552	-1.008244	-0.811122	-0.626746	-0.454669	-0.294335	-0.145095	-0.006285	0.122845	0.243095	0.355335	0.460417	0.559299	0.652922	0.742226	0.828284	0.912079	0.994585	1.076885	1.159954	1.244795	1.332376	1.423682	-2.567713	-2.365410	-2.145807	-1.908378	-1.652750	-1.378612	-1.085640	-0.773786	-0.442972	-0.093196	0.275311	0.662388	1.067579	

 * Iterace c. 1 * Delta = 0.179319 *
 icase = 0
         0 -> O.K.,
        -1 -> nelze splnit omezujici podminky,
        +1 -> cilova funkce je na polyedru neomezena.
 lambda = 4.294870
 pocet bloku N = 40
 Vektor lokalnich deformaci:
   2: fi 00 ext = 2.607471
  27: fi 13 int = 5.595435
  56: fi 27 ext = 4.814472
  75: fi 37 int = 1.826508
 Vektor indexu spary mezi bloky:
0		1		2		3		4		5		6		7		8		9		10		11		12		13		14		15		16		17		18		19		20		21		22		23		24		25		26		27		28		29		30		31		32		33		34		35		36		37		38		39		40		
 Vektor normalovych sil ve sparach (+ znaci tlak):
7.574087	7.499053	7.416429	7.327496	7.233406	7.135681	7.034904	6.932723	6.830214	6.728162	6.627711	6.529406	6.434589	6.344105	6.258184	6.178062	6.103778	6.036250	5.975895	5.922292	5.876572	5.838817	5.808628	5.786055	5.771326	5.763920	5.764106	5.770790	7.531017	7.753261	7.975413	8.196374	8.414696	8.629355	8.838684	9.041741	9.236733	9.422419	9.597244	9.759789	9.908525	
 Vektor vzdalenosti N od hornoho povrchu klenby:
0.001911	0.025041	0.045770	0.064232	0.080544	0.094804	0.107103	0.117510	0.126092	0.132901	0.137992	0.141411	0.143199	0.143391	0.142030	0.139153	0.134805	0.129021	0.121848	0.113327	0.103493	0.092408	0.080099	0.066610	0.051975	0.036226	0.019383	0.001461	0.029783	0.055011	0.076832	0.095359	0.110705	0.122960	0.132212	0.138534	0.141984	0.142601	0.140408	0.135409	0.127587	
 Vektor posouvajicich sil ve sparach:
-2.412983	-2.137287	-1.875706	-1.628254	-1.394859	-1.175353	-0.969469	-0.776888	-0.597184	-0.429822	-0.274273	-0.129891	0.004039	0.128238	0.243578	0.350886	0.451052	0.545030	0.633794	0.718316	0.799624	0.878740	0.956692	1.034519	1.113250	1.193870	1.277400	1.364779	-2.466594	-2.271915	-2.060185	-1.830935	-1.583649	-1.317993	-1.033756	-0.730737	-0.408854	-0.068160	0.291236	0.669146	1.065177	

 * Iterace c. 2 * Delta = -0.002506 *
 icase = 0
         0 -> O.K.,
        -1 -> nelze splnit omezujici podminky,
        +1 -> cilova funkce je na polyedru neomezena.
 lambda = 4.297376
 pocet bloku N = 40
 Vektor lokalnich deformaci:
   2: fi 00 ext = 2.608275
  27: fi 13 int = 5.596942
  56: fi 27 ext = 4.815299
  75: fi 37 int = 1.826632
 Vektor indexu spary mezi bloky:
0		1		2		3		4		5		6		7		8		9		10		11		12		13		14		15		16		17		18		19		20		21		22		23		24		25		26		27		28		29		30		31		32		33		34		35		36		37		38		39		40		
 Vektor normalovych sil ve sparach (+ znaci tlak):
7.574949	7.500010	7.417386	7.328470	7.234474	7.136697	7.036279	6.933993	6.831085	6.729237	6.628669	6.530409	6.436025	6.345077	6.259594	6.179230	6.105243	6.037603	5.976761	5.923432	5.877731	5.839657	5.809547	5.787336	5.772333	5.765143	5.765019	5.771810	7.532822	7.755310	7.977310	8.198382	8.416859	8.631562	8.841022	9.044088	9.239032	9.424746	9.599611	9.762162	9.910901	
 Vektor vzdalenosti N od hornoho povrchu klenby:
0.001894	0.025030	0.045763	0.064229	0.080544	0.094810	0.107111	0.117521	0.126107	0.132918	0.138013	0.141435	0.143217	0.143414	0.142049	0.139178	0.134827	0.129042	0.121870	0.113346	0.103515	0.092419	0.080106	0.066614	0.051973	0.036223	0.019371	0.001443	0.029777	0.055013	0.076842	0.095379	0.110728	0.122988	0.132245	0.138571	0.142025	0.142644	0.140455	0.135459	0.127640	
 Vektor posouvajicich sil ve sparach:
-2.413745	-2.137993	-1.876366	-1.628858	-1.395412	-1.175872	-0.969931	-0.777282	-0.597507	-0.430118	-0.274491	-0.130026	0.003940	0.128199	0.243613	0.350962	0.451192	0.545234	0.634032	0.718647	0.800003	0.879182	0.957219	1.035086	1.113860	1.194516	1.278099	1.365508	-2.468084	-2.273329	-2.061477	-1.832100	-1.584685	-1.318950	-1.034612	-0.731467	-0.409482	-0.068650	0.290888	0.668905	1.065092	
