 icase = 0
         0 -> O.K.,
        -1 -> nelze splnit omezujici podminky,
        +1 -> cilova funkce je na polyedru neomezena.
 lambda = 9.158882
 pocet bloku N = 40
 Vektor lokalnich deformaci:
   1: fi 00 int = 5.000002
  16: fi 07 ext = 8.384995
  51: fi 25 int = 6.778130
  82: fi 40 ext = 3.393136
 Vektor indexu spary mezi bloky:
0		1		2		3		4		5		6		7		8		9		10		11		12		13		14		15		16		17		18		19		20		21		22		23		24		25		26		27		28		29		30		31		32		33		34		35		36		37		38		39		40		
 Vektor normalovych sil ve sparach (+ znaci tlak):
14.176798	13.851893	13.501942	13.128983	12.735071	12.322220	11.892380	5.683888	5.606809	5.533575	5.465048	5.402367	5.346131	5.296871	5.255471	5.222207	5.197648	5.182333	5.176313	5.179584	5.192635	5.215088	5.247268	5.288748	5.339258	5.398302	5.465555	5.540728	5.622838	5.711226	5.805188	5.903981	6.006613	6.111923	6.219080	6.326843	6.434171	6.539756	6.642501	6.741004	6.834007	
 Vektor vzdalenosti N od hornoho povrchu klenby:
0.145000	0.132544	0.116079	0.095354	0.070064	0.039835	0.004218	0.000000	0.015464	0.029830	0.043187	0.055603	0.067135	0.077836	0.087742	0.096881	0.105267	0.112907	0.119799	0.125928	0.131270	0.135803	0.139480	0.142271	0.144127	0.145000	0.144839	0.143589	0.141199	0.137614	0.132776	0.126624	0.119096	0.110126	0.099643	0.087569	0.073821	0.058301	0.040908	0.021519	0.000000	
 Vektor posouvajicich sil ve sparach:
2.189095	2.804080	3.391360	3.950088	4.479451	4.978848	5.447729	-1.232049	-1.117069	-1.013025	-0.919197	-0.834758	-0.758850	-0.690565	-0.628924	-0.572906	-0.521505	-0.473614	-0.428153	-0.384030	-0.340080	-0.295195	-0.248278	-0.198166	-0.143792	-0.084070	-0.017962	0.055568	0.137517	0.228738	0.330160	0.442602	0.566806	0.703447	0.853198	1.016520	1.193916	1.385756	1.592300	1.813784	2.050243	

 * Iterace c. 1 * Delta = 0.400643 *
 icase = 0
         0 -> O.K.,
        -1 -> nelze splnit omezujici podminky,
        +1 -> cilova funkce je na polyedru neomezena.
 lambda = 8.758239
 pocet bloku N = 40
 Vektor lokalnich deformaci:
   1: fi 00 int = 4.924434
  16: fi 07 ext = 8.237471
  51: fi 25 int = 6.611022
  82: fi 40 ext = 3.297983
 Vektor indexu spary mezi bloky:
0		1		2		3		4		5		6		7		8		9		10		11		12		13		14		15		16		17		18		19		20		21		22		23		24		25		26		27		28		29		30		31		32		33		34		35		36		37		38		39		40		
 Vektor normalovych sil ve sparach (+ znaci tlak):
13.814095	13.498092	13.157993	12.795855	12.413727	12.013486	11.597086	5.654907	5.576112	5.501488	5.431514	5.367438	5.309870	5.259571	5.217061	5.182773	5.157587	5.141481	5.134535	5.137432	5.150173	5.172438	5.204358	5.245765	5.296256	5.355585	5.423343	5.498827	5.581389	5.670575	5.765347	5.864881	5.968540	6.074923	6.183259	6.292345	6.401125	6.508199	6.612452	6.712568	6.807289	
 Vektor vzdalenosti N od hornoho povrchu klenby:
0.141456	0.129530	0.113636	0.093533	0.068926	0.039458	0.004697	0.001421	0.016531	0.030568	0.043604	0.055720	0.066975	0.077418	0.087090	0.096022	0.104230	0.111719	0.118489	0.124528	0.129807	0.134305	0.137981	0.140797	0.142704	0.143650	0.143583	0.142456	0.140207	0.136777	0.132109	0.126143	0.118813	0.110055	0.099794	0.087953	0.074448	0.059183	0.042052	0.022939	0.001708	
 Vektor posouvajicich sil ve sparach:
2.028725	2.624918	3.193929	3.734910	4.247149	4.730037	5.183111	-1.200405	-1.086982	-0.984600	-0.892493	-0.809856	-0.735802	-0.669440	-0.609778	-0.555805	-0.506479	-0.460721	-0.417420	-0.375471	-0.333745	-0.291107	-0.246410	-0.198551	-0.146414	-0.088932	-0.025052	0.046299	0.126030	0.215113	0.314427	0.424803	0.546985	0.681669	0.829498	0.990991	1.166623	1.356757	1.561695	1.781619	2.016673	

 * Iterace c. 2 * Delta = -0.006994 *
 icase = 0
         0 -> O.K.,
        -1 -> nelze splnit omezujici podminky,
        +1 -> cilova funkce je na polyedru neomezena.
 lambda = 8.765233
 pocet bloku N = 40
 Vektor lokalnich deformaci:
   1: fi 00 int = 4.926338
  16: fi 07 ext = 8.240774
  51: fi 25 int = 6.614248
  82: fi 40 ext = 3.299812
 Vektor indexu spary mezi bloky:
0		1		2		3		4		5		6		7		8		9		10		11		12		13		14		15		16		17		18		19		20		21		22		23		24		25		26		27		28		29		30		31		32		33		34		35		36		37		38		39		40		
 Vektor normalovych sil ve sparach (+ znaci tlak):
13.820247	13.504037	13.163796	12.801399	12.419085	12.018527	11.601863	5.655067	5.576268	5.501569	5.431593	5.367751	5.310141	5.259806	5.217218	5.183048	5.157788	5.141587	5.134901	5.137839	5.150317	5.172667	5.204573	5.245865	5.296609	5.355851	5.423633	5.499023	5.581574	5.670711	5.765593	5.865167	5.968776	6.075110	6.183579	6.292615	6.401279	6.508397	6.612630	6.712746	6.807446	
 Vektor vzdalenosti N od hornoho povrchu klenby:
0.141546	0.129609	0.113702	0.093586	0.068964	0.039479	0.004701	0.001414	0.016527	0.030563	0.043602	0.055720	0.066977	0.077423	0.087098	0.096028	0.104240	0.111729	0.118498	0.124539	0.129818	0.134316	0.137993	0.140808	0.142714	0.143661	0.143595	0.142466	0.140216	0.136785	0.132114	0.126147	0.118819	0.110059	0.099796	0.087954	0.074447	0.059181	0.042049	0.022934	0.001702	
 Vektor posouvajicich sil ve sparach:
2.031978	2.628503	3.197828	3.739115	4.251634	4.734797	5.188097	-1.200594	-1.087172	-0.984758	-0.892647	-0.809994	-0.735936	-0.669563	-0.609885	-0.555913	-0.506563	-0.460795	-0.417489	-0.375519	-0.333784	-0.291133	-0.246419	-0.198550	-0.146416	-0.088916	-0.025001	0.046345	0.126086	0.215193	0.314514	0.424896	0.547096	0.681795	0.829628	0.991124	1.166777	1.356905	1.561853	1.781794	2.016849	
