 icase = 0
         0 -> O.K.,
        -1 -> nelze splnit omezujici podminky,
        +1 -> cilova funkce je na polyedru neomezena.
 lambda = 4.681918
 pocet bloku N = 40
 Vektor lokalnich deformaci:
   9: fi 04 int = 1.601044
  32: fi 15 ext = 5.230893
  57: fi 28 int = 6.878700
  82: fi 40 ext = 3.248857
 Vektor indexu spary mezi bloky:
0		1		2		3		4		5		6		7		8		9		10		11		12		13		14		15		16		17		18		19		20		21		22		23		24		25		26		27		28		29		30		31		32		33		34		35		36		37		38		39		40		
 Vektor normalovych sil ve sparach (+ znaci tlak):
10.229975	10.105911	9.967052	9.814869	9.650837	9.476326	9.292601	9.101220	8.903399	8.700411	8.493414	8.284012	8.073144	7.861739	7.651148	6.230404	6.262350	6.300700	6.345283	6.395898	6.452966	6.515970	6.585154	6.659986	6.740068	6.824846	6.913881	7.006923	7.102847	7.201022	7.300675	7.401062	7.501192	7.599910	7.696380	7.789407	7.877982	7.960865	8.037025	8.105118	8.163968	
 Vektor vzdalenosti N od hornoho povrchu klenby:
0.117920	0.128882	0.137024	0.142389	0.145000	0.144858	0.141947	0.136236	0.127678	0.116209	0.101762	0.084248	0.063576	0.039647	0.012355	0.000000	0.020777	0.040063	0.057825	0.074034	0.088659	0.101672	0.113032	0.122717	0.130695	0.136938	0.141421	0.144115	0.145000	0.144048	0.141232	0.136520	0.129877	0.121260	0.110620	0.097896	0.083019	0.065901	0.046443	0.024523	0.000000	
 Vektor posouvajicich sil ve sparach:
-1.544875	-1.131338	-0.734713	-0.355329	0.006489	0.350592	0.676877	0.985358	1.276153	1.549443	1.805501	2.044699	2.267478	2.474330	2.665868	-1.679629	-1.573941	-1.468886	-1.363527	-1.256946	-1.148145	-1.036191	-0.920179	-0.799127	-0.672162	-0.538406	-0.397019	-0.247169	-0.088069	0.080916	0.260512	0.451318	0.653861	0.868599	1.096001	1.336307	1.589809	1.856671	2.136944	2.430667	2.737672	

 * Iterace c. 1 * Delta = 0.224661 *
 icase = 0
         0 -> O.K.,
        -1 -> nelze splnit omezujici podminky,
        +1 -> cilova funkce je na polyedru neomezena.
 lambda = 4.457256
 pocet bloku N = 40
 Vektor lokalnich deformaci:
   9: fi 04 int = 1.596473
  32: fi 15 ext = 5.152043
  57: fi 28 int = 6.721389
  82: fi 40 ext = 3.165824
 Vektor indexu spary mezi bloky:
0		1		2		3		4		5		6		7		8		9		10		11		12		13		14		15		16		17		18		19		20		21		22		23		24		25		26		27		28		29		30		31		32		33		34		35		36		37		38		39		40		
 Vektor normalovych sil ve sparach (+ znaci tlak):
10.013319	9.888044	9.748688	9.596534	9.433186	9.259876	9.078065	8.888803	8.694000	8.494764	8.291910	8.087121	7.881440	7.675869	7.471429	6.115643	6.143324	6.177616	6.218540	6.266168	6.320331	6.381025	6.448181	6.521004	6.599757	6.683549	6.772025	6.865014	6.961062	7.059673	7.160388	7.262073	7.363909	7.464868	7.563693	7.659673	7.751429	7.837925	7.917916	7.990182	8.053550	
 Vektor vzdalenosti N od hornoho povrchu klenby:
0.115215	0.126213	0.134415	0.139865	0.142587	0.142586	0.139847	0.134344	0.126031	0.114852	0.100744	0.083629	0.063424	0.040041	0.013388	0.001558	0.021653	0.040339	0.057585	0.073357	0.087620	0.100338	0.111472	0.120993	0.128861	0.135046	0.139523	0.142257	0.143224	0.142399	0.139741	0.135226	0.128815	0.120462	0.110121	0.097730	0.083219	0.066504	0.047485	0.026044	0.002041	
 Vektor posouvajicich sil ve sparach:
-1.516936	-1.114786	-0.729572	-0.361636	-0.011248	0.321480	0.636487	0.933790	1.213544	1.475965	1.721354	1.950105	2.162716	2.359690	2.541648	-1.596085	-1.496512	-1.397802	-1.298971	-1.199091	-1.097155	-0.992216	-0.883323	-0.769494	-0.649853	-0.523456	-0.389474	-0.247056	-0.095406	0.066184	0.238407	0.421902	0.617226	0.824844	1.045220	1.278649	1.525449	1.785747	2.059703	2.347275	2.648413	

 * Iterace c. 2 * Delta = -0.004011 *
 icase = 0
         0 -> O.K.,
        -1 -> nelze splnit omezujici podminky,
        +1 -> cilova funkce je na polyedru neomezena.
 lambda = 4.461267
 pocet bloku N = 40
 Vektor lokalnich deformaci:
   9: fi 04 int = 1.596574
  32: fi 15 ext = 5.153505
  57: fi 28 int = 6.724300
  82: fi 40 ext = 3.167375
 Vektor indexu spary mezi bloky:
0		1		2		3		4		5		6		7		8		9		10		11		12		13		14		15		16		17		18		19		20		21		22		23		24		25		26		27		28		29		30		31		32		33		34		35		36		37		38		39		40		
 Vektor normalovych sil ve sparach (+ znaci tlak):
10.017127	9.891892	9.752545	9.600381	9.437032	9.263623	9.081758	8.892652	8.697743	8.498271	8.295341	8.090604	7.884804	7.678996	7.474495	6.117533	6.145567	6.179819	6.220881	6.268156	6.322549	6.383224	6.450428	6.523297	6.602001	6.685916	6.774680	6.867211	6.963400	7.061994	7.162904	7.264606	7.366349	7.467131	7.565976	7.661846	7.753609	7.840026	7.919928	7.992151	8.055439	
 Vektor vzdalenosti N od hornoho povrchu klenby:
0.115278	0.126274	0.134475	0.139922	0.142642	0.142637	0.139894	0.134386	0.126066	0.114884	0.100769	0.083645	0.063431	0.040036	0.013370	0.001529	0.021639	0.040334	0.057588	0.073369	0.087637	0.100363	0.111503	0.121025	0.128894	0.135083	0.139558	0.142293	0.143260	0.142431	0.139770	0.135251	0.128837	0.120481	0.110134	0.097738	0.083222	0.066500	0.047473	0.026025	0.002013	
 Vektor posouvajicich sil ve sparach:
-1.517296	-1.114951	-0.729548	-0.361395	-0.010796	0.322121	0.637323	0.934807	1.214761	1.477354	1.722959	1.951886	2.164662	2.361785	2.543922	-1.597526	-1.497846	-1.399016	-1.300088	-1.200096	-1.098050	-0.992990	-0.883978	-0.770034	-0.650259	-0.523756	-0.389645	-0.247074	-0.095319	0.066398	0.238754	0.422360	0.617796	0.825537	1.046039	1.279583	1.526499	1.786913	2.060972	2.348654	2.649881	
