 icase = 0
         0 -> O.K.,
        -1 -> nelze splnit omezujici podminky,
        +1 -> cilova funkce je na polyedru neomezena.
 lambda = 4.898006
 pocet bloku N = 40
 Vektor lokalnich deformaci:
   2: fi 00 ext = 3.450270
  25: fi 12 int = 7.584895
  50: fi 24 ext = 5.683510
  71: fi 35 int = 1.548880
 Vektor indexu spary mezi bloky:
0		1		2		3		4		5		6		7		8		9		10		11		12		13		14		15		16		17		18		19		20		21		22		23		24		25		26		27		28		29		30		31		32		33		34		35		36		37		38		39		40		
 Vektor normalovych sil ve sparach (+ znaci tlak):
8.544324	8.494913	8.435106	8.366122	8.289365	8.205787	8.116541	8.022843	7.925624	7.826015	7.724596	7.623037	7.521806	7.421482	7.323308	7.227563	7.134956	7.046437	6.962075	6.881982	6.807066	6.737120	6.672768	6.613790	6.560384	7.779533	7.982132	8.185740	8.389215	8.591169	8.790859	8.987212	9.178985	9.364723	9.543361	9.713500	9.873940	10.023195	10.160095	10.283094	10.390897	
 Vektor vzdalenosti N od hornoho povrchu klenby:
0.000000	0.025136	0.047552	0.067395	0.084789	0.099836	0.112620	0.123215	0.131676	0.138047	0.142378	0.144686	0.145000	0.143347	0.139737	0.134194	0.126729	0.117358	0.106098	0.092969	0.077989	0.061181	0.042562	0.022163	0.000000	0.007207	0.034804	0.059102	0.080197	0.098182	0.113143	0.125161	0.134303	0.140629	0.144183	0.145000	0.143095	0.138470	0.131105	0.120964	0.107987	
 Vektor posouvajicich sil ve sparach:
-2.927010	-2.599800	-2.285470	-1.984138	-1.695907	-1.420725	-1.158508	-0.909069	-0.672112	-0.447311	-0.234292	-0.032529	0.158497	0.339392	0.510820	0.673501	0.828146	0.975582	1.116620	1.252073	1.382881	1.509905	1.634000	1.756137	1.877177	-2.733074	-2.538715	-2.330028	-2.106362	-1.867302	-1.612285	-1.340915	-1.052904	-0.748024	-0.426040	-0.086983	0.269164	0.642303	1.032171	1.438528	1.860874	

 * Iterace c. 1 * Delta = 0.262165 *
 icase = 0
         0 -> O.K.,
        -1 -> nelze splnit omezujici podminky,
        +1 -> cilova funkce je na polyedru neomezena.
 lambda = 4.635842
 pocet bloku N = 40
 Vektor lokalnich deformaci:
   2: fi 00 ext = 3.347028
  25: fi 12 int = 7.381643
  50: fi 24 ext = 5.579349
  71: fi 35 int = 1.544740
 Vektor indexu spary mezi bloky:
0		1		2		3		4		5		6		7		8		9		10		11		12		13		14		15		16		17		18		19		20		21		22		23		24		25		26		27		28		29		30		31		32		33		34		35		36		37		38		39		40		
 Vektor normalovych sil ve sparach (+ znaci tlak):
8.400553	8.345627	8.280725	8.207110	8.126122	8.038596	7.946069	7.849561	7.749879	7.648192	7.545561	7.443010	7.341358	7.241149	7.143424	7.048538	6.957548	6.870897	6.788841	6.711916	6.640409	6.574298	6.514247	6.459931	6.411457	7.568675	7.764243	7.961090	8.158536	8.355369	8.550337	8.742796	8.930885	9.114224	9.290872	9.459707	9.619491	9.769007	9.906582	10.031059	10.141004	
 Vektor vzdalenosti N od hornoho povrchu klenby:
0.002136	0.026695	0.048585	0.067949	0.084909	0.099565	0.111999	0.122283	0.130473	0.136616	0.140749	0.142911	0.143120	0.141405	0.137786	0.132285	0.124917	0.115708	0.104672	0.091842	0.077238	0.060887	0.042821	0.023061	0.001640	0.008464	0.035359	0.059058	0.079642	0.097196	0.111792	0.123502	0.132391	0.138503	0.141888	0.142572	0.140567	0.135873	0.128470	0.118320	0.105363	
 Vektor posouvajicich sil ve sparach:
-2.817605	-2.498085	-2.191706	-1.898599	-1.618816	-1.352274	-1.098906	-0.858438	-0.630655	-0.415146	-0.211443	-0.019108	0.162497	0.333944	0.495920	0.649206	0.794515	0.932695	1.064606	1.191090	1.313079	1.431474	1.547169	1.661129	1.774268	-2.590391	-2.407234	-2.210135	-1.998420	-1.771539	-1.528998	-1.270335	-0.995224	-0.703371	-0.394596	-0.068771	0.274067	0.633846	1.010457	1.403546	1.812776	

 * Iterace c. 2 * Delta = -0.005613 *
 icase = 0
         0 -> O.K.,
        -1 -> nelze splnit omezujici podminky,
        +1 -> cilova funkce je na polyedru neomezena.
 lambda = 4.641455
 pocet bloku N = 40
 Vektor lokalnich deformaci:
   2: fi 00 ext = 3.349317
  25: fi 12 int = 7.386118
  50: fi 24 ext = 5.581623
  71: fi 35 int = 1.544816
 Vektor indexu spary mezi bloky:
0		1		2		3		4		5		6		7		8		9		10		11		12		13		14		15		16		17		18		19		20		21		22		23		24		25		26		27		28		29		30		31		32		33		34		35		36		37		38		39		40		
 Vektor normalovych sil ve sparach (+ znaci tlak):
8.403550	8.348679	8.283920	8.210418	8.129491	8.042180	7.949643	7.853082	7.753484	7.651919	7.549295	7.446532	7.344873	7.244936	7.147130	7.052267	6.961308	6.874405	6.792621	6.715400	6.643859	6.577778	6.517599	6.463147	6.414564	7.573220	7.768934	7.965875	8.163435	8.360158	8.555332	8.747822	8.936298	9.119385	9.296185	9.465034	9.624950	9.774347	9.911926	10.036345	10.146293	
 Vektor vzdalenosti N od hornoho povrchu klenby:
0.002100	0.026670	0.048571	0.067945	0.084913	0.099576	0.112017	0.122306	0.130504	0.136650	0.140788	0.142952	0.143165	0.141449	0.137830	0.132326	0.124955	0.115742	0.104704	0.091864	0.077252	0.060890	0.042813	0.023040	0.001603	0.008437	0.035348	0.059060	0.079657	0.097220	0.111826	0.123544	0.132437	0.138558	0.141947	0.142635	0.140632	0.135940	0.128540	0.118392	0.105435	
 Vektor posouvajicich sil ve sparach:
-2.819813	-2.500128	-2.193576	-1.900282	-1.620323	-1.353624	-1.100069	-0.859432	-0.631455	-0.415720	-0.211846	-0.019312	0.162473	0.334101	0.496272	0.649741	0.795267	0.933634	1.065712	1.192397	1.314569	1.433104	1.548996	1.663120	1.776418	-2.593504	-2.410130	-2.212788	-2.000821	-1.773708	-1.530875	-1.271962	-0.996581	-0.704436	-0.395389	-0.069290	0.273809	0.633900	1.010731	1.404127	1.813638	
