 icase = 0
         0 -> O.K.,
        -1 -> nelze splnit omezujici podminky,
        +1 -> cilova funkce je na polyedru neomezena.
 lambda = 5.138506
 pocet bloku N = 40
 Vektor lokalnich deformaci:
  15: fi 07 int = 1.597636
  36: fi 17 ext = 5.932830
  59: fi 29 int = 8.305346
  82: fi 40 ext = 3.970152
 Vektor indexu spary mezi bloky:
0		1		2		3		4		5		6		7		8		9		10		11		12		13		14		15		16		17		18		19		20		21		22		23		24		25		26		27		28		29		30		31		32		33		34		35		36		37		38		39		40		
 Vektor normalovych sil ve sparach (+ znaci tlak):
10.546947	10.471602	10.380468	10.274869	10.156162	10.025578	9.884300	9.733732	9.575021	9.409226	9.237552	9.061380	8.881691	8.699151	8.515183	8.330405	8.145891	7.962540	7.243711	7.332283	7.424790	7.520560	7.619868	7.721851	7.826243	7.932285	8.039575	8.147793	8.255862	8.362872	8.468190	8.571110	8.670549	8.765350	8.854715	8.937459	9.012638	9.078981	9.135530	9.181026	9.214316	
 Vektor vzdalenosti N od hornoho povrchu klenby:
0.083588	0.100688	0.114895	0.126301	0.134976	0.140967	0.144305	0.145000	0.143049	0.138433	0.131127	0.121085	0.108255	0.092582	0.073994	0.052421	0.027782	0.000000	0.017680	0.040154	0.060440	0.078540	0.094455	0.108190	0.119752	0.129141	0.136362	0.141411	0.144293	0.145000	0.143523	0.139845	0.133943	0.125785	0.115327	0.102514	0.087275	0.069522	0.049149	0.026027	0.000000	
 Vektor posouvajicich sil ve sparach:
-2.484128	-2.052715	-1.635689	-1.233435	-0.846342	-0.474618	-0.118458	0.222079	0.547025	0.856465	1.150568	1.429611	1.693915	1.943871	2.179963	2.402735	2.612732	2.810630	-2.113257	-1.958630	-1.799856	-1.636142	-1.466731	-1.290773	-1.107562	-0.916365	-0.716499	-0.507293	-0.288128	-0.058522	0.182064	0.434085	0.697888	0.973764	1.262021	1.562720	1.875993	2.201852	2.540161	2.890828	3.253510	

 * Iterace c. 1 * Delta = 0.349800 *
 icase = 0
         0 -> O.K.,
        -1 -> nelze splnit omezujici podminky,
        +1 -> cilova funkce je na polyedru neomezena.
 lambda = 4.788707
 pocet bloku N = 40
 Vektor lokalnich deformaci:
  15: fi 07 int = 1.588914
  36: fi 17 ext = 5.774870
  59: fi 29 int = 7.992471
  82: fi 40 ext = 3.806515
 Vektor indexu spary mezi bloky:
0		1		2		3		4		5		6		7		8		9		10		11		12		13		14		15		16		17		18		19		20		21		22		23		24		25		26		27		28		29		30		31		32		33		34		35		36		37		38		39		40		
 Vektor normalovych sil ve sparach (+ znaci tlak):
10.220984	10.140600	10.045457	9.936753	9.815714	9.683870	9.542360	9.392217	9.234999	9.071705	8.903447	8.731679	8.556913	8.380456	8.203375	8.026681	7.850730	7.676693	7.004611	7.086051	7.171968	7.262037	7.355916	7.453254	7.554141	7.657042	7.762330	7.869061	7.976096	8.083348	8.189775	8.294035	8.395757	8.493766	8.586892	8.674322	8.754785	8.827232	8.890365	8.943224	8.984509	
 Vektor vzdalenosti N od hornoho povrchu klenby:
0.081562	0.098472	0.112535	0.123840	0.132457	0.138433	0.141798	0.142567	0.140736	0.136293	0.129214	0.119461	0.106995	0.091761	0.073704	0.052764	0.028882	0.001991	0.019170	0.040816	0.060402	0.077919	0.093357	0.106718	0.117990	0.127177	0.134264	0.139253	0.142139	0.142909	0.141551	0.138050	0.132378	0.124502	0.114380	0.101956	0.087163	0.069916	0.050110	0.027623	0.002304	
 Vektor posouvajicich sil ve sparach:
-2.380385	-1.966207	-1.566584	-1.181967	-0.812619	-0.458778	-0.120516	0.202116	0.509209	0.800897	1.077414	1.339056	1.586223	1.819332	2.038942	2.245576	2.439899	2.622571	-1.968136	-1.826197	-1.680494	-1.530204	-1.374453	-1.212447	-1.043391	-0.866523	-0.681118	-0.486472	-0.281945	-0.066961	0.159030	0.396456	0.645821	0.907417	1.181517	1.468334	1.767969	2.080453	2.405753	2.743776	3.094243	

 * Iterace c. 2 * Delta = -0.010882 *
 icase = 0
         0 -> O.K.,
        -1 -> nelze splnit omezujici podminky,
        +1 -> cilova funkce je na polyedru neomezena.
 lambda = 4.799589
 pocet bloku N = 40
 Vektor lokalnich deformaci:
  15: fi 07 int = 1.589198
  36: fi 17 ext = 5.779842
  59: fi 29 int = 8.002372
  82: fi 40 ext = 3.811727
 Vektor indexu spary mezi bloky:
0		1		2		3		4		5		6		7		8		9		10		11		12		13		14		15		16		17		18		19		20		21		22		23		24		25		26		27		28		29		30		31		32		33		34		35		36		37		38		39		40		
 Vektor normalovych sil ve sparach (+ znaci tlak):
10.230984	10.150757	10.055642	9.947082	9.826185	9.694234	9.552753	9.402531	9.245263	9.081909	8.913735	8.741588	8.566717	8.390061	8.212924	8.035801	7.859779	7.685286	7.011756	7.093509	7.179639	7.269776	7.363762	7.461361	7.562017	7.665519	7.770706	7.877361	7.984837	8.091820	8.197990	8.302470	8.403946	8.501904	8.595054	8.682275	8.762663	8.834827	8.897865	8.950470	8.991563	
 Vektor vzdalenosti N od hornoho povrchu klenby:
0.081643	0.098558	0.112624	0.123931	0.132548	0.138524	0.141887	0.142652	0.140816	0.136367	0.129277	0.119517	0.107035	0.091785	0.073710	0.052750	0.028840	0.001919	0.019115	0.040788	0.060397	0.077932	0.093387	0.106759	0.118045	0.127235	0.134330	0.139323	0.142207	0.142979	0.141619	0.138112	0.132434	0.124549	0.114417	0.101983	0.087177	0.069915	0.050092	0.027586	0.002246	
 Vektor posouvajicich sil ve sparach:
-2.383375	-1.968651	-1.568502	-1.183369	-0.813479	-0.459090	-0.120266	0.202896	0.510542	0.802756	1.079829	1.342003	1.589690	1.823310	2.043411	2.250553	2.445323	2.628460	-1.972617	-1.830312	-1.684214	-1.533497	-1.377341	-1.214924	-1.045443	-0.868132	-0.682283	-0.487191	-0.282247	-0.066836	0.159589	0.397501	0.647289	0.909324	1.183839	1.471091	1.771119	2.084011	2.409725	2.748129	3.098940	

 * Iterace c. 3 * Delta = 0.000331 *
 icase = 0
         0 -> O.K.,
        -1 -> nelze splnit omezujici podminky,
        +1 -> cilova funkce je na polyedru neomezena.
 lambda = 4.799258
 pocet bloku N = 40
 Vektor lokalnich deformaci:
  15: fi 07 int = 1.589216
  36: fi 17 ext = 5.779788
  59: fi 29 int = 8.002204
  82: fi 40 ext = 3.811632
 Vektor indexu spary mezi bloky:
0		1		2		3		4		5		6		7		8		9		10		11		12		13		14		15		16		17		18		19		20		21		22		23		24		25		26		27		28		29		30		31		32		33		34		35		36		37		38		39		40		
 Vektor normalovych sil ve sparach (+ znaci tlak):
10.230696	10.150463	10.055389	9.946763	9.825826	9.694033	9.552417	9.402361	9.245030	9.081540	8.913479	8.741202	8.566599	8.390031	8.212882	8.035521	7.859597	7.684999	7.011533	7.093213	7.179424	7.269579	7.363757	7.461180	7.561911	7.665195	7.770505	7.877174	7.984418	8.091730	8.197721	8.302332	8.403845	8.501789	8.594838	8.682131	8.762418	8.834659	8.897615	8.950288	8.991363	
 Vektor vzdalenosti N od hornoho povrchu klenby:
0.081640	0.098555	0.112621	0.123928	0.132546	0.138521	0.141885	0.142649	0.140815	0.136367	0.129277	0.119515	0.107035	0.091786	0.073711	0.052753	0.028844	0.001921	0.019119	0.040792	0.060397	0.077933	0.093392	0.106762	0.118044	0.127236	0.134329	0.139322	0.142207	0.142977	0.141620	0.138110	0.132433	0.124549	0.114418	0.101983	0.087176	0.069915	0.050093	0.027588	0.002248	
 Vektor posouvajicich sil ve sparach:
-2.383309	-1.968575	-1.568485	-1.183335	-0.813497	-0.459097	-0.120296	0.202851	0.510474	0.802690	1.079744	1.341909	1.589569	1.823182	2.043265	2.250375	2.445160	2.628281	-1.972496	-1.830170	-1.684103	-1.533393	-1.377259	-1.214842	-1.045382	-0.868098	-0.682266	-0.487180	-0.282248	-0.066819	0.159605	0.397473	0.647261	0.909261	1.183787	1.471010	1.771054	2.083924	2.409618	2.747995	3.098830	
