 icase = 0
         0 -> O.K.,
        -1 -> nelze splnit omezujici podminky,
        +1 -> cilova funkce je na polyedru neomezena.
 lambda = 4.667103
 pocet bloku N = 40
 Vektor lokalnich deformaci:
   5: fi 02 int = 1.959256
  26: fi 12 ext = 4.820224
  55: fi 27 int = 5.547068
  82: fi 40 ext = 2.686100
 Vektor indexu spary mezi bloky:
0		1		2		3		4		5		6		7		8		9		10		11		12		13		14		15		16		17		18		19		20		21		22		23		24		25		26		27		28		29		30		31		32		33		34		35		36		37		38		39		40		
 Vektor normalovych sil ve sparach (+ znaci tlak):
10.259805	10.095973	9.917378	9.725593	9.522193	9.308670	9.086398	8.857048	8.621904	8.382367	8.139734	7.895571	7.651083	5.734650	5.723215	5.718584	5.721311	5.731902	5.750230	5.776256	5.810446	5.852353	5.902279	5.959667	6.024248	6.095486	6.173018	6.256521	6.345025	6.437813	6.534162	6.633412	6.734433	6.836183	6.937768	7.037982	7.135826	7.230005	7.319449	7.402802	7.478833	
 Vektor vzdalenosti N od hornoho povrchu klenby:
0.136810	0.142359	0.145000	0.144726	0.141511	0.135303	0.126037	0.113622	0.097952	0.078900	0.056330	0.030087	0.000000	0.015126	0.031914	0.047656	0.062338	0.075946	0.088449	0.099815	0.110008	0.118990	0.126712	0.133136	0.138220	0.141920	0.144194	0.145000	0.144301	0.142054	0.138220	0.132752	0.125605	0.116728	0.106060	0.093539	0.079086	0.062615	0.044026	0.023200	0.000000	
 Vektor posouvajicich sil ve sparach:
-0.785793	-0.371732	0.023328	0.399076	0.755186	1.091532	1.408021	1.704717	1.981740	2.239338	2.477803	2.697569	2.899122	-1.274089	-1.188737	-1.107471	-1.029357	-0.953362	-0.878481	-0.803707	-0.727952	-0.650200	-0.569445	-0.484611	-0.394733	-0.298818	-0.195928	-0.085128	0.034475	0.163635	0.303170	0.453805	0.616168	0.790832	0.978370	1.179132	1.393524	1.621815	1.864158	2.120697	2.391374	

 * Iterace c. 1 * Delta = 0.207102 *
 icase = 0
         0 -> O.K.,
        -1 -> nelze splnit omezujici podminky,
        +1 -> cilova funkce je na polyedru neomezena.
 lambda = 4.460001
 pocet bloku N = 40
 Vektor lokalnich deformaci:
   5: fi 02 int = 1.944171
  26: fi 12 ext = 4.749577
  55: fi 27 int = 5.425095
  82: fi 40 ext = 2.619692
 Vektor indexu spary mezi bloky:
0		1		2		3		4		5		6		7		8		9		10		11		12		13		14		15		16		17		18		19		20		21		22		23		24		25		26		27		28		29		30		31		32		33		34		35		36		37		38		39		40		
 Vektor normalovych sil ve sparach (+ znaci tlak):
10.061549	9.898570	9.721474	9.531656	9.330790	9.120254	8.901542	8.676163	8.445556	8.210989	7.973997	7.735845	7.497676	5.662338	5.647856	5.640470	5.640602	5.648612	5.664736	5.688965	5.721618	5.762194	5.810884	5.867335	5.930987	6.001999	6.079496	6.162820	6.251747	6.345107	6.442538	6.542847	6.645217	6.748528	6.851974	6.954360	7.054563	7.151246	7.243402	7.329681	7.408892	
 Vektor vzdalenosti N od hornoho povrchu klenby:
0.133923	0.139666	0.142521	0.142487	0.139539	0.133634	0.124706	0.112672	0.097435	0.078874	0.056865	0.031262	0.001913	0.017081	0.033271	0.048470	0.062663	0.075835	0.087963	0.099011	0.108939	0.117706	0.125269	0.131582	0.136601	0.140277	0.142570	0.143436	0.142826	0.140710	0.137030	0.131749	0.124818	0.116183	0.105783	0.093553	0.079418	0.063291	0.045072	0.024643	0.001870	
 Vektor posouvajicich sil ve sparach:
-0.797637	-0.393946	-0.009176	0.356341	0.702383	1.028769	1.335477	1.622592	1.890266	2.138755	2.368400	2.579629	2.772995	-1.214722	-1.133242	-1.056016	-0.982048	-0.910363	-0.839901	-0.769635	-0.698497	-0.625435	-0.549432	-0.469416	-0.384390	-0.293373	-0.195370	-0.089458	0.025222	0.149549	0.284259	0.430113	0.587766	0.757823	0.940769	1.137123	1.347202	1.571284	1.809555	2.062208	2.329153	

 * Iterace c. 2 * Delta = -0.003451 *
 icase = 0
         0 -> O.K.,
        -1 -> nelze splnit omezujici podminky,
        +1 -> cilova funkce je na polyedru neomezena.
 lambda = 4.463452
 pocet bloku N = 40
 Vektor lokalnich deformaci:
   5: fi 02 int = 1.944462
  26: fi 12 ext = 4.750792
  55: fi 27 int = 5.427169
  82: fi 40 ext = 2.620839
 Vektor indexu spary mezi bloky:
0		1		2		3		4		5		6		7		8		9		10		11		12		13		14		15		16		17		18		19		20		21		22		23		24		25		26		27		28		29		30		31		32		33		34		35		36		37		38		39		40		
 Vektor normalovych sil ve sparach (+ znaci tlak):
10.064749	9.901725	9.724581	9.534750	9.333796	9.123258	8.904587	8.678996	8.448229	8.213666	7.976630	7.738327	7.500022	5.663217	5.648980	5.641564	5.641782	5.649830	5.666167	5.690277	5.723039	5.763546	5.812274	5.868569	5.932530	6.003331	6.080872	6.164234	6.253187	6.346668	6.443995	6.544212	6.646397	6.749938	6.853310	6.955609	7.055686	7.152431	7.244575	7.330832	7.409965	
 Vektor vzdalenosti N od hornoho povrchu klenby:
0.133981	0.139719	0.142570	0.142531	0.139578	0.133666	0.124731	0.112690	0.097444	0.078875	0.056854	0.031238	0.001874	0.017043	0.033244	0.048447	0.062649	0.075831	0.087964	0.099016	0.108949	0.117723	0.125289	0.131606	0.136622	0.140304	0.142596	0.143459	0.142853	0.140731	0.137052	0.131768	0.124835	0.116196	0.105793	0.093561	0.079422	0.063290	0.045065	0.024631	0.001852	
 Vektor posouvajicich sil ve sparach:
-0.797292	-0.393439	-0.008499	0.357195	0.703384	1.029932	1.336802	1.624061	1.891889	2.140508	2.370305	2.581667	2.775144	-1.215663	-1.134122	-1.056831	-0.982813	-0.911048	-0.840541	-0.770200	-0.698983	-0.625884	-0.549784	-0.469715	-0.384615	-0.293509	-0.195426	-0.089453	0.025309	0.149679	0.284467	0.430392	0.588114	0.758232	0.941275	1.137708	1.347827	1.571963	1.810313	2.063018	2.330011	
