 icase = 0
         0 -> O.K.,
        -1 -> nelze splnit omezujici podminky,
        +1 -> cilova funkce je na polyedru neomezena.
 lambda = 4.667103
 pocet bloku N = 40
 Vektor lokalnich deformaci:
   5: fi 02 int = 1.959256
  26: fi 12 ext = 4.820224
  55: fi 27 int = 5.547068
  82: fi 40 ext = 2.686100
 Vektor indexu spary mezi bloky:
0		1		2		3		4		5		6		7		8		9		10		11		12		13		14		15		16		17		18		19		20		21		22		23		24		25		26		27		28		29		30		31		32		33		34		35		36		37		38		39		40		
 Vektor normalovych sil ve sparach (+ znaci tlak):
10.259805	10.095973	9.917378	9.725593	9.522193	9.308670	9.086398	8.857048	8.621904	8.382367	8.139734	7.895571	7.651083	5.734650	5.723215	5.718584	5.721311	5.731902	5.750230	5.776256	5.810446	5.852353	5.902279	5.959667	6.024248	6.095486	6.173018	6.256521	6.345025	6.437813	6.534162	6.633412	6.734433	6.836183	6.937768	7.037982	7.135826	7.230005	7.319449	7.402802	7.478833	
 Vektor vzdalenosti N od hornoho povrchu klenby:
0.136810	0.142359	0.145000	0.144726	0.141511	0.135303	0.126037	0.113622	0.097952	0.078900	0.056330	0.030087	0.000000	0.015126	0.031914	0.047656	0.062338	0.075946	0.088449	0.099815	0.110008	0.118990	0.126712	0.133136	0.138220	0.141920	0.144194	0.145000	0.144301	0.142054	0.138220	0.132752	0.125605	0.116728	0.106060	0.093539	0.079086	0.062615	0.044026	0.023200	0.000000	
 Vektor posouvajicich sil ve sparach:
-0.785793	-0.371732	0.023328	0.399076	0.755186	1.091532	1.408021	1.704717	1.981740	2.239338	2.477803	2.697569	2.899122	-1.274089	-1.188737	-1.107471	-1.029357	-0.953362	-0.878481	-0.803707	-0.727952	-0.650200	-0.569445	-0.484611	-0.394733	-0.298818	-0.195928	-0.085128	0.034475	0.163635	0.303170	0.453805	0.616168	0.790832	0.978370	1.179132	1.393524	1.621815	1.864158	2.120697	2.391374	

 * Iterace c. 1 * Delta = 0.245212 *
 icase = 0
         0 -> O.K.,
        -1 -> nelze splnit omezujici podminky,
        +1 -> cilova funkce je na polyedru neomezena.
 lambda = 4.421891
 pocet bloku N = 40
 Vektor lokalnich deformaci:
   5: fi 02 int = 1.941352
  26: fi 12 ext = 4.736549
  55: fi 27 int = 5.402637
  82: fi 40 ext = 2.607440
 Vektor indexu spary mezi bloky:
0		1		2		3		4		5		6		7		8		9		10		11		12		13		14		15		16		17		18		19		20		21		22		23		24		25		26		27		28		29		30		31		32		33		34		35		36		37		38		39		40		
 Vektor normalovych sil ve sparach (+ znaci tlak):
10.025043	9.862256	9.685336	9.495958	9.295518	9.085588	8.867538	8.642796	8.413090	8.179494	7.943514	7.706404	7.469271	5.648894	5.633840	5.626047	5.625822	5.633492	5.649184	5.673043	5.705166	5.745561	5.794016	5.850270	5.913971	5.984634	6.062077	6.145646	6.234591	6.328248	6.425589	6.526179	6.628724	6.732362	6.836244	6.938968	7.039567	7.136682	7.229391	7.316232	7.396007	
 Vektor vzdalenosti N od hornoho povrchu klenby:
0.133381	0.139159	0.142055	0.142066	0.139170	0.133320	0.124457	0.112495	0.097338	0.078871	0.056968	0.031484	0.002272	0.017448	0.033527	0.048622	0.062723	0.075817	0.087875	0.098861	0.108742	0.117466	0.125000	0.131292	0.136298	0.139972	0.142269	0.143142	0.142553	0.140456	0.136810	0.131563	0.124674	0.116082	0.105733	0.093559	0.079483	0.063420	0.045269	0.024914	0.002220	
 Vektor posouvajicich sil ve sparach:
-0.799803	-0.398052	-0.015158	0.348492	0.692652	1.017224	1.322132	1.607481	1.873444	2.120263	2.348274	2.557921	2.749781	-1.203811	-1.123035	-1.046549	-0.973363	-0.902447	-0.832803	-0.763358	-0.693070	-0.620879	-0.545751	-0.466633	-0.382491	-0.292379	-0.195265	-0.090264	0.023503	0.146921	0.280781	0.425732	0.582538	0.751718	0.933855	1.129388	1.338659	1.561954	1.799512	2.051408	2.317682	

 * Iterace c. 2 * Delta = -0.004864 *
 icase = 0
         0 -> O.K.,
        -1 -> nelze splnit omezujici podminky,
        +1 -> cilova funkce je na polyedru neomezena.
 lambda = 4.426754
 pocet bloku N = 40
 Vektor lokalnich deformaci:
   5: fi 02 int = 1.941786
  26: fi 12 ext = 4.738281
  55: fi 27 int = 5.405568
  82: fi 40 ext = 2.609074
 Vektor indexu spary mezi bloky:
0		1		2		3		4		5		6		7		8		9		10		11		12		13		14		15		16		17		18		19		20		21		22		23		24		25		26		27		28		29		30		31		32		33		34		35		36		37		38		39		40		
 Vektor normalovych sil ve sparach (+ znaci tlak):
10.029568	9.866699	9.689825	9.500323	9.299870	9.089773	8.871723	8.647008	8.417013	8.183378	7.947156	7.709986	7.472680	5.650355	5.635477	5.627512	5.627317	5.634920	5.650822	5.674662	5.706959	5.747431	5.795892	5.852244	5.915785	5.986557	6.064089	6.147721	6.236516	6.330065	6.427689	6.528118	6.630697	6.734262	6.838049	6.940686	7.041246	7.138394	7.231047	7.317813	7.397539	
 Vektor vzdalenosti N od hornoho povrchu klenby:
0.133462	0.139235	0.142124	0.142128	0.139223	0.133366	0.124492	0.112519	0.097350	0.078870	0.056951	0.031451	0.002218	0.017393	0.033484	0.048592	0.062704	0.075806	0.087873	0.098869	0.108758	0.117489	0.125028	0.131322	0.136330	0.140007	0.142302	0.143175	0.142587	0.140491	0.136839	0.131590	0.124697	0.116101	0.105748	0.093568	0.079488	0.063418	0.045260	0.024898	0.002196	
 Vektor posouvajicich sil ve sparach:
-0.799307	-0.397300	-0.014170	0.349688	0.694098	1.018850	1.324008	1.609578	1.875739	2.122733	2.350961	2.560825	2.752821	-1.205131	-1.124276	-1.047698	-0.974434	-0.903425	-0.833703	-0.764176	-0.693770	-0.621489	-0.546265	-0.467050	-0.382809	-0.292580	-0.195392	-0.090271	0.023607	0.147124	0.281074	0.426133	0.583029	0.752321	0.934569	1.130172	1.339541	1.562937	1.800576	2.052564	2.318910	
