 icase = 0
         0 -> O.K.,
        -1 -> nelze splnit omezujici podminky,
        +1 -> cilova funkce je na polyedru neomezena.
 lambda = 5.138506
 pocet bloku N = 40
 Vektor lokalnich deformaci:
  15: fi 07 int = 1.597636
  36: fi 17 ext = 5.932830
  59: fi 29 int = 8.305346
  82: fi 40 ext = 3.970152
 Vektor indexu spary mezi bloky:
0		1		2		3		4		5		6		7		8		9		10		11		12		13		14		15		16		17		18		19		20		21		22		23		24		25		26		27		28		29		30		31		32		33		34		35		36		37		38		39		40		
 Vektor normalovych sil ve sparach (+ znaci tlak):
10.546947	10.471602	10.380468	10.274869	10.156162	10.025578	9.884300	9.733732	9.575021	9.409226	9.237552	9.061380	8.881691	8.699151	8.515183	8.330405	8.145891	7.962540	7.243711	7.332283	7.424790	7.520560	7.619868	7.721851	7.826243	7.932285	8.039575	8.147793	8.255862	8.362872	8.468190	8.571110	8.670549	8.765350	8.854715	8.937459	9.012638	9.078981	9.135530	9.181026	9.214316	
 Vektor vzdalenosti N od hornoho povrchu klenby:
0.083588	0.100688	0.114895	0.126301	0.134976	0.140967	0.144305	0.145000	0.143049	0.138433	0.131127	0.121085	0.108255	0.092582	0.073994	0.052421	0.027782	0.000000	0.017680	0.040154	0.060440	0.078540	0.094455	0.108190	0.119752	0.129141	0.136362	0.141411	0.144293	0.145000	0.143523	0.139845	0.133943	0.125785	0.115327	0.102514	0.087275	0.069522	0.049149	0.026027	0.000000	
 Vektor posouvajicich sil ve sparach:
-2.484128	-2.052715	-1.635689	-1.233435	-0.846342	-0.474618	-0.118458	0.222079	0.547025	0.856465	1.150568	1.429611	1.693915	1.943871	2.179963	2.402735	2.612732	2.810630	-2.113257	-1.958630	-1.799856	-1.636142	-1.466731	-1.290773	-1.107562	-0.916365	-0.716499	-0.507293	-0.288128	-0.058522	0.182064	0.434085	0.697888	0.973764	1.262021	1.562720	1.875993	2.201852	2.540161	2.890828	3.253510	

 * Iterace c. 1 * Delta = 0.412860 *
 icase = 0
         0 -> O.K.,
        -1 -> nelze splnit omezujici podminky,
        +1 -> cilova funkce je na polyedru neomezena.
 lambda = 4.725646
 pocet bloku N = 40
 Vektor lokalnich deformaci:
  15: fi 07 int = 1.587322
  36: fi 17 ext = 5.746384
  59: fi 29 int = 7.936039
  82: fi 40 ext = 3.776983
 Vektor indexu spary mezi bloky:
0		1		2		3		4		5		6		7		8		9		10		11		12		13		14		15		16		17		18		19		20		21		22		23		24		25		26		27		28		29		30		31		32		33		34		35		36		37		38		39		40		
 Vektor normalovych sil ve sparach (+ znaci tlak):
10.162167	10.080899	9.985008	9.875682	9.754292	9.622286	9.480593	9.330637	9.173577	9.010784	8.843283	8.672052	8.498158	8.322990	8.147268	7.971987	7.797453	7.625129	6.961342	7.041468	7.126287	7.215407	7.308488	7.405048	7.504852	7.607530	7.712342	7.818655	7.925680	8.033105	8.139441	8.243987	8.346137	8.444844	8.538635	8.626848	8.708335	8.781711	8.846214	8.900354	8.943113	
 Vektor vzdalenosti N od hornoho povrchu klenby:
0.081184	0.098059	0.112093	0.123379	0.131985	0.137957	0.141327	0.142110	0.140302	0.135891	0.128854	0.119157	0.106758	0.091606	0.073648	0.052830	0.029089	0.002364	0.019451	0.040940	0.060393	0.077802	0.093153	0.106440	0.117661	0.126806	0.133872	0.138851	0.141737	0.142517	0.141183	0.137716	0.132088	0.124266	0.114206	0.101856	0.087146	0.069992	0.050293	0.027924	0.002736	
 Vektor posouvajicich sil ve sparach:
-2.361672	-1.950569	-1.554113	-1.172688	-0.806542	-0.455907	-0.120898	0.198509	0.502393	0.790870	1.064222	1.322741	1.566810	1.796892	2.013495	2.217243	2.408729	2.588673	-1.941992	-1.802339	-1.659001	-1.511097	-1.357829	-1.198348	-1.031828	-0.857562	-0.674768	-0.482738	-0.280871	-0.068512	0.154832	0.389661	0.636415	0.895415	1.166972	1.451288	1.748446	2.058541	2.381500	2.717220	3.065487	

 * Iterace c. 2 * Delta = -0.015103 *
 icase = 0
         0 -> O.K.,
        -1 -> nelze splnit omezujici podminky,
        +1 -> cilova funkce je na polyedru neomezena.
 lambda = 4.740749
 pocet bloku N = 40
 Vektor lokalnich deformaci:
  15: fi 07 int = 1.587733
  36: fi 17 ext = 5.753264
  59: fi 29 int = 7.949730
  82: fi 40 ext = 3.784199
 Vektor indexu spary mezi bloky:
0		1		2		3		4		5		6		7		8		9		10		11		12		13		14		15		16		17		18		19		20		21		22		23		24		25		26		27		28		29		30		31		32		33		34		35		36		37		38		39		40		
 Vektor normalovych sil ve sparach (+ znaci tlak):
10.176074	10.095013	9.999257	9.890183	9.768742	9.636702	9.494965	9.345063	9.188091	9.024985	8.857231	8.685862	8.511955	8.336486	8.160493	7.984615	7.809838	7.636970	6.971462	7.052099	7.136904	7.226192	7.319412	7.416007	7.516266	7.618979	7.724028	7.830371	7.937539	8.044834	8.151125	8.255743	8.357820	8.456235	8.549940	8.637949	8.719149	8.792394	8.856567	8.910423	8.952827	
 Vektor vzdalenosti N od hornoho povrchu klenby:
0.081298	0.098179	0.112219	0.123507	0.132114	0.138086	0.141453	0.142230	0.140414	0.135996	0.128946	0.119233	0.106815	0.091642	0.073659	0.052807	0.029032	0.002264	0.019373	0.040903	0.060386	0.077822	0.093197	0.106503	0.117736	0.126894	0.133963	0.138948	0.141835	0.142615	0.141277	0.137804	0.132165	0.124332	0.114259	0.101893	0.087166	0.069991	0.050268	0.027873	0.002655	
 Vektor posouvajicich sil ve sparach:
-2.365814	-1.954001	-1.556796	-1.174611	-0.807734	-0.456330	-0.120547	0.199625	0.504263	0.793484	1.067595	1.326818	1.571633	1.802405	2.019714	2.224135	2.416270	2.596845	-1.948210	-1.808030	-1.664148	-1.515699	-1.361847	-1.201768	-1.034678	-0.859805	-0.676394	-0.483760	-0.281260	-0.068317	0.155649	0.391086	0.638453	0.898057	1.170195	1.455112	1.752847	2.063500	2.387006	2.723278	3.072059	

 * Iterace c. 3 * Delta = 0.000575 *
 icase = 0
         0 -> O.K.,
        -1 -> nelze splnit omezujici podminky,
        +1 -> cilova funkce je na polyedru neomezena.
 lambda = 4.740174
 pocet bloku N = 40
 Vektor lokalnich deformaci:
  15: fi 07 int = 1.587712
  36: fi 17 ext = 5.753034
  59: fi 29 int = 7.949270
  82: fi 40 ext = 3.783956
 Vektor indexu spary mezi bloky:
0		1		2		3		4		5		6		7		8		9		10		11		12		13		14		15		16		17		18		19		20		21		22		23		24		25		26		27		28		29		30		31		32		33		34		35		36		37		38		39		40		
 Vektor normalovych sil ve sparach (+ znaci tlak):
10.175511	10.094458	9.998639	9.889562	9.768331	9.636195	9.494599	9.344474	9.187459	9.024283	8.856798	8.685308	8.511634	8.336018	8.159840	7.984209	7.809471	7.636602	6.971013	7.051351	7.136528	7.225603	7.319164	7.415801	7.515810	7.618593	7.723555	7.829851	7.936937	8.044236	8.150702	8.255312	8.357253	8.455912	8.549434	8.637567	8.718699	8.792019	8.856167	8.910020	8.952448	
 Vektor vzdalenosti N od hornoho povrchu klenby:
0.081295	0.098176	0.112215	0.123504	0.132109	0.138082	0.141449	0.142225	0.140410	0.135992	0.128942	0.119231	0.106813	0.091641	0.073660	0.052810	0.029033	0.002267	0.019376	0.040902	0.060386	0.077821	0.093193	0.106499	0.117733	0.126889	0.133962	0.138945	0.141831	0.142611	0.141274	0.137799	0.132163	0.124328	0.114257	0.101891	0.087164	0.069991	0.050269	0.027875	0.002658	
 Vektor posouvajicich sil ve sparach:
-2.365628	-1.953850	-1.556691	-1.174534	-0.807679	-0.456302	-0.120541	0.199592	0.504205	0.793395	1.067467	1.326671	1.571444	1.802213	2.019482	2.223884	2.416001	2.596539	-1.947970	-1.807805	-1.663942	-1.515528	-1.361687	-1.201637	-1.034571	-0.859720	-0.676335	-0.483715	-0.281250	-0.068309	0.155603	0.391032	0.638374	0.897958	1.170084	1.454952	1.752682	2.063291	2.386793	2.723026	3.071803	
