 icase = 0
         0 -> O.K.,
        -1 -> nelze splnit omezujici podminky,
        +1 -> cilova funkce je na polyedru neomezena.
 lambda = 9.158882
 pocet bloku N = 40
 Vektor lokalnich deformaci:
   1: fi 00 int = 5.000002
  16: fi 07 ext = 8.384995
  51: fi 25 int = 6.778130
  82: fi 40 ext = 3.393136
 Vektor indexu spary mezi bloky:
0		1		2		3		4		5		6		7		8		9		10		11		12		13		14		15		16		17		18		19		20		21		22		23		24		25		26		27		28		29		30		31		32		33		34		35		36		37		38		39		40		
 Vektor normalovych sil ve sparach (+ znaci tlak):
14.176798	13.851893	13.501942	13.128983	12.735071	12.322220	11.892380	5.683888	5.606809	5.533575	5.465048	5.402367	5.346131	5.296871	5.255471	5.222207	5.197648	5.182333	5.176313	5.179584	5.192635	5.215088	5.247268	5.288748	5.339258	5.398302	5.465555	5.540728	5.622838	5.711226	5.805188	5.903981	6.006613	6.111923	6.219080	6.326843	6.434171	6.539756	6.642501	6.741004	6.834007	
 Vektor vzdalenosti N od hornoho povrchu klenby:
0.145000	0.132544	0.116079	0.095354	0.070064	0.039835	0.004218	0.000000	0.015464	0.029830	0.043187	0.055603	0.067135	0.077836	0.087742	0.096881	0.105267	0.112907	0.119799	0.125928	0.131270	0.135803	0.139480	0.142271	0.144127	0.145000	0.144839	0.143589	0.141199	0.137614	0.132776	0.126624	0.119096	0.110126	0.099643	0.087569	0.073821	0.058301	0.040908	0.021519	0.000000	
 Vektor posouvajicich sil ve sparach:
2.189095	2.804080	3.391360	3.950088	4.479451	4.978848	5.447729	-1.232049	-1.117069	-1.013025	-0.919197	-0.834758	-0.758850	-0.690565	-0.628924	-0.572906	-0.521505	-0.473614	-0.428153	-0.384030	-0.340080	-0.295195	-0.248278	-0.198166	-0.143792	-0.084070	-0.017962	0.055568	0.137517	0.228738	0.330160	0.442602	0.566806	0.703447	0.853198	1.016520	1.193916	1.385756	1.592300	1.813784	2.050243	

 * Iterace c. 1 * Delta = 0.474225 *
 icase = 0
         0 -> O.K.,
        -1 -> nelze splnit omezujici podminky,
        +1 -> cilova funkce je na polyedru neomezena.
 lambda = 8.684657
 pocet bloku N = 40
 Vektor lokalnich deformaci:
   1: fi 00 int = 4.910496
  16: fi 07 ext = 8.210312
  51: fi 25 int = 6.580300
  82: fi 40 ext = 3.280484
 Vektor indexu spary mezi bloky:
0		1		2		3		4		5		6		7		8		9		10		11		12		13		14		15		16		17		18		19		20		21		22		23		24		25		26		27		28		29		30		31		32		33		34		35		36		37		38		39		40		
 Vektor normalovych sil ve sparach (+ znaci tlak):
13.747473	13.433060	13.094810	12.734642	12.354571	11.956708	11.542799	5.649530	5.570374	5.495285	5.425321	5.361089	5.303141	5.252693	5.209965	5.175536	5.150250	5.133775	5.126885	5.129706	5.142285	5.164567	5.196364	5.237900	5.288293	5.347741	5.415505	5.491000	5.573640	5.662856	5.757771	5.857618	5.961388	6.068067	6.176619	6.286016	6.394903	6.502319	6.606872	6.707291	6.802328	
 Vektor vzdalenosti N od hornoho povrchu klenby:
0.140791	0.128965	0.113179	0.093193	0.068715	0.039389	0.004791	0.001687	0.016734	0.030704	0.043682	0.055744	0.066946	0.077341	0.086970	0.095862	0.104035	0.111496	0.118246	0.124265	0.129533	0.134024	0.137703	0.140518	0.142436	0.143397	0.143351	0.142244	0.140020	0.136621	0.131986	0.126054	0.118762	0.110042	0.099822	0.088026	0.074565	0.059348	0.042268	0.023206	0.002029	
 Vektor posouvajicich sil ve sparach:
1.999347	2.592096	3.157756	3.695493	4.204582	4.684416	5.134564	-1.194513	-1.081399	-0.979315	-0.887519	-0.805200	-0.731522	-0.665494	-0.606224	-0.552620	-0.503678	-0.458313	-0.415423	-0.373882	-0.332572	-0.290334	-0.246061	-0.198624	-0.146909	-0.089839	-0.026366	0.044556	0.123886	0.212572	0.311516	0.421477	0.543295	0.677627	0.825078	0.986233	1.161529	1.351342	1.555984	1.775642	2.010414	

 * Iterace c. 2 * Delta = -0.009853 *
 icase = 0
         0 -> O.K.,
        -1 -> nelze splnit omezujici podminky,
        +1 -> cilova funkce je na polyedru neomezena.
 lambda = 8.694510
 pocet bloku N = 40
 Vektor lokalnich deformaci:
   1: fi 00 int = 4.913164
  16: fi 07 ext = 8.214940
  51: fi 25 int = 6.584821
  82: fi 40 ext = 3.283043
 Vektor indexu spary mezi bloky:
0		1		2		3		4		5		6		7		8		9		10		11		12		13		14		15		16		17		18		19		20		21		22		23		24		25		26		27		28		29		30		31		32		33		34		35		36		37		38		39		40		
 Vektor normalovych sil ve sparach (+ znaci tlak):
13.756097	13.441455	13.102886	12.742488	12.362103	11.963787	11.549639	5.649764	5.570860	5.495655	5.425499	5.361223	5.303342	5.252966	5.210205	5.175815	5.150434	5.134101	5.127164	5.129937	5.142570	5.164794	5.196811	5.238120	5.288798	5.348072	5.415822	5.491352	5.574083	5.663381	5.758153	5.858008	5.961709	6.068489	6.176971	6.286263	6.395227	6.502535	6.607121	6.707556	6.802565	
 Vektor vzdalenosti N od hornoho povrchu klenby:
0.140918	0.129076	0.113272	0.093267	0.068768	0.039419	0.004796	0.001677	0.016729	0.030702	0.043681	0.055745	0.066948	0.077347	0.086979	0.095873	0.104049	0.111512	0.118259	0.124280	0.129553	0.134043	0.137718	0.140539	0.142453	0.143412	0.143367	0.142259	0.140035	0.136632	0.131995	0.126061	0.118770	0.110048	0.099826	0.088028	0.074566	0.059345	0.042263	0.023199	0.002020	
 Vektor posouvajicich sil ve sparach:
2.003921	2.597125	3.163233	3.701379	4.210855	4.691090	5.141626	-1.194799	-1.081664	-0.979563	-0.887762	-0.805431	-0.731708	-0.665696	-0.606392	-0.552780	-0.503821	-0.458444	-0.415524	-0.373964	-0.332629	-0.290372	-0.246084	-0.198620	-0.146893	-0.089813	-0.026319	0.044622	0.123993	0.212676	0.311629	0.421623	0.543457	0.677797	0.825281	0.986451	1.161764	1.351585	1.556252	1.775907	2.010691	
