 icase = 0
         0 -> O.K.,
        -1 -> nelze splnit omezujici podminky,
        +1 -> cilova funkce je na polyedru neomezena.
 lambda = 4.898006
 pocet bloku N = 40
 Vektor lokalnich deformaci:
   2: fi 00 ext = 3.450270
  25: fi 12 int = 7.584895
  50: fi 24 ext = 5.683510
  71: fi 35 int = 1.548880
 Vektor indexu spary mezi bloky:
0		1		2		3		4		5		6		7		8		9		10		11		12		13		14		15		16		17		18		19		20		21		22		23		24		25		26		27		28		29		30		31		32		33		34		35		36		37		38		39		40		
 Vektor normalovych sil ve sparach (+ znaci tlak):
8.544324	8.494913	8.435106	8.366122	8.289365	8.205787	8.116541	8.022843	7.925624	7.826015	7.724596	7.623037	7.521806	7.421482	7.323308	7.227563	7.134956	7.046437	6.962075	6.881982	6.807066	6.737120	6.672768	6.613790	6.560384	7.779533	7.982132	8.185740	8.389215	8.591169	8.790859	8.987212	9.178985	9.364723	9.543361	9.713500	9.873940	10.023195	10.160095	10.283094	10.390897	
 Vektor vzdalenosti N od hornoho povrchu klenby:
0.000000	0.025136	0.047552	0.067395	0.084789	0.099836	0.112620	0.123215	0.131676	0.138047	0.142378	0.144686	0.145000	0.143347	0.139737	0.134194	0.126729	0.117358	0.106098	0.092969	0.077989	0.061181	0.042562	0.022163	0.000000	0.007207	0.034804	0.059102	0.080197	0.098182	0.113143	0.125161	0.134303	0.140629	0.144183	0.145000	0.143095	0.138470	0.131105	0.120964	0.107987	
 Vektor posouvajicich sil ve sparach:
-2.927010	-2.599800	-2.285470	-1.984138	-1.695907	-1.420725	-1.158508	-0.909069	-0.672112	-0.447311	-0.234292	-0.032529	0.158497	0.339392	0.510820	0.673501	0.828146	0.975582	1.116620	1.252073	1.382881	1.509905	1.634000	1.756137	1.877177	-2.733074	-2.538715	-2.330028	-2.106362	-1.867302	-1.612285	-1.340915	-1.052904	-0.748024	-0.426040	-0.086983	0.269164	0.642303	1.032171	1.438528	1.860874	

 * Iterace c. 1 * Delta = 0.309974 *
 icase = 0
         0 -> O.K.,
        -1 -> nelze splnit omezujici podminky,
        +1 -> cilova funkce je na polyedru neomezena.
 lambda = 4.588032
 pocet bloku N = 40
 Vektor lokalnich deformaci:
   2: fi 00 ext = 3.328182
  25: fi 12 int = 7.344582
  50: fi 24 ext = 5.560369
  71: fi 35 int = 1.543975
 Vektor indexu spary mezi bloky:
0		1		2		3		4		5		6		7		8		9		10		11		12		13		14		15		16		17		18		19		20		21		22		23		24		25		26		27		28		29		30		31		32		33		34		35		36		37		38		39		40		
 Vektor normalovych sil ve sparach (+ znaci tlak):
8.374308	8.318330	8.252497	8.178093	8.096229	8.008154	7.914958	7.817601	7.717751	7.615635	7.512780	7.409948	7.308098	7.207891	7.110530	7.016006	6.925245	6.838811	6.756992	6.680958	6.609804	6.544837	6.485522	6.432046	6.384620	7.530097	7.724445	7.920074	8.116567	8.312335	8.506528	8.698091	8.885861	9.068447	9.244666	9.413420	9.573092	9.722546	9.860294	9.985057	10.095396	
 Vektor vzdalenosti N od hornoho povrchu klenby:
0.002537	0.026988	0.048779	0.068054	0.084932	0.099513	0.111882	0.122108	0.130247	0.136348	0.140446	0.142576	0.142767	0.141041	0.137416	0.131921	0.124575	0.115392	0.104401	0.091624	0.077090	0.060829	0.042866	0.023228	0.001948	0.008695	0.035461	0.059045	0.079536	0.097007	0.111536	0.123190	0.132028	0.138105	0.141458	0.142116	0.140093	0.135387	0.127978	0.117827	0.104875	
 Vektor posouvajicich sil ve sparach:
-2.797580	-2.479459	-2.174548	-1.882944	-1.604668	-1.339715	-1.087959	-0.849173	-0.623034	-0.409202	-0.207229	-0.016602	0.163246	0.332957	0.493231	0.644791	0.788388	0.924905	1.055135	1.179984	1.300343	1.417158	1.531314	1.643781	1.755464	-2.564407	-2.383308	-2.188291	-1.978771	-1.754139	-1.513859	-1.257542	-0.984737	-0.695288	-0.388905	-0.065527	0.274886	0.632251	1.006400	1.397084	1.803936	

 * Iterace c. 2 * Delta = -0.007945 *
 icase = 0
         0 -> O.K.,
        -1 -> nelze splnit omezujici podminky,
        +1 -> cilova funkce je na polyedru neomezena.
 lambda = 4.595977
 pocet bloku N = 40
 Vektor lokalnich deformaci:
   2: fi 00 ext = 3.331395
  25: fi 12 int = 7.350851
  50: fi 24 ext = 5.563576
  71: fi 35 int = 1.544128
 Vektor indexu spary mezi bloky:
0		1		2		3		4		5		6		7		8		9		10		11		12		13		14		15		16		17		18		19		20		21		22		23		24		25		26		27		28		29		30		31		32		33		34		35		36		37		38		39		40		
 Vektor normalovych sil ve sparach (+ znaci tlak):
8.378581	8.322736	8.257039	8.182825	8.100940	8.013063	7.919856	7.822853	7.722858	7.621006	7.518330	7.415423	7.313499	7.213352	7.115623	7.020881	6.930453	6.844029	6.762333	6.685754	6.614664	6.549391	6.489971	6.436305	6.388790	7.536534	7.730842	7.926864	8.123354	8.319369	8.513703	8.705421	8.893213	9.076028	9.252336	9.420928	9.580631	9.730150	9.867873	9.992580	10.102909	
 Vektor vzdalenosti N od hornoho povrchu klenby:
0.002486	0.026954	0.048760	0.068050	0.084941	0.099533	0.111912	0.122146	0.130293	0.136397	0.140500	0.142638	0.142830	0.141108	0.137484	0.131990	0.124635	0.115449	0.104450	0.091665	0.077118	0.060840	0.042857	0.023201	0.001896	0.008661	0.035446	0.059052	0.079560	0.097047	0.111588	0.123251	0.132098	0.138182	0.141541	0.142205	0.140186	0.135482	0.128075	0.117926	0.104973	
 Vektor posouvajicich sil ve sparach:
-2.800763	-2.482404	-2.177252	-1.885386	-1.606897	-1.341701	-1.089675	-0.850623	-0.624193	-0.410097	-0.207865	-0.016939	0.163209	0.333183	0.493726	0.645550	0.789444	0.926208	1.056707	1.181823	1.302450	1.419504	1.533929	1.646634	1.758537	-2.568780	-2.387362	-2.192002	-1.982118	-1.757109	-1.516479	-1.259743	-0.986608	-0.696755	-0.389996	-0.066225	0.274608	0.632355	1.006910	1.398003	1.805240	
