 icase = 0
         0 -> O.K.,
        -1 -> nelze splnit omezujici podminky,
        +1 -> cilova funkce je na polyedru neomezena.
 lambda = 4.681918
 pocet bloku N = 40
 Vektor lokalnich deformaci:
   9: fi 04 int = 1.601044
  32: fi 15 ext = 5.230893
  57: fi 28 int = 6.878700
  82: fi 40 ext = 3.248857
 Vektor indexu spary mezi bloky:
0		1		2		3		4		5		6		7		8		9		10		11		12		13		14		15		16		17		18		19		20		21		22		23		24		25		26		27		28		29		30		31		32		33		34		35		36		37		38		39		40		
 Vektor normalovych sil ve sparach (+ znaci tlak):
10.229975	10.105911	9.967052	9.814869	9.650837	9.476326	9.292601	9.101220	8.903399	8.700411	8.493414	8.284012	8.073144	7.861739	7.651148	6.230404	6.262350	6.300700	6.345283	6.395898	6.452966	6.515970	6.585154	6.659986	6.740068	6.824846	6.913881	7.006923	7.102847	7.201022	7.300675	7.401062	7.501192	7.599910	7.696380	7.789407	7.877982	7.960865	8.037025	8.105118	8.163968	
 Vektor vzdalenosti N od hornoho povrchu klenby:
0.117920	0.128882	0.137024	0.142389	0.145000	0.144858	0.141947	0.136236	0.127678	0.116209	0.101762	0.084248	0.063576	0.039647	0.012355	0.000000	0.020777	0.040063	0.057825	0.074034	0.088659	0.101672	0.113032	0.122717	0.130695	0.136938	0.141421	0.144115	0.145000	0.144048	0.141232	0.136520	0.129877	0.121260	0.110620	0.097896	0.083019	0.065901	0.046443	0.024523	0.000000	
 Vektor posouvajicich sil ve sparach:
-1.544875	-1.131338	-0.734713	-0.355329	0.006489	0.350592	0.676877	0.985358	1.276153	1.549443	1.805501	2.044699	2.267478	2.474330	2.665868	-1.679629	-1.573941	-1.468886	-1.363527	-1.256946	-1.148145	-1.036191	-0.920179	-0.799127	-0.672162	-0.538406	-0.397019	-0.247169	-0.088069	0.080916	0.260512	0.451318	0.653861	0.868599	1.096001	1.336307	1.589809	1.856671	2.136944	2.430667	2.737672	

 * Iterace c. 1 * Delta = 0.265970 *
 icase = 0
         0 -> O.K.,
        -1 -> nelze splnit omezujici podminky,
        +1 -> cilova funkce je na polyedru neomezena.
 lambda = 4.415947
 pocet bloku N = 40
 Vektor lokalnich deformaci:
   9: fi 04 int = 1.595614
  32: fi 15 ext = 5.137508
  57: fi 28 int = 6.692437
  82: fi 40 ext = 3.150544
 Vektor indexu spary mezi bloky:
0		1		2		3		4		5		6		7		8		9		10		11		12		13		14		15		16		17		18		19		20		21		22		23		24		25		26		27		28		29		30		31		32		33		34		35		36		37		38		39		40		
 Vektor normalovych sil ve sparach (+ znaci tlak):
9.973469	9.847977	9.708480	9.556365	9.393106	9.219987	9.038516	8.849847	8.655535	8.456803	8.254777	8.050736	7.846111	7.641485	7.438261	6.094504	6.121575	6.155005	6.195352	6.242201	6.295989	6.356340	6.422664	6.495280	6.573819	6.657609	6.745948	6.838845	6.934864	7.033848	7.134687	7.236544	7.338765	7.439963	7.539331	7.635776	7.728081	7.815299	7.895960	7.969017	8.033215	
 Vektor vzdalenosti N od hornoho povrchu klenby:
0.114709	0.125713	0.133926	0.139392	0.142134	0.142159	0.139453	0.133987	0.125720	0.114597	0.100554	0.083514	0.063395	0.040114	0.013580	0.001850	0.021815	0.040388	0.057537	0.073227	0.087420	0.100085	0.111176	0.120667	0.128513	0.134689	0.139164	0.141906	0.142891	0.142085	0.139459	0.134982	0.128613	0.120312	0.110027	0.097700	0.083257	0.066618	0.047681	0.026329	0.002424	
 Vektor posouvajicich sil ve sparach:
-1.511750	-1.111710	-0.728582	-0.362766	-0.014457	0.316180	0.629089	0.924342	1.202074	1.462473	1.705905	1.932760	2.143480	2.338629	2.518831	-1.580694	-1.482265	-1.384716	-1.287093	-1.188440	-1.087776	-0.984118	-0.876544	-0.764045	-0.645745	-0.520713	-0.388093	-0.247024	-0.096766	0.063461	0.234334	0.416467	0.610459	0.816753	1.035824	1.268019	1.513584	1.772678	2.045451	2.331899	2.631950	

 * Iterace c. 2 * Delta = -0.005857 *
 icase = 0
         0 -> O.K.,
        -1 -> nelze splnit omezujici podminky,
        +1 -> cilova funkce je na polyedru neomezena.
 lambda = 4.421805
 pocet bloku N = 40
 Vektor lokalnich deformaci:
   9: fi 04 int = 1.595772
  32: fi 15 ext = 5.139611
  57: fi 28 int = 6.696585
  82: fi 40 ext = 3.152745
 Vektor indexu spary mezi bloky:
0		1		2		3		4		5		6		7		8		9		10		11		12		13		14		15		16		17		18		19		20		21		22		23		24		25		26		27		28		29		30		31		32		33		34		35		36		37		38		39		40		
 Vektor normalovych sil ve sparach (+ znaci tlak):
9.979023	9.853580	9.714054	9.561970	9.398595	9.225515	9.044007	8.855302	8.660867	8.462162	8.259960	8.055752	7.850995	7.646255	7.442877	6.097386	6.124454	6.157988	6.198467	6.245473	6.299328	6.359411	6.425975	6.498874	6.577446	6.661042	6.749518	6.842278	6.938588	7.037187	7.138130	7.239985	7.342107	7.443425	7.542630	7.639082	7.731290	7.818381	7.898923	7.971915	8.035991	
 Vektor vzdalenosti N od hornoho povrchu klenby:
0.114796	0.125799	0.134009	0.139472	0.142211	0.142231	0.139519	0.134046	0.125772	0.114640	0.100584	0.083533	0.063402	0.040107	0.013556	0.001809	0.021793	0.040382	0.057543	0.073247	0.087452	0.100122	0.111221	0.120714	0.128563	0.134744	0.139219	0.141959	0.142941	0.142135	0.139506	0.135024	0.128648	0.120341	0.110049	0.097713	0.083263	0.066614	0.047666	0.026303	0.002385	
 Vektor posouvajicich sil ve sparach:
-1.512325	-1.111987	-0.728576	-0.362456	-0.013854	0.317077	0.630292	0.925805	1.203824	1.464494	1.708214	1.935306	2.146290	2.341689	2.522141	-1.582812	-1.484242	-1.386529	-1.288744	-1.189929	-1.089097	-0.985280	-0.877518	-0.764846	-0.646358	-0.521147	-0.388336	-0.247105	-0.096665	0.063771	0.234826	0.417142	0.611306	0.817782	1.037050	1.269401	1.515125	1.774401	2.047318	2.333954	2.634119	
