 icase = 0
         0 -> O.K.,
        -1 -> nelze splnit omezujici podminky,
        +1 -> cilova funkce je na polyedru neomezena.
 lambda = 5.456656
 pocet bloku N = 40
 Vektor lokalnich deformaci:
   2: fi 00 ext = 4.226660
  23: fi 11 int = 9.174533
  46: fi 22 ext = 6.434566
  65: fi 32 int = 1.486694
 Vektor indexu spary mezi bloky:
0		1		2		3		4		5		6		7		8		9		10		11		12		13		14		15		16		17		18		19		20		21		22		23		24		25		26		27		28		29		30		31		32		33		34		35		36		37		38		39		40		
 Vektor normalovych sil ve sparach (+ znaci tlak):
9.762985	9.742867	9.708911	9.662340	9.604332	9.536040	9.458289	9.372463	9.279550	9.180233	9.075704	8.967192	8.855310	8.740786	8.624677	8.507436	8.389903	8.272924	8.156703	8.041585	7.928512	7.817197	8.279084	8.456215	8.633752	8.810716	8.986570	9.160713	9.331837	9.499099	9.661545	9.818201	9.968060	10.109711	10.242261	10.364321	10.474932	10.572700	10.656583	10.725265	10.777484	
 Vektor vzdalenosti N od hornoho povrchu klenby:
0.000000	0.026642	0.050244	0.070968	0.088950	0.104300	0.117109	0.127447	0.135370	0.140917	0.144123	0.145000	0.143558	0.139803	0.133725	0.125320	0.114565	0.101446	0.085942	0.068027	0.047677	0.024865	0.000000	0.027659	0.052199	0.073705	0.092254	0.107918	0.120766	0.130854	0.138231	0.142938	0.145000	0.144437	0.141250	0.135428	0.126942	0.115746	0.101773	0.084933	0.065113	
 Vektor posouvajicich sil ve sparach:
-3.518357	-3.126549	-2.746204	-2.377568	-2.020966	-1.676505	-1.344331	-1.024404	-0.716658	-0.420944	-0.137080	0.135257	0.396408	0.646765	0.886811	1.117087	1.338107	1.550521	1.754958	1.952067	2.142612	2.327286	-2.919974	-2.707521	-2.483941	-2.248589	-2.000924	-1.740409	-1.466533	-1.179003	-0.877415	-0.561492	-0.231051	0.113999	0.473797	0.848197	1.237117	1.640383	2.057637	2.488581	2.932624	

 * Iterace c. 1 * Delta = 0.489794 *
 icase = 0
         0 -> O.K.,
        -1 -> nelze splnit omezujici podminky,
        +1 -> cilova funkce je na polyedru neomezena.
 lambda = 4.966862
 pocet bloku N = 40
 Vektor lokalnich deformaci:
   2: fi 00 ext = 3.986154
  23: fi 11 int = 8.697305
  46: fi 22 ext = 6.191485
  65: fi 32 int = 1.480327
 Vektor indexu spary mezi bloky:
0		1		2		3		4		5		6		7		8		9		10		11		12		13		14		15		16		17		18		19		20		21		22		23		24		25		26		27		28		29		30		31		32		33		34		35		36		37		38		39		40		
 Vektor normalovych sil ve sparach (+ znaci tlak):
9.409194	9.377190	9.332442	9.276114	9.209423	9.133406	9.049138	8.957840	8.860607	8.758301	8.651972	8.542431	8.431006	8.317993	8.204441	8.091144	7.978392	7.867515	7.758266	7.651628	7.548153	7.447334	7.869108	8.033378	8.198988	8.365365	8.531873	8.697660	8.861547	9.023461	9.181584	9.335157	9.483210	9.624764	9.758153	9.882492	9.996733	10.099452	10.189512	10.265655	10.326619	
 Vektor vzdalenosti N od hornoho povrchu klenby:
0.002899	0.028607	0.051378	0.071367	0.088700	0.103483	0.115801	0.125724	0.133305	0.138580	0.141585	0.142337	0.140848	0.137125	0.131167	0.122971	0.112528	0.099838	0.084876	0.067647	0.048133	0.026324	0.002458	0.028972	0.052551	0.073256	0.091143	0.106268	0.118683	0.128432	0.135556	0.140082	0.142040	0.141437	0.138273	0.132536	0.124196	0.113206	0.099503	0.083001	0.063587	
 Vektor posouvajicich sil ve sparach:
-3.283213	-2.910311	-2.549361	-2.200720	-1.864551	-1.541012	-1.230044	-0.931700	-0.645795	-0.372104	-0.110390	0.139714	0.378634	0.606805	0.824770	1.033141	1.232486	1.423499	1.606884	1.783385	1.953734	2.118734	-2.660463	-2.469839	-2.268718	-2.056412	-1.832310	-1.595828	-1.346413	-1.083627	-0.807067	-0.516361	-0.211257	0.108418	0.442784	0.791890	1.155698	1.534001	1.926646	2.333325	2.753560	

 * Iterace c. 2 * Delta = -0.021010 *
 icase = 0
         0 -> O.K.,
        -1 -> nelze splnit omezujici podminky,
        +1 -> cilova funkce je na polyedru neomezena.
 lambda = 4.987872
 pocet bloku N = 40
 Vektor lokalnich deformaci:
   2: fi 00 ext = 3.996730
  23: fi 11 int = 8.718176
  46: fi 22 ext = 6.202054
  65: fi 32 int = 1.480609
 Vektor indexu spary mezi bloky:
0		1		2		3		4		5		6		7		8		9		10		11		12		13		14		15		16		17		18		19		20		21		22		23		24		25		26		27		28		29		30		31		32		33		34		35		36		37		38		39		40		
 Vektor normalovych sil ve sparach (+ znaci tlak):
9.424131	9.392611	9.348408	9.292475	9.226160	9.150358	9.066588	8.975416	8.878218	8.776113	8.669818	8.560093	8.448740	8.335736	8.221979	8.108505	7.995831	7.884574	7.775087	7.668216	7.563782	7.462714	7.886353	8.050809	8.217153	8.383979	8.550950	8.716854	8.881561	9.043435	9.201826	9.355707	9.503843	9.645176	9.778418	9.902816	10.016995	10.119540	10.209279	10.285164	10.345776	
 Vektor vzdalenosti N od hornoho povrchu klenby:
0.002794	0.028542	0.051349	0.071367	0.088726	0.103533	0.115872	0.125813	0.133406	0.138693	0.141706	0.142464	0.140974	0.137247	0.131283	0.123076	0.112618	0.099904	0.084919	0.067658	0.048105	0.026250	0.002336	0.028904	0.052530	0.073273	0.091191	0.106344	0.118779	0.128546	0.135681	0.140219	0.142184	0.141584	0.138422	0.132681	0.124336	0.113339	0.099626	0.083111	0.063681	
 Vektor posouvajicich sil ve sparach:
-3.292983	-2.919250	-2.557478	-2.207995	-1.870979	-1.546535	-1.234706	-0.935423	-0.648584	-0.373978	-0.111319	0.139717	0.379550	0.608640	0.827553	1.036830	1.237077	1.429007	1.613278	1.790628	1.961823	2.127654	-2.671660	-2.480108	-2.278031	-2.064800	-1.839673	-1.602171	-1.351741	-1.087928	-0.810290	-0.518533	-0.212359	0.108379	0.443824	0.794014	1.158859	1.538246	1.931935	2.339638	2.760859	

 * Iterace c. 3 * Delta = 0.000749 *
 icase = 0
         0 -> O.K.,
        -1 -> nelze splnit omezujici podminky,
        +1 -> cilova funkce je na polyedru neomezena.
 lambda = 4.987123
 pocet bloku N = 40
 Vektor lokalnich deformaci:
   2: fi 00 ext = 3.996304
  23: fi 11 int = 8.717301
  46: fi 22 ext = 6.201619
  65: fi 32 int = 1.480612
 Vektor indexu spary mezi bloky:
0		1		2		3		4		5		6		7		8		9		10		11		12		13		14		15		16		17		18		19		20		21		22		23		24		25		26		27		28		29		30		31		32		33		34		35		36		37		38		39		40		
 Vektor normalovych sil ve sparach (+ znaci tlak):
9.423635	9.392139	9.347783	9.291871	9.225582	9.149775	9.065765	8.974896	8.877539	8.775379	8.669192	8.559841	8.448051	8.335114	8.221415	8.107878	7.995144	7.884002	7.774546	7.667531	7.563500	7.462132	7.885655	8.050402	8.216558	8.383355	8.550386	8.716318	8.880907	9.042624	9.201366	9.355003	9.503019	9.644396	9.777868	9.902170	10.016249	10.118906	10.208620	10.284452	10.345110	
 Vektor vzdalenosti N od hornoho povrchu klenby:
0.002798	0.028545	0.051349	0.071367	0.088727	0.103533	0.115871	0.125810	0.133403	0.138692	0.141702	0.142458	0.140972	0.137244	0.131280	0.123073	0.112616	0.099904	0.084920	0.067661	0.048107	0.026256	0.002342	0.028909	0.052533	0.073273	0.091190	0.106341	0.118775	0.128542	0.135674	0.140214	0.142178	0.141577	0.138413	0.132673	0.124328	0.113331	0.099618	0.083103	0.063674	
 Vektor posouvajicich sil ve sparach:
-3.292681	-2.918935	-2.557213	-2.207770	-1.870750	-1.546350	-1.234555	-0.935301	-0.648518	-0.373939	-0.111302	0.139714	0.379510	0.608599	0.827450	1.036698	1.236943	1.428806	1.613061	1.790379	1.961560	2.127373	-2.671239	-2.479716	-2.277696	-2.064452	-1.839391	-1.601929	-1.351522	-1.087741	-0.810157	-0.518403	-0.212296	0.108418	0.443823	0.793998	1.158826	1.538147	1.931801	2.339464	2.760685	
