 icase = 0
         0 -> O.K.,
        -1 -> nelze splnit omezujici podminky,
        +1 -> cilova funkce je na polyedru neomezena.
 lambda = 5.897029
 pocet bloku N = 40
 Vektor lokalnich deformaci:
   1: fi 00 int = 2.500005
  22: fi 10 ext = 5.560503
  53: fi 26 int = 5.918508
  82: fi 40 ext = 2.858009
 Vektor indexu spary mezi bloky:
0		1		2		3		4		5		6		7		8		9		10		11		12		13		14		15		16		17		18		19		20		21		22		23		24		25		26		27		28		29		30		31		32		33		34		35		36		37		38		39		40		
 Vektor normalovych sil ve sparach (+ znaci tlak):
11.341004	11.124666	10.890758	10.640995	10.377098	10.100725	9.813459	9.517105	9.213162	8.903205	5.640176	5.594280	5.554306	5.520723	5.494396	5.475550	5.464712	5.462382	5.468587	5.483278	5.506919	5.539095	5.580113	5.629526	5.687027	5.752111	5.824431	5.903686	5.988897	6.079367	6.174409	6.273265	6.374955	6.478308	6.582505	6.686311	6.788700	6.888371	6.984250	7.074949	7.159231	
 Vektor vzdalenosti N od hornoho povrchu klenby:
0.145000	0.143421	0.138584	0.130405	0.118767	0.103522	0.084492	0.061461	0.034180	0.002358	0.000000	0.016223	0.031479	0.045806	0.059227	0.071754	0.083386	0.094114	0.103921	0.112779	0.120653	0.127514	0.133309	0.138002	0.141546	0.143895	0.145000	0.144812	0.143289	0.140381	0.136041	0.130215	0.122850	0.113889	0.103267	0.090916	0.076754	0.060691	0.042626	0.022441	0.000000	
 Vektor posouvajicich sil ve sparach:
0.188951	0.658263	1.105752	1.530956	1.933422	2.312898	2.669170	3.002183	3.311978	3.598692	-1.244421	-1.150371	-1.063987	-0.984389	-0.910629	-0.841721	-0.776693	-0.714474	-0.654027	-0.594299	-0.534166	-0.472567	-0.408450	-0.340697	-0.268293	-0.190201	-0.105431	-0.012998	0.088041	0.198487	0.319218	0.450999	0.594517	0.750397	0.919260	1.101512	1.297604	1.507857	1.732479	1.971656	2.225376	

 * Iterace c. 1 * Delta = 0.247442 *
 icase = 0
         0 -> O.K.,
        -1 -> nelze splnit omezujici podminky,
        +1 -> cilova funkce je na polyedru neomezena.
 lambda = 5.649587
 pocet bloku N = 40
 Vektor lokalnich deformaci:
   1: fi 00 int = 2.481910
  22: fi 10 ext = 5.490656
  53: fi 26 int = 5.802704
  82: fi 40 ext = 2.793958
 Vektor indexu spary mezi bloky:
0		1		2		3		4		5		6		7		8		9		10		11		12		13		14		15		16		17		18		19		20		21		22		23		24		25		26		27		28		29		30		31		32		33		34		35		36		37		38		39		40		
 Vektor normalovych sil ve sparach (+ znaci tlak):
11.105779	10.892654	10.662634	10.417379	10.158649	9.887906	9.606880	9.317438	9.020761	8.718925	5.588026	5.539590	5.497194	5.461610	5.433151	5.412520	5.400094	5.396214	5.401039	5.414609	5.437291	5.468941	5.509394	5.558298	5.615560	5.680837	5.753483	5.833094	5.918849	6.010003	6.106287	6.206274	6.309299	6.414208	6.520097	6.625925	6.730379	6.832289	6.930511	7.023747	7.110652	
 Vektor vzdalenosti N od hornoho povrchu klenby:
0.141633	0.140377	0.135890	0.128089	0.116866	0.102079	0.083558	0.061100	0.034463	0.003379	0.001674	0.017368	0.032137	0.046010	0.059021	0.071181	0.082491	0.092940	0.102512	0.111184	0.118918	0.125675	0.131421	0.136097	0.139664	0.142072	0.143271	0.143212	0.141846	0.139122	0.134985	0.129390	0.122275	0.113585	0.103254	0.091211	0.077376	0.061659	0.043960	0.024160	0.002126	
 Vektor posouvajicich sil ve sparach:
0.133410	0.590485	1.025927	1.439291	1.830179	2.198363	2.543650	2.866036	3.165559	3.442400	-1.195847	-1.104600	-1.021149	-0.944597	-0.873975	-0.808326	-0.746640	-0.687858	-0.630905	-0.574732	-0.518222	-0.460288	-0.399859	-0.335826	-0.267151	-0.192795	-0.111743	-0.023013	0.074317	0.181132	0.298275	0.426492	0.566564	0.719061	0.884575	1.063622	1.256600	1.463855	1.685592	1.922012	2.173139	

 * Iterace c. 2 * Delta = -0.003449 *
 icase = 0
         0 -> O.K.,
        -1 -> nelze splnit omezujici podminky,
        +1 -> cilova funkce je na polyedru neomezena.
 lambda = 5.653036
 pocet bloku N = 40
 Vektor lokalnich deformaci:
   1: fi 00 int = 2.482282
  22: fi 10 ext = 5.491785
  53: fi 26 int = 5.804398
  82: fi 40 ext = 2.794895
 Vektor indexu spary mezi bloky:
0		1		2		3		4		5		6		7		8		9		10		11		12		13		14		15		16		17		18		19		20		21		22		23		24		25		26		27		28		29		30		31		32		33		34		35		36		37		38		39		40		
 Vektor normalovych sil ve sparach (+ znaci tlak):
11.108932	10.895747	10.665698	10.420358	10.161465	9.890765	9.609619	9.319978	9.023163	8.720991	5.588675	5.540067	5.497797	5.462203	5.433748	5.413094	5.400539	5.396863	5.401564	5.415381	5.438126	5.469572	5.510141	5.558915	5.616267	5.681412	5.754256	5.833604	5.919482	6.010898	6.107038	6.206974	6.309927	6.414766	6.520786	6.626556	6.730958	6.832876	6.931031	7.024236	7.111156	
 Vektor vzdalenosti N od hornoho povrchu klenby:
0.141702	0.140441	0.135947	0.128139	0.116909	0.102114	0.083584	0.061115	0.034467	0.003369	0.001659	0.017357	0.032129	0.046010	0.059025	0.071188	0.082500	0.092954	0.102531	0.111202	0.118940	0.125699	0.131442	0.136123	0.139688	0.142097	0.143292	0.143236	0.141864	0.139137	0.135001	0.129402	0.122287	0.113593	0.103260	0.091213	0.077375	0.061656	0.043953	0.024149	0.002111	
 Vektor posouvajicich sil ve sparach:
0.134472	0.591685	1.027303	1.440807	1.831883	2.200204	2.545624	2.868141	3.167810	3.444759	-1.196340	-1.105070	-1.021569	-0.944982	-0.874346	-0.808679	-0.746959	-0.688135	-0.631153	-0.574944	-0.518401	-0.460434	-0.399955	-0.335904	-0.267179	-0.192792	-0.111692	-0.022937	0.074430	0.181269	0.298461	0.426726	0.566814	0.719343	0.884882	1.063974	1.257005	1.464266	1.686040	1.922502	2.173648	
