 icase = 0
         0 -> O.K.,
        -1 -> nelze splnit omezujici podminky,
        +1 -> cilova funkce je na polyedru neomezena.
 lambda = 4.474189
 pocet bloku N = 40
 Vektor lokalnich deformaci:
   2: fi 00 ext = 2.663055
  27: fi 13 int = 5.699680
  56: fi 27 ext = 4.869386
  75: fi 37 int = 1.832761
 Vektor indexu spary mezi bloky:
0		1		2		3		4		5		6		7		8		9		10		11		12		13		14		15		16		17		18		19		20		21		22		23		24		25		26		27		28		29		30		31		32		33		34		35		36		37		38		39		40		
 Vektor normalovych sil ve sparach (+ znaci tlak):
7.643764	7.572005	7.492405	7.406218	7.314818	7.219349	7.120832	7.020594	6.919716	6.818994	6.719454	6.622275	6.528362	6.438091	6.352580	6.272216	6.197568	6.129579	6.068169	6.013570	5.966573	5.926684	5.894855	5.870489	5.853413	5.843546	5.840633	5.844564	7.674513	7.901590	8.128361	8.353566	8.575891	8.793865	9.006274	9.211701	9.408731	9.595901	9.771884	9.935019	10.083912	
 Vektor vzdalenosti N od hornoho povrchu klenby:
0.000000	0.023559	0.044686	0.063518	0.080176	0.094759	0.107352	0.118033	0.126862	0.133894	0.139186	0.142774	0.144696	0.145000	0.143714	0.140881	0.136535	0.130713	0.123456	0.114805	0.104798	0.093484	0.080890	0.067065	0.052039	0.035841	0.018489	0.000000	0.029245	0.055009	0.077294	0.096227	0.111920	0.124481	0.134000	0.140554	0.144207	0.145000	0.142960	0.138093	0.130384	
 Vektor posouvajicich sil ve sparach:
-2.476414	-2.196944	-1.931472	-1.679956	-1.442393	-1.218552	-1.008244	-0.811122	-0.626746	-0.454669	-0.294335	-0.145095	-0.006285	0.122845	0.243095	0.355335	0.460417	0.559299	0.652922	0.742226	0.828284	0.912079	0.994585	1.076885	1.159954	1.244795	1.332376	1.423682	-2.567713	-2.365410	-2.145807	-1.908378	-1.652750	-1.378612	-1.085640	-0.773786	-0.442972	-0.093196	0.275311	0.662388	1.067579	

 * Iterace c. 1 * Delta = 0.212327 *
 icase = 0
         0 -> O.K.,
        -1 -> nelze splnit omezujici podminky,
        +1 -> cilova funkce je na polyedru neomezena.
 lambda = 4.261862
 pocet bloku N = 40
 Vektor lokalnich deformaci:
   2: fi 00 ext = 2.597231
  27: fi 13 int = 5.576255
  56: fi 27 ext = 4.804382
  75: fi 37 int = 1.825358
 Vektor indexu spary mezi bloky:
0		1		2		3		4		5		6		7		8		9		10		11		12		13		14		15		16		17		18		19		20		21		22		23		24		25		26		27		28		29		30		31		32		33		34		35		36		37		38		39		40		
 Vektor normalovych sil ve sparach (+ znaci tlak):
7.561207	7.485617	7.402413	7.312975	7.218498	7.120273	7.019266	6.916616	6.813494	6.711313	6.610634	6.512494	6.417270	6.326560	6.240952	6.160657	6.086543	6.019322	5.958575	5.905717	5.860243	5.822476	5.792707	5.770414	5.756318	5.749603	5.749961	5.757282	7.504428	7.726028	7.947210	8.167229	8.385070	8.598923	8.807925	9.010324	9.204974	9.390458	9.565095	9.727490	9.876258	
 Vektor vzdalenosti N od hornoho povrchu klenby:
0.002270	0.025321	0.045975	0.064367	0.080614	0.094816	0.107057	0.117413	0.125949	0.132719	0.137771	0.141156	0.142916	0.143089	0.141710	0.138831	0.134482	0.128700	0.121545	0.113044	0.103250	0.092204	0.079947	0.066522	0.051965	0.036298	0.019550	0.001735	0.029881	0.055010	0.076746	0.095196	0.110474	0.122672	0.131876	0.138156	0.141567	0.142151	0.139930	0.134907	0.127063	
 Vektor posouvajicich sil ve sparach:
-2.401266	-2.126258	-1.865387	-1.618682	-1.386073	-1.167368	-0.962290	-0.770565	-0.591695	-0.425224	-0.270557	-0.127045	0.005965	0.129281	0.243688	0.350094	0.449337	0.542410	0.630283	0.713909	0.794346	0.872619	0.949715	1.026720	1.104650	1.184500	1.267232	1.353894	-2.448025	-2.254746	-2.044463	-1.816700	-1.570918	-1.306904	-1.024236	-0.722865	-0.402616	-0.063582	0.294128	0.670348	1.064690	

 * Iterace c. 2 * Delta = -0.003511 *
 icase = 0
         0 -> O.K.,
        -1 -> nelze splnit omezujici podminky,
        +1 -> cilova funkce je na polyedru neomezena.
 lambda = 4.265373
 pocet bloku N = 40
 Vektor lokalnich deformaci:
   2: fi 00 ext = 2.598337
  27: fi 13 int = 5.578318
  56: fi 27 ext = 4.805498
  75: fi 37 int = 1.825519
 Vektor indexu spary mezi bloky:
0		1		2		3		4		5		6		7		8		9		10		11		12		13		14		15		16		17		18		19		20		21		22		23		24		25		26		27		28		29		30		31		32		33		34		35		36		37		38		39		40		
 Vektor normalovych sil ve sparach (+ znaci tlak):
7.562487	7.486905	7.403804	7.314408	7.219966	7.121701	7.020626	6.918186	6.815300	6.712997	6.612128	6.513812	6.419167	6.328363	6.242824	6.162384	6.088320	6.020619	5.960573	5.907071	5.861851	5.824080	5.794321	5.772252	5.757829	5.750937	5.751253	5.758755	7.507249	7.728644	7.949839	8.169978	8.387935	8.601911	8.811049	9.013502	9.208274	9.393814	9.568385	9.730849	9.879608	
 Vektor vzdalenosti N od hornoho povrchu klenby:
0.002245	0.025303	0.045964	0.064364	0.080616	0.094822	0.107070	0.117430	0.125969	0.132741	0.137799	0.141189	0.142947	0.143122	0.141747	0.138864	0.134516	0.128741	0.121576	0.113076	0.103277	0.092226	0.079965	0.066532	0.051964	0.036293	0.019533	0.001709	0.029876	0.055015	0.076759	0.095222	0.110508	0.122714	0.131924	0.138208	0.141624	0.142212	0.139995	0.134975	0.127135	
 Vektor posouvajicich sil ve sparach:
-2.402381	-2.127271	-1.866336	-1.619567	-1.386896	-1.168103	-0.962963	-0.771132	-0.592192	-0.425611	-0.270864	-0.127309	0.005797	0.129223	0.243708	0.350187	0.449545	0.542688	0.630641	0.714370	0.794885	0.873244	0.950431	1.027508	1.105510	1.185413	1.268274	1.354975	-2.450079	-2.256670	-2.046241	-1.818309	-1.572384	-1.308189	-1.025365	-0.723833	-0.403422	-0.064208	0.293671	0.670051	1.064594	
